2022-04-06 16:23:57.913 INFO  [acme.Launcher@main] Starting Launcher using Java 1.8.0_281 on LAPTOP-SGHB5FGA with PID 22492 (C:\Users\Antonio\Documents\antonio\informatica\DP2\Workspace-22.0\Frameworks\Acme-Framework-22.3\target\classes started by ant_1 in C:\Users\Antonio\Documents\antonio\informatica\DP2\Workspace-22.0\Projects\Acme-Toolkits) 
2022-04-06 16:23:57.915 DEBUG [acme.Launcher@main] Running with Spring Boot v2.4.2, Spring v5.3.3 
2022-04-06 16:23:57.922 INFO  [acme.Launcher@main] The following profiles are active: development,default 
2022-04-06 16:24:02.706 DEBUG [org.apache.jasper.servlet.JasperInitializer@main] Initializing Jasper for context [application] 
2022-04-06 16:24:13.226 DEBUG [org.apache.jasper.servlet.JspServlet@main] Scratch dir for the JSP engine is: [C:\Users\ant_1\AppData\Local\Temp\tomcat.8080.1398165827606369044\work\Tomcat\localhost\acme-toolkits-22.1] 
2022-04-06 16:24:13.227 DEBUG [org.apache.jasper.servlet.JspServlet@main] IMPORTANT: Do not modify the generated servlets 
2022-04-06 16:24:13.288 INFO  [acme.Launcher@main] Started Launcher in 16.468 seconds (JVM running for 17.373) 
2022-04-06 16:24:13.305 DEBUG [acme.Launcher@main] Found classpath entry '/C:/Users/Antonio/Documents/antonio/informatica/DP2/Workspace-22.0/Projects/Acme-Toolkits/target/test-classes/' 
2022-04-06 16:24:13.305 DEBUG [acme.Launcher@main] Found classpath entry '/C:/Users/Antonio/Documents/antonio/informatica/DP2/Workspace-22.0/Projects/Acme-Toolkits/target/classes/' 
2022-04-06 16:24:13.306 DEBUG [acme.Launcher@main] Found classpath entry '/C:/Users/Antonio/Documents/antonio/informatica/DP2/Workspace-22.0/Frameworks/Acme-Framework-22.3/target/classes/' 
2022-04-06 16:24:13.307 DEBUG [acme.Launcher@main] Found classpath entry '/C:/Users/Antonio/Documents/antonio/informatica/DP2/Workspace-22.0/Frameworks/Acme-Framework-22.3/target/test-classes/' 
2022-04-06 16:24:13.307 DEBUG [acme.Launcher@main] Found classpath entry '/C:/Users/ant_1/.m2/repository/org/springframework/boot/spring-boot-starter-tomcat/2.4.2/spring-boot-starter-tomcat-2.4.2.jar' 
2022-04-06 16:24:13.307 DEBUG [acme.Launcher@main] Found classpath entry '/C:/Users/ant_1/.m2/repository/jakarta/annotation/jakarta.annotation-api/1.3.5/jakarta.annotation-api-1.3.5.jar' 
2022-04-06 16:24:13.308 DEBUG [acme.Launcher@main] Found classpath entry '/C:/Users/ant_1/.m2/repository/org/apache/tomcat/embed/tomcat-embed-core/9.0.41/tomcat-embed-core-9.0.41.jar' 
2022-04-06 16:24:13.308 DEBUG [acme.Launcher@main] Found classpath entry '/C:/Users/ant_1/.m2/repository/org/glassfish/jakarta.el/3.0.3/jakarta.el-3.0.3.jar' 
2022-04-06 16:24:13.308 DEBUG [acme.Launcher@main] Found classpath entry '/C:/Users/ant_1/.m2/repository/org/apache/tomcat/embed/tomcat-embed-websocket/9.0.41/tomcat-embed-websocket-9.0.41.jar' 
2022-04-06 16:24:13.308 DEBUG [acme.Launcher@main] Found classpath entry '/C:/Users/ant_1/.m2/repository/org/apache/tomcat/embed/tomcat-embed-jasper/9.0.41/tomcat-embed-jasper-9.0.41.jar' 
2022-04-06 16:24:13.309 DEBUG [acme.Launcher@main] Found classpath entry '/C:/Users/ant_1/.m2/repository/org/apache/tomcat/embed/tomcat-embed-el/9.0.41/tomcat-embed-el-9.0.41.jar' 
2022-04-06 16:24:13.309 DEBUG [acme.Launcher@main] Found classpath entry '/C:/Users/ant_1/.m2/repository/org/eclipse/jdt/ecj/3.18.0/ecj-3.18.0.jar' 
2022-04-06 16:24:13.309 DEBUG [acme.Launcher@main] Found classpath entry '/C:/Users/ant_1/.m2/repository/javax/servlet/jstl/1.2/jstl-1.2.jar' 
2022-04-06 16:24:13.309 DEBUG [acme.Launcher@main] Found classpath entry '/C:/Users/ant_1/.m2/repository/org/springframework/boot/spring-boot-starter-test/2.4.2/spring-boot-starter-test-2.4.2.jar' 
2022-04-06 16:24:13.310 DEBUG [acme.Launcher@main] Found classpath entry '/C:/Users/ant_1/.m2/repository/org/springframework/boot/spring-boot-starter/2.4.2/spring-boot-starter-2.4.2.jar' 
2022-04-06 16:24:13.310 DEBUG [acme.Launcher@main] Found classpath entry '/C:/Users/ant_1/.m2/repository/org/springframework/boot/spring-boot/2.4.2/spring-boot-2.4.2.jar' 
2022-04-06 16:24:13.310 DEBUG [acme.Launcher@main] Found classpath entry '/C:/Users/ant_1/.m2/repository/org/springframework/boot/spring-boot-autoconfigure/2.4.2/spring-boot-autoconfigure-2.4.2.jar' 
2022-04-06 16:24:13.311 DEBUG [acme.Launcher@main] Found classpath entry '/C:/Users/ant_1/.m2/repository/org/springframework/boot/spring-boot-starter-logging/2.4.2/spring-boot-starter-logging-2.4.2.jar' 
2022-04-06 16:24:13.311 DEBUG [acme.Launcher@main] Found classpath entry '/C:/Users/ant_1/.m2/repository/ch/qos/logback/logback-classic/1.2.3/logback-classic-1.2.3.jar' 
2022-04-06 16:24:13.311 DEBUG [acme.Launcher@main] Found classpath entry '/C:/Users/ant_1/.m2/repository/ch/qos/logback/logback-core/1.2.3/logback-core-1.2.3.jar' 
2022-04-06 16:24:13.312 DEBUG [acme.Launcher@main] Found classpath entry '/C:/Users/ant_1/.m2/repository/org/apache/logging/log4j/log4j-to-slf4j/2.13.3/log4j-to-slf4j-2.13.3.jar' 
2022-04-06 16:24:13.312 DEBUG [acme.Launcher@main] Found classpath entry '/C:/Users/ant_1/.m2/repository/org/apache/logging/log4j/log4j-api/2.13.3/log4j-api-2.13.3.jar' 
2022-04-06 16:24:13.312 DEBUG [acme.Launcher@main] Found classpath entry '/C:/Users/ant_1/.m2/repository/org/slf4j/jul-to-slf4j/1.7.30/jul-to-slf4j-1.7.30.jar' 
2022-04-06 16:24:13.313 DEBUG [acme.Launcher@main] Found classpath entry '/C:/Users/ant_1/.m2/repository/org/yaml/snakeyaml/1.27/snakeyaml-1.27.jar' 
2022-04-06 16:24:13.313 DEBUG [acme.Launcher@main] Found classpath entry '/C:/Users/ant_1/.m2/repository/org/springframework/boot/spring-boot-test/2.4.2/spring-boot-test-2.4.2.jar' 
2022-04-06 16:24:13.313 DEBUG [acme.Launcher@main] Found classpath entry '/C:/Users/ant_1/.m2/repository/org/springframework/boot/spring-boot-test-autoconfigure/2.4.2/spring-boot-test-autoconfigure-2.4.2.jar' 
2022-04-06 16:24:13.313 DEBUG [acme.Launcher@main] Found classpath entry '/C:/Users/ant_1/.m2/repository/com/jayway/jsonpath/json-path/2.4.0/json-path-2.4.0.jar' 
2022-04-06 16:24:13.314 DEBUG [acme.Launcher@main] Found classpath entry '/C:/Users/ant_1/.m2/repository/net/minidev/json-smart/2.3/json-smart-2.3.jar' 
2022-04-06 16:24:13.314 DEBUG [acme.Launcher@main] Found classpath entry '/C:/Users/ant_1/.m2/repository/net/minidev/accessors-smart/1.2/accessors-smart-1.2.jar' 
2022-04-06 16:24:13.314 DEBUG [acme.Launcher@main] Found classpath entry '/C:/Users/ant_1/.m2/repository/org/ow2/asm/asm/5.0.4/asm-5.0.4.jar' 
2022-04-06 16:24:13.320 DEBUG [acme.Launcher@main] Found classpath entry '/C:/Users/ant_1/.m2/repository/jakarta/xml/bind/jakarta.xml.bind-api/2.3.3/jakarta.xml.bind-api-2.3.3.jar' 
2022-04-06 16:24:13.320 DEBUG [acme.Launcher@main] Found classpath entry '/C:/Users/ant_1/.m2/repository/jakarta/activation/jakarta.activation-api/1.2.2/jakarta.activation-api-1.2.2.jar' 
2022-04-06 16:24:13.320 DEBUG [acme.Launcher@main] Found classpath entry '/C:/Users/ant_1/.m2/repository/org/assertj/assertj-core/3.18.1/assertj-core-3.18.1.jar' 
2022-04-06 16:24:13.321 DEBUG [acme.Launcher@main] Found classpath entry '/C:/Users/ant_1/.m2/repository/org/hamcrest/hamcrest/2.2/hamcrest-2.2.jar' 
2022-04-06 16:24:13.321 DEBUG [acme.Launcher@main] Found classpath entry '/C:/Users/ant_1/.m2/repository/org/junit/jupiter/junit-jupiter/5.7.0/junit-jupiter-5.7.0.jar' 
2022-04-06 16:24:13.321 DEBUG [acme.Launcher@main] Found classpath entry '/C:/Users/ant_1/.m2/repository/org/mockito/mockito-core/3.6.28/mockito-core-3.6.28.jar' 
2022-04-06 16:24:13.321 DEBUG [acme.Launcher@main] Found classpath entry '/C:/Users/ant_1/.m2/repository/net/bytebuddy/byte-buddy-agent/1.10.19/byte-buddy-agent-1.10.19.jar' 
2022-04-06 16:24:13.322 DEBUG [acme.Launcher@main] Found classpath entry '/C:/Users/ant_1/.m2/repository/org/objenesis/objenesis/3.1/objenesis-3.1.jar' 
2022-04-06 16:24:13.322 DEBUG [acme.Launcher@main] Found classpath entry '/C:/Users/ant_1/.m2/repository/org/mockito/mockito-junit-jupiter/3.6.28/mockito-junit-jupiter-3.6.28.jar' 
2022-04-06 16:24:13.322 DEBUG [acme.Launcher@main] Found classpath entry '/C:/Users/ant_1/.m2/repository/org/skyscreamer/jsonassert/1.5.0/jsonassert-1.5.0.jar' 
2022-04-06 16:24:13.322 DEBUG [acme.Launcher@main] Found classpath entry '/C:/Users/ant_1/.m2/repository/com/vaadin/external/google/android-json/0.0.20131108.vaadin1/android-json-0.0.20131108.vaadin1.jar' 
2022-04-06 16:24:13.323 DEBUG [acme.Launcher@main] Found classpath entry '/C:/Users/ant_1/.m2/repository/org/springframework/spring-core/5.3.3/spring-core-5.3.3.jar' 
2022-04-06 16:24:13.323 DEBUG [acme.Launcher@main] Found classpath entry '/C:/Users/ant_1/.m2/repository/org/springframework/spring-jcl/5.3.3/spring-jcl-5.3.3.jar' 
2022-04-06 16:24:13.323 DEBUG [acme.Launcher@main] Found classpath entry '/C:/Users/ant_1/.m2/repository/org/springframework/spring-test/5.3.3/spring-test-5.3.3.jar' 
2022-04-06 16:24:13.323 DEBUG [acme.Launcher@main] Found classpath entry '/C:/Users/ant_1/.m2/repository/org/xmlunit/xmlunit-core/2.7.0/xmlunit-core-2.7.0.jar' 
2022-04-06 16:24:13.323 DEBUG [acme.Launcher@main] Found classpath entry '/C:/Users/ant_1/.m2/repository/org/springframework/boot/spring-boot-starter-security/2.4.2/spring-boot-starter-security-2.4.2.jar' 
2022-04-06 16:24:13.335 DEBUG [acme.Launcher@main] Found classpath entry '/C:/Users/ant_1/.m2/repository/org/springframework/spring-aop/5.3.3/spring-aop-5.3.3.jar' 
2022-04-06 16:24:13.336 DEBUG [acme.Launcher@main] Found classpath entry '/C:/Users/ant_1/.m2/repository/org/springframework/security/spring-security-web/5.4.2/spring-security-web-5.4.2.jar' 
2022-04-06 16:24:13.336 DEBUG [acme.Launcher@main] Found classpath entry '/C:/Users/ant_1/.m2/repository/org/springframework/security/spring-security-core/5.4.2/spring-security-core-5.4.2.jar' 
2022-04-06 16:24:13.336 DEBUG [acme.Launcher@main] Found classpath entry '/C:/Users/ant_1/.m2/repository/org/springframework/spring-beans/5.3.3/spring-beans-5.3.3.jar' 
2022-04-06 16:24:13.337 DEBUG [acme.Launcher@main] Found classpath entry '/C:/Users/ant_1/.m2/repository/org/springframework/spring-context/5.3.3/spring-context-5.3.3.jar' 
2022-04-06 16:24:13.337 DEBUG [acme.Launcher@main] Found classpath entry '/C:/Users/ant_1/.m2/repository/org/springframework/spring-expression/5.3.3/spring-expression-5.3.3.jar' 
2022-04-06 16:24:13.337 DEBUG [acme.Launcher@main] Found classpath entry '/C:/Users/ant_1/.m2/repository/org/springframework/spring-web/5.3.3/spring-web-5.3.3.jar' 
2022-04-06 16:24:13.339 DEBUG [acme.Launcher@main] Found classpath entry '/C:/Users/ant_1/.m2/repository/org/springframework/security/spring-security-config/5.4.2/spring-security-config-5.4.2.jar' 
2022-04-06 16:24:13.340 DEBUG [acme.Launcher@main] Found classpath entry '/C:/Users/ant_1/.m2/repository/org/springframework/security/spring-security-taglibs/5.4.2/spring-security-taglibs-5.4.2.jar' 
2022-04-06 16:24:13.342 DEBUG [acme.Launcher@main] Found classpath entry '/C:/Users/ant_1/.m2/repository/org/springframework/security/spring-security-acl/5.4.2/spring-security-acl-5.4.2.jar' 
2022-04-06 16:24:13.342 DEBUG [acme.Launcher@main] Found classpath entry '/C:/Users/ant_1/.m2/repository/org/springframework/spring-jdbc/5.3.3/spring-jdbc-5.3.3.jar' 
2022-04-06 16:24:13.342 DEBUG [acme.Launcher@main] Found classpath entry '/C:/Users/ant_1/.m2/repository/org/springframework/spring-tx/5.3.3/spring-tx-5.3.3.jar' 
2022-04-06 16:24:13.343 DEBUG [acme.Launcher@main] Found classpath entry '/C:/Users/ant_1/.m2/repository/org/springframework/boot/spring-boot-starter-web/2.4.2/spring-boot-starter-web-2.4.2.jar' 
2022-04-06 16:24:13.343 DEBUG [acme.Launcher@main] Found classpath entry '/C:/Users/ant_1/.m2/repository/org/springframework/boot/spring-boot-starter-json/2.4.2/spring-boot-starter-json-2.4.2.jar' 
2022-04-06 16:24:13.343 DEBUG [acme.Launcher@main] Found classpath entry '/C:/Users/ant_1/.m2/repository/com/fasterxml/jackson/core/jackson-databind/2.11.4/jackson-databind-2.11.4.jar' 
2022-04-06 16:24:13.344 DEBUG [acme.Launcher@main] Found classpath entry '/C:/Users/ant_1/.m2/repository/com/fasterxml/jackson/core/jackson-annotations/2.11.4/jackson-annotations-2.11.4.jar' 
2022-04-06 16:24:13.344 DEBUG [acme.Launcher@main] Found classpath entry '/C:/Users/ant_1/.m2/repository/com/fasterxml/jackson/core/jackson-core/2.11.4/jackson-core-2.11.4.jar' 
2022-04-06 16:24:13.344 DEBUG [acme.Launcher@main] Found classpath entry '/C:/Users/ant_1/.m2/repository/com/fasterxml/jackson/datatype/jackson-datatype-jdk8/2.11.4/jackson-datatype-jdk8-2.11.4.jar' 
2022-04-06 16:24:13.344 DEBUG [acme.Launcher@main] Found classpath entry '/C:/Users/ant_1/.m2/repository/com/fasterxml/jackson/datatype/jackson-datatype-jsr310/2.11.4/jackson-datatype-jsr310-2.11.4.jar' 
2022-04-06 16:24:13.345 DEBUG [acme.Launcher@main] Found classpath entry '/C:/Users/ant_1/.m2/repository/com/fasterxml/jackson/module/jackson-module-parameter-names/2.11.4/jackson-module-parameter-names-2.11.4.jar' 
2022-04-06 16:24:13.345 DEBUG [acme.Launcher@main] Found classpath entry '/C:/Users/ant_1/.m2/repository/org/springframework/spring-webmvc/5.3.3/spring-webmvc-5.3.3.jar' 
2022-04-06 16:24:13.345 DEBUG [acme.Launcher@main] Found classpath entry '/C:/Users/ant_1/.m2/repository/org/apache/tiles/tiles-jsp/3.0.8/tiles-jsp-3.0.8.jar' 
2022-04-06 16:24:13.345 DEBUG [acme.Launcher@main] Found classpath entry '/C:/Users/ant_1/.m2/repository/org/apache/tiles/tiles-servlet/3.0.8/tiles-servlet-3.0.8.jar' 
2022-04-06 16:24:13.345 DEBUG [acme.Launcher@main] Found classpath entry '/C:/Users/ant_1/.m2/repository/org/apache/tiles/tiles-core/3.0.8/tiles-core-3.0.8.jar' 
2022-04-06 16:24:13.346 DEBUG [acme.Launcher@main] Found classpath entry '/C:/Users/ant_1/.m2/repository/commons-digester/commons-digester/2.0/commons-digester-2.0.jar' 
2022-04-06 16:24:13.346 DEBUG [acme.Launcher@main] Found classpath entry '/C:/Users/ant_1/.m2/repository/org/slf4j/jcl-over-slf4j/1.7.30/jcl-over-slf4j-1.7.30.jar' 
2022-04-06 16:24:13.346 DEBUG [acme.Launcher@main] Found classpath entry '/C:/Users/ant_1/.m2/repository/org/apache/tiles/tiles-request-servlet/1.0.7/tiles-request-servlet-1.0.7.jar' 
2022-04-06 16:24:13.346 DEBUG [acme.Launcher@main] Found classpath entry '/C:/Users/ant_1/.m2/repository/org/apache/tiles/tiles-template/3.0.8/tiles-template-3.0.8.jar' 
2022-04-06 16:24:13.346 DEBUG [acme.Launcher@main] Found classpath entry '/C:/Users/ant_1/.m2/repository/org/apache/tiles/tiles-api/3.0.8/tiles-api-3.0.8.jar' 
2022-04-06 16:24:13.347 DEBUG [acme.Launcher@main] Found classpath entry '/C:/Users/ant_1/.m2/repository/org/apache/tiles/tiles-autotag-core-runtime/1.2/tiles-autotag-core-runtime-1.2.jar' 
2022-04-06 16:24:13.347 DEBUG [acme.Launcher@main] Found classpath entry '/C:/Users/ant_1/.m2/repository/org/slf4j/slf4j-api/1.7.30/slf4j-api-1.7.30.jar' 
2022-04-06 16:24:13.347 DEBUG [acme.Launcher@main] Found classpath entry '/C:/Users/ant_1/.m2/repository/org/apache/tiles/tiles-request-jsp/1.0.7/tiles-request-jsp-1.0.7.jar' 
2022-04-06 16:24:13.347 DEBUG [acme.Launcher@main] Found classpath entry '/C:/Users/ant_1/.m2/repository/org/apache/tiles/tiles-request-api/1.0.7/tiles-request-api-1.0.7.jar' 
2022-04-06 16:24:13.347 DEBUG [acme.Launcher@main] Found classpath entry '/C:/Users/ant_1/.m2/repository/org/springframework/boot/spring-boot-starter-data-jpa/2.4.2/spring-boot-starter-data-jpa-2.4.2.jar' 
2022-04-06 16:24:13.347 DEBUG [acme.Launcher@main] Found classpath entry '/C:/Users/ant_1/.m2/repository/org/springframework/boot/spring-boot-starter-aop/2.4.2/spring-boot-starter-aop-2.4.2.jar' 
2022-04-06 16:24:13.348 DEBUG [acme.Launcher@main] Found classpath entry '/C:/Users/ant_1/.m2/repository/org/aspectj/aspectjweaver/1.9.6/aspectjweaver-1.9.6.jar' 
2022-04-06 16:24:13.348 DEBUG [acme.Launcher@main] Found classpath entry '/C:/Users/ant_1/.m2/repository/org/springframework/boot/spring-boot-starter-jdbc/2.4.2/spring-boot-starter-jdbc-2.4.2.jar' 
2022-04-06 16:24:13.355 DEBUG [acme.Launcher@main] Found classpath entry '/C:/Users/ant_1/.m2/repository/jakarta/transaction/jakarta.transaction-api/1.3.3/jakarta.transaction-api-1.3.3.jar' 
2022-04-06 16:24:13.355 DEBUG [acme.Launcher@main] Found classpath entry '/C:/Users/ant_1/.m2/repository/jakarta/persistence/jakarta.persistence-api/2.2.3/jakarta.persistence-api-2.2.3.jar' 
2022-04-06 16:24:13.355 DEBUG [acme.Launcher@main] Found classpath entry '/C:/Users/ant_1/.m2/repository/org/hibernate/hibernate-core/5.4.27.Final/hibernate-core-5.4.27.Final.jar' 
2022-04-06 16:24:13.356 DEBUG [acme.Launcher@main] Found classpath entry '/C:/Users/ant_1/.m2/repository/org/jboss/logging/jboss-logging/3.4.1.Final/jboss-logging-3.4.1.Final.jar' 
2022-04-06 16:24:13.356 DEBUG [acme.Launcher@main] Found classpath entry '/C:/Users/ant_1/.m2/repository/org/javassist/javassist/3.27.0-GA/javassist-3.27.0-GA.jar' 
2022-04-06 16:24:13.356 DEBUG [acme.Launcher@main] Found classpath entry '/C:/Users/ant_1/.m2/repository/antlr/antlr/2.7.7/antlr-2.7.7.jar' 
2022-04-06 16:24:13.356 DEBUG [acme.Launcher@main] Found classpath entry '/C:/Users/ant_1/.m2/repository/org/jboss/jandex/2.1.3.Final/jandex-2.1.3.Final.jar' 
2022-04-06 16:24:13.356 DEBUG [acme.Launcher@main] Found classpath entry '/C:/Users/ant_1/.m2/repository/com/fasterxml/classmate/1.5.1/classmate-1.5.1.jar' 
2022-04-06 16:24:13.356 DEBUG [acme.Launcher@main] Found classpath entry '/C:/Users/ant_1/.m2/repository/org/dom4j/dom4j/2.1.3/dom4j-2.1.3.jar' 
2022-04-06 16:24:13.357 DEBUG [acme.Launcher@main] Found classpath entry '/C:/Users/ant_1/.m2/repository/org/hibernate/common/hibernate-commons-annotations/5.1.2.Final/hibernate-commons-annotations-5.1.2.Final.jar' 
2022-04-06 16:24:13.357 DEBUG [acme.Launcher@main] Found classpath entry '/C:/Users/ant_1/.m2/repository/org/glassfish/jaxb/jaxb-runtime/2.3.3/jaxb-runtime-2.3.3.jar' 
2022-04-06 16:24:13.357 DEBUG [acme.Launcher@main] Found classpath entry '/C:/Users/ant_1/.m2/repository/org/glassfish/jaxb/txw2/2.3.3/txw2-2.3.3.jar' 
2022-04-06 16:24:13.357 DEBUG [acme.Launcher@main] Found classpath entry '/C:/Users/ant_1/.m2/repository/com/sun/istack/istack-commons-runtime/3.0.11/istack-commons-runtime-3.0.11.jar' 
2022-04-06 16:24:13.357 DEBUG [acme.Launcher@main] Found classpath entry '/C:/Users/ant_1/.m2/repository/com/sun/activation/jakarta.activation/1.2.2/jakarta.activation-1.2.2.jar' 
2022-04-06 16:24:13.357 DEBUG [acme.Launcher@main] Found classpath entry '/C:/Users/ant_1/.m2/repository/org/springframework/data/spring-data-jpa/2.4.3/spring-data-jpa-2.4.3.jar' 
2022-04-06 16:24:13.358 DEBUG [acme.Launcher@main] Found classpath entry '/C:/Users/ant_1/.m2/repository/org/springframework/data/spring-data-commons/2.4.3/spring-data-commons-2.4.3.jar' 
2022-04-06 16:24:13.358 DEBUG [acme.Launcher@main] Found classpath entry '/C:/Users/ant_1/.m2/repository/org/springframework/spring-orm/5.3.3/spring-orm-5.3.3.jar' 
2022-04-06 16:24:13.358 DEBUG [acme.Launcher@main] Found classpath entry '/C:/Users/ant_1/.m2/repository/org/springframework/spring-aspects/5.3.3/spring-aspects-5.3.3.jar' 
2022-04-06 16:24:13.358 DEBUG [acme.Launcher@main] Found classpath entry '/C:/Users/ant_1/.m2/repository/org/springframework/boot/spring-boot-starter-validation/2.4.2/spring-boot-starter-validation-2.4.2.jar' 
2022-04-06 16:24:13.358 DEBUG [acme.Launcher@main] Found classpath entry '/C:/Users/ant_1/.m2/repository/org/hibernate/validator/hibernate-validator/6.1.7.Final/hibernate-validator-6.1.7.Final.jar' 
2022-04-06 16:24:13.359 DEBUG [acme.Launcher@main] Found classpath entry '/C:/Users/ant_1/.m2/repository/jakarta/validation/jakarta.validation-api/2.0.2/jakarta.validation-api-2.0.2.jar' 
2022-04-06 16:24:13.359 DEBUG [acme.Launcher@main] Found classpath entry '/C:/Users/ant_1/.m2/repository/mysql/mysql-connector-java/8.0.22/mysql-connector-java-8.0.22.jar' 
2022-04-06 16:24:13.359 DEBUG [acme.Launcher@main] Found classpath entry '/C:/Users/ant_1/.m2/repository/com/zaxxer/HikariCP/3.4.5/HikariCP-3.4.5.jar' 
2022-04-06 16:24:13.359 DEBUG [acme.Launcher@main] Found classpath entry '/C:/Users/ant_1/.m2/repository/org/junit/jupiter/junit-jupiter-engine/5.7.0/junit-jupiter-engine-5.7.0.jar' 
2022-04-06 16:24:13.359 DEBUG [acme.Launcher@main] Found classpath entry '/C:/Users/ant_1/.m2/repository/org/apiguardian/apiguardian-api/1.1.0/apiguardian-api-1.1.0.jar' 
2022-04-06 16:24:13.359 DEBUG [acme.Launcher@main] Found classpath entry '/C:/Users/ant_1/.m2/repository/org/junit/platform/junit-platform-engine/1.7.0/junit-platform-engine-1.7.0.jar' 
2022-04-06 16:24:13.360 DEBUG [acme.Launcher@main] Found classpath entry '/C:/Users/ant_1/.m2/repository/org/junit/jupiter/junit-jupiter-api/5.7.0/junit-jupiter-api-5.7.0.jar' 
2022-04-06 16:24:13.360 DEBUG [acme.Launcher@main] Found classpath entry '/C:/Users/ant_1/.m2/repository/org/opentest4j/opentest4j/1.2.0/opentest4j-1.2.0.jar' 
2022-04-06 16:24:13.360 DEBUG [acme.Launcher@main] Found classpath entry '/C:/Users/ant_1/.m2/repository/org/junit/platform/junit-platform-commons/1.7.0/junit-platform-commons-1.7.0.jar' 
2022-04-06 16:24:13.360 DEBUG [acme.Launcher@main] Found classpath entry '/C:/Users/ant_1/.m2/repository/org/junit/jupiter/junit-jupiter-params/5.7.0/junit-jupiter-params-5.7.0.jar' 
2022-04-06 16:24:13.360 DEBUG [acme.Launcher@main] Found classpath entry '/C:/Users/ant_1/.m2/repository/org/junit/platform/junit-platform-launcher/1.7.0/junit-platform-launcher-1.7.0.jar' 
2022-04-06 16:24:13.360 DEBUG [acme.Launcher@main] Found classpath entry '/C:/Users/ant_1/.m2/repository/org/seleniumhq/selenium/selenium-java/3.141.59/selenium-java-3.141.59.jar' 
2022-04-06 16:24:13.361 DEBUG [acme.Launcher@main] Found classpath entry '/C:/Users/ant_1/.m2/repository/org/seleniumhq/selenium/selenium-api/3.141.59/selenium-api-3.141.59.jar' 
2022-04-06 16:24:13.361 DEBUG [acme.Launcher@main] Found classpath entry '/C:/Users/ant_1/.m2/repository/org/seleniumhq/selenium/selenium-chrome-driver/3.141.59/selenium-chrome-driver-3.141.59.jar' 
2022-04-06 16:24:13.361 DEBUG [acme.Launcher@main] Found classpath entry '/C:/Users/ant_1/.m2/repository/org/seleniumhq/selenium/selenium-edge-driver/3.141.59/selenium-edge-driver-3.141.59.jar' 
2022-04-06 16:24:13.361 DEBUG [acme.Launcher@main] Found classpath entry '/C:/Users/ant_1/.m2/repository/org/seleniumhq/selenium/selenium-firefox-driver/3.141.59/selenium-firefox-driver-3.141.59.jar' 
2022-04-06 16:24:13.361 DEBUG [acme.Launcher@main] Found classpath entry '/C:/Users/ant_1/.m2/repository/org/seleniumhq/selenium/selenium-ie-driver/3.141.59/selenium-ie-driver-3.141.59.jar' 
2022-04-06 16:24:13.361 DEBUG [acme.Launcher@main] Found classpath entry '/C:/Users/ant_1/.m2/repository/org/seleniumhq/selenium/selenium-opera-driver/3.141.59/selenium-opera-driver-3.141.59.jar' 
2022-04-06 16:24:13.362 DEBUG [acme.Launcher@main] Found classpath entry '/C:/Users/ant_1/.m2/repository/org/seleniumhq/selenium/selenium-remote-driver/3.141.59/selenium-remote-driver-3.141.59.jar' 
2022-04-06 16:24:13.362 DEBUG [acme.Launcher@main] Found classpath entry '/C:/Users/ant_1/.m2/repository/org/seleniumhq/selenium/selenium-safari-driver/3.141.59/selenium-safari-driver-3.141.59.jar' 
2022-04-06 16:24:13.362 DEBUG [acme.Launcher@main] Found classpath entry '/C:/Users/ant_1/.m2/repository/org/seleniumhq/selenium/selenium-support/3.141.59/selenium-support-3.141.59.jar' 
2022-04-06 16:24:13.362 DEBUG [acme.Launcher@main] Found classpath entry '/C:/Users/ant_1/.m2/repository/net/bytebuddy/byte-buddy/1.10.19/byte-buddy-1.10.19.jar' 
2022-04-06 16:24:13.362 DEBUG [acme.Launcher@main] Found classpath entry '/C:/Users/ant_1/.m2/repository/org/apache/commons/commons-exec/1.3/commons-exec-1.3.jar' 
2022-04-06 16:24:13.362 DEBUG [acme.Launcher@main] Found classpath entry '/C:/Users/ant_1/.m2/repository/com/google/guava/guava/25.0-jre/guava-25.0-jre.jar' 
2022-04-06 16:24:13.362 DEBUG [acme.Launcher@main] Found classpath entry '/C:/Users/ant_1/.m2/repository/com/google/code/findbugs/jsr305/1.3.9/jsr305-1.3.9.jar' 
2022-04-06 16:24:13.363 DEBUG [acme.Launcher@main] Found classpath entry '/C:/Users/ant_1/.m2/repository/org/checkerframework/checker-compat-qual/2.0.0/checker-compat-qual-2.0.0.jar' 
2022-04-06 16:24:13.363 DEBUG [acme.Launcher@main] Found classpath entry '/C:/Users/ant_1/.m2/repository/com/google/errorprone/error_prone_annotations/2.1.3/error_prone_annotations-2.1.3.jar' 
2022-04-06 16:24:13.363 DEBUG [acme.Launcher@main] Found classpath entry '/C:/Users/ant_1/.m2/repository/com/google/j2objc/j2objc-annotations/1.1/j2objc-annotations-1.1.jar' 
2022-04-06 16:24:13.363 DEBUG [acme.Launcher@main] Found classpath entry '/C:/Users/ant_1/.m2/repository/org/codehaus/mojo/animal-sniffer-annotations/1.14/animal-sniffer-annotations-1.14.jar' 
2022-04-06 16:24:13.363 DEBUG [acme.Launcher@main] Found classpath entry '/C:/Users/ant_1/.m2/repository/com/squareup/okhttp3/okhttp/3.14.9/okhttp-3.14.9.jar' 
2022-04-06 16:24:13.363 DEBUG [acme.Launcher@main] Found classpath entry '/C:/Users/ant_1/.m2/repository/com/squareup/okio/okio/1.14.0/okio-1.14.0.jar' 
2022-04-06 16:24:13.364 DEBUG [acme.Launcher@main] Found classpath entry '/C:/Users/ant_1/.m2/repository/org/apache/commons/commons-lang3/3.11/commons-lang3-3.11.jar' 
2022-04-06 16:24:13.364 DEBUG [acme.Launcher@main] Found classpath entry '/C:/Users/ant_1/.m2/repository/org/apache/commons/commons-text/1.8/commons-text-1.8.jar' 
2022-04-06 16:24:13.364 DEBUG [acme.Launcher@main] Found classpath entry '/C:/Users/ant_1/.m2/repository/commons-io/commons-io/2.6/commons-io-2.6.jar' 
2022-04-06 16:24:13.364 DEBUG [acme.Launcher@main] Found classpath entry '/C:/Users/ant_1/.m2/repository/commons-cli/commons-cli/1.4/commons-cli-1.4.jar' 
2022-04-06 16:24:13.364 DEBUG [acme.Launcher@main] Found classpath entry '/C:/Users/ant_1/.m2/repository/org/projectlombok/lombok/1.18.16/lombok-1.18.16.jar' 
2022-04-06 16:24:13.364 DEBUG [acme.Launcher@main] Found classpath entry '/C:/Users/ant_1/.m2/repository/com/opencsv/opencsv/5.4/opencsv-5.4.jar' 
2022-04-06 16:24:13.364 DEBUG [acme.Launcher@main] Found classpath entry '/C:/Users/ant_1/.m2/repository/commons-beanutils/commons-beanutils/1.9.4/commons-beanutils-1.9.4.jar' 
2022-04-06 16:24:13.364 DEBUG [acme.Launcher@main] Found classpath entry '/C:/Users/ant_1/.m2/repository/commons-logging/commons-logging/1.2/commons-logging-1.2.jar' 
2022-04-06 16:24:13.365 DEBUG [acme.Launcher@main] Found classpath entry '/C:/Users/ant_1/.m2/repository/commons-collections/commons-collections/3.2.2/commons-collections-3.2.2.jar' 
2022-04-06 16:24:13.365 DEBUG [acme.Launcher@main] Found classpath entry '/C:/Users/ant_1/.m2/repository/org/apache/commons/commons-collections4/4.4/commons-collections4-4.4.jar' 
2022-04-06 16:24:13.759 DEBUG [acme.Launcher@main] Found entity class 'acme.entities.announcements.Announcement 
2022-04-06 16:24:13.760 DEBUG [acme.Launcher@main] Found entity class 'acme.entities.chirp.Chirp 
2022-04-06 16:24:13.760 DEBUG [acme.Launcher@main] Found entity class 'acme.entities.item.Amount 
2022-04-06 16:24:13.760 DEBUG [acme.Launcher@main] Found entity class 'acme.entities.item.Item 
2022-04-06 16:24:13.760 DEBUG [acme.Launcher@main] Found entity class 'acme.entities.patronageReport.PatronageReport 
2022-04-06 16:24:13.760 DEBUG [acme.Launcher@main] Found entity class 'acme.entities.patronages.Patronage 
2022-04-06 16:24:13.761 DEBUG [acme.Launcher@main] Found entity class 'acme.entities.tookit.Toolkit 
2022-04-06 16:24:13.761 DEBUG [acme.Launcher@main] Found entity class 'acme.roles.Inventor 
2022-04-06 16:24:13.761 DEBUG [acme.Launcher@main] Found entity class 'acme.roles.Patron 
2022-04-06 16:24:13.761 DEBUG [acme.Launcher@main] Found entity class 'acme.systemConfiguration.SystemConfiguration 
2022-04-06 16:24:13.761 DEBUG [acme.Launcher@main] Found entity class 'acme.framework.entities.UserAccount 
2022-04-06 16:24:13.761 DEBUG [acme.Launcher@main] Found entity class 'acme.framework.roles.Administrator 
2022-04-06 16:24:13.762 DEBUG [acme.Launcher@main] Found entity class 'acme.framework.roles.Anonymous 
2022-04-06 16:24:13.762 DEBUG [acme.Launcher@main] Found entity class 'acme.framework.roles.Any 
2022-04-06 16:24:13.762 DEBUG [acme.Launcher@main] Found entity class 'acme.framework.roles.Authenticated 
2022-04-06 16:24:13.772 INFO  [acme.Launcher@main] Running application (Standalone) 
2022-04-06 16:27:27.623 ERROR [org.apache.catalina.core.ContainerBase.[Tomcat].[localhost].[/acme-toolkits-22.1].[dispatcherServlet]@http-nio-8080-exec-10] Servlet.service() for servlet [dispatcherServlet] in context with path [/acme-toolkits-22.1] threw exception [Filter execution threw an exception] with root cause at acme.framework.controllers.RememberMeLogoutHandler.logout(RememberMeLogoutHandler.java:31): java.lang.AssertionError
2022-04-06 16:27:27.728 DEBUG [acme.framework.components.tiles.DynamicTilesView@http-nio-8080-exec-10] View name 'master/panic', model {} 
2022-04-06 16:27:27.760 DEBUG [org.apache.tiles.definition.dao.BaseLocaleUrlDefinitionDAO@http-nio-8080-exec-10] File Resource file:/C:/Users/Antonio/Documents/antonio/informatica/DP2/Workspace-22.0/Projects/Acme-Toolkits/target/classes/WEB-INF/views/master/tiles_en.xml at file:/C:/Users/Antonio/Documents/antonio/informatica/DP2/Workspace-22.0/Projects/Acme-Toolkits/target/classes/WEB-INF/views/master/tiles_en.xml not found, continue 
2022-04-06 16:27:27.775 DEBUG [org.apache.jasper.servlet.JspServlet@http-nio-8080-exec-10] JspEngine --> /WEB-INF/views/master/page.jsp 
2022-04-06 16:27:27.775 DEBUG [org.apache.jasper.servlet.JspServlet@http-nio-8080-exec-10] ServletPath: /WEB-INF/views/master/page.jsp 
2022-04-06 16:27:27.776 DEBUG [org.apache.jasper.servlet.JspServlet@http-nio-8080-exec-10] PathInfo: null 
2022-04-06 16:27:27.781 DEBUG [org.apache.jasper.servlet.JspServlet@http-nio-8080-exec-10] RealPath: C:\Users\Antonio\Documents\antonio\informatica\DP2\Workspace-22.0\Projects\Acme-Toolkits\target\classes\WEB-INF\views\master\page.jsp 
2022-04-06 16:27:27.781 DEBUG [org.apache.jasper.servlet.JspServlet@http-nio-8080-exec-10] RequestURI: /acme-toolkits-22.1/WEB-INF/views/master/page.jsp 
2022-04-06 16:27:27.782 DEBUG [org.apache.jasper.servlet.JspServlet@http-nio-8080-exec-10] QueryString: null 
2022-04-06 16:27:35.099 DEBUG [acme.framework.configuration.ExtendedMessageSource@http-nio-8080-exec-10] Loading properties [C:\Users\Antonio\Documents\antonio\informatica\DP2\Workspace-22.0\Projects\Acme-Toolkits\target\classes\WEB-INF\views\administrator\dashboard\messsages-en.i18n] with encoding 'utf-8' 
2022-04-06 16:27:35.101 DEBUG [acme.framework.configuration.ExtendedMessageSource@http-nio-8080-exec-10] Loading properties [C:\Users\Antonio\Documents\antonio\informatica\DP2\Workspace-22.0\Projects\Acme-Toolkits\target\classes\WEB-INF\views\administrator\user-account\messages-en.i18n] with encoding 'utf-8' 
2022-04-06 16:27:35.102 DEBUG [acme.framework.configuration.ExtendedMessageSource@http-nio-8080-exec-10] Loading properties [C:\Users\Antonio\Documents\antonio\informatica\DP2\Workspace-22.0\Projects\Acme-Toolkits\target\classes\WEB-INF\views\anonymous\user-account\messages-en.i18n] with encoding 'utf-8' 
2022-04-06 16:27:35.104 DEBUG [acme.framework.configuration.ExtendedMessageSource@http-nio-8080-exec-10] Loading properties [C:\Users\Antonio\Documents\antonio\informatica\DP2\Workspace-22.0\Projects\Acme-Toolkits\target\classes\WEB-INF\views\authenticated\consumer\messsages-en.i18n] with encoding 'utf-8' 
2022-04-06 16:27:35.105 DEBUG [acme.framework.configuration.ExtendedMessageSource@http-nio-8080-exec-10] Loading properties [C:\Users\Antonio\Documents\antonio\informatica\DP2\Workspace-22.0\Projects\Acme-Toolkits\target\classes\WEB-INF\views\authenticated\provider\messsages-en.i18n] with encoding 'utf-8' 
2022-04-06 16:27:35.107 DEBUG [acme.framework.configuration.ExtendedMessageSource@http-nio-8080-exec-10] Loading properties [C:\Users\Antonio\Documents\antonio\informatica\DP2\Workspace-22.0\Projects\Acme-Toolkits\target\classes\WEB-INF\views\authenticated\user-account\messages-en.i18n] with encoding 'utf-8' 
2022-04-06 16:27:35.111 DEBUG [acme.framework.configuration.ExtendedMessageSource@http-nio-8080-exec-10] Loading properties [C:\Users\Antonio\Documents\antonio\informatica\DP2\Workspace-22.0\Projects\Acme-Toolkits\target\classes\WEB-INF\views\fragments\banner-en.i18n] with encoding 'utf-8' 
2022-04-06 16:27:35.112 DEBUG [acme.framework.configuration.ExtendedMessageSource@http-nio-8080-exec-10] Loading properties [C:\Users\Antonio\Documents\antonio\informatica\DP2\Workspace-22.0\Projects\Acme-Toolkits\target\classes\WEB-INF\views\fragments\company-en.i18n] with encoding 'utf-8' 
2022-04-06 16:27:35.113 DEBUG [acme.framework.configuration.ExtendedMessageSource@http-nio-8080-exec-10] Loading properties [C:\Users\Antonio\Documents\antonio\informatica\DP2\Workspace-22.0\Projects\Acme-Toolkits\target\classes\WEB-INF\views\fragments\footer-en.i18n] with encoding 'utf-8' 
2022-04-06 16:27:35.115 DEBUG [acme.framework.configuration.ExtendedMessageSource@http-nio-8080-exec-10] Loading properties [C:\Users\Antonio\Documents\antonio\informatica\DP2\Workspace-22.0\Projects\Acme-Toolkits\target\classes\WEB-INF\views\fragments\license-en.i18n] with encoding 'utf-8' 
2022-04-06 16:27:35.116 DEBUG [acme.framework.configuration.ExtendedMessageSource@http-nio-8080-exec-10] Loading properties [C:\Users\Antonio\Documents\antonio\informatica\DP2\Workspace-22.0\Projects\Acme-Toolkits\target\classes\WEB-INF\views\fragments\menu-en.i18n] with encoding 'utf-8' 
2022-04-06 16:27:35.117 DEBUG [acme.framework.configuration.ExtendedMessageSource@http-nio-8080-exec-10] Loading properties [C:\Users\Antonio\Documents\antonio\informatica\DP2\Workspace-22.0\Projects\Acme-Toolkits\target\classes\WEB-INF\views\fragments\messsages-en.i18n] with encoding 'utf-8' 
2022-04-06 16:27:35.119 DEBUG [acme.framework.configuration.ExtendedMessageSource@http-nio-8080-exec-10] Loading properties [C:\Users\Antonio\Documents\antonio\informatica\DP2\Workspace-22.0\Projects\Acme-Toolkits\target\classes\WEB-INF\views\fragments\title-en.i18n] with encoding 'utf-8' 
2022-04-06 16:27:35.120 DEBUG [acme.framework.configuration.ExtendedMessageSource@http-nio-8080-exec-10] Loading properties [C:\Users\Antonio\Documents\antonio\informatica\DP2\Workspace-22.0\Projects\Acme-Toolkits\target\classes\WEB-INF\views\fragments\welcome-en.i18n] with encoding 'utf-8' 
2022-04-06 16:27:35.122 DEBUG [acme.framework.configuration.ExtendedMessageSource@http-nio-8080-exec-10] Loading properties [C:\Users\Antonio\Documents\antonio\informatica\DP2\Workspace-22.0\Projects\Acme-Toolkits\target\classes\WEB-INF\views\inventor\item\messsages-en.i18n] with encoding 'utf-8' 
2022-04-06 16:27:35.129 DEBUG [acme.framework.configuration.ExtendedMessageSource@http-nio-8080-exec-10] Loading properties [C:\Users\Antonio\Documents\antonio\informatica\DP2\Workspace-22.0\Projects\Acme-Toolkits\target\classes\WEB-INF\views\master\defaults-en.i18n] with encoding 'utf-8' 
2022-04-06 16:27:35.131 DEBUG [acme.framework.configuration.ExtendedMessageSource@http-nio-8080-exec-10] Loading properties [C:\Users\Antonio\Documents\antonio\informatica\DP2\Workspace-22.0\Projects\Acme-Toolkits\target\classes\WEB-INF\views\master\master-en.i18n] with encoding 'utf-8' 
2022-04-06 16:27:35.132 DEBUG [acme.framework.configuration.ExtendedMessageSource@http-nio-8080-exec-10] Loading properties [C:\Users\Antonio\Documents\antonio\informatica\DP2\Workspace-22.0\Projects\Acme-Toolkits\target\classes\WEB-INF\views\master\throwables-en.i18n] with encoding 'utf-8' 
2022-04-06 16:27:35.134 DEBUG [acme.framework.configuration.ExtendedMessageSource@http-nio-8080-exec-10] Loading properties [C:\Users\Antonio\Documents\antonio\informatica\DP2\Workspace-22.0\Projects\Acme-Toolkits\target\classes\WEB-INF\views\master\validation-en.i18n] with encoding 'utf-8' 
2022-04-06 16:27:35.350 DEBUG [org.apache.jasper.servlet.JspServlet@http-nio-8080-exec-10] JspEngine --> /WEB-INF/views/master/panic.jsp 
2022-04-06 16:27:35.351 DEBUG [org.apache.jasper.servlet.JspServlet@http-nio-8080-exec-10] ServletPath: /WEB-INF/views/master/page.jsp 
2022-04-06 16:27:35.351 DEBUG [org.apache.jasper.servlet.JspServlet@http-nio-8080-exec-10] PathInfo: null 
2022-04-06 16:27:35.354 DEBUG [org.apache.jasper.servlet.JspServlet@http-nio-8080-exec-10] RealPath: C:\Users\Antonio\Documents\antonio\informatica\DP2\Workspace-22.0\Projects\Acme-Toolkits\target\classes\WEB-INF\views\master\panic.jsp 
2022-04-06 16:27:35.354 DEBUG [org.apache.jasper.servlet.JspServlet@http-nio-8080-exec-10] RequestURI: /acme-toolkits-22.1/WEB-INF/views/master/page.jsp 
2022-04-06 16:27:35.355 DEBUG [org.apache.jasper.servlet.JspServlet@http-nio-8080-exec-10] QueryString: null 
2022-04-06 16:27:35.797 ERROR [org.apache.jsp.WEB_002dINF.views.master.panic_jsp@http-nio-8080-exec-10] HTTP GET /acme-toolkits-22.1/WEB-INF/views/master/page.jsp HTTP/1.1 
2022-04-06 16:27:35.798 ERROR [org.apache.jsp.WEB_002dINF.views.master.panic_jsp@http-nio-8080-exec-10] Status: 500 
2022-04-06 16:27:35.799 ERROR [org.apache.jsp.WEB_002dINF.views.master.panic_jsp@http-nio-8080-exec-10] Exception: org.apache.catalina.core.ApplicationFilterChain.internalDoFilter(ApplicationFilterChain.java:200): Filter execution threw an exception\nacme.framework.controllers.RememberMeLogoutHandler.logout(RememberMeLogoutHandler.java:31): java.lang.AssertionError 
2022-04-06 16:27:36.082 DEBUG [org.hibernate.SQL@http-nio-8080-exec-10] select useraccoun0_.id as id1_0_, useraccoun0_.version as version2_0_, useraccoun0_.enabled as enabled1_15_, useraccoun0_.identity as identity2_15_, useraccoun0_.password as password3_15_, useraccoun0_.username as username4_15_ from user_account useraccoun0_ where useraccoun0_.username=? 
2022-04-06 16:27:36.108 TRACE [org.hibernate.type.descriptor.sql.BasicBinder@http-nio-8080-exec-10] binding parameter [1] as [VARCHAR] - [anonymous] 
2022-04-06 16:27:36.163 DEBUG [org.hibernate.SQL@http-nio-8080-exec-10] select roles0_.user_account_id as user_acc1_16_0_, roles0_.id as id1_16_0_, roles0_.id as id1_0_1_, roles0_.version as version2_0_1_, roles0_.user_account_id as user_acc1_16_1_, roles0_.company as company1_8_1_, roles0_.optional_link as optional2_8_1_, roles0_.statement as statemen3_8_1_, roles0_.company as company1_10_1_, roles0_.optional_link as optional2_10_1_, roles0_.statement as statemen3_10_1_, roles0_.clazz_ as clazz_1_ from ( select id, version, user_account_id, company, optional_link, statement, 9 as clazz_ from inventor union all select id, version, user_account_id, company, optional_link, statement, 10 as clazz_ from patron union all select id, version, user_account_id, null as company, null as optional_link, null as statement, 13 as clazz_ from administrator union all select id, version, user_account_id, null as company, null as optional_link, null as statement, 14 as clazz_ from anonymous union all select id, version, user_account_id, null as company, null as optional_link, null as statement, 15 as clazz_ from any union all select id, version, user_account_id, null as company, null as optional_link, null as statement, 16 as clazz_ from authenticated ) roles0_ where roles0_.user_account_id=? 
2022-04-06 16:27:36.164 TRACE [org.hibernate.type.descriptor.sql.BasicBinder@http-nio-8080-exec-10] binding parameter [1] as [INTEGER] - [1] 
2022-04-06 16:27:43.085 DEBUG [acme.framework.components.tiles.DynamicTilesView@http-nio-8080-exec-4] View name 'master/sign-in', model {username=, password=, remember=false} 
2022-04-06 16:27:43.087 DEBUG [org.apache.jasper.servlet.JspServlet@http-nio-8080-exec-4] JspEngine --> /WEB-INF/views/master/page.jsp 
2022-04-06 16:27:43.087 DEBUG [org.apache.jasper.servlet.JspServlet@http-nio-8080-exec-4] ServletPath: /WEB-INF/views/master/page.jsp 
2022-04-06 16:27:43.088 DEBUG [org.apache.jasper.servlet.JspServlet@http-nio-8080-exec-4] PathInfo: null 
2022-04-06 16:27:43.090 DEBUG [org.apache.jasper.servlet.JspServlet@http-nio-8080-exec-4] RealPath: C:\Users\Antonio\Documents\antonio\informatica\DP2\Workspace-22.0\Projects\Acme-Toolkits\target\classes\WEB-INF\views\master\page.jsp 
2022-04-06 16:27:43.090 DEBUG [org.apache.jasper.servlet.JspServlet@http-nio-8080-exec-4] RequestURI: /acme-toolkits-22.1/WEB-INF/views/master/page.jsp 
2022-04-06 16:27:43.091 DEBUG [org.apache.jasper.servlet.JspServlet@http-nio-8080-exec-4] QueryString: null 
2022-04-06 16:27:43.238 DEBUG [org.apache.jasper.servlet.JspServlet@http-nio-8080-exec-4] JspEngine --> /WEB-INF/views/master/sign-in.jsp 
2022-04-06 16:27:43.239 DEBUG [org.apache.jasper.servlet.JspServlet@http-nio-8080-exec-4] ServletPath: /WEB-INF/views/master/page.jsp 
2022-04-06 16:27:43.239 DEBUG [org.apache.jasper.servlet.JspServlet@http-nio-8080-exec-4] PathInfo: null 
2022-04-06 16:27:43.240 DEBUG [org.apache.jasper.servlet.JspServlet@http-nio-8080-exec-4] RealPath: C:\Users\Antonio\Documents\antonio\informatica\DP2\Workspace-22.0\Projects\Acme-Toolkits\target\classes\WEB-INF\views\master\sign-in.jsp 
2022-04-06 16:27:43.240 DEBUG [org.apache.jasper.servlet.JspServlet@http-nio-8080-exec-4] RequestURI: /acme-toolkits-22.1/WEB-INF/views/master/page.jsp 
2022-04-06 16:27:43.241 DEBUG [org.apache.jasper.servlet.JspServlet@http-nio-8080-exec-4] QueryString: null 
2022-04-06 16:27:46.219 DEBUG [org.hibernate.SQL@http-nio-8080-exec-4] select useraccoun0_.id as id1_0_, useraccoun0_.version as version2_0_, useraccoun0_.enabled as enabled1_15_, useraccoun0_.identity as identity2_15_, useraccoun0_.password as password3_15_, useraccoun0_.username as username4_15_ from user_account useraccoun0_ where useraccoun0_.username=? 
2022-04-06 16:27:46.220 TRACE [org.hibernate.type.descriptor.sql.BasicBinder@http-nio-8080-exec-4] binding parameter [1] as [VARCHAR] - [anonymous] 
2022-04-06 16:27:46.222 DEBUG [org.hibernate.SQL@http-nio-8080-exec-4] select roles0_.user_account_id as user_acc1_16_0_, roles0_.id as id1_16_0_, roles0_.id as id1_0_1_, roles0_.version as version2_0_1_, roles0_.user_account_id as user_acc1_16_1_, roles0_.company as company1_8_1_, roles0_.optional_link as optional2_8_1_, roles0_.statement as statemen3_8_1_, roles0_.company as company1_10_1_, roles0_.optional_link as optional2_10_1_, roles0_.statement as statemen3_10_1_, roles0_.clazz_ as clazz_1_ from ( select id, version, user_account_id, company, optional_link, statement, 9 as clazz_ from inventor union all select id, version, user_account_id, company, optional_link, statement, 10 as clazz_ from patron union all select id, version, user_account_id, null as company, null as optional_link, null as statement, 13 as clazz_ from administrator union all select id, version, user_account_id, null as company, null as optional_link, null as statement, 14 as clazz_ from anonymous union all select id, version, user_account_id, null as company, null as optional_link, null as statement, 15 as clazz_ from any union all select id, version, user_account_id, null as company, null as optional_link, null as statement, 16 as clazz_ from authenticated ) roles0_ where roles0_.user_account_id=? 
2022-04-06 16:27:46.222 TRACE [org.hibernate.type.descriptor.sql.BasicBinder@http-nio-8080-exec-4] binding parameter [1] as [INTEGER] - [1] 
2022-04-06 16:28:51.885 DEBUG [org.hibernate.SQL@http-nio-8080-exec-5] select useraccoun0_.id as id1_0_, useraccoun0_.version as version2_0_, useraccoun0_.enabled as enabled1_15_, useraccoun0_.identity as identity2_15_, useraccoun0_.password as password3_15_, useraccoun0_.username as username4_15_ from user_account useraccoun0_ where useraccoun0_.username=? 
2022-04-06 16:28:51.886 TRACE [org.hibernate.type.descriptor.sql.BasicBinder@http-nio-8080-exec-5] binding parameter [1] as [VARCHAR] - [administrator] 
2022-04-06 16:28:51.888 DEBUG [org.hibernate.SQL@http-nio-8080-exec-5] select roles0_.user_account_id as user_acc1_16_0_, roles0_.id as id1_16_0_, roles0_.id as id1_0_1_, roles0_.version as version2_0_1_, roles0_.user_account_id as user_acc1_16_1_, roles0_.company as company1_8_1_, roles0_.optional_link as optional2_8_1_, roles0_.statement as statemen3_8_1_, roles0_.company as company1_10_1_, roles0_.optional_link as optional2_10_1_, roles0_.statement as statemen3_10_1_, roles0_.clazz_ as clazz_1_ from ( select id, version, user_account_id, company, optional_link, statement, 9 as clazz_ from inventor union all select id, version, user_account_id, company, optional_link, statement, 10 as clazz_ from patron union all select id, version, user_account_id, null as company, null as optional_link, null as statement, 13 as clazz_ from administrator union all select id, version, user_account_id, null as company, null as optional_link, null as statement, 14 as clazz_ from anonymous union all select id, version, user_account_id, null as company, null as optional_link, null as statement, 15 as clazz_ from any union all select id, version, user_account_id, null as company, null as optional_link, null as statement, 16 as clazz_ from authenticated ) roles0_ where roles0_.user_account_id=? 
2022-04-06 16:28:51.889 TRACE [org.hibernate.type.descriptor.sql.BasicBinder@http-nio-8080-exec-5] binding parameter [1] as [INTEGER] - [2] 
2022-04-06 16:28:51.918 DEBUG [acme.framework.components.tiles.DynamicTilesView@http-nio-8080-exec-10] View name 'fragments/welcome', model {} 
2022-04-06 16:28:51.919 DEBUG [org.apache.jasper.servlet.JspServlet@http-nio-8080-exec-10] JspEngine --> /WEB-INF/views/master/page.jsp 
2022-04-06 16:28:51.920 DEBUG [org.apache.jasper.servlet.JspServlet@http-nio-8080-exec-10] ServletPath: /WEB-INF/views/master/page.jsp 
2022-04-06 16:28:51.920 DEBUG [org.apache.jasper.servlet.JspServlet@http-nio-8080-exec-10] PathInfo: null 
2022-04-06 16:28:51.923 DEBUG [org.apache.jasper.servlet.JspServlet@http-nio-8080-exec-10] RealPath: C:\Users\Antonio\Documents\antonio\informatica\DP2\Workspace-22.0\Projects\Acme-Toolkits\target\classes\WEB-INF\views\master\page.jsp 
2022-04-06 16:28:51.923 DEBUG [org.apache.jasper.servlet.JspServlet@http-nio-8080-exec-10] RequestURI: /acme-toolkits-22.1/WEB-INF/views/master/page.jsp 
2022-04-06 16:28:51.923 DEBUG [org.apache.jasper.servlet.JspServlet@http-nio-8080-exec-10] QueryString: null 
2022-04-06 16:28:52.059 DEBUG [org.apache.jasper.servlet.JspServlet@http-nio-8080-exec-10] JspEngine --> /WEB-INF/views/fragments/welcome.jsp 
2022-04-06 16:28:52.059 DEBUG [org.apache.jasper.servlet.JspServlet@http-nio-8080-exec-10] ServletPath: /WEB-INF/views/master/page.jsp 
2022-04-06 16:28:52.061 DEBUG [org.apache.jasper.servlet.JspServlet@http-nio-8080-exec-10] PathInfo: null 
2022-04-06 16:28:52.063 DEBUG [org.apache.jasper.servlet.JspServlet@http-nio-8080-exec-10] RealPath: C:\Users\Antonio\Documents\antonio\informatica\DP2\Workspace-22.0\Projects\Acme-Toolkits\target\classes\WEB-INF\views\fragments\welcome.jsp 
2022-04-06 16:28:52.063 DEBUG [org.apache.jasper.servlet.JspServlet@http-nio-8080-exec-10] RequestURI: /acme-toolkits-22.1/WEB-INF/views/master/page.jsp 
2022-04-06 16:28:52.063 DEBUG [org.apache.jasper.servlet.JspServlet@http-nio-8080-exec-10] QueryString: null 
2022-04-06 16:28:57.353 DEBUG [acme.framework.controllers.AbstractController@http-nio-8080-exec-4] DISPATCHING GET /acme-toolkits-22.1/administrator/dashboard/show 
2022-04-06 16:28:57.354 DEBUG [acme.framework.controllers.AbstractController@http-nio-8080-exec-4] Command: show 
2022-04-06 16:28:57.354 DEBUG [acme.framework.controllers.AbstractController@http-nio-8080-exec-4] Model:   {} 
2022-04-06 16:28:57.354 DEBUG [acme.framework.controllers.AbstractController@http-nio-8080-exec-4] Locale:  en 
2022-04-06 16:28:57.384 DEBUG [org.hibernate.SQL@http-nio-8080-exec-4] select avg(item0_.retail_price_amount) as col_0_0_ from item item0_ where item0_.type='COMPONENT' group by item0_.retail_price_currency , item0_.technology 
2022-04-06 16:28:57.389 DEBUG [org.hibernate.SQL@http-nio-8080-exec-4] select std(item0_.retail_price_amount) as col_0_0_ from item item0_ where item0_.type='COMPONENT' group by item0_.retail_price_currency , item0_.technology 
2022-04-06 16:28:57.392 DEBUG [org.hibernate.SQL@http-nio-8080-exec-4] select max(item0_.retail_price_amount) as col_0_0_ from item item0_ where item0_.type='COMPONENT' group by item0_.retail_price_currency , item0_.technology 
2022-04-06 16:28:57.395 DEBUG [org.hibernate.SQL@http-nio-8080-exec-4] select min(item0_.retail_price_amount) as col_0_0_ from item item0_ where item0_.type='COMPONENT' group by item0_.retail_price_currency , item0_.technology 
2022-04-06 16:28:57.397 DEBUG [org.hibernate.SQL@http-nio-8080-exec-4] select item0_.technology as col_0_0_ from item item0_ where item0_.type='COMPONENT' group by item0_.retail_price_currency , item0_.technology 
2022-04-06 16:28:57.400 DEBUG [org.hibernate.SQL@http-nio-8080-exec-4] select item0_.retail_price_currency as col_0_0_ from item item0_ where item0_.type='COMPONENT' group by item0_.retail_price_currency , item0_.technology 
2022-04-06 16:28:57.405 DEBUG [org.hibernate.SQL@http-nio-8080-exec-4] select avg(item0_.retail_price_amount) as col_0_0_ from item item0_ where item0_.type='TOOL' group by item0_.retail_price_currency 
2022-04-06 16:28:57.408 DEBUG [org.hibernate.SQL@http-nio-8080-exec-4] select std(item0_.retail_price_amount) as col_0_0_ from item item0_ where item0_.type='TOOL' group by item0_.retail_price_currency 
2022-04-06 16:28:57.411 DEBUG [org.hibernate.SQL@http-nio-8080-exec-4] select max(item0_.retail_price_amount) as col_0_0_ from item item0_ where item0_.type='TOOL' group by item0_.retail_price_currency 
2022-04-06 16:28:57.414 DEBUG [org.hibernate.SQL@http-nio-8080-exec-4] select min(item0_.retail_price_amount) as col_0_0_ from item item0_ where item0_.type='TOOL' group by item0_.retail_price_currency 
2022-04-06 16:28:57.416 DEBUG [org.hibernate.SQL@http-nio-8080-exec-4] select item0_.technology as col_0_0_ from item item0_ where item0_.type='TOOL' group by item0_.retail_price_currency 
2022-04-06 16:28:57.419 DEBUG [org.hibernate.SQL@http-nio-8080-exec-4] select item0_.retail_price_currency as col_0_0_ from item item0_ where item0_.type='TOOL' group by item0_.retail_price_currency 
2022-04-06 16:28:57.421 DEBUG [org.hibernate.SQL@http-nio-8080-exec-4] select count(item0_.id) as col_0_0_ from item item0_ where item0_.type='TOOL' 
2022-04-06 16:28:57.424 DEBUG [org.hibernate.SQL@http-nio-8080-exec-4] select count(item0_.id) as col_0_0_ from item item0_ where item0_.type='COMPONENT' 
2022-04-06 16:28:57.426 DEBUG [org.hibernate.SQL@http-nio-8080-exec-4] select avg(patronage0_.budget_amount) as col_0_0_ from patronage patronage0_ group by patronage0_.status 
2022-04-06 16:28:57.428 DEBUG [org.hibernate.SQL@http-nio-8080-exec-4] select std(patronage0_.budget_amount) as col_0_0_ from patronage patronage0_ group by patronage0_.status 
2022-04-06 16:28:57.431 DEBUG [org.hibernate.SQL@http-nio-8080-exec-4] select max(patronage0_.budget_amount) as col_0_0_ from patronage patronage0_ group by patronage0_.status 
2022-04-06 16:28:57.433 DEBUG [org.hibernate.SQL@http-nio-8080-exec-4] select min(patronage0_.budget_amount) as col_0_0_ from patronage patronage0_ group by patronage0_.status 
2022-04-06 16:28:57.436 DEBUG [org.hibernate.SQL@http-nio-8080-exec-4] select count(patronage0_.id) as col_0_0_ from patronage patronage0_ group by patronage0_.status 
2022-04-06 16:28:57.438 DEBUG [org.hibernate.SQL@http-nio-8080-exec-4] select patronage0_.status as col_0_0_ from patronage patronage0_ group by patronage0_.status 
2022-04-06 16:28:57.456 DEBUG [acme.framework.controllers.AbstractController@http-nio-8080-exec-4] SERVING GET /acme-toolkits-22.1/administrator/dashboard/show 
2022-04-06 16:28:57.457 DEBUG [acme.framework.controllers.AbstractController@http-nio-8080-exec-4] Result: ModelAndView [view="administrator/dashboard/form"; model={statsComponents={Record(super={Technology 18=EUR}, source=null, line=0, column=0, clazz=null)={AVG=2.0, MIN=1.0, MAX=3.0, STDEV=1.0}, Record(super={Technology 9=USD}, source=null, line=0, column=0, clazz=null)={AVG=1.6666666666666667, MIN=1.0, MAX=3.0, STDEV=0.9428090415820634}, Record(super={Technology 7=GBP}, source=null, line=0, column=0, clazz=null)={AVG=2.2, MIN=1.0, MAX=3.0, STDEV=0.9797958971132712}}, statsPatronages={DENIED={TOTAL=4.0, AVG=20.375, MIN=12.0, MAX=30.0, STDEV=7.223010106596833}, ACCEPTED={TOTAL=4.0, AVG=12.3125, MIN=5.0, MAX=19.0, STDEV=5.090969333044543}, PROPOSED={TOTAL=5.0, AVG=11.85, MIN=0.0, MAX=19.0, STDEV=6.658828725834597}}, numberOfComponents=13, command=show, principal=acme.framework.entities.Principal@5a009723}] 
2022-04-06 16:28:57.462 DEBUG [acme.framework.components.tiles.DynamicTilesView@http-nio-8080-exec-4] View name 'administrator/dashboard/form', model {statsComponents={Record(super={Technology 18=EUR}, source=null, line=0, column=0, clazz=null)={AVG=2.0, MIN=1.0, MAX=3.0, STDEV=1.0}, Record(super={Technology 9=USD}, source=null, line=0, column=0, clazz=null)={AVG=1.6666666666666667, MIN=1.0, MAX=3.0, STDEV=0.9428090415820634}, Record(super={Technology 7=GBP}, source=null, line=0, column=0, clazz=null)={AVG=2.2, MIN=1.0, MAX=3.0, STDEV=0.9797958971132712}}, statsPatronages={DENIED={TOTAL=4.0, AVG=20.375, MIN=12.0, MAX=30.0, STDEV=7.223010106596833}, ACCEPTED={TOTAL=4.0, AVG=12.3125, MIN=5.0, MAX=19.0, STDEV=5.090969333044543}, PROPOSED={TOTAL=5.0, AVG=11.85, MIN=0.0, MAX=19.0, STDEV=6.658828725834597}}, numberOfComponents=13, command=show, principal=acme.framework.entities.Principal@5a009723, org.springframework.validation.BindingResult.principal=org.springframework.validation.BeanPropertyBindingResult: 0 errors} 
2022-04-06 16:28:57.464 DEBUG [org.apache.jasper.servlet.JspServlet@http-nio-8080-exec-4] JspEngine --> /WEB-INF/views/master/page.jsp 
2022-04-06 16:28:57.464 DEBUG [org.apache.jasper.servlet.JspServlet@http-nio-8080-exec-4] ServletPath: /WEB-INF/views/master/page.jsp 
2022-04-06 16:28:57.465 DEBUG [org.apache.jasper.servlet.JspServlet@http-nio-8080-exec-4] PathInfo: null 
2022-04-06 16:28:57.468 DEBUG [org.apache.jasper.servlet.JspServlet@http-nio-8080-exec-4] RealPath: C:\Users\Antonio\Documents\antonio\informatica\DP2\Workspace-22.0\Projects\Acme-Toolkits\target\classes\WEB-INF\views\master\page.jsp 
2022-04-06 16:28:57.469 DEBUG [org.apache.jasper.servlet.JspServlet@http-nio-8080-exec-4] RequestURI: /acme-toolkits-22.1/WEB-INF/views/master/page.jsp 
2022-04-06 16:28:57.469 DEBUG [org.apache.jasper.servlet.JspServlet@http-nio-8080-exec-4] QueryString: null 
2022-04-06 16:28:57.600 DEBUG [org.apache.jasper.servlet.JspServlet@http-nio-8080-exec-4] JspEngine --> /WEB-INF/views/administrator/dashboard/form.jsp 
2022-04-06 16:28:57.601 DEBUG [org.apache.jasper.servlet.JspServlet@http-nio-8080-exec-4] ServletPath: /WEB-INF/views/master/page.jsp 
2022-04-06 16:28:57.601 DEBUG [org.apache.jasper.servlet.JspServlet@http-nio-8080-exec-4] PathInfo: null 
2022-04-06 16:28:57.603 DEBUG [org.apache.jasper.servlet.JspServlet@http-nio-8080-exec-4] RealPath: C:\Users\Antonio\Documents\antonio\informatica\DP2\Workspace-22.0\Projects\Acme-Toolkits\target\classes\WEB-INF\views\administrator\dashboard\form.jsp 
2022-04-06 16:28:57.604 DEBUG [org.apache.jasper.servlet.JspServlet@http-nio-8080-exec-4] RequestURI: /acme-toolkits-22.1/WEB-INF/views/master/page.jsp 
2022-04-06 16:28:57.604 DEBUG [org.apache.jasper.servlet.JspServlet@http-nio-8080-exec-4] QueryString: null 
2022-04-06 16:30:46.206 DEBUG [org.hibernate.SQL@http-nio-8080-exec-8] select useraccoun0_.id as id1_0_, useraccoun0_.version as version2_0_, useraccoun0_.enabled as enabled1_15_, useraccoun0_.identity as identity2_15_, useraccoun0_.password as password3_15_, useraccoun0_.username as username4_15_ from user_account useraccoun0_ where useraccoun0_.username=? 
2022-04-06 16:30:46.207 TRACE [org.hibernate.type.descriptor.sql.BasicBinder@http-nio-8080-exec-8] binding parameter [1] as [VARCHAR] - [anonymous] 
2022-04-06 16:30:46.210 DEBUG [org.hibernate.SQL@http-nio-8080-exec-8] select roles0_.user_account_id as user_acc1_16_0_, roles0_.id as id1_16_0_, roles0_.id as id1_0_1_, roles0_.version as version2_0_1_, roles0_.user_account_id as user_acc1_16_1_, roles0_.company as company1_8_1_, roles0_.optional_link as optional2_8_1_, roles0_.statement as statemen3_8_1_, roles0_.company as company1_10_1_, roles0_.optional_link as optional2_10_1_, roles0_.statement as statemen3_10_1_, roles0_.clazz_ as clazz_1_ from ( select id, version, user_account_id, company, optional_link, statement, 9 as clazz_ from inventor union all select id, version, user_account_id, company, optional_link, statement, 10 as clazz_ from patron union all select id, version, user_account_id, null as company, null as optional_link, null as statement, 13 as clazz_ from administrator union all select id, version, user_account_id, null as company, null as optional_link, null as statement, 14 as clazz_ from anonymous union all select id, version, user_account_id, null as company, null as optional_link, null as statement, 15 as clazz_ from any union all select id, version, user_account_id, null as company, null as optional_link, null as statement, 16 as clazz_ from authenticated ) roles0_ where roles0_.user_account_id=? 
2022-04-06 16:30:46.211 TRACE [org.hibernate.type.descriptor.sql.BasicBinder@http-nio-8080-exec-8] binding parameter [1] as [INTEGER] - [1] 
2022-04-06 16:30:46.219 DEBUG [acme.framework.components.tiles.DynamicTilesView@http-nio-8080-exec-10] View name 'fragments/welcome', model {} 
2022-04-06 16:30:46.220 DEBUG [org.apache.jasper.servlet.JspServlet@http-nio-8080-exec-10] JspEngine --> /WEB-INF/views/master/page.jsp 
2022-04-06 16:30:46.220 DEBUG [org.apache.jasper.servlet.JspServlet@http-nio-8080-exec-10] ServletPath: /WEB-INF/views/master/page.jsp 
2022-04-06 16:30:46.220 DEBUG [org.apache.jasper.servlet.JspServlet@http-nio-8080-exec-10] PathInfo: null 
2022-04-06 16:30:46.223 DEBUG [org.apache.jasper.servlet.JspServlet@http-nio-8080-exec-10] RealPath: C:\Users\Antonio\Documents\antonio\informatica\DP2\Workspace-22.0\Projects\Acme-Toolkits\target\classes\WEB-INF\views\master\page.jsp 
2022-04-06 16:30:46.223 DEBUG [org.apache.jasper.servlet.JspServlet@http-nio-8080-exec-10] RequestURI: /acme-toolkits-22.1/WEB-INF/views/master/page.jsp 
2022-04-06 16:30:46.223 DEBUG [org.apache.jasper.servlet.JspServlet@http-nio-8080-exec-10] QueryString: null 
2022-04-06 16:30:46.364 DEBUG [org.apache.jasper.servlet.JspServlet@http-nio-8080-exec-10] JspEngine --> /WEB-INF/views/fragments/welcome.jsp 
2022-04-06 16:30:46.364 DEBUG [org.apache.jasper.servlet.JspServlet@http-nio-8080-exec-10] ServletPath: /WEB-INF/views/master/page.jsp 
2022-04-06 16:30:46.365 DEBUG [org.apache.jasper.servlet.JspServlet@http-nio-8080-exec-10] PathInfo: null 
2022-04-06 16:30:46.368 DEBUG [org.apache.jasper.servlet.JspServlet@http-nio-8080-exec-10] RealPath: C:\Users\Antonio\Documents\antonio\informatica\DP2\Workspace-22.0\Projects\Acme-Toolkits\target\classes\WEB-INF\views\fragments\welcome.jsp 
2022-04-06 16:30:46.368 DEBUG [org.apache.jasper.servlet.JspServlet@http-nio-8080-exec-10] RequestURI: /acme-toolkits-22.1/WEB-INF/views/master/page.jsp 
2022-04-06 16:30:46.369 DEBUG [org.apache.jasper.servlet.JspServlet@http-nio-8080-exec-10] QueryString: null 
2022-04-06 16:30:46.440 DEBUG [org.hibernate.SQL@http-nio-8080-exec-10] select useraccoun0_.id as id1_0_, useraccoun0_.version as version2_0_, useraccoun0_.enabled as enabled1_15_, useraccoun0_.identity as identity2_15_, useraccoun0_.password as password3_15_, useraccoun0_.username as username4_15_ from user_account useraccoun0_ where useraccoun0_.username=? 
2022-04-06 16:30:46.441 TRACE [org.hibernate.type.descriptor.sql.BasicBinder@http-nio-8080-exec-10] binding parameter [1] as [VARCHAR] - [anonymous] 
2022-04-06 16:30:46.443 DEBUG [org.hibernate.SQL@http-nio-8080-exec-10] select roles0_.user_account_id as user_acc1_16_0_, roles0_.id as id1_16_0_, roles0_.id as id1_0_1_, roles0_.version as version2_0_1_, roles0_.user_account_id as user_acc1_16_1_, roles0_.company as company1_8_1_, roles0_.optional_link as optional2_8_1_, roles0_.statement as statemen3_8_1_, roles0_.company as company1_10_1_, roles0_.optional_link as optional2_10_1_, roles0_.statement as statemen3_10_1_, roles0_.clazz_ as clazz_1_ from ( select id, version, user_account_id, company, optional_link, statement, 9 as clazz_ from inventor union all select id, version, user_account_id, company, optional_link, statement, 10 as clazz_ from patron union all select id, version, user_account_id, null as company, null as optional_link, null as statement, 13 as clazz_ from administrator union all select id, version, user_account_id, null as company, null as optional_link, null as statement, 14 as clazz_ from anonymous union all select id, version, user_account_id, null as company, null as optional_link, null as statement, 15 as clazz_ from any union all select id, version, user_account_id, null as company, null as optional_link, null as statement, 16 as clazz_ from authenticated ) roles0_ where roles0_.user_account_id=? 
2022-04-06 16:30:46.444 TRACE [org.hibernate.type.descriptor.sql.BasicBinder@http-nio-8080-exec-10] binding parameter [1] as [INTEGER] - [1] 
2022-04-06 16:30:47.797 DEBUG [acme.framework.components.tiles.DynamicTilesView@http-nio-8080-exec-2] View name 'master/sign-in', model {username=, password=, remember=false} 
2022-04-06 16:30:47.798 DEBUG [org.apache.jasper.servlet.JspServlet@http-nio-8080-exec-2] JspEngine --> /WEB-INF/views/master/page.jsp 
2022-04-06 16:30:47.798 DEBUG [org.apache.jasper.servlet.JspServlet@http-nio-8080-exec-2] ServletPath: /WEB-INF/views/master/page.jsp 
2022-04-06 16:30:47.799 DEBUG [org.apache.jasper.servlet.JspServlet@http-nio-8080-exec-2] PathInfo: null 
2022-04-06 16:30:47.799 DEBUG [org.apache.jasper.servlet.JspServlet@http-nio-8080-exec-2] RealPath: C:\Users\Antonio\Documents\antonio\informatica\DP2\Workspace-22.0\Projects\Acme-Toolkits\target\classes\WEB-INF\views\master\page.jsp 
2022-04-06 16:30:47.799 DEBUG [org.apache.jasper.servlet.JspServlet@http-nio-8080-exec-2] RequestURI: /acme-toolkits-22.1/WEB-INF/views/master/page.jsp 
2022-04-06 16:30:47.800 DEBUG [org.apache.jasper.servlet.JspServlet@http-nio-8080-exec-2] QueryString: null 
2022-04-06 16:30:47.906 DEBUG [org.apache.jasper.servlet.JspServlet@http-nio-8080-exec-2] JspEngine --> /WEB-INF/views/master/sign-in.jsp 
2022-04-06 16:30:47.907 DEBUG [org.apache.jasper.servlet.JspServlet@http-nio-8080-exec-2] ServletPath: /WEB-INF/views/master/page.jsp 
2022-04-06 16:30:47.907 DEBUG [org.apache.jasper.servlet.JspServlet@http-nio-8080-exec-2] PathInfo: null 
2022-04-06 16:30:47.909 DEBUG [org.apache.jasper.servlet.JspServlet@http-nio-8080-exec-2] RealPath: C:\Users\Antonio\Documents\antonio\informatica\DP2\Workspace-22.0\Projects\Acme-Toolkits\target\classes\WEB-INF\views\master\sign-in.jsp 
2022-04-06 16:30:47.910 DEBUG [org.apache.jasper.servlet.JspServlet@http-nio-8080-exec-2] RequestURI: /acme-toolkits-22.1/WEB-INF/views/master/page.jsp 
2022-04-06 16:30:47.910 DEBUG [org.apache.jasper.servlet.JspServlet@http-nio-8080-exec-2] QueryString: null 
2022-04-06 16:30:48.067 DEBUG [org.hibernate.SQL@http-nio-8080-exec-2] select useraccoun0_.id as id1_0_, useraccoun0_.version as version2_0_, useraccoun0_.enabled as enabled1_15_, useraccoun0_.identity as identity2_15_, useraccoun0_.password as password3_15_, useraccoun0_.username as username4_15_ from user_account useraccoun0_ where useraccoun0_.username=? 
2022-04-06 16:30:48.067 TRACE [org.hibernate.type.descriptor.sql.BasicBinder@http-nio-8080-exec-2] binding parameter [1] as [VARCHAR] - [anonymous] 
2022-04-06 16:30:48.069 DEBUG [org.hibernate.SQL@http-nio-8080-exec-2] select roles0_.user_account_id as user_acc1_16_0_, roles0_.id as id1_16_0_, roles0_.id as id1_0_1_, roles0_.version as version2_0_1_, roles0_.user_account_id as user_acc1_16_1_, roles0_.company as company1_8_1_, roles0_.optional_link as optional2_8_1_, roles0_.statement as statemen3_8_1_, roles0_.company as company1_10_1_, roles0_.optional_link as optional2_10_1_, roles0_.statement as statemen3_10_1_, roles0_.clazz_ as clazz_1_ from ( select id, version, user_account_id, company, optional_link, statement, 9 as clazz_ from inventor union all select id, version, user_account_id, company, optional_link, statement, 10 as clazz_ from patron union all select id, version, user_account_id, null as company, null as optional_link, null as statement, 13 as clazz_ from administrator union all select id, version, user_account_id, null as company, null as optional_link, null as statement, 14 as clazz_ from anonymous union all select id, version, user_account_id, null as company, null as optional_link, null as statement, 15 as clazz_ from any union all select id, version, user_account_id, null as company, null as optional_link, null as statement, 16 as clazz_ from authenticated ) roles0_ where roles0_.user_account_id=? 
2022-04-06 16:30:48.070 TRACE [org.hibernate.type.descriptor.sql.BasicBinder@http-nio-8080-exec-2] binding parameter [1] as [INTEGER] - [1] 
2022-04-06 16:30:57.583 DEBUG [org.hibernate.SQL@http-nio-8080-exec-9] select useraccoun0_.id as id1_0_, useraccoun0_.version as version2_0_, useraccoun0_.enabled as enabled1_15_, useraccoun0_.identity as identity2_15_, useraccoun0_.password as password3_15_, useraccoun0_.username as username4_15_ from user_account useraccoun0_ where useraccoun0_.username=? 
2022-04-06 16:30:57.584 TRACE [org.hibernate.type.descriptor.sql.BasicBinder@http-nio-8080-exec-9] binding parameter [1] as [VARCHAR] - [administrator] 
2022-04-06 16:30:57.587 DEBUG [org.hibernate.SQL@http-nio-8080-exec-9] select roles0_.user_account_id as user_acc1_16_0_, roles0_.id as id1_16_0_, roles0_.id as id1_0_1_, roles0_.version as version2_0_1_, roles0_.user_account_id as user_acc1_16_1_, roles0_.company as company1_8_1_, roles0_.optional_link as optional2_8_1_, roles0_.statement as statemen3_8_1_, roles0_.company as company1_10_1_, roles0_.optional_link as optional2_10_1_, roles0_.statement as statemen3_10_1_, roles0_.clazz_ as clazz_1_ from ( select id, version, user_account_id, company, optional_link, statement, 9 as clazz_ from inventor union all select id, version, user_account_id, company, optional_link, statement, 10 as clazz_ from patron union all select id, version, user_account_id, null as company, null as optional_link, null as statement, 13 as clazz_ from administrator union all select id, version, user_account_id, null as company, null as optional_link, null as statement, 14 as clazz_ from anonymous union all select id, version, user_account_id, null as company, null as optional_link, null as statement, 15 as clazz_ from any union all select id, version, user_account_id, null as company, null as optional_link, null as statement, 16 as clazz_ from authenticated ) roles0_ where roles0_.user_account_id=? 
2022-04-06 16:30:57.587 TRACE [org.hibernate.type.descriptor.sql.BasicBinder@http-nio-8080-exec-9] binding parameter [1] as [INTEGER] - [2] 
2022-04-06 16:30:57.601 DEBUG [acme.framework.components.tiles.DynamicTilesView@http-nio-8080-exec-4] View name 'fragments/welcome', model {} 
2022-04-06 16:30:57.602 DEBUG [org.apache.jasper.servlet.JspServlet@http-nio-8080-exec-4] JspEngine --> /WEB-INF/views/master/page.jsp 
2022-04-06 16:30:57.603 DEBUG [org.apache.jasper.servlet.JspServlet@http-nio-8080-exec-4] ServletPath: /WEB-INF/views/master/page.jsp 
2022-04-06 16:30:57.603 DEBUG [org.apache.jasper.servlet.JspServlet@http-nio-8080-exec-4] PathInfo: null 
2022-04-06 16:30:57.604 DEBUG [org.apache.jasper.servlet.JspServlet@http-nio-8080-exec-4] RealPath: C:\Users\Antonio\Documents\antonio\informatica\DP2\Workspace-22.0\Projects\Acme-Toolkits\target\classes\WEB-INF\views\master\page.jsp 
2022-04-06 16:30:57.604 DEBUG [org.apache.jasper.servlet.JspServlet@http-nio-8080-exec-4] RequestURI: /acme-toolkits-22.1/WEB-INF/views/master/page.jsp 
2022-04-06 16:30:57.604 DEBUG [org.apache.jasper.servlet.JspServlet@http-nio-8080-exec-4] QueryString: null 
2022-04-06 16:30:57.702 DEBUG [org.apache.jasper.servlet.JspServlet@http-nio-8080-exec-4] JspEngine --> /WEB-INF/views/fragments/welcome.jsp 
2022-04-06 16:30:57.703 DEBUG [org.apache.jasper.servlet.JspServlet@http-nio-8080-exec-4] ServletPath: /WEB-INF/views/master/page.jsp 
2022-04-06 16:30:57.703 DEBUG [org.apache.jasper.servlet.JspServlet@http-nio-8080-exec-4] PathInfo: null 
2022-04-06 16:30:57.704 DEBUG [org.apache.jasper.servlet.JspServlet@http-nio-8080-exec-4] RealPath: C:\Users\Antonio\Documents\antonio\informatica\DP2\Workspace-22.0\Projects\Acme-Toolkits\target\classes\WEB-INF\views\fragments\welcome.jsp 
2022-04-06 16:30:57.704 DEBUG [org.apache.jasper.servlet.JspServlet@http-nio-8080-exec-4] RequestURI: /acme-toolkits-22.1/WEB-INF/views/master/page.jsp 
2022-04-06 16:30:57.705 DEBUG [org.apache.jasper.servlet.JspServlet@http-nio-8080-exec-4] QueryString: null 
2022-04-06 16:31:01.733 DEBUG [org.hibernate.SQL@http-nio-8080-exec-3] select useraccoun0_.id as id1_0_, useraccoun0_.version as version2_0_, useraccoun0_.enabled as enabled1_15_, useraccoun0_.identity as identity2_15_, useraccoun0_.password as password3_15_, useraccoun0_.username as username4_15_ from user_account useraccoun0_ where useraccoun0_.username=? 
2022-04-06 16:31:01.734 TRACE [org.hibernate.type.descriptor.sql.BasicBinder@http-nio-8080-exec-3] binding parameter [1] as [VARCHAR] - [anonymous] 
2022-04-06 16:31:01.736 DEBUG [org.hibernate.SQL@http-nio-8080-exec-3] select roles0_.user_account_id as user_acc1_16_0_, roles0_.id as id1_16_0_, roles0_.id as id1_0_1_, roles0_.version as version2_0_1_, roles0_.user_account_id as user_acc1_16_1_, roles0_.company as company1_8_1_, roles0_.optional_link as optional2_8_1_, roles0_.statement as statemen3_8_1_, roles0_.company as company1_10_1_, roles0_.optional_link as optional2_10_1_, roles0_.statement as statemen3_10_1_, roles0_.clazz_ as clazz_1_ from ( select id, version, user_account_id, company, optional_link, statement, 9 as clazz_ from inventor union all select id, version, user_account_id, company, optional_link, statement, 10 as clazz_ from patron union all select id, version, user_account_id, null as company, null as optional_link, null as statement, 13 as clazz_ from administrator union all select id, version, user_account_id, null as company, null as optional_link, null as statement, 14 as clazz_ from anonymous union all select id, version, user_account_id, null as company, null as optional_link, null as statement, 15 as clazz_ from any union all select id, version, user_account_id, null as company, null as optional_link, null as statement, 16 as clazz_ from authenticated ) roles0_ where roles0_.user_account_id=? 
2022-04-06 16:31:01.736 TRACE [org.hibernate.type.descriptor.sql.BasicBinder@http-nio-8080-exec-3] binding parameter [1] as [INTEGER] - [1] 
2022-04-06 16:31:01.742 DEBUG [acme.framework.components.tiles.DynamicTilesView@http-nio-8080-exec-9] View name 'fragments/welcome', model {} 
2022-04-06 16:31:01.744 DEBUG [org.apache.jasper.servlet.JspServlet@http-nio-8080-exec-9] JspEngine --> /WEB-INF/views/master/page.jsp 
2022-04-06 16:31:01.744 DEBUG [org.apache.jasper.servlet.JspServlet@http-nio-8080-exec-9] ServletPath: /WEB-INF/views/master/page.jsp 
2022-04-06 16:31:01.744 DEBUG [org.apache.jasper.servlet.JspServlet@http-nio-8080-exec-9] PathInfo: null 
2022-04-06 16:31:01.744 DEBUG [org.apache.jasper.servlet.JspServlet@http-nio-8080-exec-9] RealPath: C:\Users\Antonio\Documents\antonio\informatica\DP2\Workspace-22.0\Projects\Acme-Toolkits\target\classes\WEB-INF\views\master\page.jsp 
2022-04-06 16:31:01.745 DEBUG [org.apache.jasper.servlet.JspServlet@http-nio-8080-exec-9] RequestURI: /acme-toolkits-22.1/WEB-INF/views/master/page.jsp 
2022-04-06 16:31:01.745 DEBUG [org.apache.jasper.servlet.JspServlet@http-nio-8080-exec-9] QueryString: null 
2022-04-06 16:31:01.834 DEBUG [org.apache.jasper.servlet.JspServlet@http-nio-8080-exec-9] JspEngine --> /WEB-INF/views/fragments/welcome.jsp 
2022-04-06 16:31:01.835 DEBUG [org.apache.jasper.servlet.JspServlet@http-nio-8080-exec-9] ServletPath: /WEB-INF/views/master/page.jsp 
2022-04-06 16:31:01.835 DEBUG [org.apache.jasper.servlet.JspServlet@http-nio-8080-exec-9] PathInfo: null 
2022-04-06 16:31:01.835 DEBUG [org.apache.jasper.servlet.JspServlet@http-nio-8080-exec-9] RealPath: C:\Users\Antonio\Documents\antonio\informatica\DP2\Workspace-22.0\Projects\Acme-Toolkits\target\classes\WEB-INF\views\fragments\welcome.jsp 
2022-04-06 16:31:01.836 DEBUG [org.apache.jasper.servlet.JspServlet@http-nio-8080-exec-9] RequestURI: /acme-toolkits-22.1/WEB-INF/views/master/page.jsp 
2022-04-06 16:31:01.836 DEBUG [org.apache.jasper.servlet.JspServlet@http-nio-8080-exec-9] QueryString: null 
2022-04-06 16:31:01.895 DEBUG [org.hibernate.SQL@http-nio-8080-exec-9] select useraccoun0_.id as id1_0_, useraccoun0_.version as version2_0_, useraccoun0_.enabled as enabled1_15_, useraccoun0_.identity as identity2_15_, useraccoun0_.password as password3_15_, useraccoun0_.username as username4_15_ from user_account useraccoun0_ where useraccoun0_.username=? 
2022-04-06 16:31:01.895 TRACE [org.hibernate.type.descriptor.sql.BasicBinder@http-nio-8080-exec-9] binding parameter [1] as [VARCHAR] - [anonymous] 
2022-04-06 16:31:01.897 DEBUG [org.hibernate.SQL@http-nio-8080-exec-9] select roles0_.user_account_id as user_acc1_16_0_, roles0_.id as id1_16_0_, roles0_.id as id1_0_1_, roles0_.version as version2_0_1_, roles0_.user_account_id as user_acc1_16_1_, roles0_.company as company1_8_1_, roles0_.optional_link as optional2_8_1_, roles0_.statement as statemen3_8_1_, roles0_.company as company1_10_1_, roles0_.optional_link as optional2_10_1_, roles0_.statement as statemen3_10_1_, roles0_.clazz_ as clazz_1_ from ( select id, version, user_account_id, company, optional_link, statement, 9 as clazz_ from inventor union all select id, version, user_account_id, company, optional_link, statement, 10 as clazz_ from patron union all select id, version, user_account_id, null as company, null as optional_link, null as statement, 13 as clazz_ from administrator union all select id, version, user_account_id, null as company, null as optional_link, null as statement, 14 as clazz_ from anonymous union all select id, version, user_account_id, null as company, null as optional_link, null as statement, 15 as clazz_ from any union all select id, version, user_account_id, null as company, null as optional_link, null as statement, 16 as clazz_ from authenticated ) roles0_ where roles0_.user_account_id=? 
2022-04-06 16:31:01.898 TRACE [org.hibernate.type.descriptor.sql.BasicBinder@http-nio-8080-exec-9] binding parameter [1] as [INTEGER] - [1] 
2022-04-06 16:31:16.155 DEBUG [acme.framework.components.tiles.DynamicTilesView@http-nio-8080-exec-7] View name 'master/sign-in', model {username=, password=, remember=false} 
2022-04-06 16:31:16.157 DEBUG [org.apache.jasper.servlet.JspServlet@http-nio-8080-exec-7] JspEngine --> /WEB-INF/views/master/page.jsp 
2022-04-06 16:31:16.157 DEBUG [org.apache.jasper.servlet.JspServlet@http-nio-8080-exec-7] ServletPath: /WEB-INF/views/master/page.jsp 
2022-04-06 16:31:16.157 DEBUG [org.apache.jasper.servlet.JspServlet@http-nio-8080-exec-7] PathInfo: null 
2022-04-06 16:31:16.159 DEBUG [org.apache.jasper.servlet.JspServlet@http-nio-8080-exec-7] RealPath: C:\Users\Antonio\Documents\antonio\informatica\DP2\Workspace-22.0\Projects\Acme-Toolkits\target\classes\WEB-INF\views\master\page.jsp 
2022-04-06 16:31:16.160 DEBUG [org.apache.jasper.servlet.JspServlet@http-nio-8080-exec-7] RequestURI: /acme-toolkits-22.1/WEB-INF/views/master/page.jsp 
2022-04-06 16:31:16.160 DEBUG [org.apache.jasper.servlet.JspServlet@http-nio-8080-exec-7] QueryString: null 
2022-04-06 16:31:16.259 DEBUG [org.apache.jasper.servlet.JspServlet@http-nio-8080-exec-7] JspEngine --> /WEB-INF/views/master/sign-in.jsp 
2022-04-06 16:31:16.260 DEBUG [org.apache.jasper.servlet.JspServlet@http-nio-8080-exec-7] ServletPath: /WEB-INF/views/master/page.jsp 
2022-04-06 16:31:16.260 DEBUG [org.apache.jasper.servlet.JspServlet@http-nio-8080-exec-7] PathInfo: null 
2022-04-06 16:31:16.261 DEBUG [org.apache.jasper.servlet.JspServlet@http-nio-8080-exec-7] RealPath: C:\Users\Antonio\Documents\antonio\informatica\DP2\Workspace-22.0\Projects\Acme-Toolkits\target\classes\WEB-INF\views\master\sign-in.jsp 
2022-04-06 16:31:16.262 DEBUG [org.apache.jasper.servlet.JspServlet@http-nio-8080-exec-7] RequestURI: /acme-toolkits-22.1/WEB-INF/views/master/page.jsp 
2022-04-06 16:31:16.262 DEBUG [org.apache.jasper.servlet.JspServlet@http-nio-8080-exec-7] QueryString: null 
2022-04-06 16:31:16.386 DEBUG [org.hibernate.SQL@http-nio-8080-exec-7] select useraccoun0_.id as id1_0_, useraccoun0_.version as version2_0_, useraccoun0_.enabled as enabled1_15_, useraccoun0_.identity as identity2_15_, useraccoun0_.password as password3_15_, useraccoun0_.username as username4_15_ from user_account useraccoun0_ where useraccoun0_.username=? 
2022-04-06 16:31:16.386 TRACE [org.hibernate.type.descriptor.sql.BasicBinder@http-nio-8080-exec-7] binding parameter [1] as [VARCHAR] - [anonymous] 
2022-04-06 16:31:16.388 DEBUG [org.hibernate.SQL@http-nio-8080-exec-7] select roles0_.user_account_id as user_acc1_16_0_, roles0_.id as id1_16_0_, roles0_.id as id1_0_1_, roles0_.version as version2_0_1_, roles0_.user_account_id as user_acc1_16_1_, roles0_.company as company1_8_1_, roles0_.optional_link as optional2_8_1_, roles0_.statement as statemen3_8_1_, roles0_.company as company1_10_1_, roles0_.optional_link as optional2_10_1_, roles0_.statement as statemen3_10_1_, roles0_.clazz_ as clazz_1_ from ( select id, version, user_account_id, company, optional_link, statement, 9 as clazz_ from inventor union all select id, version, user_account_id, company, optional_link, statement, 10 as clazz_ from patron union all select id, version, user_account_id, null as company, null as optional_link, null as statement, 13 as clazz_ from administrator union all select id, version, user_account_id, null as company, null as optional_link, null as statement, 14 as clazz_ from anonymous union all select id, version, user_account_id, null as company, null as optional_link, null as statement, 15 as clazz_ from any union all select id, version, user_account_id, null as company, null as optional_link, null as statement, 16 as clazz_ from authenticated ) roles0_ where roles0_.user_account_id=? 
2022-04-06 16:31:16.389 TRACE [org.hibernate.type.descriptor.sql.BasicBinder@http-nio-8080-exec-7] binding parameter [1] as [INTEGER] - [1] 
2022-04-06 16:31:23.124 DEBUG [org.hibernate.SQL@http-nio-8080-exec-5] select useraccoun0_.id as id1_0_, useraccoun0_.version as version2_0_, useraccoun0_.enabled as enabled1_15_, useraccoun0_.identity as identity2_15_, useraccoun0_.password as password3_15_, useraccoun0_.username as username4_15_ from user_account useraccoun0_ where useraccoun0_.username=? 
2022-04-06 16:31:23.125 TRACE [org.hibernate.type.descriptor.sql.BasicBinder@http-nio-8080-exec-5] binding parameter [1] as [VARCHAR] - [administrator] 
2022-04-06 16:31:23.128 DEBUG [org.hibernate.SQL@http-nio-8080-exec-5] select roles0_.user_account_id as user_acc1_16_0_, roles0_.id as id1_16_0_, roles0_.id as id1_0_1_, roles0_.version as version2_0_1_, roles0_.user_account_id as user_acc1_16_1_, roles0_.company as company1_8_1_, roles0_.optional_link as optional2_8_1_, roles0_.statement as statemen3_8_1_, roles0_.company as company1_10_1_, roles0_.optional_link as optional2_10_1_, roles0_.statement as statemen3_10_1_, roles0_.clazz_ as clazz_1_ from ( select id, version, user_account_id, company, optional_link, statement, 9 as clazz_ from inventor union all select id, version, user_account_id, company, optional_link, statement, 10 as clazz_ from patron union all select id, version, user_account_id, null as company, null as optional_link, null as statement, 13 as clazz_ from administrator union all select id, version, user_account_id, null as company, null as optional_link, null as statement, 14 as clazz_ from anonymous union all select id, version, user_account_id, null as company, null as optional_link, null as statement, 15 as clazz_ from any union all select id, version, user_account_id, null as company, null as optional_link, null as statement, 16 as clazz_ from authenticated ) roles0_ where roles0_.user_account_id=? 
2022-04-06 16:31:23.129 TRACE [org.hibernate.type.descriptor.sql.BasicBinder@http-nio-8080-exec-5] binding parameter [1] as [INTEGER] - [2] 
2022-04-06 16:31:23.147 DEBUG [acme.framework.components.tiles.DynamicTilesView@http-nio-8080-exec-1] View name 'fragments/welcome', model {} 
2022-04-06 16:31:23.148 DEBUG [org.apache.jasper.servlet.JspServlet@http-nio-8080-exec-1] JspEngine --> /WEB-INF/views/master/page.jsp 
2022-04-06 16:31:23.148 DEBUG [org.apache.jasper.servlet.JspServlet@http-nio-8080-exec-1] ServletPath: /WEB-INF/views/master/page.jsp 
2022-04-06 16:31:23.149 DEBUG [org.apache.jasper.servlet.JspServlet@http-nio-8080-exec-1] PathInfo: null 
2022-04-06 16:31:23.151 DEBUG [org.apache.jasper.servlet.JspServlet@http-nio-8080-exec-1] RealPath: C:\Users\Antonio\Documents\antonio\informatica\DP2\Workspace-22.0\Projects\Acme-Toolkits\target\classes\WEB-INF\views\master\page.jsp 
2022-04-06 16:31:23.151 DEBUG [org.apache.jasper.servlet.JspServlet@http-nio-8080-exec-1] RequestURI: /acme-toolkits-22.1/WEB-INF/views/master/page.jsp 
2022-04-06 16:31:23.152 DEBUG [org.apache.jasper.servlet.JspServlet@http-nio-8080-exec-1] QueryString: null 
2022-04-06 16:31:23.272 DEBUG [org.apache.jasper.servlet.JspServlet@http-nio-8080-exec-1] JspEngine --> /WEB-INF/views/fragments/welcome.jsp 
2022-04-06 16:31:23.272 DEBUG [org.apache.jasper.servlet.JspServlet@http-nio-8080-exec-1] ServletPath: /WEB-INF/views/master/page.jsp 
2022-04-06 16:31:23.272 DEBUG [org.apache.jasper.servlet.JspServlet@http-nio-8080-exec-1] PathInfo: null 
2022-04-06 16:31:23.276 DEBUG [org.apache.jasper.servlet.JspServlet@http-nio-8080-exec-1] RealPath: C:\Users\Antonio\Documents\antonio\informatica\DP2\Workspace-22.0\Projects\Acme-Toolkits\target\classes\WEB-INF\views\fragments\welcome.jsp 
2022-04-06 16:31:23.277 DEBUG [org.apache.jasper.servlet.JspServlet@http-nio-8080-exec-1] RequestURI: /acme-toolkits-22.1/WEB-INF/views/master/page.jsp 
2022-04-06 16:31:23.278 DEBUG [org.apache.jasper.servlet.JspServlet@http-nio-8080-exec-1] QueryString: null 
2022-04-06 16:31:28.279 DEBUG [acme.framework.controllers.AbstractController@http-nio-8080-exec-5] DISPATCHING GET /acme-toolkits-22.1/administrator/dashboard/show 
2022-04-06 16:31:28.279 DEBUG [acme.framework.controllers.AbstractController@http-nio-8080-exec-5] Command: show 
2022-04-06 16:31:28.279 DEBUG [acme.framework.controllers.AbstractController@http-nio-8080-exec-5] Model:   {} 
2022-04-06 16:31:28.279 DEBUG [acme.framework.controllers.AbstractController@http-nio-8080-exec-5] Locale:  en 
2022-04-06 16:31:28.281 DEBUG [org.hibernate.SQL@http-nio-8080-exec-5] select avg(item0_.retail_price_amount) as col_0_0_ from item item0_ where item0_.type='COMPONENT' group by item0_.retail_price_currency , item0_.technology 
2022-04-06 16:31:28.283 DEBUG [org.hibernate.SQL@http-nio-8080-exec-5] select std(item0_.retail_price_amount) as col_0_0_ from item item0_ where item0_.type='COMPONENT' group by item0_.retail_price_currency , item0_.technology 
2022-04-06 16:31:28.285 DEBUG [org.hibernate.SQL@http-nio-8080-exec-5] select max(item0_.retail_price_amount) as col_0_0_ from item item0_ where item0_.type='COMPONENT' group by item0_.retail_price_currency , item0_.technology 
2022-04-06 16:31:28.286 DEBUG [org.hibernate.SQL@http-nio-8080-exec-5] select min(item0_.retail_price_amount) as col_0_0_ from item item0_ where item0_.type='COMPONENT' group by item0_.retail_price_currency , item0_.technology 
2022-04-06 16:31:28.288 DEBUG [org.hibernate.SQL@http-nio-8080-exec-5] select item0_.technology as col_0_0_ from item item0_ where item0_.type='COMPONENT' group by item0_.retail_price_currency , item0_.technology 
2022-04-06 16:31:28.289 DEBUG [org.hibernate.SQL@http-nio-8080-exec-5] select item0_.retail_price_currency as col_0_0_ from item item0_ where item0_.type='COMPONENT' group by item0_.retail_price_currency , item0_.technology 
2022-04-06 16:31:28.291 DEBUG [org.hibernate.SQL@http-nio-8080-exec-5] select avg(item0_.retail_price_amount) as col_0_0_ from item item0_ where item0_.type='TOOL' group by item0_.retail_price_currency 
2022-04-06 16:31:28.293 DEBUG [org.hibernate.SQL@http-nio-8080-exec-5] select std(item0_.retail_price_amount) as col_0_0_ from item item0_ where item0_.type='TOOL' group by item0_.retail_price_currency 
2022-04-06 16:31:28.294 DEBUG [org.hibernate.SQL@http-nio-8080-exec-5] select max(item0_.retail_price_amount) as col_0_0_ from item item0_ where item0_.type='TOOL' group by item0_.retail_price_currency 
2022-04-06 16:31:28.297 DEBUG [org.hibernate.SQL@http-nio-8080-exec-5] select min(item0_.retail_price_amount) as col_0_0_ from item item0_ where item0_.type='TOOL' group by item0_.retail_price_currency 
2022-04-06 16:31:28.298 DEBUG [org.hibernate.SQL@http-nio-8080-exec-5] select item0_.technology as col_0_0_ from item item0_ where item0_.type='TOOL' group by item0_.retail_price_currency 
2022-04-06 16:31:28.299 DEBUG [org.hibernate.SQL@http-nio-8080-exec-5] select item0_.retail_price_currency as col_0_0_ from item item0_ where item0_.type='TOOL' group by item0_.retail_price_currency 
2022-04-06 16:31:28.300 DEBUG [org.hibernate.SQL@http-nio-8080-exec-5] select count(item0_.id) as col_0_0_ from item item0_ where item0_.type='TOOL' 
2022-04-06 16:31:28.301 DEBUG [org.hibernate.SQL@http-nio-8080-exec-5] select count(item0_.id) as col_0_0_ from item item0_ where item0_.type='COMPONENT' 
2022-04-06 16:31:28.302 DEBUG [org.hibernate.SQL@http-nio-8080-exec-5] select avg(patronage0_.budget_amount) as col_0_0_ from patronage patronage0_ group by patronage0_.status 
2022-04-06 16:31:28.304 DEBUG [org.hibernate.SQL@http-nio-8080-exec-5] select std(patronage0_.budget_amount) as col_0_0_ from patronage patronage0_ group by patronage0_.status 
2022-04-06 16:31:28.305 DEBUG [org.hibernate.SQL@http-nio-8080-exec-5] select max(patronage0_.budget_amount) as col_0_0_ from patronage patronage0_ group by patronage0_.status 
2022-04-06 16:31:28.307 DEBUG [org.hibernate.SQL@http-nio-8080-exec-5] select min(patronage0_.budget_amount) as col_0_0_ from patronage patronage0_ group by patronage0_.status 
2022-04-06 16:31:28.308 DEBUG [org.hibernate.SQL@http-nio-8080-exec-5] select count(patronage0_.id) as col_0_0_ from patronage patronage0_ group by patronage0_.status 
2022-04-06 16:31:28.310 DEBUG [org.hibernate.SQL@http-nio-8080-exec-5] select patronage0_.status as col_0_0_ from patronage patronage0_ group by patronage0_.status 
2022-04-06 16:31:28.314 DEBUG [acme.framework.controllers.AbstractController@http-nio-8080-exec-5] SERVING GET /acme-toolkits-22.1/administrator/dashboard/show 
2022-04-06 16:31:28.314 DEBUG [acme.framework.controllers.AbstractController@http-nio-8080-exec-5] Result: ModelAndView [view="administrator/dashboard/form"; model={statsComponents={Record(super={Technology 18=EUR}, source=null, line=0, column=0, clazz=null)={AVG=2.0, MIN=1.0, MAX=3.0, STDEV=1.0}, Record(super={Technology 9=USD}, source=null, line=0, column=0, clazz=null)={AVG=1.6666666666666667, MIN=1.0, MAX=3.0, STDEV=0.9428090415820634}, Record(super={Technology 7=GBP}, source=null, line=0, column=0, clazz=null)={AVG=2.2, MIN=1.0, MAX=3.0, STDEV=0.9797958971132712}}, statsPatronages={DENIED={TOTAL=4.0, AVG=20.375, MIN=12.0, MAX=30.0, STDEV=7.223010106596833}, ACCEPTED={TOTAL=4.0, AVG=12.3125, MIN=5.0, MAX=19.0, STDEV=5.090969333044543}, PROPOSED={TOTAL=5.0, AVG=11.85, MIN=0.0, MAX=19.0, STDEV=6.658828725834597}}, numberOfComponents=13, command=show, principal=acme.framework.entities.Principal@d40a896}] 
2022-04-06 16:31:28.315 DEBUG [acme.framework.components.tiles.DynamicTilesView@http-nio-8080-exec-5] View name 'administrator/dashboard/form', model {statsComponents={Record(super={Technology 18=EUR}, source=null, line=0, column=0, clazz=null)={AVG=2.0, MIN=1.0, MAX=3.0, STDEV=1.0}, Record(super={Technology 9=USD}, source=null, line=0, column=0, clazz=null)={AVG=1.6666666666666667, MIN=1.0, MAX=3.0, STDEV=0.9428090415820634}, Record(super={Technology 7=GBP}, source=null, line=0, column=0, clazz=null)={AVG=2.2, MIN=1.0, MAX=3.0, STDEV=0.9797958971132712}}, statsPatronages={DENIED={TOTAL=4.0, AVG=20.375, MIN=12.0, MAX=30.0, STDEV=7.223010106596833}, ACCEPTED={TOTAL=4.0, AVG=12.3125, MIN=5.0, MAX=19.0, STDEV=5.090969333044543}, PROPOSED={TOTAL=5.0, AVG=11.85, MIN=0.0, MAX=19.0, STDEV=6.658828725834597}}, numberOfComponents=13, command=show, principal=acme.framework.entities.Principal@d40a896, org.springframework.validation.BindingResult.principal=org.springframework.validation.BeanPropertyBindingResult: 0 errors} 
2022-04-06 16:31:28.316 DEBUG [org.apache.jasper.servlet.JspServlet@http-nio-8080-exec-5] JspEngine --> /WEB-INF/views/master/page.jsp 
2022-04-06 16:31:28.316 DEBUG [org.apache.jasper.servlet.JspServlet@http-nio-8080-exec-5] ServletPath: /WEB-INF/views/master/page.jsp 
2022-04-06 16:31:28.317 DEBUG [org.apache.jasper.servlet.JspServlet@http-nio-8080-exec-5] PathInfo: null 
2022-04-06 16:31:28.318 DEBUG [org.apache.jasper.servlet.JspServlet@http-nio-8080-exec-5] RealPath: C:\Users\Antonio\Documents\antonio\informatica\DP2\Workspace-22.0\Projects\Acme-Toolkits\target\classes\WEB-INF\views\master\page.jsp 
2022-04-06 16:31:28.318 DEBUG [org.apache.jasper.servlet.JspServlet@http-nio-8080-exec-5] RequestURI: /acme-toolkits-22.1/WEB-INF/views/master/page.jsp 
2022-04-06 16:31:28.318 DEBUG [org.apache.jasper.servlet.JspServlet@http-nio-8080-exec-5] QueryString: null 
2022-04-06 16:31:28.406 DEBUG [org.apache.jasper.servlet.JspServlet@http-nio-8080-exec-5] JspEngine --> /WEB-INF/views/administrator/dashboard/form.jsp 
2022-04-06 16:31:28.406 DEBUG [org.apache.jasper.servlet.JspServlet@http-nio-8080-exec-5] ServletPath: /WEB-INF/views/master/page.jsp 
2022-04-06 16:31:28.407 DEBUG [org.apache.jasper.servlet.JspServlet@http-nio-8080-exec-5] PathInfo: null 
2022-04-06 16:31:28.410 DEBUG [org.apache.jasper.servlet.JspServlet@http-nio-8080-exec-5] RealPath: C:\Users\Antonio\Documents\antonio\informatica\DP2\Workspace-22.0\Projects\Acme-Toolkits\target\classes\WEB-INF\views\administrator\dashboard\form.jsp 
2022-04-06 16:31:28.410 DEBUG [org.apache.jasper.servlet.JspServlet@http-nio-8080-exec-5] RequestURI: /acme-toolkits-22.1/WEB-INF/views/master/page.jsp 
2022-04-06 16:31:28.410 DEBUG [org.apache.jasper.servlet.JspServlet@http-nio-8080-exec-5] QueryString: null 
