2022-04-03 13:18:23.154 INFO  [acme.Launcher@main] Starting Launcher using Java 1.8.0_281 on LAPTOP-SGHB5FGA with PID 9432 (C:\Users\Antonio\Documents\antonio\informatica\DP2\Workspace-22.0\Frameworks\Acme-Framework-22.3\target\classes started by ant_1 in C:\Users\Antonio\Documents\antonio\informatica\DP2\Workspace-22.0\Projects\Acme-Toolkits) 
2022-04-03 13:18:23.155 DEBUG [acme.Launcher@main] Running with Spring Boot v2.4.2, Spring v5.3.3 
2022-04-03 13:18:23.157 INFO  [acme.Launcher@main] The following profiles are active: development,default 
2022-04-03 13:18:27.388 DEBUG [org.apache.jasper.servlet.JasperInitializer@main] Initializing Jasper for context [application] 
2022-04-03 13:18:36.696 DEBUG [org.apache.jasper.servlet.JspServlet@main] Scratch dir for the JSP engine is: [C:\Users\ant_1\AppData\Local\Temp\tomcat.8080.759872910623612410\work\Tomcat\localhost\acme-toolkits-22.1] 
2022-04-03 13:18:36.697 DEBUG [org.apache.jasper.servlet.JspServlet@main] IMPORTANT: Do not modify the generated servlets 
2022-04-03 13:18:36.711 INFO  [acme.Launcher@main] Started Launcher in 14.467 seconds (JVM running for 15.392) 
2022-04-03 13:18:36.717 DEBUG [acme.Launcher@main] Found classpath entry '/C:/Users/Antonio/Documents/antonio/informatica/DP2/Workspace-22.0/Projects/Acme-Toolkits/target/classes/' 
2022-04-03 13:18:36.718 DEBUG [acme.Launcher@main] Found classpath entry '/C:/Users/Antonio/Documents/antonio/informatica/DP2/Workspace-22.0/Projects/Acme-Toolkits/target/test-classes/' 
2022-04-03 13:18:36.718 DEBUG [acme.Launcher@main] Found classpath entry '/C:/Users/ant_1/.m2/repository/org/springframework/boot/spring-boot-starter-tomcat/2.4.2/spring-boot-starter-tomcat-2.4.2.jar' 
2022-04-03 13:18:36.718 DEBUG [acme.Launcher@main] Found classpath entry '/C:/Users/ant_1/.m2/repository/jakarta/annotation/jakarta.annotation-api/1.3.5/jakarta.annotation-api-1.3.5.jar' 
2022-04-03 13:18:36.718 DEBUG [acme.Launcher@main] Found classpath entry '/C:/Users/ant_1/.m2/repository/org/apache/tomcat/embed/tomcat-embed-core/9.0.41/tomcat-embed-core-9.0.41.jar' 
2022-04-03 13:18:36.719 DEBUG [acme.Launcher@main] Found classpath entry '/C:/Users/ant_1/.m2/repository/org/glassfish/jakarta.el/3.0.3/jakarta.el-3.0.3.jar' 
2022-04-03 13:18:36.719 DEBUG [acme.Launcher@main] Found classpath entry '/C:/Users/ant_1/.m2/repository/org/apache/tomcat/embed/tomcat-embed-websocket/9.0.41/tomcat-embed-websocket-9.0.41.jar' 
2022-04-03 13:18:36.719 DEBUG [acme.Launcher@main] Found classpath entry '/C:/Users/ant_1/.m2/repository/org/apache/tomcat/embed/tomcat-embed-jasper/9.0.41/tomcat-embed-jasper-9.0.41.jar' 
2022-04-03 13:18:36.720 DEBUG [acme.Launcher@main] Found classpath entry '/C:/Users/ant_1/.m2/repository/org/apache/tomcat/embed/tomcat-embed-el/9.0.41/tomcat-embed-el-9.0.41.jar' 
2022-04-03 13:18:36.725 DEBUG [acme.Launcher@main] Found classpath entry '/C:/Users/ant_1/.m2/repository/org/eclipse/jdt/ecj/3.18.0/ecj-3.18.0.jar' 
2022-04-03 13:18:36.725 DEBUG [acme.Launcher@main] Found classpath entry '/C:/Users/ant_1/.m2/repository/javax/servlet/jstl/1.2/jstl-1.2.jar' 
2022-04-03 13:18:36.725 DEBUG [acme.Launcher@main] Found classpath entry '/C:/Users/ant_1/.m2/repository/org/springframework/boot/spring-boot-starter-test/2.4.2/spring-boot-starter-test-2.4.2.jar' 
2022-04-03 13:18:36.725 DEBUG [acme.Launcher@main] Found classpath entry '/C:/Users/ant_1/.m2/repository/org/springframework/boot/spring-boot-starter/2.4.2/spring-boot-starter-2.4.2.jar' 
2022-04-03 13:18:36.725 DEBUG [acme.Launcher@main] Found classpath entry '/C:/Users/ant_1/.m2/repository/org/springframework/boot/spring-boot/2.4.2/spring-boot-2.4.2.jar' 
2022-04-03 13:18:36.726 DEBUG [acme.Launcher@main] Found classpath entry '/C:/Users/ant_1/.m2/repository/org/springframework/boot/spring-boot-autoconfigure/2.4.2/spring-boot-autoconfigure-2.4.2.jar' 
2022-04-03 13:18:36.726 DEBUG [acme.Launcher@main] Found classpath entry '/C:/Users/ant_1/.m2/repository/org/springframework/boot/spring-boot-starter-logging/2.4.2/spring-boot-starter-logging-2.4.2.jar' 
2022-04-03 13:18:36.726 DEBUG [acme.Launcher@main] Found classpath entry '/C:/Users/ant_1/.m2/repository/ch/qos/logback/logback-classic/1.2.3/logback-classic-1.2.3.jar' 
2022-04-03 13:18:36.727 DEBUG [acme.Launcher@main] Found classpath entry '/C:/Users/ant_1/.m2/repository/ch/qos/logback/logback-core/1.2.3/logback-core-1.2.3.jar' 
2022-04-03 13:18:36.727 DEBUG [acme.Launcher@main] Found classpath entry '/C:/Users/ant_1/.m2/repository/org/apache/logging/log4j/log4j-to-slf4j/2.13.3/log4j-to-slf4j-2.13.3.jar' 
2022-04-03 13:18:36.727 DEBUG [acme.Launcher@main] Found classpath entry '/C:/Users/ant_1/.m2/repository/org/apache/logging/log4j/log4j-api/2.13.3/log4j-api-2.13.3.jar' 
2022-04-03 13:18:36.727 DEBUG [acme.Launcher@main] Found classpath entry '/C:/Users/ant_1/.m2/repository/org/slf4j/jul-to-slf4j/1.7.30/jul-to-slf4j-1.7.30.jar' 
2022-04-03 13:18:36.728 DEBUG [acme.Launcher@main] Found classpath entry '/C:/Users/ant_1/.m2/repository/org/yaml/snakeyaml/1.27/snakeyaml-1.27.jar' 
2022-04-03 13:18:36.728 DEBUG [acme.Launcher@main] Found classpath entry '/C:/Users/ant_1/.m2/repository/org/springframework/boot/spring-boot-test/2.4.2/spring-boot-test-2.4.2.jar' 
2022-04-03 13:18:36.728 DEBUG [acme.Launcher@main] Found classpath entry '/C:/Users/ant_1/.m2/repository/org/springframework/boot/spring-boot-test-autoconfigure/2.4.2/spring-boot-test-autoconfigure-2.4.2.jar' 
2022-04-03 13:18:36.729 DEBUG [acme.Launcher@main] Found classpath entry '/C:/Users/ant_1/.m2/repository/com/jayway/jsonpath/json-path/2.4.0/json-path-2.4.0.jar' 
2022-04-03 13:18:36.729 DEBUG [acme.Launcher@main] Found classpath entry '/C:/Users/ant_1/.m2/repository/net/minidev/json-smart/2.3/json-smart-2.3.jar' 
2022-04-03 13:18:36.729 DEBUG [acme.Launcher@main] Found classpath entry '/C:/Users/ant_1/.m2/repository/net/minidev/accessors-smart/1.2/accessors-smart-1.2.jar' 
2022-04-03 13:18:36.729 DEBUG [acme.Launcher@main] Found classpath entry '/C:/Users/ant_1/.m2/repository/org/ow2/asm/asm/5.0.4/asm-5.0.4.jar' 
2022-04-03 13:18:36.730 DEBUG [acme.Launcher@main] Found classpath entry '/C:/Users/ant_1/.m2/repository/jakarta/xml/bind/jakarta.xml.bind-api/2.3.3/jakarta.xml.bind-api-2.3.3.jar' 
2022-04-03 13:18:36.730 DEBUG [acme.Launcher@main] Found classpath entry '/C:/Users/ant_1/.m2/repository/jakarta/activation/jakarta.activation-api/1.2.2/jakarta.activation-api-1.2.2.jar' 
2022-04-03 13:18:36.730 DEBUG [acme.Launcher@main] Found classpath entry '/C:/Users/ant_1/.m2/repository/org/assertj/assertj-core/3.18.1/assertj-core-3.18.1.jar' 
2022-04-03 13:18:36.731 DEBUG [acme.Launcher@main] Found classpath entry '/C:/Users/ant_1/.m2/repository/org/hamcrest/hamcrest/2.2/hamcrest-2.2.jar' 
2022-04-03 13:18:36.731 DEBUG [acme.Launcher@main] Found classpath entry '/C:/Users/ant_1/.m2/repository/org/junit/jupiter/junit-jupiter/5.7.0/junit-jupiter-5.7.0.jar' 
2022-04-03 13:18:36.731 DEBUG [acme.Launcher@main] Found classpath entry '/C:/Users/ant_1/.m2/repository/org/mockito/mockito-core/3.6.28/mockito-core-3.6.28.jar' 
2022-04-03 13:18:36.731 DEBUG [acme.Launcher@main] Found classpath entry '/C:/Users/ant_1/.m2/repository/net/bytebuddy/byte-buddy-agent/1.10.19/byte-buddy-agent-1.10.19.jar' 
2022-04-03 13:18:36.732 DEBUG [acme.Launcher@main] Found classpath entry '/C:/Users/ant_1/.m2/repository/org/objenesis/objenesis/3.1/objenesis-3.1.jar' 
2022-04-03 13:18:36.732 DEBUG [acme.Launcher@main] Found classpath entry '/C:/Users/ant_1/.m2/repository/org/mockito/mockito-junit-jupiter/3.6.28/mockito-junit-jupiter-3.6.28.jar' 
2022-04-03 13:18:36.732 DEBUG [acme.Launcher@main] Found classpath entry '/C:/Users/ant_1/.m2/repository/org/skyscreamer/jsonassert/1.5.0/jsonassert-1.5.0.jar' 
2022-04-03 13:18:36.732 DEBUG [acme.Launcher@main] Found classpath entry '/C:/Users/ant_1/.m2/repository/com/vaadin/external/google/android-json/0.0.20131108.vaadin1/android-json-0.0.20131108.vaadin1.jar' 
2022-04-03 13:18:36.733 DEBUG [acme.Launcher@main] Found classpath entry '/C:/Users/ant_1/.m2/repository/org/springframework/spring-core/5.3.3/spring-core-5.3.3.jar' 
2022-04-03 13:18:36.733 DEBUG [acme.Launcher@main] Found classpath entry '/C:/Users/ant_1/.m2/repository/org/springframework/spring-jcl/5.3.3/spring-jcl-5.3.3.jar' 
2022-04-03 13:18:36.733 DEBUG [acme.Launcher@main] Found classpath entry '/C:/Users/ant_1/.m2/repository/org/springframework/spring-test/5.3.3/spring-test-5.3.3.jar' 
2022-04-03 13:18:36.733 DEBUG [acme.Launcher@main] Found classpath entry '/C:/Users/ant_1/.m2/repository/org/xmlunit/xmlunit-core/2.7.0/xmlunit-core-2.7.0.jar' 
2022-04-03 13:18:36.734 DEBUG [acme.Launcher@main] Found classpath entry '/C:/Users/ant_1/.m2/repository/org/springframework/boot/spring-boot-starter-security/2.4.2/spring-boot-starter-security-2.4.2.jar' 
2022-04-03 13:18:36.734 DEBUG [acme.Launcher@main] Found classpath entry '/C:/Users/ant_1/.m2/repository/org/springframework/spring-aop/5.3.3/spring-aop-5.3.3.jar' 
2022-04-03 13:18:36.734 DEBUG [acme.Launcher@main] Found classpath entry '/C:/Users/ant_1/.m2/repository/org/springframework/security/spring-security-web/5.4.2/spring-security-web-5.4.2.jar' 
2022-04-03 13:18:36.734 DEBUG [acme.Launcher@main] Found classpath entry '/C:/Users/ant_1/.m2/repository/org/springframework/security/spring-security-core/5.4.2/spring-security-core-5.4.2.jar' 
2022-04-03 13:18:36.735 DEBUG [acme.Launcher@main] Found classpath entry '/C:/Users/ant_1/.m2/repository/org/springframework/spring-beans/5.3.3/spring-beans-5.3.3.jar' 
2022-04-03 13:18:36.735 DEBUG [acme.Launcher@main] Found classpath entry '/C:/Users/ant_1/.m2/repository/org/springframework/spring-context/5.3.3/spring-context-5.3.3.jar' 
2022-04-03 13:18:36.735 DEBUG [acme.Launcher@main] Found classpath entry '/C:/Users/ant_1/.m2/repository/org/springframework/spring-expression/5.3.3/spring-expression-5.3.3.jar' 
2022-04-03 13:18:36.735 DEBUG [acme.Launcher@main] Found classpath entry '/C:/Users/ant_1/.m2/repository/org/springframework/spring-web/5.3.3/spring-web-5.3.3.jar' 
2022-04-03 13:18:36.736 DEBUG [acme.Launcher@main] Found classpath entry '/C:/Users/ant_1/.m2/repository/org/springframework/security/spring-security-config/5.4.2/spring-security-config-5.4.2.jar' 
2022-04-03 13:18:36.736 DEBUG [acme.Launcher@main] Found classpath entry '/C:/Users/ant_1/.m2/repository/org/springframework/security/spring-security-taglibs/5.4.2/spring-security-taglibs-5.4.2.jar' 
2022-04-03 13:18:36.738 DEBUG [acme.Launcher@main] Found classpath entry '/C:/Users/ant_1/.m2/repository/org/springframework/security/spring-security-acl/5.4.2/spring-security-acl-5.4.2.jar' 
2022-04-03 13:18:36.740 DEBUG [acme.Launcher@main] Found classpath entry '/C:/Users/ant_1/.m2/repository/org/springframework/spring-jdbc/5.3.3/spring-jdbc-5.3.3.jar' 
2022-04-03 13:18:36.741 DEBUG [acme.Launcher@main] Found classpath entry '/C:/Users/ant_1/.m2/repository/org/springframework/spring-tx/5.3.3/spring-tx-5.3.3.jar' 
2022-04-03 13:18:36.741 DEBUG [acme.Launcher@main] Found classpath entry '/C:/Users/ant_1/.m2/repository/org/springframework/boot/spring-boot-starter-web/2.4.2/spring-boot-starter-web-2.4.2.jar' 
2022-04-03 13:18:36.741 DEBUG [acme.Launcher@main] Found classpath entry '/C:/Users/ant_1/.m2/repository/org/springframework/boot/spring-boot-starter-json/2.4.2/spring-boot-starter-json-2.4.2.jar' 
2022-04-03 13:18:36.741 DEBUG [acme.Launcher@main] Found classpath entry '/C:/Users/ant_1/.m2/repository/com/fasterxml/jackson/core/jackson-databind/2.11.4/jackson-databind-2.11.4.jar' 
2022-04-03 13:18:36.742 DEBUG [acme.Launcher@main] Found classpath entry '/C:/Users/ant_1/.m2/repository/com/fasterxml/jackson/core/jackson-annotations/2.11.4/jackson-annotations-2.11.4.jar' 
2022-04-03 13:18:36.742 DEBUG [acme.Launcher@main] Found classpath entry '/C:/Users/ant_1/.m2/repository/com/fasterxml/jackson/core/jackson-core/2.11.4/jackson-core-2.11.4.jar' 
2022-04-03 13:18:36.742 DEBUG [acme.Launcher@main] Found classpath entry '/C:/Users/ant_1/.m2/repository/com/fasterxml/jackson/datatype/jackson-datatype-jdk8/2.11.4/jackson-datatype-jdk8-2.11.4.jar' 
2022-04-03 13:18:36.742 DEBUG [acme.Launcher@main] Found classpath entry '/C:/Users/ant_1/.m2/repository/com/fasterxml/jackson/datatype/jackson-datatype-jsr310/2.11.4/jackson-datatype-jsr310-2.11.4.jar' 
2022-04-03 13:18:36.743 DEBUG [acme.Launcher@main] Found classpath entry '/C:/Users/ant_1/.m2/repository/com/fasterxml/jackson/module/jackson-module-parameter-names/2.11.4/jackson-module-parameter-names-2.11.4.jar' 
2022-04-03 13:18:36.743 DEBUG [acme.Launcher@main] Found classpath entry '/C:/Users/ant_1/.m2/repository/org/springframework/spring-webmvc/5.3.3/spring-webmvc-5.3.3.jar' 
2022-04-03 13:18:36.743 DEBUG [acme.Launcher@main] Found classpath entry '/C:/Users/ant_1/.m2/repository/org/apache/tiles/tiles-jsp/3.0.8/tiles-jsp-3.0.8.jar' 
2022-04-03 13:18:36.743 DEBUG [acme.Launcher@main] Found classpath entry '/C:/Users/ant_1/.m2/repository/org/apache/tiles/tiles-servlet/3.0.8/tiles-servlet-3.0.8.jar' 
2022-04-03 13:18:36.744 DEBUG [acme.Launcher@main] Found classpath entry '/C:/Users/ant_1/.m2/repository/org/apache/tiles/tiles-core/3.0.8/tiles-core-3.0.8.jar' 
2022-04-03 13:18:36.744 DEBUG [acme.Launcher@main] Found classpath entry '/C:/Users/ant_1/.m2/repository/commons-digester/commons-digester/2.0/commons-digester-2.0.jar' 
2022-04-03 13:18:36.744 DEBUG [acme.Launcher@main] Found classpath entry '/C:/Users/ant_1/.m2/repository/org/slf4j/jcl-over-slf4j/1.7.30/jcl-over-slf4j-1.7.30.jar' 
2022-04-03 13:18:36.744 DEBUG [acme.Launcher@main] Found classpath entry '/C:/Users/ant_1/.m2/repository/org/apache/tiles/tiles-request-servlet/1.0.7/tiles-request-servlet-1.0.7.jar' 
2022-04-03 13:18:36.745 DEBUG [acme.Launcher@main] Found classpath entry '/C:/Users/ant_1/.m2/repository/org/apache/tiles/tiles-template/3.0.8/tiles-template-3.0.8.jar' 
2022-04-03 13:18:36.745 DEBUG [acme.Launcher@main] Found classpath entry '/C:/Users/ant_1/.m2/repository/org/apache/tiles/tiles-api/3.0.8/tiles-api-3.0.8.jar' 
2022-04-03 13:18:36.745 DEBUG [acme.Launcher@main] Found classpath entry '/C:/Users/ant_1/.m2/repository/org/apache/tiles/tiles-autotag-core-runtime/1.2/tiles-autotag-core-runtime-1.2.jar' 
2022-04-03 13:18:36.745 DEBUG [acme.Launcher@main] Found classpath entry '/C:/Users/ant_1/.m2/repository/org/slf4j/slf4j-api/1.7.30/slf4j-api-1.7.30.jar' 
2022-04-03 13:18:36.746 DEBUG [acme.Launcher@main] Found classpath entry '/C:/Users/ant_1/.m2/repository/org/apache/tiles/tiles-request-jsp/1.0.7/tiles-request-jsp-1.0.7.jar' 
2022-04-03 13:18:36.746 DEBUG [acme.Launcher@main] Found classpath entry '/C:/Users/ant_1/.m2/repository/org/apache/tiles/tiles-request-api/1.0.7/tiles-request-api-1.0.7.jar' 
2022-04-03 13:18:36.746 DEBUG [acme.Launcher@main] Found classpath entry '/C:/Users/ant_1/.m2/repository/org/springframework/boot/spring-boot-starter-data-jpa/2.4.2/spring-boot-starter-data-jpa-2.4.2.jar' 
2022-04-03 13:18:36.747 DEBUG [acme.Launcher@main] Found classpath entry '/C:/Users/ant_1/.m2/repository/org/springframework/boot/spring-boot-starter-aop/2.4.2/spring-boot-starter-aop-2.4.2.jar' 
2022-04-03 13:18:36.747 DEBUG [acme.Launcher@main] Found classpath entry '/C:/Users/ant_1/.m2/repository/org/aspectj/aspectjweaver/1.9.6/aspectjweaver-1.9.6.jar' 
2022-04-03 13:18:36.747 DEBUG [acme.Launcher@main] Found classpath entry '/C:/Users/ant_1/.m2/repository/org/springframework/boot/spring-boot-starter-jdbc/2.4.2/spring-boot-starter-jdbc-2.4.2.jar' 
2022-04-03 13:18:36.747 DEBUG [acme.Launcher@main] Found classpath entry '/C:/Users/ant_1/.m2/repository/jakarta/transaction/jakarta.transaction-api/1.3.3/jakarta.transaction-api-1.3.3.jar' 
2022-04-03 13:18:36.747 DEBUG [acme.Launcher@main] Found classpath entry '/C:/Users/ant_1/.m2/repository/jakarta/persistence/jakarta.persistence-api/2.2.3/jakarta.persistence-api-2.2.3.jar' 
2022-04-03 13:18:36.748 DEBUG [acme.Launcher@main] Found classpath entry '/C:/Users/ant_1/.m2/repository/org/hibernate/hibernate-core/5.4.27.Final/hibernate-core-5.4.27.Final.jar' 
2022-04-03 13:18:36.748 DEBUG [acme.Launcher@main] Found classpath entry '/C:/Users/ant_1/.m2/repository/org/jboss/logging/jboss-logging/3.4.1.Final/jboss-logging-3.4.1.Final.jar' 
2022-04-03 13:18:36.748 DEBUG [acme.Launcher@main] Found classpath entry '/C:/Users/ant_1/.m2/repository/org/javassist/javassist/3.27.0-GA/javassist-3.27.0-GA.jar' 
2022-04-03 13:18:36.748 DEBUG [acme.Launcher@main] Found classpath entry '/C:/Users/ant_1/.m2/repository/antlr/antlr/2.7.7/antlr-2.7.7.jar' 
2022-04-03 13:18:36.751 DEBUG [acme.Launcher@main] Found classpath entry '/C:/Users/ant_1/.m2/repository/org/jboss/jandex/2.1.3.Final/jandex-2.1.3.Final.jar' 
2022-04-03 13:18:36.751 DEBUG [acme.Launcher@main] Found classpath entry '/C:/Users/ant_1/.m2/repository/com/fasterxml/classmate/1.5.1/classmate-1.5.1.jar' 
2022-04-03 13:18:36.751 DEBUG [acme.Launcher@main] Found classpath entry '/C:/Users/ant_1/.m2/repository/org/dom4j/dom4j/2.1.3/dom4j-2.1.3.jar' 
2022-04-03 13:18:36.752 DEBUG [acme.Launcher@main] Found classpath entry '/C:/Users/ant_1/.m2/repository/org/hibernate/common/hibernate-commons-annotations/5.1.2.Final/hibernate-commons-annotations-5.1.2.Final.jar' 
2022-04-03 13:18:36.752 DEBUG [acme.Launcher@main] Found classpath entry '/C:/Users/ant_1/.m2/repository/org/glassfish/jaxb/jaxb-runtime/2.3.3/jaxb-runtime-2.3.3.jar' 
2022-04-03 13:18:36.752 DEBUG [acme.Launcher@main] Found classpath entry '/C:/Users/ant_1/.m2/repository/org/glassfish/jaxb/txw2/2.3.3/txw2-2.3.3.jar' 
2022-04-03 13:18:36.752 DEBUG [acme.Launcher@main] Found classpath entry '/C:/Users/ant_1/.m2/repository/com/sun/istack/istack-commons-runtime/3.0.11/istack-commons-runtime-3.0.11.jar' 
2022-04-03 13:18:36.752 DEBUG [acme.Launcher@main] Found classpath entry '/C:/Users/ant_1/.m2/repository/com/sun/activation/jakarta.activation/1.2.2/jakarta.activation-1.2.2.jar' 
2022-04-03 13:18:36.752 DEBUG [acme.Launcher@main] Found classpath entry '/C:/Users/ant_1/.m2/repository/org/springframework/data/spring-data-jpa/2.4.3/spring-data-jpa-2.4.3.jar' 
2022-04-03 13:18:36.752 DEBUG [acme.Launcher@main] Found classpath entry '/C:/Users/ant_1/.m2/repository/org/springframework/data/spring-data-commons/2.4.3/spring-data-commons-2.4.3.jar' 
2022-04-03 13:18:36.753 DEBUG [acme.Launcher@main] Found classpath entry '/C:/Users/ant_1/.m2/repository/org/springframework/spring-orm/5.3.3/spring-orm-5.3.3.jar' 
2022-04-03 13:18:36.753 DEBUG [acme.Launcher@main] Found classpath entry '/C:/Users/ant_1/.m2/repository/org/springframework/spring-aspects/5.3.3/spring-aspects-5.3.3.jar' 
2022-04-03 13:18:36.753 DEBUG [acme.Launcher@main] Found classpath entry '/C:/Users/ant_1/.m2/repository/org/springframework/boot/spring-boot-starter-validation/2.4.2/spring-boot-starter-validation-2.4.2.jar' 
2022-04-03 13:18:36.753 DEBUG [acme.Launcher@main] Found classpath entry '/C:/Users/ant_1/.m2/repository/org/hibernate/validator/hibernate-validator/6.1.7.Final/hibernate-validator-6.1.7.Final.jar' 
2022-04-03 13:18:36.754 DEBUG [acme.Launcher@main] Found classpath entry '/C:/Users/ant_1/.m2/repository/jakarta/validation/jakarta.validation-api/2.0.2/jakarta.validation-api-2.0.2.jar' 
2022-04-03 13:18:36.755 DEBUG [acme.Launcher@main] Found classpath entry '/C:/Users/ant_1/.m2/repository/mysql/mysql-connector-java/8.0.22/mysql-connector-java-8.0.22.jar' 
2022-04-03 13:18:36.756 DEBUG [acme.Launcher@main] Found classpath entry '/C:/Users/ant_1/.m2/repository/com/zaxxer/HikariCP/3.4.5/HikariCP-3.4.5.jar' 
2022-04-03 13:18:36.756 DEBUG [acme.Launcher@main] Found classpath entry '/C:/Users/ant_1/.m2/repository/org/junit/jupiter/junit-jupiter-engine/5.7.0/junit-jupiter-engine-5.7.0.jar' 
2022-04-03 13:18:36.756 DEBUG [acme.Launcher@main] Found classpath entry '/C:/Users/ant_1/.m2/repository/org/apiguardian/apiguardian-api/1.1.0/apiguardian-api-1.1.0.jar' 
2022-04-03 13:18:36.757 DEBUG [acme.Launcher@main] Found classpath entry '/C:/Users/ant_1/.m2/repository/org/junit/platform/junit-platform-engine/1.7.0/junit-platform-engine-1.7.0.jar' 
2022-04-03 13:18:36.757 DEBUG [acme.Launcher@main] Found classpath entry '/C:/Users/ant_1/.m2/repository/org/junit/jupiter/junit-jupiter-api/5.7.0/junit-jupiter-api-5.7.0.jar' 
2022-04-03 13:18:36.757 DEBUG [acme.Launcher@main] Found classpath entry '/C:/Users/ant_1/.m2/repository/org/opentest4j/opentest4j/1.2.0/opentest4j-1.2.0.jar' 
2022-04-03 13:18:36.757 DEBUG [acme.Launcher@main] Found classpath entry '/C:/Users/ant_1/.m2/repository/org/junit/platform/junit-platform-commons/1.7.0/junit-platform-commons-1.7.0.jar' 
2022-04-03 13:18:36.757 DEBUG [acme.Launcher@main] Found classpath entry '/C:/Users/ant_1/.m2/repository/org/junit/jupiter/junit-jupiter-params/5.7.0/junit-jupiter-params-5.7.0.jar' 
2022-04-03 13:18:36.758 DEBUG [acme.Launcher@main] Found classpath entry '/C:/Users/ant_1/.m2/repository/org/junit/platform/junit-platform-launcher/1.7.0/junit-platform-launcher-1.7.0.jar' 
2022-04-03 13:18:36.758 DEBUG [acme.Launcher@main] Found classpath entry '/C:/Users/ant_1/.m2/repository/org/seleniumhq/selenium/selenium-java/3.141.59/selenium-java-3.141.59.jar' 
2022-04-03 13:18:36.758 DEBUG [acme.Launcher@main] Found classpath entry '/C:/Users/ant_1/.m2/repository/org/seleniumhq/selenium/selenium-api/3.141.59/selenium-api-3.141.59.jar' 
2022-04-03 13:18:36.758 DEBUG [acme.Launcher@main] Found classpath entry '/C:/Users/ant_1/.m2/repository/org/seleniumhq/selenium/selenium-chrome-driver/3.141.59/selenium-chrome-driver-3.141.59.jar' 
2022-04-03 13:18:36.758 DEBUG [acme.Launcher@main] Found classpath entry '/C:/Users/ant_1/.m2/repository/org/seleniumhq/selenium/selenium-edge-driver/3.141.59/selenium-edge-driver-3.141.59.jar' 
2022-04-03 13:18:36.759 DEBUG [acme.Launcher@main] Found classpath entry '/C:/Users/ant_1/.m2/repository/org/seleniumhq/selenium/selenium-firefox-driver/3.141.59/selenium-firefox-driver-3.141.59.jar' 
2022-04-03 13:18:36.759 DEBUG [acme.Launcher@main] Found classpath entry '/C:/Users/ant_1/.m2/repository/org/seleniumhq/selenium/selenium-ie-driver/3.141.59/selenium-ie-driver-3.141.59.jar' 
2022-04-03 13:18:36.759 DEBUG [acme.Launcher@main] Found classpath entry '/C:/Users/ant_1/.m2/repository/org/seleniumhq/selenium/selenium-opera-driver/3.141.59/selenium-opera-driver-3.141.59.jar' 
2022-04-03 13:18:36.759 DEBUG [acme.Launcher@main] Found classpath entry '/C:/Users/ant_1/.m2/repository/org/seleniumhq/selenium/selenium-remote-driver/3.141.59/selenium-remote-driver-3.141.59.jar' 
2022-04-03 13:18:36.760 DEBUG [acme.Launcher@main] Found classpath entry '/C:/Users/ant_1/.m2/repository/org/seleniumhq/selenium/selenium-safari-driver/3.141.59/selenium-safari-driver-3.141.59.jar' 
2022-04-03 13:18:36.760 DEBUG [acme.Launcher@main] Found classpath entry '/C:/Users/ant_1/.m2/repository/org/seleniumhq/selenium/selenium-support/3.141.59/selenium-support-3.141.59.jar' 
2022-04-03 13:18:36.760 DEBUG [acme.Launcher@main] Found classpath entry '/C:/Users/ant_1/.m2/repository/net/bytebuddy/byte-buddy/1.10.19/byte-buddy-1.10.19.jar' 
2022-04-03 13:18:36.760 DEBUG [acme.Launcher@main] Found classpath entry '/C:/Users/ant_1/.m2/repository/org/apache/commons/commons-exec/1.3/commons-exec-1.3.jar' 
2022-04-03 13:18:36.760 DEBUG [acme.Launcher@main] Found classpath entry '/C:/Users/ant_1/.m2/repository/com/google/guava/guava/25.0-jre/guava-25.0-jre.jar' 
2022-04-03 13:18:36.761 DEBUG [acme.Launcher@main] Found classpath entry '/C:/Users/ant_1/.m2/repository/com/google/code/findbugs/jsr305/1.3.9/jsr305-1.3.9.jar' 
2022-04-03 13:18:36.761 DEBUG [acme.Launcher@main] Found classpath entry '/C:/Users/ant_1/.m2/repository/org/checkerframework/checker-compat-qual/2.0.0/checker-compat-qual-2.0.0.jar' 
2022-04-03 13:18:36.761 DEBUG [acme.Launcher@main] Found classpath entry '/C:/Users/ant_1/.m2/repository/com/google/errorprone/error_prone_annotations/2.1.3/error_prone_annotations-2.1.3.jar' 
2022-04-03 13:18:36.761 DEBUG [acme.Launcher@main] Found classpath entry '/C:/Users/ant_1/.m2/repository/com/google/j2objc/j2objc-annotations/1.1/j2objc-annotations-1.1.jar' 
2022-04-03 13:18:36.761 DEBUG [acme.Launcher@main] Found classpath entry '/C:/Users/ant_1/.m2/repository/org/codehaus/mojo/animal-sniffer-annotations/1.14/animal-sniffer-annotations-1.14.jar' 
2022-04-03 13:18:36.761 DEBUG [acme.Launcher@main] Found classpath entry '/C:/Users/ant_1/.m2/repository/com/squareup/okhttp3/okhttp/3.14.9/okhttp-3.14.9.jar' 
2022-04-03 13:18:36.762 DEBUG [acme.Launcher@main] Found classpath entry '/C:/Users/ant_1/.m2/repository/com/squareup/okio/okio/1.14.0/okio-1.14.0.jar' 
2022-04-03 13:18:36.762 DEBUG [acme.Launcher@main] Found classpath entry '/C:/Users/ant_1/.m2/repository/org/apache/commons/commons-lang3/3.11/commons-lang3-3.11.jar' 
2022-04-03 13:18:36.762 DEBUG [acme.Launcher@main] Found classpath entry '/C:/Users/ant_1/.m2/repository/org/apache/commons/commons-text/1.8/commons-text-1.8.jar' 
2022-04-03 13:18:36.762 DEBUG [acme.Launcher@main] Found classpath entry '/C:/Users/ant_1/.m2/repository/commons-io/commons-io/2.6/commons-io-2.6.jar' 
2022-04-03 13:18:36.762 DEBUG [acme.Launcher@main] Found classpath entry '/C:/Users/ant_1/.m2/repository/commons-cli/commons-cli/1.4/commons-cli-1.4.jar' 
2022-04-03 13:18:36.762 DEBUG [acme.Launcher@main] Found classpath entry '/C:/Users/ant_1/.m2/repository/org/projectlombok/lombok/1.18.16/lombok-1.18.16.jar' 
2022-04-03 13:18:36.763 DEBUG [acme.Launcher@main] Found classpath entry '/C:/Users/ant_1/.m2/repository/com/opencsv/opencsv/5.4/opencsv-5.4.jar' 
2022-04-03 13:18:36.763 DEBUG [acme.Launcher@main] Found classpath entry '/C:/Users/ant_1/.m2/repository/commons-beanutils/commons-beanutils/1.9.4/commons-beanutils-1.9.4.jar' 
2022-04-03 13:18:36.763 DEBUG [acme.Launcher@main] Found classpath entry '/C:/Users/ant_1/.m2/repository/commons-logging/commons-logging/1.2/commons-logging-1.2.jar' 
2022-04-03 13:18:36.763 DEBUG [acme.Launcher@main] Found classpath entry '/C:/Users/ant_1/.m2/repository/commons-collections/commons-collections/3.2.2/commons-collections-3.2.2.jar' 
2022-04-03 13:18:36.763 DEBUG [acme.Launcher@main] Found classpath entry '/C:/Users/ant_1/.m2/repository/org/apache/commons/commons-collections4/4.4/commons-collections4-4.4.jar' 
2022-04-03 13:18:36.763 DEBUG [acme.Launcher@main] Found classpath entry '/C:/Users/Antonio/Documents/antonio/informatica/DP2/Workspace-22.0/Frameworks/Acme-Framework-22.3/target/classes/' 
2022-04-03 13:18:36.764 DEBUG [acme.Launcher@main] Found classpath entry '/C:/Users/Antonio/Documents/antonio/informatica/DP2/Workspace-22.0/Frameworks/Acme-Framework-22.3/target/test-classes/' 
2022-04-03 13:18:36.918 DEBUG [acme.Launcher@main] Found entity class 'acme.entities.announcements.Announcement 
2022-04-03 13:18:36.919 DEBUG [acme.Launcher@main] Found entity class 'acme.entities.chirp.Chirp 
2022-04-03 13:18:36.919 DEBUG [acme.Launcher@main] Found entity class 'acme.entities.item.Amount 
2022-04-03 13:18:36.919 DEBUG [acme.Launcher@main] Found entity class 'acme.entities.item.Item 
2022-04-03 13:18:36.920 DEBUG [acme.Launcher@main] Found entity class 'acme.entities.patronageReport.PatronageReport 
2022-04-03 13:18:36.920 DEBUG [acme.Launcher@main] Found entity class 'acme.entities.patronages.Patronage 
2022-04-03 13:18:36.920 DEBUG [acme.Launcher@main] Found entity class 'acme.entities.tookit.Toolkit 
2022-04-03 13:18:36.923 DEBUG [acme.Launcher@main] Found entity class 'acme.roles.Inventor 
2022-04-03 13:18:36.923 DEBUG [acme.Launcher@main] Found entity class 'acme.roles.Patron 
2022-04-03 13:18:36.923 DEBUG [acme.Launcher@main] Found entity class 'acme.systemConfiguration.SystemConfiguration 
2022-04-03 13:18:36.923 DEBUG [acme.Launcher@main] Found entity class 'acme.framework.entities.UserAccount 
2022-04-03 13:18:36.923 DEBUG [acme.Launcher@main] Found entity class 'acme.framework.roles.Administrator 
2022-04-03 13:18:36.924 DEBUG [acme.Launcher@main] Found entity class 'acme.framework.roles.Anonymous 
2022-04-03 13:18:36.924 DEBUG [acme.Launcher@main] Found entity class 'acme.framework.roles.Any 
2022-04-03 13:18:36.924 DEBUG [acme.Launcher@main] Found entity class 'acme.framework.roles.Authenticated 
2022-04-03 13:18:36.929 INFO  [acme.Launcher@main] Running application (Standalone) 
2022-04-03 13:20:46.327 DEBUG [acme.framework.components.tiles.DynamicTilesView@http-nio-8080-exec-2] View name 'fragments/welcome', model {} 
2022-04-03 13:20:46.352 DEBUG [org.apache.tiles.definition.dao.BaseLocaleUrlDefinitionDAO@http-nio-8080-exec-2] File Resource file:/C:/Users/Antonio/Documents/antonio/informatica/DP2/Workspace-22.0/Projects/Acme-Toolkits/target/classes/WEB-INF/views/master/tiles_en.xml at file:/C:/Users/Antonio/Documents/antonio/informatica/DP2/Workspace-22.0/Projects/Acme-Toolkits/target/classes/WEB-INF/views/master/tiles_en.xml not found, continue 
2022-04-03 13:20:46.361 DEBUG [org.apache.jasper.servlet.JspServlet@http-nio-8080-exec-2] JspEngine --> /WEB-INF/views/master/page.jsp 
2022-04-03 13:20:46.363 DEBUG [org.apache.jasper.servlet.JspServlet@http-nio-8080-exec-2] ServletPath: /WEB-INF/views/master/page.jsp 
2022-04-03 13:20:46.363 DEBUG [org.apache.jasper.servlet.JspServlet@http-nio-8080-exec-2] PathInfo: null 
2022-04-03 13:20:46.367 DEBUG [org.apache.jasper.servlet.JspServlet@http-nio-8080-exec-2] RealPath: C:\Users\Antonio\Documents\antonio\informatica\DP2\Workspace-22.0\Projects\Acme-Toolkits\target\classes\WEB-INF\views\master\page.jsp 
2022-04-03 13:20:46.368 DEBUG [org.apache.jasper.servlet.JspServlet@http-nio-8080-exec-2] RequestURI: /acme-toolkits-22.1/WEB-INF/views/master/page.jsp 
2022-04-03 13:20:46.368 DEBUG [org.apache.jasper.servlet.JspServlet@http-nio-8080-exec-2] QueryString: null 
2022-04-03 13:20:52.991 DEBUG [acme.framework.configuration.ExtendedMessageSource@http-nio-8080-exec-2] Loading properties [C:\Users\Antonio\Documents\antonio\informatica\DP2\Workspace-22.0\Projects\Acme-Toolkits\target\classes\WEB-INF\views\administrator\user-account\messages-en.i18n] with encoding 'utf-8' 
2022-04-03 13:20:52.993 DEBUG [acme.framework.configuration.ExtendedMessageSource@http-nio-8080-exec-2] Loading properties [C:\Users\Antonio\Documents\antonio\informatica\DP2\Workspace-22.0\Projects\Acme-Toolkits\target\classes\WEB-INF\views\anonymous\user-account\messages-en.i18n] with encoding 'utf-8' 
2022-04-03 13:20:52.994 DEBUG [acme.framework.configuration.ExtendedMessageSource@http-nio-8080-exec-2] Loading properties [C:\Users\Antonio\Documents\antonio\informatica\DP2\Workspace-22.0\Projects\Acme-Toolkits\target\classes\WEB-INF\views\authenticated\consumer\messsages-en.i18n] with encoding 'utf-8' 
2022-04-03 13:20:52.995 DEBUG [acme.framework.configuration.ExtendedMessageSource@http-nio-8080-exec-2] Loading properties [C:\Users\Antonio\Documents\antonio\informatica\DP2\Workspace-22.0\Projects\Acme-Toolkits\target\classes\WEB-INF\views\authenticated\provider\messsages-en.i18n] with encoding 'utf-8' 
2022-04-03 13:20:52.996 DEBUG [acme.framework.configuration.ExtendedMessageSource@http-nio-8080-exec-2] Loading properties [C:\Users\Antonio\Documents\antonio\informatica\DP2\Workspace-22.0\Projects\Acme-Toolkits\target\classes\WEB-INF\views\authenticated\user-account\messages-en.i18n] with encoding 'utf-8' 
2022-04-03 13:20:52.999 DEBUG [acme.framework.configuration.ExtendedMessageSource@http-nio-8080-exec-2] Loading properties [C:\Users\Antonio\Documents\antonio\informatica\DP2\Workspace-22.0\Projects\Acme-Toolkits\target\classes\WEB-INF\views\fragments\banner-en.i18n] with encoding 'utf-8' 
2022-04-03 13:20:53 DEBUG [acme.framework.configuration.ExtendedMessageSource@http-nio-8080-exec-2] Loading properties [C:\Users\Antonio\Documents\antonio\informatica\DP2\Workspace-22.0\Projects\Acme-Toolkits\target\classes\WEB-INF\views\fragments\company-en.i18n] with encoding 'utf-8' 
2022-04-03 13:20:53.001 DEBUG [acme.framework.configuration.ExtendedMessageSource@http-nio-8080-exec-2] Loading properties [C:\Users\Antonio\Documents\antonio\informatica\DP2\Workspace-22.0\Projects\Acme-Toolkits\target\classes\WEB-INF\views\fragments\footer-en.i18n] with encoding 'utf-8' 
2022-04-03 13:20:53.002 DEBUG [acme.framework.configuration.ExtendedMessageSource@http-nio-8080-exec-2] Loading properties [C:\Users\Antonio\Documents\antonio\informatica\DP2\Workspace-22.0\Projects\Acme-Toolkits\target\classes\WEB-INF\views\fragments\license-en.i18n] with encoding 'utf-8' 
2022-04-03 13:20:53.003 DEBUG [acme.framework.configuration.ExtendedMessageSource@http-nio-8080-exec-2] Loading properties [C:\Users\Antonio\Documents\antonio\informatica\DP2\Workspace-22.0\Projects\Acme-Toolkits\target\classes\WEB-INF\views\fragments\menu-en.i18n] with encoding 'utf-8' 
2022-04-03 13:20:53.006 DEBUG [acme.framework.configuration.ExtendedMessageSource@http-nio-8080-exec-2] Loading properties [C:\Users\Antonio\Documents\antonio\informatica\DP2\Workspace-22.0\Projects\Acme-Toolkits\target\classes\WEB-INF\views\fragments\messsages-en.i18n] with encoding 'utf-8' 
2022-04-03 13:20:53.007 DEBUG [acme.framework.configuration.ExtendedMessageSource@http-nio-8080-exec-2] Loading properties [C:\Users\Antonio\Documents\antonio\informatica\DP2\Workspace-22.0\Projects\Acme-Toolkits\target\classes\WEB-INF\views\fragments\title-en.i18n] with encoding 'utf-8' 
2022-04-03 13:20:53.008 DEBUG [acme.framework.configuration.ExtendedMessageSource@http-nio-8080-exec-2] Loading properties [C:\Users\Antonio\Documents\antonio\informatica\DP2\Workspace-22.0\Projects\Acme-Toolkits\target\classes\WEB-INF\views\fragments\welcome-en.i18n] with encoding 'utf-8' 
2022-04-03 13:20:53.009 DEBUG [acme.framework.configuration.ExtendedMessageSource@http-nio-8080-exec-2] Loading properties [C:\Users\Antonio\Documents\antonio\informatica\DP2\Workspace-22.0\Projects\Acme-Toolkits\target\classes\WEB-INF\views\inventor\consumer\messsages-en.i18n] with encoding 'utf-8' 
2022-04-03 13:20:53.010 DEBUG [acme.framework.configuration.ExtendedMessageSource@http-nio-8080-exec-2] Loading properties [C:\Users\Antonio\Documents\antonio\informatica\DP2\Workspace-22.0\Projects\Acme-Toolkits\target\classes\WEB-INF\views\inventor\item\messsages-en.i18n] with encoding 'utf-8' 
2022-04-03 13:20:53.024 DEBUG [acme.framework.configuration.ExtendedMessageSource@http-nio-8080-exec-2] Loading properties [C:\Users\Antonio\Documents\antonio\informatica\DP2\Workspace-22.0\Projects\Acme-Toolkits\target\classes\WEB-INF\views\master\defaults-en.i18n] with encoding 'utf-8' 
2022-04-03 13:20:53.024 DEBUG [acme.framework.configuration.ExtendedMessageSource@http-nio-8080-exec-2] Loading properties [C:\Users\Antonio\Documents\antonio\informatica\DP2\Workspace-22.0\Projects\Acme-Toolkits\target\classes\WEB-INF\views\master\master-en.i18n] with encoding 'utf-8' 
2022-04-03 13:20:53.025 DEBUG [acme.framework.configuration.ExtendedMessageSource@http-nio-8080-exec-2] Loading properties [C:\Users\Antonio\Documents\antonio\informatica\DP2\Workspace-22.0\Projects\Acme-Toolkits\target\classes\WEB-INF\views\master\throwables-en.i18n] with encoding 'utf-8' 
2022-04-03 13:20:53.026 DEBUG [acme.framework.configuration.ExtendedMessageSource@http-nio-8080-exec-2] Loading properties [C:\Users\Antonio\Documents\antonio\informatica\DP2\Workspace-22.0\Projects\Acme-Toolkits\target\classes\WEB-INF\views\master\validation-en.i18n] with encoding 'utf-8' 
2022-04-03 13:20:53.251 DEBUG [org.apache.jasper.servlet.JspServlet@http-nio-8080-exec-2] JspEngine --> /WEB-INF/views/fragments/welcome.jsp 
2022-04-03 13:20:53.252 DEBUG [org.apache.jasper.servlet.JspServlet@http-nio-8080-exec-2] ServletPath: /WEB-INF/views/master/page.jsp 
2022-04-03 13:20:53.252 DEBUG [org.apache.jasper.servlet.JspServlet@http-nio-8080-exec-2] PathInfo: null 
2022-04-03 13:20:53.256 DEBUG [org.apache.jasper.servlet.JspServlet@http-nio-8080-exec-2] RealPath: C:\Users\Antonio\Documents\antonio\informatica\DP2\Workspace-22.0\Projects\Acme-Toolkits\target\classes\WEB-INF\views\fragments\welcome.jsp 
2022-04-03 13:20:53.256 DEBUG [org.apache.jasper.servlet.JspServlet@http-nio-8080-exec-2] RequestURI: /acme-toolkits-22.1/WEB-INF/views/master/page.jsp 
2022-04-03 13:20:53.257 DEBUG [org.apache.jasper.servlet.JspServlet@http-nio-8080-exec-2] QueryString: null 
2022-04-03 13:20:53.739 DEBUG [org.hibernate.SQL@http-nio-8080-exec-2] select useraccoun0_.id as id1_0_, useraccoun0_.version as version2_0_, useraccoun0_.enabled as enabled1_15_, useraccoun0_.identity as identity2_15_, useraccoun0_.password as password3_15_, useraccoun0_.username as username4_15_ from user_account useraccoun0_ where useraccoun0_.username=? 
2022-04-03 13:20:53.772 TRACE [org.hibernate.type.descriptor.sql.BasicBinder@http-nio-8080-exec-2] binding parameter [1] as [VARCHAR] - [anonymous] 
2022-04-03 13:20:53.827 DEBUG [org.hibernate.SQL@http-nio-8080-exec-2] select roles0_.user_account_id as user_acc1_16_0_, roles0_.id as id1_16_0_, roles0_.id as id1_0_1_, roles0_.version as version2_0_1_, roles0_.user_account_id as user_acc1_16_1_, roles0_.company as company1_8_1_, roles0_.optional_link as optional2_8_1_, roles0_.statement as statemen3_8_1_, roles0_.company as company1_10_1_, roles0_.optional_link as optional2_10_1_, roles0_.statement as statemen3_10_1_, roles0_.clazz_ as clazz_1_ from ( select id, version, user_account_id, company, optional_link, statement, 9 as clazz_ from inventor union all select id, version, user_account_id, company, optional_link, statement, 10 as clazz_ from patron union all select id, version, user_account_id, null as company, null as optional_link, null as statement, 13 as clazz_ from administrator union all select id, version, user_account_id, null as company, null as optional_link, null as statement, 14 as clazz_ from anonymous union all select id, version, user_account_id, null as company, null as optional_link, null as statement, 15 as clazz_ from any union all select id, version, user_account_id, null as company, null as optional_link, null as statement, 16 as clazz_ from authenticated ) roles0_ where roles0_.user_account_id=? 
2022-04-03 13:20:53.828 TRACE [org.hibernate.type.descriptor.sql.BasicBinder@http-nio-8080-exec-2] binding parameter [1] as [INTEGER] - [1] 
2022-04-03 13:20:58.031 DEBUG [acme.framework.components.tiles.DynamicTilesView@http-nio-8080-exec-9] View name 'master/sign-in', model {username=, password=, remember=false} 
2022-04-03 13:20:58.032 DEBUG [org.apache.jasper.servlet.JspServlet@http-nio-8080-exec-9] JspEngine --> /WEB-INF/views/master/page.jsp 
2022-04-03 13:20:58.033 DEBUG [org.apache.jasper.servlet.JspServlet@http-nio-8080-exec-9] ServletPath: /WEB-INF/views/master/page.jsp 
2022-04-03 13:20:58.034 DEBUG [org.apache.jasper.servlet.JspServlet@http-nio-8080-exec-9] PathInfo: null 
2022-04-03 13:20:58.039 DEBUG [org.apache.jasper.servlet.JspServlet@http-nio-8080-exec-9] RealPath: C:\Users\Antonio\Documents\antonio\informatica\DP2\Workspace-22.0\Projects\Acme-Toolkits\target\classes\WEB-INF\views\master\page.jsp 
2022-04-03 13:20:58.039 DEBUG [org.apache.jasper.servlet.JspServlet@http-nio-8080-exec-9] RequestURI: /acme-toolkits-22.1/WEB-INF/views/master/page.jsp 
2022-04-03 13:20:58.040 DEBUG [org.apache.jasper.servlet.JspServlet@http-nio-8080-exec-9] QueryString: null 
2022-04-03 13:20:58.189 DEBUG [org.apache.jasper.servlet.JspServlet@http-nio-8080-exec-9] JspEngine --> /WEB-INF/views/master/sign-in.jsp 
2022-04-03 13:20:58.190 DEBUG [org.apache.jasper.servlet.JspServlet@http-nio-8080-exec-9] ServletPath: /WEB-INF/views/master/page.jsp 
2022-04-03 13:20:58.190 DEBUG [org.apache.jasper.servlet.JspServlet@http-nio-8080-exec-9] PathInfo: null 
2022-04-03 13:20:58.191 DEBUG [org.apache.jasper.servlet.JspServlet@http-nio-8080-exec-9] RealPath: C:\Users\Antonio\Documents\antonio\informatica\DP2\Workspace-22.0\Projects\Acme-Toolkits\target\classes\WEB-INF\views\master\sign-in.jsp 
2022-04-03 13:20:58.192 DEBUG [org.apache.jasper.servlet.JspServlet@http-nio-8080-exec-9] RequestURI: /acme-toolkits-22.1/WEB-INF/views/master/page.jsp 
2022-04-03 13:20:58.192 DEBUG [org.apache.jasper.servlet.JspServlet@http-nio-8080-exec-9] QueryString: null 
2022-04-03 13:21:00.858 DEBUG [org.hibernate.SQL@http-nio-8080-exec-9] select useraccoun0_.id as id1_0_, useraccoun0_.version as version2_0_, useraccoun0_.enabled as enabled1_15_, useraccoun0_.identity as identity2_15_, useraccoun0_.password as password3_15_, useraccoun0_.username as username4_15_ from user_account useraccoun0_ where useraccoun0_.username=? 
2022-04-03 13:21:00.859 TRACE [org.hibernate.type.descriptor.sql.BasicBinder@http-nio-8080-exec-9] binding parameter [1] as [VARCHAR] - [anonymous] 
2022-04-03 13:21:00.861 DEBUG [org.hibernate.SQL@http-nio-8080-exec-9] select roles0_.user_account_id as user_acc1_16_0_, roles0_.id as id1_16_0_, roles0_.id as id1_0_1_, roles0_.version as version2_0_1_, roles0_.user_account_id as user_acc1_16_1_, roles0_.company as company1_8_1_, roles0_.optional_link as optional2_8_1_, roles0_.statement as statemen3_8_1_, roles0_.company as company1_10_1_, roles0_.optional_link as optional2_10_1_, roles0_.statement as statemen3_10_1_, roles0_.clazz_ as clazz_1_ from ( select id, version, user_account_id, company, optional_link, statement, 9 as clazz_ from inventor union all select id, version, user_account_id, company, optional_link, statement, 10 as clazz_ from patron union all select id, version, user_account_id, null as company, null as optional_link, null as statement, 13 as clazz_ from administrator union all select id, version, user_account_id, null as company, null as optional_link, null as statement, 14 as clazz_ from anonymous union all select id, version, user_account_id, null as company, null as optional_link, null as statement, 15 as clazz_ from any union all select id, version, user_account_id, null as company, null as optional_link, null as statement, 16 as clazz_ from authenticated ) roles0_ where roles0_.user_account_id=? 
2022-04-03 13:21:00.862 TRACE [org.hibernate.type.descriptor.sql.BasicBinder@http-nio-8080-exec-9] binding parameter [1] as [INTEGER] - [1] 
2022-04-03 13:21:28.805 DEBUG [org.hibernate.SQL@http-nio-8080-exec-8] select useraccoun0_.id as id1_0_, useraccoun0_.version as version2_0_, useraccoun0_.enabled as enabled1_15_, useraccoun0_.identity as identity2_15_, useraccoun0_.password as password3_15_, useraccoun0_.username as username4_15_ from user_account useraccoun0_ where useraccoun0_.username=? 
2022-04-03 13:21:28.806 TRACE [org.hibernate.type.descriptor.sql.BasicBinder@http-nio-8080-exec-8] binding parameter [1] as [VARCHAR] - [inventor1] 
2022-04-03 13:21:28.808 DEBUG [org.hibernate.SQL@http-nio-8080-exec-8] select roles0_.user_account_id as user_acc1_16_0_, roles0_.id as id1_16_0_, roles0_.id as id1_0_1_, roles0_.version as version2_0_1_, roles0_.user_account_id as user_acc1_16_1_, roles0_.company as company1_8_1_, roles0_.optional_link as optional2_8_1_, roles0_.statement as statemen3_8_1_, roles0_.company as company1_10_1_, roles0_.optional_link as optional2_10_1_, roles0_.statement as statemen3_10_1_, roles0_.clazz_ as clazz_1_ from ( select id, version, user_account_id, company, optional_link, statement, 9 as clazz_ from inventor union all select id, version, user_account_id, company, optional_link, statement, 10 as clazz_ from patron union all select id, version, user_account_id, null as company, null as optional_link, null as statement, 13 as clazz_ from administrator union all select id, version, user_account_id, null as company, null as optional_link, null as statement, 14 as clazz_ from anonymous union all select id, version, user_account_id, null as company, null as optional_link, null as statement, 15 as clazz_ from any union all select id, version, user_account_id, null as company, null as optional_link, null as statement, 16 as clazz_ from authenticated ) roles0_ where roles0_.user_account_id=? 
2022-04-03 13:21:28.809 TRACE [org.hibernate.type.descriptor.sql.BasicBinder@http-nio-8080-exec-8] binding parameter [1] as [INTEGER] - [22] 
2022-04-03 13:21:28.833 DEBUG [acme.framework.components.tiles.DynamicTilesView@http-nio-8080-exec-7] View name 'fragments/welcome', model {} 
2022-04-03 13:21:28.834 DEBUG [org.apache.jasper.servlet.JspServlet@http-nio-8080-exec-7] JspEngine --> /WEB-INF/views/master/page.jsp 
2022-04-03 13:21:28.835 DEBUG [org.apache.jasper.servlet.JspServlet@http-nio-8080-exec-7] ServletPath: /WEB-INF/views/master/page.jsp 
2022-04-03 13:21:28.835 DEBUG [org.apache.jasper.servlet.JspServlet@http-nio-8080-exec-7] PathInfo: null 
2022-04-03 13:21:28.839 DEBUG [org.apache.jasper.servlet.JspServlet@http-nio-8080-exec-7] RealPath: C:\Users\Antonio\Documents\antonio\informatica\DP2\Workspace-22.0\Projects\Acme-Toolkits\target\classes\WEB-INF\views\master\page.jsp 
2022-04-03 13:21:28.840 DEBUG [org.apache.jasper.servlet.JspServlet@http-nio-8080-exec-7] RequestURI: /acme-toolkits-22.1/WEB-INF/views/master/page.jsp 
2022-04-03 13:21:28.840 DEBUG [org.apache.jasper.servlet.JspServlet@http-nio-8080-exec-7] QueryString: null 
2022-04-03 13:21:28.943 DEBUG [org.apache.jasper.servlet.JspServlet@http-nio-8080-exec-7] JspEngine --> /WEB-INF/views/fragments/welcome.jsp 
2022-04-03 13:21:28.943 DEBUG [org.apache.jasper.servlet.JspServlet@http-nio-8080-exec-7] ServletPath: /WEB-INF/views/master/page.jsp 
2022-04-03 13:21:28.944 DEBUG [org.apache.jasper.servlet.JspServlet@http-nio-8080-exec-7] PathInfo: null 
2022-04-03 13:21:28.946 DEBUG [org.apache.jasper.servlet.JspServlet@http-nio-8080-exec-7] RealPath: C:\Users\Antonio\Documents\antonio\informatica\DP2\Workspace-22.0\Projects\Acme-Toolkits\target\classes\WEB-INF\views\fragments\welcome.jsp 
2022-04-03 13:21:28.946 DEBUG [org.apache.jasper.servlet.JspServlet@http-nio-8080-exec-7] RequestURI: /acme-toolkits-22.1/WEB-INF/views/master/page.jsp 
2022-04-03 13:21:28.947 DEBUG [org.apache.jasper.servlet.JspServlet@http-nio-8080-exec-7] QueryString: null 
2022-04-03 13:21:36.899 DEBUG [acme.framework.controllers.AbstractController@http-nio-8080-exec-8] DISPATCHING GET /acme-toolkits-22.1/inventor/item/list-own-components 
2022-04-03 13:21:36.900 DEBUG [acme.framework.controllers.AbstractController@http-nio-8080-exec-8] Command: list-own-components 
2022-04-03 13:21:36.900 DEBUG [acme.framework.controllers.AbstractController@http-nio-8080-exec-8] Model:   {} 
2022-04-03 13:21:36.900 DEBUG [acme.framework.controllers.AbstractController@http-nio-8080-exec-8] Locale:  en 
2022-04-03 13:21:36.927 DEBUG [org.hibernate.SQL@http-nio-8080-exec-8] select item0_.id as id1_0_, item0_.version as version2_0_, item0_.amount_id as amount_10_9_, item0_.code as code1_9_, item0_.description as descript2_9_, item0_.inventor_id as invento11_9_, item0_.link as link3_9_, item0_.name as name4_9_, item0_.publsihed as publsihe5_9_, item0_.retail_price_amount as retail_p6_9_, item0_.retail_price_currency as retail_p7_9_, item0_.technology as technolo8_9_, item0_.type as type9_9_ from item item0_ where item0_.type='COMPONENT' and item0_.inventor_id=? 
2022-04-03 13:21:36.927 TRACE [org.hibernate.type.descriptor.sql.BasicBinder@http-nio-8080-exec-8] binding parameter [1] as [INTEGER] - [32] 
2022-04-03 13:21:37.017 DEBUG [org.hibernate.SQL@http-nio-8080-exec-8] select amount0_.id as id1_0_0_, amount0_.version as version2_0_0_, amount0_.toolkit_id as toolkit_2_2_0_, amount0_.units as units1_2_0_, toolkit1_.id as id1_0_1_, toolkit1_.version as version2_0_1_, toolkit1_.assembly_notes as assembly1_14_1_, toolkit1_.code as code2_14_1_, toolkit1_.description as descript3_14_1_, toolkit1_.link as link4_14_1_, toolkit1_.title as title5_14_1_, toolkit1_.total_price_amount as total_pr6_14_1_, toolkit1_.total_price_currency as total_pr7_14_1_ from amount amount0_ inner join toolkit toolkit1_ on amount0_.toolkit_id=toolkit1_.id where amount0_.id=? 
2022-04-03 13:21:37.017 TRACE [org.hibernate.type.descriptor.sql.BasicBinder@http-nio-8080-exec-8] binding parameter [1] as [INTEGER] - [100] 
2022-04-03 13:21:37.032 DEBUG [org.hibernate.SQL@http-nio-8080-exec-8] select inventor0_.id as id1_0_0_, inventor0_.version as version2_0_0_, inventor0_.user_account_id as user_acc1_16_0_, inventor0_.company as company1_8_0_, inventor0_.optional_link as optional2_8_0_, inventor0_.statement as statemen3_8_0_, useraccoun1_.id as id1_0_1_, useraccoun1_.version as version2_0_1_, useraccoun1_.enabled as enabled1_15_1_, useraccoun1_.identity as identity2_15_1_, useraccoun1_.password as password3_15_1_, useraccoun1_.username as username4_15_1_ from inventor inventor0_ inner join user_account useraccoun1_ on inventor0_.user_account_id=useraccoun1_.id where inventor0_.id=? 
2022-04-03 13:21:37.033 TRACE [org.hibernate.type.descriptor.sql.BasicBinder@http-nio-8080-exec-8] binding parameter [1] as [INTEGER] - [32] 
2022-04-03 13:21:37.037 DEBUG [org.hibernate.SQL@http-nio-8080-exec-8] select amount0_.id as id1_0_0_, amount0_.version as version2_0_0_, amount0_.toolkit_id as toolkit_2_2_0_, amount0_.units as units1_2_0_, toolkit1_.id as id1_0_1_, toolkit1_.version as version2_0_1_, toolkit1_.assembly_notes as assembly1_14_1_, toolkit1_.code as code2_14_1_, toolkit1_.description as descript3_14_1_, toolkit1_.link as link4_14_1_, toolkit1_.title as title5_14_1_, toolkit1_.total_price_amount as total_pr6_14_1_, toolkit1_.total_price_currency as total_pr7_14_1_ from amount amount0_ inner join toolkit toolkit1_ on amount0_.toolkit_id=toolkit1_.id where amount0_.id=? 
2022-04-03 13:21:37.038 TRACE [org.hibernate.type.descriptor.sql.BasicBinder@http-nio-8080-exec-8] binding parameter [1] as [INTEGER] - [102] 
2022-04-03 13:21:37.086 DEBUG [acme.framework.controllers.AbstractController@http-nio-8080-exec-8] SERVING GET /acme-toolkits-22.1/inventor/item/list-own-components 
2022-04-03 13:21:37.116 DEBUG [acme.framework.controllers.AbstractController@http-nio-8080-exec-8] Result: ModelAndView [view="inventor/item/list"; model={link[1]=http://www.item3.com, description[1]=Description 3, link[0]=http://www.item1.com, description[0]=Description 1, version[1]=0, technology[0]=Technology 1, retailPrice[1]=<<USD 3.00>>, list$size=2, technology[1]=Technology 3, retailPrice[0]=<<EUR 1.00>>, code[0]=AAB-000, version[0]=0, code[1]=AAB-002, id[1]=116, id[0]=113, name[1]=Item 3, name[0]=Item 1, command=list-own-components, principal=acme.framework.entities.Principal@57e96606}] 
2022-04-03 13:21:37.122 DEBUG [acme.framework.components.tiles.DynamicTilesView@http-nio-8080-exec-8] View name 'inventor/item/list', model {link[1]=http://www.item3.com, description[1]=Description 3, link[0]=http://www.item1.com, description[0]=Description 1, version[1]=0, technology[0]=Technology 1, retailPrice[1]=<<USD 3.00>>, list$size=2, technology[1]=Technology 3, retailPrice[0]=<<EUR 1.00>>, code[0]=AAB-000, version[0]=0, code[1]=AAB-002, id[1]=116, id[0]=113, name[1]=Item 3, name[0]=Item 1, command=list-own-components, principal=acme.framework.entities.Principal@57e96606, org.springframework.validation.BindingResult.retailPrice[1]=org.springframework.validation.BeanPropertyBindingResult: 0 errors, org.springframework.validation.BindingResult.retailPrice[0]=org.springframework.validation.BeanPropertyBindingResult: 0 errors, org.springframework.validation.BindingResult.principal=org.springframework.validation.BeanPropertyBindingResult: 0 errors} 
2022-04-03 13:21:37.124 DEBUG [org.apache.jasper.servlet.JspServlet@http-nio-8080-exec-8] JspEngine --> /WEB-INF/views/master/page.jsp 
2022-04-03 13:21:37.124 DEBUG [org.apache.jasper.servlet.JspServlet@http-nio-8080-exec-8] ServletPath: /WEB-INF/views/master/page.jsp 
2022-04-03 13:21:37.125 DEBUG [org.apache.jasper.servlet.JspServlet@http-nio-8080-exec-8] PathInfo: null 
2022-04-03 13:21:37.127 DEBUG [org.apache.jasper.servlet.JspServlet@http-nio-8080-exec-8] RealPath: C:\Users\Antonio\Documents\antonio\informatica\DP2\Workspace-22.0\Projects\Acme-Toolkits\target\classes\WEB-INF\views\master\page.jsp 
2022-04-03 13:21:37.128 DEBUG [org.apache.jasper.servlet.JspServlet@http-nio-8080-exec-8] RequestURI: /acme-toolkits-22.1/WEB-INF/views/master/page.jsp 
2022-04-03 13:21:37.128 DEBUG [org.apache.jasper.servlet.JspServlet@http-nio-8080-exec-8] QueryString: null 
2022-04-03 13:21:37.222 DEBUG [org.apache.jasper.servlet.JspServlet@http-nio-8080-exec-8] JspEngine --> /WEB-INF/views/inventor/item/list.jsp 
2022-04-03 13:21:37.223 DEBUG [org.apache.jasper.servlet.JspServlet@http-nio-8080-exec-8] ServletPath: /WEB-INF/views/master/page.jsp 
2022-04-03 13:21:37.223 DEBUG [org.apache.jasper.servlet.JspServlet@http-nio-8080-exec-8] PathInfo: null 
2022-04-03 13:21:37.225 DEBUG [org.apache.jasper.servlet.JspServlet@http-nio-8080-exec-8] RealPath: C:\Users\Antonio\Documents\antonio\informatica\DP2\Workspace-22.0\Projects\Acme-Toolkits\target\classes\WEB-INF\views\inventor\item\list.jsp 
2022-04-03 13:21:37.226 DEBUG [org.apache.jasper.servlet.JspServlet@http-nio-8080-exec-8] RequestURI: /acme-toolkits-22.1/WEB-INF/views/master/page.jsp 
2022-04-03 13:21:37.226 DEBUG [org.apache.jasper.servlet.JspServlet@http-nio-8080-exec-8] QueryString: null 
2022-04-03 13:21:59.671 DEBUG [acme.framework.controllers.AbstractController@http-nio-8080-exec-3] DISPATCHING GET /acme-toolkits-22.1/inventor/item/show 
2022-04-03 13:21:59.672 DEBUG [acme.framework.controllers.AbstractController@http-nio-8080-exec-3] Command: show 
2022-04-03 13:21:59.672 DEBUG [acme.framework.controllers.AbstractController@http-nio-8080-exec-3] Model:   {id=113} 
2022-04-03 13:21:59.672 DEBUG [acme.framework.controllers.AbstractController@http-nio-8080-exec-3] Locale:  en 
2022-04-03 13:21:59.685 DEBUG [acme.framework.controllers.AbstractController@http-nio-8080-exec-3] SERVING GET /acme-toolkits-22.1/inventor/item/show 
2022-04-03 13:21:59.685 DEBUG [acme.framework.controllers.AbstractController@http-nio-8080-exec-3] Result: ModelAndView [view="master/panic"; model={oops=java.lang.AssertionError: Attribute 'inventor' is missing in your model}] 
2022-04-03 13:21:59.686 DEBUG [acme.framework.components.tiles.DynamicTilesView@http-nio-8080-exec-3] View name 'master/panic', model {oops=java.lang.AssertionError: Attribute 'inventor' is missing in your model, org.springframework.validation.BindingResult.oops=org.springframework.validation.BeanPropertyBindingResult: 0 errors} 
2022-04-03 13:21:59.687 DEBUG [org.apache.jasper.servlet.JspServlet@http-nio-8080-exec-3] JspEngine --> /WEB-INF/views/master/page.jsp 
2022-04-03 13:21:59.688 DEBUG [org.apache.jasper.servlet.JspServlet@http-nio-8080-exec-3] ServletPath: /WEB-INF/views/master/page.jsp 
2022-04-03 13:21:59.688 DEBUG [org.apache.jasper.servlet.JspServlet@http-nio-8080-exec-3] PathInfo: null 
2022-04-03 13:21:59.691 DEBUG [org.apache.jasper.servlet.JspServlet@http-nio-8080-exec-3] RealPath: C:\Users\Antonio\Documents\antonio\informatica\DP2\Workspace-22.0\Projects\Acme-Toolkits\target\classes\WEB-INF\views\master\page.jsp 
2022-04-03 13:21:59.691 DEBUG [org.apache.jasper.servlet.JspServlet@http-nio-8080-exec-3] RequestURI: /acme-toolkits-22.1/WEB-INF/views/master/page.jsp 
2022-04-03 13:21:59.692 DEBUG [org.apache.jasper.servlet.JspServlet@http-nio-8080-exec-3] QueryString: id=113 
2022-04-03 13:21:59.813 DEBUG [org.apache.jasper.servlet.JspServlet@http-nio-8080-exec-3] JspEngine --> /WEB-INF/views/master/panic.jsp 
2022-04-03 13:21:59.813 DEBUG [org.apache.jasper.servlet.JspServlet@http-nio-8080-exec-3] ServletPath: /WEB-INF/views/master/page.jsp 
2022-04-03 13:21:59.814 DEBUG [org.apache.jasper.servlet.JspServlet@http-nio-8080-exec-3] PathInfo: null 
2022-04-03 13:21:59.815 DEBUG [org.apache.jasper.servlet.JspServlet@http-nio-8080-exec-3] RealPath: C:\Users\Antonio\Documents\antonio\informatica\DP2\Workspace-22.0\Projects\Acme-Toolkits\target\classes\WEB-INF\views\master\panic.jsp 
2022-04-03 13:21:59.815 DEBUG [org.apache.jasper.servlet.JspServlet@http-nio-8080-exec-3] RequestURI: /acme-toolkits-22.1/WEB-INF/views/master/page.jsp 
2022-04-03 13:21:59.815 DEBUG [org.apache.jasper.servlet.JspServlet@http-nio-8080-exec-3] QueryString: id=113 
2022-04-03 13:22:00.119 ERROR [org.apache.jsp.WEB_002dINF.views.master.panic_jsp@http-nio-8080-exec-3] HTTP GET /acme-toolkits-22.1/WEB-INF/views/master/page.jsp HTTP/1.1 
2022-04-03 13:22:00.119 ERROR [org.apache.jsp.WEB_002dINF.views.master.panic_jsp@http-nio-8080-exec-3] Status: 500 
2022-04-03 13:22:00.120 ERROR [org.apache.jsp.WEB_002dINF.views.master.panic_jsp@http-nio-8080-exec-3] Exception: acme.framework.components.models.Model.getAttribute(Model.java:163): Attribute 'inventor' is missing in your model 
