2022-04-19 18:17:42.073 INFO  [acme.Launcher@main] Starting Launcher using Java 1.8.0_281 on MSI-FER with PID 11704 (C:\Users\fandr\OneDrive\Escritorio\IngenieriaSFTW\4CUARTO\2CUATRIMESTRE\Diseños y pruebas 2\Workspace-22.0\Workspace-22.0\Frameworks\Acme-Framework-22.3\target\classes started by fandr in C:\Users\fandr\OneDrive\Escritorio\IngenieriaSFTW\4CUARTO\2CUATRIMESTRE\Diseños y pruebas 2\Workspace-22.0\Workspace-22.0\Projects\Acme-Toolkits) 
2022-04-19 18:17:42.076 DEBUG [acme.Launcher@main] Running with Spring Boot v2.4.2, Spring v5.3.3 
2022-04-19 18:17:42.079 INFO  [acme.Launcher@main] The following profiles are active: development,default 
2022-04-19 18:17:48.139 DEBUG [org.apache.jasper.servlet.JasperInitializer@main] Initializing Jasper for context [application] 
2022-04-19 18:18:01.220 DEBUG [org.apache.jasper.servlet.JspServlet@main] Scratch dir for the JSP engine is: [C:\Users\fandr\AppData\Local\Temp\tomcat.8080.986681755221737327\work\Tomcat\localhost\acme-toolkits-22.1] 
2022-04-19 18:18:01.221 DEBUG [org.apache.jasper.servlet.JspServlet@main] IMPORTANT: Do not modify the generated servlets 
2022-04-19 18:18:01.242 INFO  [acme.Launcher@main] Started Launcher in 20.878 seconds (JVM running for 22.754) 
2022-04-19 18:18:01.251 DEBUG [acme.Launcher@main] Found classpath entry '/C:/Users/fandr/OneDrive/Escritorio/IngenieriaSFTW/4CUARTO/2CUATRIMESTRE/Dise%c3%b1os%20y%20pruebas%202/Workspace-22.0/Workspace-22.0/Projects/Acme-Toolkits/target/test-classes/' 
2022-04-19 18:18:01.251 DEBUG [acme.Launcher@main] Found classpath entry '/C:/Users/fandr/OneDrive/Escritorio/IngenieriaSFTW/4CUARTO/2CUATRIMESTRE/Dise%c3%b1os%20y%20pruebas%202/Workspace-22.0/Workspace-22.0/Projects/Acme-Toolkits/target/classes/' 
2022-04-19 18:18:01.252 DEBUG [acme.Launcher@main] Found classpath entry '/C:/Users/fandr/OneDrive/Escritorio/IngenieriaSFTW/4CUARTO/2CUATRIMESTRE/Dise%c3%b1os%20y%20pruebas%202/Workspace-22.0/Workspace-22.0/Frameworks/Acme-Framework-22.3/target/classes/' 
2022-04-19 18:18:01.252 DEBUG [acme.Launcher@main] Found classpath entry '/C:/Users/fandr/OneDrive/Escritorio/IngenieriaSFTW/4CUARTO/2CUATRIMESTRE/Dise%c3%b1os%20y%20pruebas%202/Workspace-22.0/Workspace-22.0/Frameworks/Acme-Framework-22.3/target/test-classes/' 
2022-04-19 18:18:01.252 DEBUG [acme.Launcher@main] Found classpath entry '/C:/Users/fandr/.m2/repository/org/springframework/boot/spring-boot-starter-tomcat/2.4.2/spring-boot-starter-tomcat-2.4.2.jar' 
2022-04-19 18:18:01.252 DEBUG [acme.Launcher@main] Found classpath entry '/C:/Users/fandr/.m2/repository/jakarta/annotation/jakarta.annotation-api/1.3.5/jakarta.annotation-api-1.3.5.jar' 
2022-04-19 18:18:01.253 DEBUG [acme.Launcher@main] Found classpath entry '/C:/Users/fandr/.m2/repository/org/apache/tomcat/embed/tomcat-embed-core/9.0.41/tomcat-embed-core-9.0.41.jar' 
2022-04-19 18:18:01.253 DEBUG [acme.Launcher@main] Found classpath entry '/C:/Users/fandr/.m2/repository/org/glassfish/jakarta.el/3.0.3/jakarta.el-3.0.3.jar' 
2022-04-19 18:18:01.254 DEBUG [acme.Launcher@main] Found classpath entry '/C:/Users/fandr/.m2/repository/org/apache/tomcat/embed/tomcat-embed-websocket/9.0.41/tomcat-embed-websocket-9.0.41.jar' 
2022-04-19 18:18:01.255 DEBUG [acme.Launcher@main] Found classpath entry '/C:/Users/fandr/.m2/repository/org/apache/tomcat/embed/tomcat-embed-jasper/9.0.41/tomcat-embed-jasper-9.0.41.jar' 
2022-04-19 18:18:01.255 DEBUG [acme.Launcher@main] Found classpath entry '/C:/Users/fandr/.m2/repository/org/apache/tomcat/embed/tomcat-embed-el/9.0.41/tomcat-embed-el-9.0.41.jar' 
2022-04-19 18:18:01.256 DEBUG [acme.Launcher@main] Found classpath entry '/C:/Users/fandr/.m2/repository/org/eclipse/jdt/ecj/3.18.0/ecj-3.18.0.jar' 
2022-04-19 18:18:01.256 DEBUG [acme.Launcher@main] Found classpath entry '/C:/Users/fandr/.m2/repository/javax/servlet/jstl/1.2/jstl-1.2.jar' 
2022-04-19 18:18:01.257 DEBUG [acme.Launcher@main] Found classpath entry '/C:/Users/fandr/.m2/repository/org/springframework/boot/spring-boot-starter-test/2.4.2/spring-boot-starter-test-2.4.2.jar' 
2022-04-19 18:18:01.257 DEBUG [acme.Launcher@main] Found classpath entry '/C:/Users/fandr/.m2/repository/org/springframework/boot/spring-boot-starter/2.4.2/spring-boot-starter-2.4.2.jar' 
2022-04-19 18:18:01.258 DEBUG [acme.Launcher@main] Found classpath entry '/C:/Users/fandr/.m2/repository/org/springframework/boot/spring-boot/2.4.2/spring-boot-2.4.2.jar' 
2022-04-19 18:18:01.258 DEBUG [acme.Launcher@main] Found classpath entry '/C:/Users/fandr/.m2/repository/org/springframework/boot/spring-boot-autoconfigure/2.4.2/spring-boot-autoconfigure-2.4.2.jar' 
2022-04-19 18:18:01.259 DEBUG [acme.Launcher@main] Found classpath entry '/C:/Users/fandr/.m2/repository/org/springframework/boot/spring-boot-starter-logging/2.4.2/spring-boot-starter-logging-2.4.2.jar' 
2022-04-19 18:18:01.259 DEBUG [acme.Launcher@main] Found classpath entry '/C:/Users/fandr/.m2/repository/ch/qos/logback/logback-classic/1.2.3/logback-classic-1.2.3.jar' 
2022-04-19 18:18:01.260 DEBUG [acme.Launcher@main] Found classpath entry '/C:/Users/fandr/.m2/repository/ch/qos/logback/logback-core/1.2.3/logback-core-1.2.3.jar' 
2022-04-19 18:18:01.260 DEBUG [acme.Launcher@main] Found classpath entry '/C:/Users/fandr/.m2/repository/org/apache/logging/log4j/log4j-to-slf4j/2.13.3/log4j-to-slf4j-2.13.3.jar' 
2022-04-19 18:18:01.260 DEBUG [acme.Launcher@main] Found classpath entry '/C:/Users/fandr/.m2/repository/org/apache/logging/log4j/log4j-api/2.13.3/log4j-api-2.13.3.jar' 
2022-04-19 18:18:01.261 DEBUG [acme.Launcher@main] Found classpath entry '/C:/Users/fandr/.m2/repository/org/slf4j/jul-to-slf4j/1.7.30/jul-to-slf4j-1.7.30.jar' 
2022-04-19 18:18:01.262 DEBUG [acme.Launcher@main] Found classpath entry '/C:/Users/fandr/.m2/repository/org/yaml/snakeyaml/1.27/snakeyaml-1.27.jar' 
2022-04-19 18:18:01.262 DEBUG [acme.Launcher@main] Found classpath entry '/C:/Users/fandr/.m2/repository/org/springframework/boot/spring-boot-test/2.4.2/spring-boot-test-2.4.2.jar' 
2022-04-19 18:18:01.262 DEBUG [acme.Launcher@main] Found classpath entry '/C:/Users/fandr/.m2/repository/org/springframework/boot/spring-boot-test-autoconfigure/2.4.2/spring-boot-test-autoconfigure-2.4.2.jar' 
2022-04-19 18:18:01.262 DEBUG [acme.Launcher@main] Found classpath entry '/C:/Users/fandr/.m2/repository/com/jayway/jsonpath/json-path/2.4.0/json-path-2.4.0.jar' 
2022-04-19 18:18:01.263 DEBUG [acme.Launcher@main] Found classpath entry '/C:/Users/fandr/.m2/repository/net/minidev/json-smart/2.3/json-smart-2.3.jar' 
2022-04-19 18:18:01.263 DEBUG [acme.Launcher@main] Found classpath entry '/C:/Users/fandr/.m2/repository/net/minidev/accessors-smart/1.2/accessors-smart-1.2.jar' 
2022-04-19 18:18:01.264 DEBUG [acme.Launcher@main] Found classpath entry '/C:/Users/fandr/.m2/repository/org/ow2/asm/asm/5.0.4/asm-5.0.4.jar' 
2022-04-19 18:18:01.264 DEBUG [acme.Launcher@main] Found classpath entry '/C:/Users/fandr/.m2/repository/jakarta/xml/bind/jakarta.xml.bind-api/2.3.3/jakarta.xml.bind-api-2.3.3.jar' 
2022-04-19 18:18:01.265 DEBUG [acme.Launcher@main] Found classpath entry '/C:/Users/fandr/.m2/repository/jakarta/activation/jakarta.activation-api/1.2.2/jakarta.activation-api-1.2.2.jar' 
2022-04-19 18:18:01.265 DEBUG [acme.Launcher@main] Found classpath entry '/C:/Users/fandr/.m2/repository/org/assertj/assertj-core/3.18.1/assertj-core-3.18.1.jar' 
2022-04-19 18:18:01.265 DEBUG [acme.Launcher@main] Found classpath entry '/C:/Users/fandr/.m2/repository/org/hamcrest/hamcrest/2.2/hamcrest-2.2.jar' 
2022-04-19 18:18:01.266 DEBUG [acme.Launcher@main] Found classpath entry '/C:/Users/fandr/.m2/repository/org/junit/jupiter/junit-jupiter/5.7.0/junit-jupiter-5.7.0.jar' 
2022-04-19 18:18:01.266 DEBUG [acme.Launcher@main] Found classpath entry '/C:/Users/fandr/.m2/repository/org/mockito/mockito-core/3.6.28/mockito-core-3.6.28.jar' 
2022-04-19 18:18:01.266 DEBUG [acme.Launcher@main] Found classpath entry '/C:/Users/fandr/.m2/repository/net/bytebuddy/byte-buddy-agent/1.10.19/byte-buddy-agent-1.10.19.jar' 
2022-04-19 18:18:01.267 DEBUG [acme.Launcher@main] Found classpath entry '/C:/Users/fandr/.m2/repository/org/objenesis/objenesis/3.1/objenesis-3.1.jar' 
2022-04-19 18:18:01.267 DEBUG [acme.Launcher@main] Found classpath entry '/C:/Users/fandr/.m2/repository/org/mockito/mockito-junit-jupiter/3.6.28/mockito-junit-jupiter-3.6.28.jar' 
2022-04-19 18:18:01.268 DEBUG [acme.Launcher@main] Found classpath entry '/C:/Users/fandr/.m2/repository/org/skyscreamer/jsonassert/1.5.0/jsonassert-1.5.0.jar' 
2022-04-19 18:18:01.268 DEBUG [acme.Launcher@main] Found classpath entry '/C:/Users/fandr/.m2/repository/com/vaadin/external/google/android-json/0.0.20131108.vaadin1/android-json-0.0.20131108.vaadin1.jar' 
2022-04-19 18:18:01.268 DEBUG [acme.Launcher@main] Found classpath entry '/C:/Users/fandr/.m2/repository/org/springframework/spring-core/5.3.3/spring-core-5.3.3.jar' 
2022-04-19 18:18:01.269 DEBUG [acme.Launcher@main] Found classpath entry '/C:/Users/fandr/.m2/repository/org/springframework/spring-jcl/5.3.3/spring-jcl-5.3.3.jar' 
2022-04-19 18:18:01.269 DEBUG [acme.Launcher@main] Found classpath entry '/C:/Users/fandr/.m2/repository/org/springframework/spring-test/5.3.3/spring-test-5.3.3.jar' 
2022-04-19 18:18:01.270 DEBUG [acme.Launcher@main] Found classpath entry '/C:/Users/fandr/.m2/repository/org/xmlunit/xmlunit-core/2.7.0/xmlunit-core-2.7.0.jar' 
2022-04-19 18:18:01.270 DEBUG [acme.Launcher@main] Found classpath entry '/C:/Users/fandr/.m2/repository/org/springframework/boot/spring-boot-starter-security/2.4.2/spring-boot-starter-security-2.4.2.jar' 
2022-04-19 18:18:01.270 DEBUG [acme.Launcher@main] Found classpath entry '/C:/Users/fandr/.m2/repository/org/springframework/spring-aop/5.3.3/spring-aop-5.3.3.jar' 
2022-04-19 18:18:01.271 DEBUG [acme.Launcher@main] Found classpath entry '/C:/Users/fandr/.m2/repository/org/springframework/security/spring-security-web/5.4.2/spring-security-web-5.4.2.jar' 
2022-04-19 18:18:01.271 DEBUG [acme.Launcher@main] Found classpath entry '/C:/Users/fandr/.m2/repository/org/springframework/security/spring-security-core/5.4.2/spring-security-core-5.4.2.jar' 
2022-04-19 18:18:01.271 DEBUG [acme.Launcher@main] Found classpath entry '/C:/Users/fandr/.m2/repository/org/springframework/spring-beans/5.3.3/spring-beans-5.3.3.jar' 
2022-04-19 18:18:01.271 DEBUG [acme.Launcher@main] Found classpath entry '/C:/Users/fandr/.m2/repository/org/springframework/spring-context/5.3.3/spring-context-5.3.3.jar' 
2022-04-19 18:18:01.271 DEBUG [acme.Launcher@main] Found classpath entry '/C:/Users/fandr/.m2/repository/org/springframework/spring-expression/5.3.3/spring-expression-5.3.3.jar' 
2022-04-19 18:18:01.272 DEBUG [acme.Launcher@main] Found classpath entry '/C:/Users/fandr/.m2/repository/org/springframework/spring-web/5.3.3/spring-web-5.3.3.jar' 
2022-04-19 18:18:01.272 DEBUG [acme.Launcher@main] Found classpath entry '/C:/Users/fandr/.m2/repository/org/springframework/security/spring-security-config/5.4.2/spring-security-config-5.4.2.jar' 
2022-04-19 18:18:01.273 DEBUG [acme.Launcher@main] Found classpath entry '/C:/Users/fandr/.m2/repository/org/springframework/security/spring-security-taglibs/5.4.2/spring-security-taglibs-5.4.2.jar' 
2022-04-19 18:18:01.273 DEBUG [acme.Launcher@main] Found classpath entry '/C:/Users/fandr/.m2/repository/org/springframework/security/spring-security-acl/5.4.2/spring-security-acl-5.4.2.jar' 
2022-04-19 18:18:01.273 DEBUG [acme.Launcher@main] Found classpath entry '/C:/Users/fandr/.m2/repository/org/springframework/spring-jdbc/5.3.3/spring-jdbc-5.3.3.jar' 
2022-04-19 18:18:01.274 DEBUG [acme.Launcher@main] Found classpath entry '/C:/Users/fandr/.m2/repository/org/springframework/spring-tx/5.3.3/spring-tx-5.3.3.jar' 
2022-04-19 18:18:01.274 DEBUG [acme.Launcher@main] Found classpath entry '/C:/Users/fandr/.m2/repository/org/springframework/boot/spring-boot-starter-web/2.4.2/spring-boot-starter-web-2.4.2.jar' 
2022-04-19 18:18:01.274 DEBUG [acme.Launcher@main] Found classpath entry '/C:/Users/fandr/.m2/repository/org/springframework/boot/spring-boot-starter-json/2.4.2/spring-boot-starter-json-2.4.2.jar' 
2022-04-19 18:18:01.274 DEBUG [acme.Launcher@main] Found classpath entry '/C:/Users/fandr/.m2/repository/com/fasterxml/jackson/core/jackson-databind/2.11.4/jackson-databind-2.11.4.jar' 
2022-04-19 18:18:01.274 DEBUG [acme.Launcher@main] Found classpath entry '/C:/Users/fandr/.m2/repository/com/fasterxml/jackson/core/jackson-annotations/2.11.4/jackson-annotations-2.11.4.jar' 
2022-04-19 18:18:01.275 DEBUG [acme.Launcher@main] Found classpath entry '/C:/Users/fandr/.m2/repository/com/fasterxml/jackson/core/jackson-core/2.11.4/jackson-core-2.11.4.jar' 
2022-04-19 18:18:01.275 DEBUG [acme.Launcher@main] Found classpath entry '/C:/Users/fandr/.m2/repository/com/fasterxml/jackson/datatype/jackson-datatype-jdk8/2.11.4/jackson-datatype-jdk8-2.11.4.jar' 
2022-04-19 18:18:01.275 DEBUG [acme.Launcher@main] Found classpath entry '/C:/Users/fandr/.m2/repository/com/fasterxml/jackson/datatype/jackson-datatype-jsr310/2.11.4/jackson-datatype-jsr310-2.11.4.jar' 
2022-04-19 18:18:01.275 DEBUG [acme.Launcher@main] Found classpath entry '/C:/Users/fandr/.m2/repository/com/fasterxml/jackson/module/jackson-module-parameter-names/2.11.4/jackson-module-parameter-names-2.11.4.jar' 
2022-04-19 18:18:01.275 DEBUG [acme.Launcher@main] Found classpath entry '/C:/Users/fandr/.m2/repository/org/springframework/spring-webmvc/5.3.3/spring-webmvc-5.3.3.jar' 
2022-04-19 18:18:01.276 DEBUG [acme.Launcher@main] Found classpath entry '/C:/Users/fandr/.m2/repository/org/apache/tiles/tiles-jsp/3.0.8/tiles-jsp-3.0.8.jar' 
2022-04-19 18:18:01.276 DEBUG [acme.Launcher@main] Found classpath entry '/C:/Users/fandr/.m2/repository/org/apache/tiles/tiles-servlet/3.0.8/tiles-servlet-3.0.8.jar' 
2022-04-19 18:18:01.277 DEBUG [acme.Launcher@main] Found classpath entry '/C:/Users/fandr/.m2/repository/org/apache/tiles/tiles-core/3.0.8/tiles-core-3.0.8.jar' 
2022-04-19 18:18:01.277 DEBUG [acme.Launcher@main] Found classpath entry '/C:/Users/fandr/.m2/repository/commons-digester/commons-digester/2.0/commons-digester-2.0.jar' 
2022-04-19 18:18:01.277 DEBUG [acme.Launcher@main] Found classpath entry '/C:/Users/fandr/.m2/repository/org/slf4j/jcl-over-slf4j/1.7.30/jcl-over-slf4j-1.7.30.jar' 
2022-04-19 18:18:01.278 DEBUG [acme.Launcher@main] Found classpath entry '/C:/Users/fandr/.m2/repository/org/apache/tiles/tiles-request-servlet/1.0.7/tiles-request-servlet-1.0.7.jar' 
2022-04-19 18:18:01.278 DEBUG [acme.Launcher@main] Found classpath entry '/C:/Users/fandr/.m2/repository/org/apache/tiles/tiles-template/3.0.8/tiles-template-3.0.8.jar' 
2022-04-19 18:18:01.278 DEBUG [acme.Launcher@main] Found classpath entry '/C:/Users/fandr/.m2/repository/org/apache/tiles/tiles-api/3.0.8/tiles-api-3.0.8.jar' 
2022-04-19 18:18:01.279 DEBUG [acme.Launcher@main] Found classpath entry '/C:/Users/fandr/.m2/repository/org/apache/tiles/tiles-autotag-core-runtime/1.2/tiles-autotag-core-runtime-1.2.jar' 
2022-04-19 18:18:01.279 DEBUG [acme.Launcher@main] Found classpath entry '/C:/Users/fandr/.m2/repository/org/slf4j/slf4j-api/1.7.30/slf4j-api-1.7.30.jar' 
2022-04-19 18:18:01.279 DEBUG [acme.Launcher@main] Found classpath entry '/C:/Users/fandr/.m2/repository/org/apache/tiles/tiles-request-jsp/1.0.7/tiles-request-jsp-1.0.7.jar' 
2022-04-19 18:18:01.280 DEBUG [acme.Launcher@main] Found classpath entry '/C:/Users/fandr/.m2/repository/org/apache/tiles/tiles-request-api/1.0.7/tiles-request-api-1.0.7.jar' 
2022-04-19 18:18:01.280 DEBUG [acme.Launcher@main] Found classpath entry '/C:/Users/fandr/.m2/repository/org/springframework/boot/spring-boot-starter-data-jpa/2.4.2/spring-boot-starter-data-jpa-2.4.2.jar' 
2022-04-19 18:18:01.280 DEBUG [acme.Launcher@main] Found classpath entry '/C:/Users/fandr/.m2/repository/org/springframework/boot/spring-boot-starter-aop/2.4.2/spring-boot-starter-aop-2.4.2.jar' 
2022-04-19 18:18:01.280 DEBUG [acme.Launcher@main] Found classpath entry '/C:/Users/fandr/.m2/repository/org/aspectj/aspectjweaver/1.9.6/aspectjweaver-1.9.6.jar' 
2022-04-19 18:18:01.281 DEBUG [acme.Launcher@main] Found classpath entry '/C:/Users/fandr/.m2/repository/org/springframework/boot/spring-boot-starter-jdbc/2.4.2/spring-boot-starter-jdbc-2.4.2.jar' 
2022-04-19 18:18:01.281 DEBUG [acme.Launcher@main] Found classpath entry '/C:/Users/fandr/.m2/repository/jakarta/transaction/jakarta.transaction-api/1.3.3/jakarta.transaction-api-1.3.3.jar' 
2022-04-19 18:18:01.282 DEBUG [acme.Launcher@main] Found classpath entry '/C:/Users/fandr/.m2/repository/jakarta/persistence/jakarta.persistence-api/2.2.3/jakarta.persistence-api-2.2.3.jar' 
2022-04-19 18:18:01.282 DEBUG [acme.Launcher@main] Found classpath entry '/C:/Users/fandr/.m2/repository/org/hibernate/hibernate-core/5.4.27.Final/hibernate-core-5.4.27.Final.jar' 
2022-04-19 18:18:01.282 DEBUG [acme.Launcher@main] Found classpath entry '/C:/Users/fandr/.m2/repository/org/jboss/logging/jboss-logging/3.4.1.Final/jboss-logging-3.4.1.Final.jar' 
2022-04-19 18:18:01.283 DEBUG [acme.Launcher@main] Found classpath entry '/C:/Users/fandr/.m2/repository/org/javassist/javassist/3.27.0-GA/javassist-3.27.0-GA.jar' 
2022-04-19 18:18:01.283 DEBUG [acme.Launcher@main] Found classpath entry '/C:/Users/fandr/.m2/repository/antlr/antlr/2.7.7/antlr-2.7.7.jar' 
2022-04-19 18:18:01.284 DEBUG [acme.Launcher@main] Found classpath entry '/C:/Users/fandr/.m2/repository/org/jboss/jandex/2.1.3.Final/jandex-2.1.3.Final.jar' 
2022-04-19 18:18:01.284 DEBUG [acme.Launcher@main] Found classpath entry '/C:/Users/fandr/.m2/repository/com/fasterxml/classmate/1.5.1/classmate-1.5.1.jar' 
2022-04-19 18:18:01.284 DEBUG [acme.Launcher@main] Found classpath entry '/C:/Users/fandr/.m2/repository/org/dom4j/dom4j/2.1.3/dom4j-2.1.3.jar' 
2022-04-19 18:18:01.285 DEBUG [acme.Launcher@main] Found classpath entry '/C:/Users/fandr/.m2/repository/org/hibernate/common/hibernate-commons-annotations/5.1.2.Final/hibernate-commons-annotations-5.1.2.Final.jar' 
2022-04-19 18:18:01.285 DEBUG [acme.Launcher@main] Found classpath entry '/C:/Users/fandr/.m2/repository/org/glassfish/jaxb/jaxb-runtime/2.3.3/jaxb-runtime-2.3.3.jar' 
2022-04-19 18:18:01.286 DEBUG [acme.Launcher@main] Found classpath entry '/C:/Users/fandr/.m2/repository/org/glassfish/jaxb/txw2/2.3.3/txw2-2.3.3.jar' 
2022-04-19 18:18:01.286 DEBUG [acme.Launcher@main] Found classpath entry '/C:/Users/fandr/.m2/repository/com/sun/istack/istack-commons-runtime/3.0.11/istack-commons-runtime-3.0.11.jar' 
2022-04-19 18:18:01.286 DEBUG [acme.Launcher@main] Found classpath entry '/C:/Users/fandr/.m2/repository/com/sun/activation/jakarta.activation/1.2.2/jakarta.activation-1.2.2.jar' 
2022-04-19 18:18:01.287 DEBUG [acme.Launcher@main] Found classpath entry '/C:/Users/fandr/.m2/repository/org/springframework/data/spring-data-jpa/2.4.3/spring-data-jpa-2.4.3.jar' 
2022-04-19 18:18:01.287 DEBUG [acme.Launcher@main] Found classpath entry '/C:/Users/fandr/.m2/repository/org/springframework/data/spring-data-commons/2.4.3/spring-data-commons-2.4.3.jar' 
2022-04-19 18:18:01.287 DEBUG [acme.Launcher@main] Found classpath entry '/C:/Users/fandr/.m2/repository/org/springframework/spring-orm/5.3.3/spring-orm-5.3.3.jar' 
2022-04-19 18:18:01.287 DEBUG [acme.Launcher@main] Found classpath entry '/C:/Users/fandr/.m2/repository/org/springframework/spring-aspects/5.3.3/spring-aspects-5.3.3.jar' 
2022-04-19 18:18:01.288 DEBUG [acme.Launcher@main] Found classpath entry '/C:/Users/fandr/.m2/repository/org/springframework/boot/spring-boot-starter-validation/2.4.2/spring-boot-starter-validation-2.4.2.jar' 
2022-04-19 18:18:01.288 DEBUG [acme.Launcher@main] Found classpath entry '/C:/Users/fandr/.m2/repository/org/hibernate/validator/hibernate-validator/6.1.7.Final/hibernate-validator-6.1.7.Final.jar' 
2022-04-19 18:18:01.288 DEBUG [acme.Launcher@main] Found classpath entry '/C:/Users/fandr/.m2/repository/jakarta/validation/jakarta.validation-api/2.0.2/jakarta.validation-api-2.0.2.jar' 
2022-04-19 18:18:01.288 DEBUG [acme.Launcher@main] Found classpath entry '/C:/Users/fandr/.m2/repository/mysql/mysql-connector-java/8.0.22/mysql-connector-java-8.0.22.jar' 
2022-04-19 18:18:01.288 DEBUG [acme.Launcher@main] Found classpath entry '/C:/Users/fandr/.m2/repository/com/zaxxer/HikariCP/3.4.5/HikariCP-3.4.5.jar' 
2022-04-19 18:18:01.289 DEBUG [acme.Launcher@main] Found classpath entry '/C:/Users/fandr/.m2/repository/org/junit/jupiter/junit-jupiter-engine/5.7.0/junit-jupiter-engine-5.7.0.jar' 
2022-04-19 18:18:01.289 DEBUG [acme.Launcher@main] Found classpath entry '/C:/Users/fandr/.m2/repository/org/apiguardian/apiguardian-api/1.1.0/apiguardian-api-1.1.0.jar' 
2022-04-19 18:18:01.289 DEBUG [acme.Launcher@main] Found classpath entry '/C:/Users/fandr/.m2/repository/org/junit/platform/junit-platform-engine/1.7.0/junit-platform-engine-1.7.0.jar' 
2022-04-19 18:18:01.290 DEBUG [acme.Launcher@main] Found classpath entry '/C:/Users/fandr/.m2/repository/org/junit/jupiter/junit-jupiter-api/5.7.0/junit-jupiter-api-5.7.0.jar' 
2022-04-19 18:18:01.290 DEBUG [acme.Launcher@main] Found classpath entry '/C:/Users/fandr/.m2/repository/org/opentest4j/opentest4j/1.2.0/opentest4j-1.2.0.jar' 
2022-04-19 18:18:01.290 DEBUG [acme.Launcher@main] Found classpath entry '/C:/Users/fandr/.m2/repository/org/junit/platform/junit-platform-commons/1.7.0/junit-platform-commons-1.7.0.jar' 
2022-04-19 18:18:01.290 DEBUG [acme.Launcher@main] Found classpath entry '/C:/Users/fandr/.m2/repository/org/junit/jupiter/junit-jupiter-params/5.7.0/junit-jupiter-params-5.7.0.jar' 
2022-04-19 18:18:01.290 DEBUG [acme.Launcher@main] Found classpath entry '/C:/Users/fandr/.m2/repository/org/junit/platform/junit-platform-launcher/1.7.0/junit-platform-launcher-1.7.0.jar' 
2022-04-19 18:18:01.291 DEBUG [acme.Launcher@main] Found classpath entry '/C:/Users/fandr/.m2/repository/org/seleniumhq/selenium/selenium-java/3.141.59/selenium-java-3.141.59.jar' 
2022-04-19 18:18:01.291 DEBUG [acme.Launcher@main] Found classpath entry '/C:/Users/fandr/.m2/repository/org/seleniumhq/selenium/selenium-api/3.141.59/selenium-api-3.141.59.jar' 
2022-04-19 18:18:01.291 DEBUG [acme.Launcher@main] Found classpath entry '/C:/Users/fandr/.m2/repository/org/seleniumhq/selenium/selenium-chrome-driver/3.141.59/selenium-chrome-driver-3.141.59.jar' 
2022-04-19 18:18:01.292 DEBUG [acme.Launcher@main] Found classpath entry '/C:/Users/fandr/.m2/repository/org/seleniumhq/selenium/selenium-edge-driver/3.141.59/selenium-edge-driver-3.141.59.jar' 
2022-04-19 18:18:01.292 DEBUG [acme.Launcher@main] Found classpath entry '/C:/Users/fandr/.m2/repository/org/seleniumhq/selenium/selenium-firefox-driver/3.141.59/selenium-firefox-driver-3.141.59.jar' 
2022-04-19 18:18:01.292 DEBUG [acme.Launcher@main] Found classpath entry '/C:/Users/fandr/.m2/repository/org/seleniumhq/selenium/selenium-ie-driver/3.141.59/selenium-ie-driver-3.141.59.jar' 
2022-04-19 18:18:01.292 DEBUG [acme.Launcher@main] Found classpath entry '/C:/Users/fandr/.m2/repository/org/seleniumhq/selenium/selenium-opera-driver/3.141.59/selenium-opera-driver-3.141.59.jar' 
2022-04-19 18:18:01.293 DEBUG [acme.Launcher@main] Found classpath entry '/C:/Users/fandr/.m2/repository/org/seleniumhq/selenium/selenium-remote-driver/3.141.59/selenium-remote-driver-3.141.59.jar' 
2022-04-19 18:18:01.293 DEBUG [acme.Launcher@main] Found classpath entry '/C:/Users/fandr/.m2/repository/org/seleniumhq/selenium/selenium-safari-driver/3.141.59/selenium-safari-driver-3.141.59.jar' 
2022-04-19 18:18:01.293 DEBUG [acme.Launcher@main] Found classpath entry '/C:/Users/fandr/.m2/repository/org/seleniumhq/selenium/selenium-support/3.141.59/selenium-support-3.141.59.jar' 
2022-04-19 18:18:01.293 DEBUG [acme.Launcher@main] Found classpath entry '/C:/Users/fandr/.m2/repository/net/bytebuddy/byte-buddy/1.10.19/byte-buddy-1.10.19.jar' 
2022-04-19 18:18:01.293 DEBUG [acme.Launcher@main] Found classpath entry '/C:/Users/fandr/.m2/repository/org/apache/commons/commons-exec/1.3/commons-exec-1.3.jar' 
2022-04-19 18:18:01.294 DEBUG [acme.Launcher@main] Found classpath entry '/C:/Users/fandr/.m2/repository/com/google/guava/guava/25.0-jre/guava-25.0-jre.jar' 
2022-04-19 18:18:01.294 DEBUG [acme.Launcher@main] Found classpath entry '/C:/Users/fandr/.m2/repository/com/google/code/findbugs/jsr305/1.3.9/jsr305-1.3.9.jar' 
2022-04-19 18:18:01.294 DEBUG [acme.Launcher@main] Found classpath entry '/C:/Users/fandr/.m2/repository/org/checkerframework/checker-compat-qual/2.0.0/checker-compat-qual-2.0.0.jar' 
2022-04-19 18:18:01.294 DEBUG [acme.Launcher@main] Found classpath entry '/C:/Users/fandr/.m2/repository/com/google/errorprone/error_prone_annotations/2.1.3/error_prone_annotations-2.1.3.jar' 
2022-04-19 18:18:01.295 DEBUG [acme.Launcher@main] Found classpath entry '/C:/Users/fandr/.m2/repository/com/google/j2objc/j2objc-annotations/1.1/j2objc-annotations-1.1.jar' 
2022-04-19 18:18:01.295 DEBUG [acme.Launcher@main] Found classpath entry '/C:/Users/fandr/.m2/repository/org/codehaus/mojo/animal-sniffer-annotations/1.14/animal-sniffer-annotations-1.14.jar' 
2022-04-19 18:18:01.295 DEBUG [acme.Launcher@main] Found classpath entry '/C:/Users/fandr/.m2/repository/com/squareup/okhttp3/okhttp/3.14.9/okhttp-3.14.9.jar' 
2022-04-19 18:18:01.295 DEBUG [acme.Launcher@main] Found classpath entry '/C:/Users/fandr/.m2/repository/com/squareup/okio/okio/1.14.0/okio-1.14.0.jar' 
2022-04-19 18:18:01.295 DEBUG [acme.Launcher@main] Found classpath entry '/C:/Users/fandr/.m2/repository/org/apache/commons/commons-lang3/3.11/commons-lang3-3.11.jar' 
2022-04-19 18:18:01.296 DEBUG [acme.Launcher@main] Found classpath entry '/C:/Users/fandr/.m2/repository/org/apache/commons/commons-text/1.8/commons-text-1.8.jar' 
2022-04-19 18:18:01.296 DEBUG [acme.Launcher@main] Found classpath entry '/C:/Users/fandr/.m2/repository/commons-io/commons-io/2.6/commons-io-2.6.jar' 
2022-04-19 18:18:01.297 DEBUG [acme.Launcher@main] Found classpath entry '/C:/Users/fandr/.m2/repository/commons-cli/commons-cli/1.4/commons-cli-1.4.jar' 
2022-04-19 18:18:01.297 DEBUG [acme.Launcher@main] Found classpath entry '/C:/Users/fandr/.m2/repository/org/projectlombok/lombok/1.18.16/lombok-1.18.16.jar' 
2022-04-19 18:18:01.297 DEBUG [acme.Launcher@main] Found classpath entry '/C:/Users/fandr/.m2/repository/com/opencsv/opencsv/5.4/opencsv-5.4.jar' 
2022-04-19 18:18:01.297 DEBUG [acme.Launcher@main] Found classpath entry '/C:/Users/fandr/.m2/repository/commons-beanutils/commons-beanutils/1.9.4/commons-beanutils-1.9.4.jar' 
2022-04-19 18:18:01.297 DEBUG [acme.Launcher@main] Found classpath entry '/C:/Users/fandr/.m2/repository/commons-logging/commons-logging/1.2/commons-logging-1.2.jar' 
2022-04-19 18:18:01.297 DEBUG [acme.Launcher@main] Found classpath entry '/C:/Users/fandr/.m2/repository/commons-collections/commons-collections/3.2.2/commons-collections-3.2.2.jar' 
2022-04-19 18:18:01.297 DEBUG [acme.Launcher@main] Found classpath entry '/C:/Users/fandr/.m2/repository/org/apache/commons/commons-collections4/4.4/commons-collections4-4.4.jar' 
2022-04-19 18:18:01.297 DEBUG [acme.Launcher@main] Found classpath entry '/C:/Users/fandr/eclipse/java-2021-09/eclipse/configuration/org.eclipse.osgi/222/0/.cp/lib/javaagent-shaded.jar' 
2022-04-19 18:18:01.466 DEBUG [acme.Launcher@main] Found entity class 'acme.entities.announcements.Announcement 
2022-04-19 18:18:01.467 DEBUG [acme.Launcher@main] Found entity class 'acme.entities.chirp.Chirp 
2022-04-19 18:18:01.467 DEBUG [acme.Launcher@main] Found entity class 'acme.entities.item.Amount 
2022-04-19 18:18:01.467 DEBUG [acme.Launcher@main] Found entity class 'acme.entities.item.Item 
2022-04-19 18:18:01.467 DEBUG [acme.Launcher@main] Found entity class 'acme.entities.patronageReport.PatronageReport 
2022-04-19 18:18:01.468 DEBUG [acme.Launcher@main] Found entity class 'acme.entities.patronages.Patronage 
2022-04-19 18:18:01.468 DEBUG [acme.Launcher@main] Found entity class 'acme.entities.tookit.Toolkit 
2022-04-19 18:18:01.468 DEBUG [acme.Launcher@main] Found entity class 'acme.roles.Inventor 
2022-04-19 18:18:01.468 DEBUG [acme.Launcher@main] Found entity class 'acme.roles.Patron 
2022-04-19 18:18:01.468 DEBUG [acme.Launcher@main] Found entity class 'acme.systemConfiguration.SystemConfiguration 
2022-04-19 18:18:01.469 DEBUG [acme.Launcher@main] Found entity class 'acme.framework.entities.UserAccount 
2022-04-19 18:18:01.469 DEBUG [acme.Launcher@main] Found entity class 'acme.framework.roles.Administrator 
2022-04-19 18:18:01.469 DEBUG [acme.Launcher@main] Found entity class 'acme.framework.roles.Anonymous 
2022-04-19 18:18:01.469 DEBUG [acme.Launcher@main] Found entity class 'acme.framework.roles.Any 
2022-04-19 18:18:01.470 DEBUG [acme.Launcher@main] Found entity class 'acme.framework.roles.Authenticated 
2022-04-19 18:18:01.476 INFO  [acme.Launcher@main] Running application (Standalone) 
2022-04-19 18:18:05.769 DEBUG [org.hibernate.SQL@http-nio-8080-exec-2] select useraccoun0_.id as id1_0_, useraccoun0_.version as version2_0_, useraccoun0_.enabled as enabled1_15_, useraccoun0_.identity as identity2_15_, useraccoun0_.password as password3_15_, useraccoun0_.username as username4_15_ from user_account useraccoun0_ where useraccoun0_.username=? 
2022-04-19 18:18:05.858 TRACE [org.hibernate.type.descriptor.sql.BasicBinder@http-nio-8080-exec-2] binding parameter [1] as [VARCHAR] - [inventor1] 
2022-04-19 18:18:06.069 DEBUG [org.hibernate.SQL@http-nio-8080-exec-2] select roles0_.user_account_id as user_acc1_16_0_, roles0_.id as id1_16_0_, roles0_.id as id1_0_1_, roles0_.version as version2_0_1_, roles0_.user_account_id as user_acc1_16_1_, roles0_.company as company1_8_1_, roles0_.optional_link as optional2_8_1_, roles0_.statement as statemen3_8_1_, roles0_.company as company1_10_1_, roles0_.optional_link as optional2_10_1_, roles0_.statement as statemen3_10_1_, roles0_.clazz_ as clazz_1_ from ( select id, version, user_account_id, company, optional_link, statement, 9 as clazz_ from inventor union all select id, version, user_account_id, company, optional_link, statement, 10 as clazz_ from patron union all select id, version, user_account_id, null as company, null as optional_link, null as statement, 13 as clazz_ from administrator union all select id, version, user_account_id, null as company, null as optional_link, null as statement, 14 as clazz_ from anonymous union all select id, version, user_account_id, null as company, null as optional_link, null as statement, 15 as clazz_ from any union all select id, version, user_account_id, null as company, null as optional_link, null as statement, 16 as clazz_ from authenticated ) roles0_ where roles0_.user_account_id=? 
2022-04-19 18:18:06.071 TRACE [org.hibernate.type.descriptor.sql.BasicBinder@http-nio-8080-exec-2] binding parameter [1] as [INTEGER] - [22] 
2022-04-19 18:18:06.291 DEBUG [acme.framework.components.tiles.DynamicTilesView@http-nio-8080-exec-3] View name 'fragments/welcome', model {} 
2022-04-19 18:18:06.329 DEBUG [org.apache.tiles.definition.dao.BaseLocaleUrlDefinitionDAO@http-nio-8080-exec-3] File Resource file:/C:/Users/fandr/OneDrive/Escritorio/IngenieriaSFTW/4CUARTO/2CUATRIMESTRE/Diseños%20y%20pruebas%202/Workspace-22.0/Workspace-22.0/Projects/Acme-Toolkits/target/classes/WEB-INF/views/master/tiles_es.xml at file:/C:/Users/fandr/OneDrive/Escritorio/IngenieriaSFTW/4CUARTO/2CUATRIMESTRE/Diseños%20y%20pruebas%202/Workspace-22.0/Workspace-22.0/Projects/Acme-Toolkits/target/classes/WEB-INF/views/master/tiles_es.xml not found, continue 
2022-04-19 18:18:06.348 DEBUG [org.apache.jasper.servlet.JspServlet@http-nio-8080-exec-3] JspEngine --> /WEB-INF/views/master/page.jsp 
2022-04-19 18:18:06.348 DEBUG [org.apache.jasper.servlet.JspServlet@http-nio-8080-exec-3] ServletPath: /WEB-INF/views/master/page.jsp 
2022-04-19 18:18:06.349 DEBUG [org.apache.jasper.servlet.JspServlet@http-nio-8080-exec-3] PathInfo: null 
2022-04-19 18:18:06.353 DEBUG [org.apache.jasper.servlet.JspServlet@http-nio-8080-exec-3] RealPath: C:\Users\fandr\OneDrive\Escritorio\IngenieriaSFTW\4CUARTO\2CUATRIMESTRE\Diseños y pruebas 2\Workspace-22.0\Workspace-22.0\Projects\Acme-Toolkits\target\classes\WEB-INF\views\master\page.jsp 
2022-04-19 18:18:06.355 DEBUG [org.apache.jasper.servlet.JspServlet@http-nio-8080-exec-3] RequestURI: /acme-toolkits-22.1/WEB-INF/views/master/page.jsp 
2022-04-19 18:18:06.355 DEBUG [org.apache.jasper.servlet.JspServlet@http-nio-8080-exec-3] QueryString: null 
2022-04-19 18:18:16.338 DEBUG [acme.framework.configuration.ExtendedMessageSource@http-nio-8080-exec-3] Loading properties [C:\Users\fandr\OneDrive\Escritorio\IngenieriaSFTW\4CUARTO\2CUATRIMESTRE\Diseños y pruebas 2\Workspace-22.0\Workspace-22.0\Projects\Acme-Toolkits\target\classes\WEB-INF\views\administrator\dashboard\messsages-en.i18n] with encoding 'utf-8' 
2022-04-19 18:18:16.340 DEBUG [acme.framework.configuration.ExtendedMessageSource@http-nio-8080-exec-3] Loading properties [C:\Users\fandr\OneDrive\Escritorio\IngenieriaSFTW\4CUARTO\2CUATRIMESTRE\Diseños y pruebas 2\Workspace-22.0\Workspace-22.0\Projects\Acme-Toolkits\target\classes\WEB-INF\views\administrator\user-account\messages-en.i18n] with encoding 'utf-8' 
2022-04-19 18:18:16.342 DEBUG [acme.framework.configuration.ExtendedMessageSource@http-nio-8080-exec-3] Loading properties [C:\Users\fandr\OneDrive\Escritorio\IngenieriaSFTW\4CUARTO\2CUATRIMESTRE\Diseños y pruebas 2\Workspace-22.0\Workspace-22.0\Projects\Acme-Toolkits\target\classes\WEB-INF\views\anonymous\user-account\messages-en.i18n] with encoding 'utf-8' 
2022-04-19 18:18:16.343 DEBUG [acme.framework.configuration.ExtendedMessageSource@http-nio-8080-exec-3] Loading properties [C:\Users\fandr\OneDrive\Escritorio\IngenieriaSFTW\4CUARTO\2CUATRIMESTRE\Diseños y pruebas 2\Workspace-22.0\Workspace-22.0\Projects\Acme-Toolkits\target\classes\WEB-INF\views\any\user-account\messsages-en.i18n] with encoding 'utf-8' 
2022-04-19 18:18:16.345 DEBUG [acme.framework.configuration.ExtendedMessageSource@http-nio-8080-exec-3] Loading properties [C:\Users\fandr\OneDrive\Escritorio\IngenieriaSFTW\4CUARTO\2CUATRIMESTRE\Diseños y pruebas 2\Workspace-22.0\Workspace-22.0\Projects\Acme-Toolkits\target\classes\WEB-INF\views\authenticated\consumer\messsages-en.i18n] with encoding 'utf-8' 
2022-04-19 18:18:16.346 DEBUG [acme.framework.configuration.ExtendedMessageSource@http-nio-8080-exec-3] Loading properties [C:\Users\fandr\OneDrive\Escritorio\IngenieriaSFTW\4CUARTO\2CUATRIMESTRE\Diseños y pruebas 2\Workspace-22.0\Workspace-22.0\Projects\Acme-Toolkits\target\classes\WEB-INF\views\authenticated\provider\messsages-en.i18n] with encoding 'utf-8' 
2022-04-19 18:18:16.347 DEBUG [acme.framework.configuration.ExtendedMessageSource@http-nio-8080-exec-3] Loading properties [C:\Users\fandr\OneDrive\Escritorio\IngenieriaSFTW\4CUARTO\2CUATRIMESTRE\Diseños y pruebas 2\Workspace-22.0\Workspace-22.0\Projects\Acme-Toolkits\target\classes\WEB-INF\views\authenticated\system-configuration\messsages-en.i18n] with encoding 'utf-8' 
2022-04-19 18:18:16.349 DEBUG [acme.framework.configuration.ExtendedMessageSource@http-nio-8080-exec-3] Loading properties [C:\Users\fandr\OneDrive\Escritorio\IngenieriaSFTW\4CUARTO\2CUATRIMESTRE\Diseños y pruebas 2\Workspace-22.0\Workspace-22.0\Projects\Acme-Toolkits\target\classes\WEB-INF\views\authenticated\user-account\messages-en.i18n] with encoding 'utf-8' 
2022-04-19 18:18:16.350 DEBUG [acme.framework.configuration.ExtendedMessageSource@http-nio-8080-exec-3] Loading properties [C:\Users\fandr\OneDrive\Escritorio\IngenieriaSFTW\4CUARTO\2CUATRIMESTRE\Diseños y pruebas 2\Workspace-22.0\Workspace-22.0\Projects\Acme-Toolkits\target\classes\WEB-INF\views\fragments\banner-en.i18n] with encoding 'utf-8' 
2022-04-19 18:18:16.351 DEBUG [acme.framework.configuration.ExtendedMessageSource@http-nio-8080-exec-3] Loading properties [C:\Users\fandr\OneDrive\Escritorio\IngenieriaSFTW\4CUARTO\2CUATRIMESTRE\Diseños y pruebas 2\Workspace-22.0\Workspace-22.0\Projects\Acme-Toolkits\target\classes\WEB-INF\views\fragments\company-en.i18n] with encoding 'utf-8' 
2022-04-19 18:18:16.353 DEBUG [acme.framework.configuration.ExtendedMessageSource@http-nio-8080-exec-3] Loading properties [C:\Users\fandr\OneDrive\Escritorio\IngenieriaSFTW\4CUARTO\2CUATRIMESTRE\Diseños y pruebas 2\Workspace-22.0\Workspace-22.0\Projects\Acme-Toolkits\target\classes\WEB-INF\views\fragments\footer-en.i18n] with encoding 'utf-8' 
2022-04-19 18:18:16.354 DEBUG [acme.framework.configuration.ExtendedMessageSource@http-nio-8080-exec-3] Loading properties [C:\Users\fandr\OneDrive\Escritorio\IngenieriaSFTW\4CUARTO\2CUATRIMESTRE\Diseños y pruebas 2\Workspace-22.0\Workspace-22.0\Projects\Acme-Toolkits\target\classes\WEB-INF\views\fragments\license-en.i18n] with encoding 'utf-8' 
2022-04-19 18:18:16.356 DEBUG [acme.framework.configuration.ExtendedMessageSource@http-nio-8080-exec-3] Loading properties [C:\Users\fandr\OneDrive\Escritorio\IngenieriaSFTW\4CUARTO\2CUATRIMESTRE\Diseños y pruebas 2\Workspace-22.0\Workspace-22.0\Projects\Acme-Toolkits\target\classes\WEB-INF\views\fragments\menu-en.i18n] with encoding 'utf-8' 
2022-04-19 18:18:16.356 DEBUG [acme.framework.configuration.ExtendedMessageSource@http-nio-8080-exec-3] Loading properties [C:\Users\fandr\OneDrive\Escritorio\IngenieriaSFTW\4CUARTO\2CUATRIMESTRE\Diseños y pruebas 2\Workspace-22.0\Workspace-22.0\Projects\Acme-Toolkits\target\classes\WEB-INF\views\fragments\messsages-en.i18n] with encoding 'utf-8' 
2022-04-19 18:18:16.358 DEBUG [acme.framework.configuration.ExtendedMessageSource@http-nio-8080-exec-3] Loading properties [C:\Users\fandr\OneDrive\Escritorio\IngenieriaSFTW\4CUARTO\2CUATRIMESTRE\Diseños y pruebas 2\Workspace-22.0\Workspace-22.0\Projects\Acme-Toolkits\target\classes\WEB-INF\views\fragments\title-en.i18n] with encoding 'utf-8' 
2022-04-19 18:18:16.359 DEBUG [acme.framework.configuration.ExtendedMessageSource@http-nio-8080-exec-3] Loading properties [C:\Users\fandr\OneDrive\Escritorio\IngenieriaSFTW\4CUARTO\2CUATRIMESTRE\Diseños y pruebas 2\Workspace-22.0\Workspace-22.0\Projects\Acme-Toolkits\target\classes\WEB-INF\views\fragments\welcome-en.i18n] with encoding 'utf-8' 
2022-04-19 18:18:16.360 DEBUG [acme.framework.configuration.ExtendedMessageSource@http-nio-8080-exec-3] Loading properties [C:\Users\fandr\OneDrive\Escritorio\IngenieriaSFTW\4CUARTO\2CUATRIMESTRE\Diseños y pruebas 2\Workspace-22.0\Workspace-22.0\Projects\Acme-Toolkits\target\classes\WEB-INF\views\inventor\item\messsages-en.i18n] with encoding 'utf-8' 
2022-04-19 18:18:16.360 DEBUG [acme.framework.configuration.ExtendedMessageSource@http-nio-8080-exec-3] Loading properties [C:\Users\fandr\OneDrive\Escritorio\IngenieriaSFTW\4CUARTO\2CUATRIMESTRE\Diseños y pruebas 2\Workspace-22.0\Workspace-22.0\Projects\Acme-Toolkits\target\classes\WEB-INF\views\master\defaults-en.i18n] with encoding 'utf-8' 
2022-04-19 18:18:16.361 DEBUG [acme.framework.configuration.ExtendedMessageSource@http-nio-8080-exec-3] Loading properties [C:\Users\fandr\OneDrive\Escritorio\IngenieriaSFTW\4CUARTO\2CUATRIMESTRE\Diseños y pruebas 2\Workspace-22.0\Workspace-22.0\Projects\Acme-Toolkits\target\classes\WEB-INF\views\master\master-en.i18n] with encoding 'utf-8' 
2022-04-19 18:18:16.362 DEBUG [acme.framework.configuration.ExtendedMessageSource@http-nio-8080-exec-3] Loading properties [C:\Users\fandr\OneDrive\Escritorio\IngenieriaSFTW\4CUARTO\2CUATRIMESTRE\Diseños y pruebas 2\Workspace-22.0\Workspace-22.0\Projects\Acme-Toolkits\target\classes\WEB-INF\views\master\throwables-en.i18n] with encoding 'utf-8' 
2022-04-19 18:18:16.364 DEBUG [acme.framework.configuration.ExtendedMessageSource@http-nio-8080-exec-3] Loading properties [C:\Users\fandr\OneDrive\Escritorio\IngenieriaSFTW\4CUARTO\2CUATRIMESTRE\Diseños y pruebas 2\Workspace-22.0\Workspace-22.0\Projects\Acme-Toolkits\target\classes\WEB-INF\views\master\validation-en.i18n] with encoding 'utf-8' 
2022-04-19 18:18:16.390 DEBUG [acme.framework.configuration.ExtendedMessageSource@http-nio-8080-exec-3] Loading properties [C:\Users\fandr\OneDrive\Escritorio\IngenieriaSFTW\4CUARTO\2CUATRIMESTRE\Diseños y pruebas 2\Workspace-22.0\Workspace-22.0\Projects\Acme-Toolkits\target\classes\WEB-INF\views\administrator\dashboard\messsages-es.i18n] with encoding 'utf-8' 
2022-04-19 18:18:16.392 DEBUG [acme.framework.configuration.ExtendedMessageSource@http-nio-8080-exec-3] Loading properties [C:\Users\fandr\OneDrive\Escritorio\IngenieriaSFTW\4CUARTO\2CUATRIMESTRE\Diseños y pruebas 2\Workspace-22.0\Workspace-22.0\Projects\Acme-Toolkits\target\classes\WEB-INF\views\administrator\user-account\messages-es.i18n] with encoding 'utf-8' 
2022-04-19 18:18:16.394 DEBUG [acme.framework.configuration.ExtendedMessageSource@http-nio-8080-exec-3] Loading properties [C:\Users\fandr\OneDrive\Escritorio\IngenieriaSFTW\4CUARTO\2CUATRIMESTRE\Diseños y pruebas 2\Workspace-22.0\Workspace-22.0\Projects\Acme-Toolkits\target\classes\WEB-INF\views\anonymous\user-account\messages-es.i18n] with encoding 'utf-8' 
2022-04-19 18:18:16.396 DEBUG [acme.framework.configuration.ExtendedMessageSource@http-nio-8080-exec-3] Loading properties [C:\Users\fandr\OneDrive\Escritorio\IngenieriaSFTW\4CUARTO\2CUATRIMESTRE\Diseños y pruebas 2\Workspace-22.0\Workspace-22.0\Projects\Acme-Toolkits\target\classes\WEB-INF\views\any\user-account\messsages-es.i18n] with encoding 'utf-8' 
2022-04-19 18:18:16.398 DEBUG [acme.framework.configuration.ExtendedMessageSource@http-nio-8080-exec-3] Loading properties [C:\Users\fandr\OneDrive\Escritorio\IngenieriaSFTW\4CUARTO\2CUATRIMESTRE\Diseños y pruebas 2\Workspace-22.0\Workspace-22.0\Projects\Acme-Toolkits\target\classes\WEB-INF\views\authenticated\consumer\messsages-es.i18n] with encoding 'utf-8' 
2022-04-19 18:18:16.400 DEBUG [acme.framework.configuration.ExtendedMessageSource@http-nio-8080-exec-3] Loading properties [C:\Users\fandr\OneDrive\Escritorio\IngenieriaSFTW\4CUARTO\2CUATRIMESTRE\Diseños y pruebas 2\Workspace-22.0\Workspace-22.0\Projects\Acme-Toolkits\target\classes\WEB-INF\views\authenticated\provider\messsages-es.i18n] with encoding 'utf-8' 
2022-04-19 18:18:16.403 DEBUG [acme.framework.configuration.ExtendedMessageSource@http-nio-8080-exec-3] Loading properties [C:\Users\fandr\OneDrive\Escritorio\IngenieriaSFTW\4CUARTO\2CUATRIMESTRE\Diseños y pruebas 2\Workspace-22.0\Workspace-22.0\Projects\Acme-Toolkits\target\classes\WEB-INF\views\authenticated\system-configuration\messsages-es.i18n] with encoding 'utf-8' 
2022-04-19 18:18:16.406 DEBUG [acme.framework.configuration.ExtendedMessageSource@http-nio-8080-exec-3] Loading properties [C:\Users\fandr\OneDrive\Escritorio\IngenieriaSFTW\4CUARTO\2CUATRIMESTRE\Diseños y pruebas 2\Workspace-22.0\Workspace-22.0\Projects\Acme-Toolkits\target\classes\WEB-INF\views\authenticated\user-account\messages-es.i18n] with encoding 'utf-8' 
2022-04-19 18:18:16.408 DEBUG [acme.framework.configuration.ExtendedMessageSource@http-nio-8080-exec-3] Loading properties [C:\Users\fandr\OneDrive\Escritorio\IngenieriaSFTW\4CUARTO\2CUATRIMESTRE\Diseños y pruebas 2\Workspace-22.0\Workspace-22.0\Projects\Acme-Toolkits\target\classes\WEB-INF\views\fragments\banner-es.i18n] with encoding 'utf-8' 
2022-04-19 18:18:16.410 DEBUG [acme.framework.configuration.ExtendedMessageSource@http-nio-8080-exec-3] Loading properties [C:\Users\fandr\OneDrive\Escritorio\IngenieriaSFTW\4CUARTO\2CUATRIMESTRE\Diseños y pruebas 2\Workspace-22.0\Workspace-22.0\Projects\Acme-Toolkits\target\classes\WEB-INF\views\fragments\company-es.i18n] with encoding 'utf-8' 
2022-04-19 18:18:16.411 DEBUG [acme.framework.configuration.ExtendedMessageSource@http-nio-8080-exec-3] Loading properties [C:\Users\fandr\OneDrive\Escritorio\IngenieriaSFTW\4CUARTO\2CUATRIMESTRE\Diseños y pruebas 2\Workspace-22.0\Workspace-22.0\Projects\Acme-Toolkits\target\classes\WEB-INF\views\fragments\footer-es.i18n] with encoding 'utf-8' 
2022-04-19 18:18:16.412 DEBUG [acme.framework.configuration.ExtendedMessageSource@http-nio-8080-exec-3] Loading properties [C:\Users\fandr\OneDrive\Escritorio\IngenieriaSFTW\4CUARTO\2CUATRIMESTRE\Diseños y pruebas 2\Workspace-22.0\Workspace-22.0\Projects\Acme-Toolkits\target\classes\WEB-INF\views\fragments\license-es.i18n] with encoding 'utf-8' 
2022-04-19 18:18:16.414 DEBUG [acme.framework.configuration.ExtendedMessageSource@http-nio-8080-exec-3] Loading properties [C:\Users\fandr\OneDrive\Escritorio\IngenieriaSFTW\4CUARTO\2CUATRIMESTRE\Diseños y pruebas 2\Workspace-22.0\Workspace-22.0\Projects\Acme-Toolkits\target\classes\WEB-INF\views\fragments\menu-es.i18n] with encoding 'utf-8' 
2022-04-19 18:18:16.416 DEBUG [acme.framework.configuration.ExtendedMessageSource@http-nio-8080-exec-3] Loading properties [C:\Users\fandr\OneDrive\Escritorio\IngenieriaSFTW\4CUARTO\2CUATRIMESTRE\Diseños y pruebas 2\Workspace-22.0\Workspace-22.0\Projects\Acme-Toolkits\target\classes\WEB-INF\views\fragments\messsages-es.i18n] with encoding 'utf-8' 
2022-04-19 18:18:16.419 DEBUG [acme.framework.configuration.ExtendedMessageSource@http-nio-8080-exec-3] Loading properties [C:\Users\fandr\OneDrive\Escritorio\IngenieriaSFTW\4CUARTO\2CUATRIMESTRE\Diseños y pruebas 2\Workspace-22.0\Workspace-22.0\Projects\Acme-Toolkits\target\classes\WEB-INF\views\fragments\title-es.i18n] with encoding 'utf-8' 
2022-04-19 18:18:16.420 DEBUG [acme.framework.configuration.ExtendedMessageSource@http-nio-8080-exec-3] Loading properties [C:\Users\fandr\OneDrive\Escritorio\IngenieriaSFTW\4CUARTO\2CUATRIMESTRE\Diseños y pruebas 2\Workspace-22.0\Workspace-22.0\Projects\Acme-Toolkits\target\classes\WEB-INF\views\fragments\welcome-es.i18n] with encoding 'utf-8' 
2022-04-19 18:18:16.422 DEBUG [acme.framework.configuration.ExtendedMessageSource@http-nio-8080-exec-3] Loading properties [C:\Users\fandr\OneDrive\Escritorio\IngenieriaSFTW\4CUARTO\2CUATRIMESTRE\Diseños y pruebas 2\Workspace-22.0\Workspace-22.0\Projects\Acme-Toolkits\target\classes\WEB-INF\views\inventor\item\messsages-es.i18n] with encoding 'utf-8' 
2022-04-19 18:18:16.424 DEBUG [acme.framework.configuration.ExtendedMessageSource@http-nio-8080-exec-3] Loading properties [C:\Users\fandr\OneDrive\Escritorio\IngenieriaSFTW\4CUARTO\2CUATRIMESTRE\Diseños y pruebas 2\Workspace-22.0\Workspace-22.0\Projects\Acme-Toolkits\target\classes\WEB-INF\views\master\defaults-es.i18n] with encoding 'utf-8' 
2022-04-19 18:18:16.426 DEBUG [acme.framework.configuration.ExtendedMessageSource@http-nio-8080-exec-3] Loading properties [C:\Users\fandr\OneDrive\Escritorio\IngenieriaSFTW\4CUARTO\2CUATRIMESTRE\Diseños y pruebas 2\Workspace-22.0\Workspace-22.0\Projects\Acme-Toolkits\target\classes\WEB-INF\views\master\master-es.i18n] with encoding 'utf-8' 
2022-04-19 18:18:16.428 DEBUG [acme.framework.configuration.ExtendedMessageSource@http-nio-8080-exec-3] Loading properties [C:\Users\fandr\OneDrive\Escritorio\IngenieriaSFTW\4CUARTO\2CUATRIMESTRE\Diseños y pruebas 2\Workspace-22.0\Workspace-22.0\Projects\Acme-Toolkits\target\classes\WEB-INF\views\master\throwables-es.i18n] with encoding 'utf-8' 
2022-04-19 18:18:16.431 DEBUG [acme.framework.configuration.ExtendedMessageSource@http-nio-8080-exec-3] Loading properties [C:\Users\fandr\OneDrive\Escritorio\IngenieriaSFTW\4CUARTO\2CUATRIMESTRE\Diseños y pruebas 2\Workspace-22.0\Workspace-22.0\Projects\Acme-Toolkits\target\classes\WEB-INF\views\master\validation-es.i18n] with encoding 'utf-8' 
2022-04-19 18:18:16.740 DEBUG [org.apache.jasper.servlet.JspServlet@http-nio-8080-exec-3] JspEngine --> /WEB-INF/views/fragments/welcome.jsp 
2022-04-19 18:18:16.740 DEBUG [org.apache.jasper.servlet.JspServlet@http-nio-8080-exec-3] ServletPath: /WEB-INF/views/master/page.jsp 
2022-04-19 18:18:16.741 DEBUG [org.apache.jasper.servlet.JspServlet@http-nio-8080-exec-3] PathInfo: null 
2022-04-19 18:18:16.745 DEBUG [org.apache.jasper.servlet.JspServlet@http-nio-8080-exec-3] RealPath: C:\Users\fandr\OneDrive\Escritorio\IngenieriaSFTW\4CUARTO\2CUATRIMESTRE\Diseños y pruebas 2\Workspace-22.0\Workspace-22.0\Projects\Acme-Toolkits\target\classes\WEB-INF\views\fragments\welcome.jsp 
2022-04-19 18:18:16.745 DEBUG [org.apache.jasper.servlet.JspServlet@http-nio-8080-exec-3] RequestURI: /acme-toolkits-22.1/WEB-INF/views/master/page.jsp 
2022-04-19 18:18:16.746 DEBUG [org.apache.jasper.servlet.JspServlet@http-nio-8080-exec-3] QueryString: null 
2022-04-19 18:19:08.374 DEBUG [acme.framework.controllers.AbstractController@http-nio-8080-exec-1] DISPATCHING GET /acme-toolkits-22.1/any/user-account/list 
2022-04-19 18:19:08.374 DEBUG [acme.framework.controllers.AbstractController@http-nio-8080-exec-1] Command: list 
2022-04-19 18:19:08.374 DEBUG [acme.framework.controllers.AbstractController@http-nio-8080-exec-1] Model:   {} 
2022-04-19 18:19:08.374 DEBUG [acme.framework.controllers.AbstractController@http-nio-8080-exec-1] Locale:  es 
2022-04-19 18:19:08.411 DEBUG [org.hibernate.SQL@http-nio-8080-exec-1] select distinct useraccoun0_.id as id1_0_0_, roles1_.id as id1_0_1_, useraccoun0_.version as version2_0_0_, useraccoun0_.enabled as enabled1_15_0_, useraccoun0_.identity as identity2_15_0_, useraccoun0_.password as password3_15_0_, useraccoun0_.username as username4_15_0_, roles1_.version as version2_0_1_, roles1_.user_account_id as user_acc1_16_1_, roles1_.company as company1_8_1_, roles1_.optional_link as optional2_8_1_, roles1_.statement as statemen3_8_1_, roles1_.company as company1_10_1_, roles1_.optional_link as optional2_10_1_, roles1_.statement as statemen3_10_1_, roles1_.clazz_ as clazz_1_, roles1_.user_account_id as user_acc1_16_0__, roles1_.id as id1_16_0__ from user_account useraccoun0_ inner join ( select id, version, user_account_id, company, optional_link, statement, 9 as clazz_ from inventor union all select id, version, user_account_id, company, optional_link, statement, 10 as clazz_ from patron union all select id, version, user_account_id, null as company, null as optional_link, null as statement, 13 as clazz_ from administrator union all select id, version, user_account_id, null as company, null as optional_link, null as statement, 14 as clazz_ from anonymous union all select id, version, user_account_id, null as company, null as optional_link, null as statement, 15 as clazz_ from any union all select id, version, user_account_id, null as company, null as optional_link, null as statement, 16 as clazz_ from authenticated ) roles1_ on useraccoun0_.id=roles1_.user_account_id where useraccoun0_.enabled=1 and (13 not in  (select roles3_.clazz_ from user_account useraccoun2_ inner join ( select id, version, user_account_id, company, optional_link, statement, 9 as clazz_ from inventor union all select id, version, user_account_id, company, optional_link, statement, 10 as clazz_ from patron union all select id, version, user_account_id, null as company, null as optional_link, null as statement, 13 as clazz_ from administrator union all select id, version, user_account_id, null as company, null as optional_link, null as statement, 14 as clazz_ from anonymous union all select id, version, user_account_id, null as company, null as optional_link, null as statement, 15 as clazz_ from any union all select id, version, user_account_id, null as company, null as optional_link, null as statement, 16 as clazz_ from authenticated ) roles3_ on useraccoun2_.id=roles3_.user_account_id where useraccoun0_.id=useraccoun2_.id)) 
2022-04-19 18:19:08.533 DEBUG [acme.framework.controllers.AbstractController@http-nio-8080-exec-1] SERVING GET /acme-toolkits-22.1/any/user-account/list 
2022-04-19 18:19:08.533 DEBUG [acme.framework.controllers.AbstractController@http-nio-8080-exec-1] Result: ModelAndView [view="any/user-account/list"; model={username[6]=patron3, username[13]=inventor1, version[5]=0, id[13]=22, identity.surname[13]=One, identity.name[10]=Patron, version[1]=0, roleList[3]=, roleList[12]=, version[13]=0, list$size=14, version[9]=0, id[9]=16, identity.name[5]=Patron, identity.surname[3]=Five, identity.name[1]=Inventor, identity.surname[7]=Forth, id[1]=6, roleList[7]=, username[2]=inventor2, id[5]=12, identity.name[9]=Patron, username[5]=patron6, version[6]=0, roleList[2]=, identity.surname[12]=Ten, username[9]=patron7, version[2]=0, id[10]=18, roleList[13]=, identity.name[11]=Patron, version[10]=0, username[10]=patron1, identity.name[2]=Inventor, identity.surname[0]=Seven, id[8]=15, identity.surname[4]=Forth, roleList[6]=, identity.surname[8]=Nine, id[0]=3, identity.name[6]=Patron, username[1]=inventor8, id[4]=10, version[7]=0, username[4]=inventor4, roleList[1]=, version[3]=0, roleList[10]=, id[11]=20, identity.surname[11]=Ten, username[8]=patron9, identity.name[12]=Inventor, version[11]=0, username[11]=patron10, id[7]=14, identity.name[3]=Inventor, identity.surname[1]=Eight, identity.surname[5]=Six, roleList[5]=, identity.surname[9]=Seven, id[3]=9, identity.name[7]=Patron, roleList[9]=, username[0]=inventor7, version[8]=0, username[12]=inventor10, identity.name[13]=Inventor, roleList[0]=, username[3]=inventor5, version[4]=0, roleList[11]=, id[12]=21, roleList[4]=, identity.surname[10]=One, username[7]=patron4, version[12]=0, id[6]=13, identity.name[4]=Inventor, identity.surname[2]=Two, identity.name[0]=Inventor, version[0]=0, identity.surname[6]=Three, roleList[8]=, id[2]=8, identity.name[8]=Patron, command=list, principal=acme.framework.entities.Principal@77b13288}] 
2022-04-19 18:19:08.542 DEBUG [acme.framework.components.tiles.DynamicTilesView@http-nio-8080-exec-1] View name 'any/user-account/list', model {username[6]=patron3, username[13]=inventor1, version[5]=0, id[13]=22, identity.surname[13]=One, identity.name[10]=Patron, version[1]=0, roleList[3]=, roleList[12]=, version[13]=0, list$size=14, version[9]=0, id[9]=16, identity.name[5]=Patron, identity.surname[3]=Five, identity.name[1]=Inventor, identity.surname[7]=Forth, id[1]=6, roleList[7]=, username[2]=inventor2, id[5]=12, identity.name[9]=Patron, username[5]=patron6, version[6]=0, roleList[2]=, identity.surname[12]=Ten, username[9]=patron7, version[2]=0, id[10]=18, roleList[13]=, identity.name[11]=Patron, version[10]=0, username[10]=patron1, identity.name[2]=Inventor, identity.surname[0]=Seven, id[8]=15, identity.surname[4]=Forth, roleList[6]=, identity.surname[8]=Nine, id[0]=3, identity.name[6]=Patron, username[1]=inventor8, id[4]=10, version[7]=0, username[4]=inventor4, roleList[1]=, version[3]=0, roleList[10]=, id[11]=20, identity.surname[11]=Ten, username[8]=patron9, identity.name[12]=Inventor, version[11]=0, username[11]=patron10, id[7]=14, identity.name[3]=Inventor, identity.surname[1]=Eight, identity.surname[5]=Six, roleList[5]=, identity.surname[9]=Seven, id[3]=9, identity.name[7]=Patron, roleList[9]=, username[0]=inventor7, version[8]=0, username[12]=inventor10, identity.name[13]=Inventor, roleList[0]=, username[3]=inventor5, version[4]=0, roleList[11]=, id[12]=21, roleList[4]=, identity.surname[10]=One, username[7]=patron4, version[12]=0, id[6]=13, identity.name[4]=Inventor, identity.surname[2]=Two, identity.name[0]=Inventor, version[0]=0, identity.surname[6]=Three, roleList[8]=, id[2]=8, identity.name[8]=Patron, command=list, principal=acme.framework.entities.Principal@77b13288, org.springframework.validation.BindingResult.principal=org.springframework.validation.BeanPropertyBindingResult: 0 errors} 
2022-04-19 18:19:08.545 DEBUG [org.apache.jasper.servlet.JspServlet@http-nio-8080-exec-1] JspEngine --> /WEB-INF/views/master/page.jsp 
2022-04-19 18:19:08.546 DEBUG [org.apache.jasper.servlet.JspServlet@http-nio-8080-exec-1] ServletPath: /WEB-INF/views/master/page.jsp 
2022-04-19 18:19:08.546 DEBUG [org.apache.jasper.servlet.JspServlet@http-nio-8080-exec-1] PathInfo: null 
2022-04-19 18:19:08.551 DEBUG [org.apache.jasper.servlet.JspServlet@http-nio-8080-exec-1] RealPath: C:\Users\fandr\OneDrive\Escritorio\IngenieriaSFTW\4CUARTO\2CUATRIMESTRE\Diseños y pruebas 2\Workspace-22.0\Workspace-22.0\Projects\Acme-Toolkits\target\classes\WEB-INF\views\master\page.jsp 
2022-04-19 18:19:08.551 DEBUG [org.apache.jasper.servlet.JspServlet@http-nio-8080-exec-1] RequestURI: /acme-toolkits-22.1/WEB-INF/views/master/page.jsp 
2022-04-19 18:19:08.551 DEBUG [org.apache.jasper.servlet.JspServlet@http-nio-8080-exec-1] QueryString: null 
2022-04-19 18:19:08.912 DEBUG [org.apache.jasper.servlet.JspServlet@http-nio-8080-exec-1] JspEngine --> /WEB-INF/views/any/user-account/list.jsp 
2022-04-19 18:19:08.913 DEBUG [org.apache.jasper.servlet.JspServlet@http-nio-8080-exec-1] ServletPath: /WEB-INF/views/master/page.jsp 
2022-04-19 18:19:08.913 DEBUG [org.apache.jasper.servlet.JspServlet@http-nio-8080-exec-1] PathInfo: null 
2022-04-19 18:19:08.918 DEBUG [org.apache.jasper.servlet.JspServlet@http-nio-8080-exec-1] RealPath: C:\Users\fandr\OneDrive\Escritorio\IngenieriaSFTW\4CUARTO\2CUATRIMESTRE\Diseños y pruebas 2\Workspace-22.0\Workspace-22.0\Projects\Acme-Toolkits\target\classes\WEB-INF\views\any\user-account\list.jsp 
2022-04-19 18:19:08.919 DEBUG [org.apache.jasper.servlet.JspServlet@http-nio-8080-exec-1] RequestURI: /acme-toolkits-22.1/WEB-INF/views/master/page.jsp 
2022-04-19 18:19:08.919 DEBUG [org.apache.jasper.servlet.JspServlet@http-nio-8080-exec-1] QueryString: null 
