2022-04-19 09:54:12.159 INFO  [acme.Launcher@main] Starting Launcher using Java 1.8.0_281 on DESKTOP-793NFUM with PID 12336 (C:\Users\franm\Desktop\UNI\DP2\Workspace-22.0\Frameworks\Acme-Framework-22.3\target\classes started by franm in C:\Users\franm\Desktop\UNI\DP2\Workspace-22.0\Projects\Acme-Toolkits) 
2022-04-19 09:54:12.166 DEBUG [acme.Launcher@main] Running with Spring Boot v2.4.2, Spring v5.3.3 
2022-04-19 09:54:12.182 INFO  [acme.Launcher@main] The following profiles are active: development,default 
2022-04-19 09:54:41.954 DEBUG [org.apache.jasper.servlet.JasperInitializer@main] Initializing Jasper for context [application] 
2022-04-19 09:55:17.768 DEBUG [org.apache.jasper.servlet.JspServlet@main] Scratch dir for the JSP engine is: [C:\Users\franm\AppData\Local\Temp\tomcat.8080.7878991892376385166\work\Tomcat\localhost\acme-toolkits-22.1] 
2022-04-19 09:55:17.769 DEBUG [org.apache.jasper.servlet.JspServlet@main] IMPORTANT: Do not modify the generated servlets 
2022-04-19 09:55:17.795 INFO  [acme.Launcher@main] Started Launcher in 70.679 seconds (JVM running for 100.445) 
2022-04-19 09:55:17.806 DEBUG [acme.Launcher@main] Found classpath entry '/C:/Users/franm/Desktop/UNI/DP2/Workspace-22.0/Projects/Acme-Toolkits/target/test-classes/' 
2022-04-19 09:55:17.807 DEBUG [acme.Launcher@main] Found classpath entry '/C:/Users/franm/Desktop/UNI/DP2/Workspace-22.0/Projects/Acme-Toolkits/target/classes/' 
2022-04-19 09:55:17.808 DEBUG [acme.Launcher@main] Found classpath entry '/C:/Users/franm/Desktop/UNI/DP2/Workspace-22.0/Frameworks/Acme-Framework-22.3/target/classes/' 
2022-04-19 09:55:17.809 DEBUG [acme.Launcher@main] Found classpath entry '/C:/Users/franm/Desktop/UNI/DP2/Workspace-22.0/Frameworks/Acme-Framework-22.3/target/test-classes/' 
2022-04-19 09:55:17.813 DEBUG [acme.Launcher@main] Found classpath entry '/C:/Users/franm/.m2/repository/org/springframework/boot/spring-boot-starter-tomcat/2.4.2/spring-boot-starter-tomcat-2.4.2.jar' 
2022-04-19 09:55:17.814 DEBUG [acme.Launcher@main] Found classpath entry '/C:/Users/franm/.m2/repository/jakarta/annotation/jakarta.annotation-api/1.3.5/jakarta.annotation-api-1.3.5.jar' 
2022-04-19 09:55:17.814 DEBUG [acme.Launcher@main] Found classpath entry '/C:/Users/franm/.m2/repository/org/apache/tomcat/embed/tomcat-embed-core/9.0.41/tomcat-embed-core-9.0.41.jar' 
2022-04-19 09:55:17.815 DEBUG [acme.Launcher@main] Found classpath entry '/C:/Users/franm/.m2/repository/org/glassfish/jakarta.el/3.0.3/jakarta.el-3.0.3.jar' 
2022-04-19 09:55:17.815 DEBUG [acme.Launcher@main] Found classpath entry '/C:/Users/franm/.m2/repository/org/apache/tomcat/embed/tomcat-embed-websocket/9.0.41/tomcat-embed-websocket-9.0.41.jar' 
2022-04-19 09:55:17.816 DEBUG [acme.Launcher@main] Found classpath entry '/C:/Users/franm/.m2/repository/org/apache/tomcat/embed/tomcat-embed-jasper/9.0.41/tomcat-embed-jasper-9.0.41.jar' 
2022-04-19 09:55:17.816 DEBUG [acme.Launcher@main] Found classpath entry '/C:/Users/franm/.m2/repository/org/apache/tomcat/embed/tomcat-embed-el/9.0.41/tomcat-embed-el-9.0.41.jar' 
2022-04-19 09:55:17.816 DEBUG [acme.Launcher@main] Found classpath entry '/C:/Users/franm/.m2/repository/org/eclipse/jdt/ecj/3.18.0/ecj-3.18.0.jar' 
2022-04-19 09:55:17.817 DEBUG [acme.Launcher@main] Found classpath entry '/C:/Users/franm/.m2/repository/javax/servlet/jstl/1.2/jstl-1.2.jar' 
2022-04-19 09:55:17.818 DEBUG [acme.Launcher@main] Found classpath entry '/C:/Users/franm/.m2/repository/org/springframework/boot/spring-boot-starter-test/2.4.2/spring-boot-starter-test-2.4.2.jar' 
2022-04-19 09:55:17.818 DEBUG [acme.Launcher@main] Found classpath entry '/C:/Users/franm/.m2/repository/org/springframework/boot/spring-boot-starter/2.4.2/spring-boot-starter-2.4.2.jar' 
2022-04-19 09:55:17.819 DEBUG [acme.Launcher@main] Found classpath entry '/C:/Users/franm/.m2/repository/org/springframework/boot/spring-boot/2.4.2/spring-boot-2.4.2.jar' 
2022-04-19 09:55:17.819 DEBUG [acme.Launcher@main] Found classpath entry '/C:/Users/franm/.m2/repository/org/springframework/boot/spring-boot-autoconfigure/2.4.2/spring-boot-autoconfigure-2.4.2.jar' 
2022-04-19 09:55:17.820 DEBUG [acme.Launcher@main] Found classpath entry '/C:/Users/franm/.m2/repository/org/springframework/boot/spring-boot-starter-logging/2.4.2/spring-boot-starter-logging-2.4.2.jar' 
2022-04-19 09:55:17.824 DEBUG [acme.Launcher@main] Found classpath entry '/C:/Users/franm/.m2/repository/ch/qos/logback/logback-classic/1.2.3/logback-classic-1.2.3.jar' 
2022-04-19 09:55:17.825 DEBUG [acme.Launcher@main] Found classpath entry '/C:/Users/franm/.m2/repository/ch/qos/logback/logback-core/1.2.3/logback-core-1.2.3.jar' 
2022-04-19 09:55:17.825 DEBUG [acme.Launcher@main] Found classpath entry '/C:/Users/franm/.m2/repository/org/apache/logging/log4j/log4j-to-slf4j/2.13.3/log4j-to-slf4j-2.13.3.jar' 
2022-04-19 09:55:17.826 DEBUG [acme.Launcher@main] Found classpath entry '/C:/Users/franm/.m2/repository/org/apache/logging/log4j/log4j-api/2.13.3/log4j-api-2.13.3.jar' 
2022-04-19 09:55:17.826 DEBUG [acme.Launcher@main] Found classpath entry '/C:/Users/franm/.m2/repository/org/slf4j/jul-to-slf4j/1.7.30/jul-to-slf4j-1.7.30.jar' 
2022-04-19 09:55:17.826 DEBUG [acme.Launcher@main] Found classpath entry '/C:/Users/franm/.m2/repository/org/yaml/snakeyaml/1.27/snakeyaml-1.27.jar' 
2022-04-19 09:55:17.827 DEBUG [acme.Launcher@main] Found classpath entry '/C:/Users/franm/.m2/repository/org/springframework/boot/spring-boot-test/2.4.2/spring-boot-test-2.4.2.jar' 
2022-04-19 09:55:17.827 DEBUG [acme.Launcher@main] Found classpath entry '/C:/Users/franm/.m2/repository/org/springframework/boot/spring-boot-test-autoconfigure/2.4.2/spring-boot-test-autoconfigure-2.4.2.jar' 
2022-04-19 09:55:17.828 DEBUG [acme.Launcher@main] Found classpath entry '/C:/Users/franm/.m2/repository/com/jayway/jsonpath/json-path/2.4.0/json-path-2.4.0.jar' 
2022-04-19 09:55:17.828 DEBUG [acme.Launcher@main] Found classpath entry '/C:/Users/franm/.m2/repository/net/minidev/json-smart/2.3/json-smart-2.3.jar' 
2022-04-19 09:55:17.828 DEBUG [acme.Launcher@main] Found classpath entry '/C:/Users/franm/.m2/repository/net/minidev/accessors-smart/1.2/accessors-smart-1.2.jar' 
2022-04-19 09:55:17.829 DEBUG [acme.Launcher@main] Found classpath entry '/C:/Users/franm/.m2/repository/org/ow2/asm/asm/5.0.4/asm-5.0.4.jar' 
2022-04-19 09:55:17.829 DEBUG [acme.Launcher@main] Found classpath entry '/C:/Users/franm/.m2/repository/jakarta/xml/bind/jakarta.xml.bind-api/2.3.3/jakarta.xml.bind-api-2.3.3.jar' 
2022-04-19 09:55:17.829 DEBUG [acme.Launcher@main] Found classpath entry '/C:/Users/franm/.m2/repository/jakarta/activation/jakarta.activation-api/1.2.2/jakarta.activation-api-1.2.2.jar' 
2022-04-19 09:55:17.830 DEBUG [acme.Launcher@main] Found classpath entry '/C:/Users/franm/.m2/repository/org/assertj/assertj-core/3.18.1/assertj-core-3.18.1.jar' 
2022-04-19 09:55:17.832 DEBUG [acme.Launcher@main] Found classpath entry '/C:/Users/franm/.m2/repository/org/hamcrest/hamcrest/2.2/hamcrest-2.2.jar' 
2022-04-19 09:55:17.833 DEBUG [acme.Launcher@main] Found classpath entry '/C:/Users/franm/.m2/repository/org/junit/jupiter/junit-jupiter/5.7.0/junit-jupiter-5.7.0.jar' 
2022-04-19 09:55:17.833 DEBUG [acme.Launcher@main] Found classpath entry '/C:/Users/franm/.m2/repository/org/mockito/mockito-core/3.6.28/mockito-core-3.6.28.jar' 
2022-04-19 09:55:17.834 DEBUG [acme.Launcher@main] Found classpath entry '/C:/Users/franm/.m2/repository/net/bytebuddy/byte-buddy-agent/1.10.19/byte-buddy-agent-1.10.19.jar' 
2022-04-19 09:55:17.835 DEBUG [acme.Launcher@main] Found classpath entry '/C:/Users/franm/.m2/repository/org/objenesis/objenesis/3.1/objenesis-3.1.jar' 
2022-04-19 09:55:17.835 DEBUG [acme.Launcher@main] Found classpath entry '/C:/Users/franm/.m2/repository/org/mockito/mockito-junit-jupiter/3.6.28/mockito-junit-jupiter-3.6.28.jar' 
2022-04-19 09:55:17.835 DEBUG [acme.Launcher@main] Found classpath entry '/C:/Users/franm/.m2/repository/org/skyscreamer/jsonassert/1.5.0/jsonassert-1.5.0.jar' 
2022-04-19 09:55:17.836 DEBUG [acme.Launcher@main] Found classpath entry '/C:/Users/franm/.m2/repository/com/vaadin/external/google/android-json/0.0.20131108.vaadin1/android-json-0.0.20131108.vaadin1.jar' 
2022-04-19 09:55:17.836 DEBUG [acme.Launcher@main] Found classpath entry '/C:/Users/franm/.m2/repository/org/springframework/spring-core/5.3.3/spring-core-5.3.3.jar' 
2022-04-19 09:55:17.837 DEBUG [acme.Launcher@main] Found classpath entry '/C:/Users/franm/.m2/repository/org/springframework/spring-jcl/5.3.3/spring-jcl-5.3.3.jar' 
2022-04-19 09:55:17.837 DEBUG [acme.Launcher@main] Found classpath entry '/C:/Users/franm/.m2/repository/org/springframework/spring-test/5.3.3/spring-test-5.3.3.jar' 
2022-04-19 09:55:17.837 DEBUG [acme.Launcher@main] Found classpath entry '/C:/Users/franm/.m2/repository/org/xmlunit/xmlunit-core/2.7.0/xmlunit-core-2.7.0.jar' 
2022-04-19 09:55:17.838 DEBUG [acme.Launcher@main] Found classpath entry '/C:/Users/franm/.m2/repository/org/springframework/boot/spring-boot-starter-security/2.4.2/spring-boot-starter-security-2.4.2.jar' 
2022-04-19 09:55:17.838 DEBUG [acme.Launcher@main] Found classpath entry '/C:/Users/franm/.m2/repository/org/springframework/spring-aop/5.3.3/spring-aop-5.3.3.jar' 
2022-04-19 09:55:17.838 DEBUG [acme.Launcher@main] Found classpath entry '/C:/Users/franm/.m2/repository/org/springframework/security/spring-security-web/5.4.2/spring-security-web-5.4.2.jar' 
2022-04-19 09:55:17.839 DEBUG [acme.Launcher@main] Found classpath entry '/C:/Users/franm/.m2/repository/org/springframework/security/spring-security-core/5.4.2/spring-security-core-5.4.2.jar' 
2022-04-19 09:55:17.839 DEBUG [acme.Launcher@main] Found classpath entry '/C:/Users/franm/.m2/repository/org/springframework/spring-beans/5.3.3/spring-beans-5.3.3.jar' 
2022-04-19 09:55:17.839 DEBUG [acme.Launcher@main] Found classpath entry '/C:/Users/franm/.m2/repository/org/springframework/spring-context/5.3.3/spring-context-5.3.3.jar' 
2022-04-19 09:55:17.840 DEBUG [acme.Launcher@main] Found classpath entry '/C:/Users/franm/.m2/repository/org/springframework/spring-expression/5.3.3/spring-expression-5.3.3.jar' 
2022-04-19 09:55:17.844 DEBUG [acme.Launcher@main] Found classpath entry '/C:/Users/franm/.m2/repository/org/springframework/spring-web/5.3.3/spring-web-5.3.3.jar' 
2022-04-19 09:55:17.844 DEBUG [acme.Launcher@main] Found classpath entry '/C:/Users/franm/.m2/repository/org/springframework/security/spring-security-config/5.4.2/spring-security-config-5.4.2.jar' 
2022-04-19 09:55:17.845 DEBUG [acme.Launcher@main] Found classpath entry '/C:/Users/franm/.m2/repository/org/springframework/security/spring-security-taglibs/5.4.2/spring-security-taglibs-5.4.2.jar' 
2022-04-19 09:55:17.845 DEBUG [acme.Launcher@main] Found classpath entry '/C:/Users/franm/.m2/repository/org/springframework/security/spring-security-acl/5.4.2/spring-security-acl-5.4.2.jar' 
2022-04-19 09:55:17.845 DEBUG [acme.Launcher@main] Found classpath entry '/C:/Users/franm/.m2/repository/org/springframework/spring-jdbc/5.3.3/spring-jdbc-5.3.3.jar' 
2022-04-19 09:55:17.849 DEBUG [acme.Launcher@main] Found classpath entry '/C:/Users/franm/.m2/repository/org/springframework/spring-tx/5.3.3/spring-tx-5.3.3.jar' 
2022-04-19 09:55:17.849 DEBUG [acme.Launcher@main] Found classpath entry '/C:/Users/franm/.m2/repository/org/springframework/boot/spring-boot-starter-web/2.4.2/spring-boot-starter-web-2.4.2.jar' 
2022-04-19 09:55:17.849 DEBUG [acme.Launcher@main] Found classpath entry '/C:/Users/franm/.m2/repository/org/springframework/boot/spring-boot-starter-json/2.4.2/spring-boot-starter-json-2.4.2.jar' 
2022-04-19 09:55:17.854 DEBUG [acme.Launcher@main] Found classpath entry '/C:/Users/franm/.m2/repository/com/fasterxml/jackson/core/jackson-databind/2.11.4/jackson-databind-2.11.4.jar' 
2022-04-19 09:55:17.854 DEBUG [acme.Launcher@main] Found classpath entry '/C:/Users/franm/.m2/repository/com/fasterxml/jackson/core/jackson-annotations/2.11.4/jackson-annotations-2.11.4.jar' 
2022-04-19 09:55:17.855 DEBUG [acme.Launcher@main] Found classpath entry '/C:/Users/franm/.m2/repository/com/fasterxml/jackson/core/jackson-core/2.11.4/jackson-core-2.11.4.jar' 
2022-04-19 09:55:17.855 DEBUG [acme.Launcher@main] Found classpath entry '/C:/Users/franm/.m2/repository/com/fasterxml/jackson/datatype/jackson-datatype-jdk8/2.11.4/jackson-datatype-jdk8-2.11.4.jar' 
2022-04-19 09:55:17.855 DEBUG [acme.Launcher@main] Found classpath entry '/C:/Users/franm/.m2/repository/com/fasterxml/jackson/datatype/jackson-datatype-jsr310/2.11.4/jackson-datatype-jsr310-2.11.4.jar' 
2022-04-19 09:55:17.856 DEBUG [acme.Launcher@main] Found classpath entry '/C:/Users/franm/.m2/repository/com/fasterxml/jackson/module/jackson-module-parameter-names/2.11.4/jackson-module-parameter-names-2.11.4.jar' 
2022-04-19 09:55:17.856 DEBUG [acme.Launcher@main] Found classpath entry '/C:/Users/franm/.m2/repository/org/springframework/spring-webmvc/5.3.3/spring-webmvc-5.3.3.jar' 
2022-04-19 09:55:17.856 DEBUG [acme.Launcher@main] Found classpath entry '/C:/Users/franm/.m2/repository/org/apache/tiles/tiles-jsp/3.0.8/tiles-jsp-3.0.8.jar' 
2022-04-19 09:55:17.857 DEBUG [acme.Launcher@main] Found classpath entry '/C:/Users/franm/.m2/repository/org/apache/tiles/tiles-servlet/3.0.8/tiles-servlet-3.0.8.jar' 
2022-04-19 09:55:17.857 DEBUG [acme.Launcher@main] Found classpath entry '/C:/Users/franm/.m2/repository/org/apache/tiles/tiles-core/3.0.8/tiles-core-3.0.8.jar' 
2022-04-19 09:55:17.857 DEBUG [acme.Launcher@main] Found classpath entry '/C:/Users/franm/.m2/repository/commons-digester/commons-digester/2.0/commons-digester-2.0.jar' 
2022-04-19 09:55:17.858 DEBUG [acme.Launcher@main] Found classpath entry '/C:/Users/franm/.m2/repository/org/slf4j/jcl-over-slf4j/1.7.30/jcl-over-slf4j-1.7.30.jar' 
2022-04-19 09:55:17.858 DEBUG [acme.Launcher@main] Found classpath entry '/C:/Users/franm/.m2/repository/org/apache/tiles/tiles-request-servlet/1.0.7/tiles-request-servlet-1.0.7.jar' 
2022-04-19 09:55:17.858 DEBUG [acme.Launcher@main] Found classpath entry '/C:/Users/franm/.m2/repository/org/apache/tiles/tiles-template/3.0.8/tiles-template-3.0.8.jar' 
2022-04-19 09:55:17.858 DEBUG [acme.Launcher@main] Found classpath entry '/C:/Users/franm/.m2/repository/org/apache/tiles/tiles-api/3.0.8/tiles-api-3.0.8.jar' 
2022-04-19 09:55:17.859 DEBUG [acme.Launcher@main] Found classpath entry '/C:/Users/franm/.m2/repository/org/apache/tiles/tiles-autotag-core-runtime/1.2/tiles-autotag-core-runtime-1.2.jar' 
2022-04-19 09:55:17.859 DEBUG [acme.Launcher@main] Found classpath entry '/C:/Users/franm/.m2/repository/org/slf4j/slf4j-api/1.7.30/slf4j-api-1.7.30.jar' 
2022-04-19 09:55:17.859 DEBUG [acme.Launcher@main] Found classpath entry '/C:/Users/franm/.m2/repository/org/apache/tiles/tiles-request-jsp/1.0.7/tiles-request-jsp-1.0.7.jar' 
2022-04-19 09:55:17.860 DEBUG [acme.Launcher@main] Found classpath entry '/C:/Users/franm/.m2/repository/org/apache/tiles/tiles-request-api/1.0.7/tiles-request-api-1.0.7.jar' 
2022-04-19 09:55:17.862 DEBUG [acme.Launcher@main] Found classpath entry '/C:/Users/franm/.m2/repository/org/springframework/boot/spring-boot-starter-data-jpa/2.4.2/spring-boot-starter-data-jpa-2.4.2.jar' 
2022-04-19 09:55:17.863 DEBUG [acme.Launcher@main] Found classpath entry '/C:/Users/franm/.m2/repository/org/springframework/boot/spring-boot-starter-aop/2.4.2/spring-boot-starter-aop-2.4.2.jar' 
2022-04-19 09:55:17.863 DEBUG [acme.Launcher@main] Found classpath entry '/C:/Users/franm/.m2/repository/org/aspectj/aspectjweaver/1.9.6/aspectjweaver-1.9.6.jar' 
2022-04-19 09:55:17.864 DEBUG [acme.Launcher@main] Found classpath entry '/C:/Users/franm/.m2/repository/org/springframework/boot/spring-boot-starter-jdbc/2.4.2/spring-boot-starter-jdbc-2.4.2.jar' 
2022-04-19 09:55:17.865 DEBUG [acme.Launcher@main] Found classpath entry '/C:/Users/franm/.m2/repository/jakarta/transaction/jakarta.transaction-api/1.3.3/jakarta.transaction-api-1.3.3.jar' 
2022-04-19 09:55:17.865 DEBUG [acme.Launcher@main] Found classpath entry '/C:/Users/franm/.m2/repository/jakarta/persistence/jakarta.persistence-api/2.2.3/jakarta.persistence-api-2.2.3.jar' 
2022-04-19 09:55:17.865 DEBUG [acme.Launcher@main] Found classpath entry '/C:/Users/franm/.m2/repository/org/hibernate/hibernate-core/5.4.27.Final/hibernate-core-5.4.27.Final.jar' 
2022-04-19 09:55:17.866 DEBUG [acme.Launcher@main] Found classpath entry '/C:/Users/franm/.m2/repository/org/jboss/logging/jboss-logging/3.4.1.Final/jboss-logging-3.4.1.Final.jar' 
2022-04-19 09:55:17.866 DEBUG [acme.Launcher@main] Found classpath entry '/C:/Users/franm/.m2/repository/org/javassist/javassist/3.27.0-GA/javassist-3.27.0-GA.jar' 
2022-04-19 09:55:17.867 DEBUG [acme.Launcher@main] Found classpath entry '/C:/Users/franm/.m2/repository/antlr/antlr/2.7.7/antlr-2.7.7.jar' 
2022-04-19 09:55:17.867 DEBUG [acme.Launcher@main] Found classpath entry '/C:/Users/franm/.m2/repository/org/jboss/jandex/2.1.3.Final/jandex-2.1.3.Final.jar' 
2022-04-19 09:55:17.867 DEBUG [acme.Launcher@main] Found classpath entry '/C:/Users/franm/.m2/repository/com/fasterxml/classmate/1.5.1/classmate-1.5.1.jar' 
2022-04-19 09:55:17.868 DEBUG [acme.Launcher@main] Found classpath entry '/C:/Users/franm/.m2/repository/org/dom4j/dom4j/2.1.3/dom4j-2.1.3.jar' 
2022-04-19 09:55:17.868 DEBUG [acme.Launcher@main] Found classpath entry '/C:/Users/franm/.m2/repository/org/hibernate/common/hibernate-commons-annotations/5.1.2.Final/hibernate-commons-annotations-5.1.2.Final.jar' 
2022-04-19 09:55:17.868 DEBUG [acme.Launcher@main] Found classpath entry '/C:/Users/franm/.m2/repository/org/glassfish/jaxb/jaxb-runtime/2.3.3/jaxb-runtime-2.3.3.jar' 
2022-04-19 09:55:17.873 DEBUG [acme.Launcher@main] Found classpath entry '/C:/Users/franm/.m2/repository/org/glassfish/jaxb/txw2/2.3.3/txw2-2.3.3.jar' 
2022-04-19 09:55:17.874 DEBUG [acme.Launcher@main] Found classpath entry '/C:/Users/franm/.m2/repository/com/sun/istack/istack-commons-runtime/3.0.11/istack-commons-runtime-3.0.11.jar' 
2022-04-19 09:55:17.874 DEBUG [acme.Launcher@main] Found classpath entry '/C:/Users/franm/.m2/repository/com/sun/activation/jakarta.activation/1.2.2/jakarta.activation-1.2.2.jar' 
2022-04-19 09:55:17.875 DEBUG [acme.Launcher@main] Found classpath entry '/C:/Users/franm/.m2/repository/org/springframework/data/spring-data-jpa/2.4.3/spring-data-jpa-2.4.3.jar' 
2022-04-19 09:55:17.876 DEBUG [acme.Launcher@main] Found classpath entry '/C:/Users/franm/.m2/repository/org/springframework/data/spring-data-commons/2.4.3/spring-data-commons-2.4.3.jar' 
2022-04-19 09:55:17.876 DEBUG [acme.Launcher@main] Found classpath entry '/C:/Users/franm/.m2/repository/org/springframework/spring-orm/5.3.3/spring-orm-5.3.3.jar' 
2022-04-19 09:55:17.877 DEBUG [acme.Launcher@main] Found classpath entry '/C:/Users/franm/.m2/repository/org/springframework/spring-aspects/5.3.3/spring-aspects-5.3.3.jar' 
2022-04-19 09:55:17.878 DEBUG [acme.Launcher@main] Found classpath entry '/C:/Users/franm/.m2/repository/org/springframework/boot/spring-boot-starter-validation/2.4.2/spring-boot-starter-validation-2.4.2.jar' 
2022-04-19 09:55:17.883 DEBUG [acme.Launcher@main] Found classpath entry '/C:/Users/franm/.m2/repository/org/hibernate/validator/hibernate-validator/6.1.7.Final/hibernate-validator-6.1.7.Final.jar' 
2022-04-19 09:55:17.883 DEBUG [acme.Launcher@main] Found classpath entry '/C:/Users/franm/.m2/repository/jakarta/validation/jakarta.validation-api/2.0.2/jakarta.validation-api-2.0.2.jar' 
2022-04-19 09:55:17.884 DEBUG [acme.Launcher@main] Found classpath entry '/C:/Users/franm/.m2/repository/mysql/mysql-connector-java/8.0.22/mysql-connector-java-8.0.22.jar' 
2022-04-19 09:55:17.884 DEBUG [acme.Launcher@main] Found classpath entry '/C:/Users/franm/.m2/repository/com/zaxxer/HikariCP/3.4.5/HikariCP-3.4.5.jar' 
2022-04-19 09:55:17.885 DEBUG [acme.Launcher@main] Found classpath entry '/C:/Users/franm/.m2/repository/org/junit/jupiter/junit-jupiter-engine/5.7.0/junit-jupiter-engine-5.7.0.jar' 
2022-04-19 09:55:17.885 DEBUG [acme.Launcher@main] Found classpath entry '/C:/Users/franm/.m2/repository/org/apiguardian/apiguardian-api/1.1.0/apiguardian-api-1.1.0.jar' 
2022-04-19 09:55:17.885 DEBUG [acme.Launcher@main] Found classpath entry '/C:/Users/franm/.m2/repository/org/junit/platform/junit-platform-engine/1.7.0/junit-platform-engine-1.7.0.jar' 
2022-04-19 09:55:17.886 DEBUG [acme.Launcher@main] Found classpath entry '/C:/Users/franm/.m2/repository/org/junit/jupiter/junit-jupiter-api/5.7.0/junit-jupiter-api-5.7.0.jar' 
2022-04-19 09:55:17.886 DEBUG [acme.Launcher@main] Found classpath entry '/C:/Users/franm/.m2/repository/org/opentest4j/opentest4j/1.2.0/opentest4j-1.2.0.jar' 
2022-04-19 09:55:17.886 DEBUG [acme.Launcher@main] Found classpath entry '/C:/Users/franm/.m2/repository/org/junit/platform/junit-platform-commons/1.7.0/junit-platform-commons-1.7.0.jar' 
2022-04-19 09:55:17.886 DEBUG [acme.Launcher@main] Found classpath entry '/C:/Users/franm/.m2/repository/org/junit/jupiter/junit-jupiter-params/5.7.0/junit-jupiter-params-5.7.0.jar' 
2022-04-19 09:55:17.886 DEBUG [acme.Launcher@main] Found classpath entry '/C:/Users/franm/.m2/repository/org/junit/platform/junit-platform-launcher/1.7.0/junit-platform-launcher-1.7.0.jar' 
2022-04-19 09:55:17.887 DEBUG [acme.Launcher@main] Found classpath entry '/C:/Users/franm/.m2/repository/org/seleniumhq/selenium/selenium-java/3.141.59/selenium-java-3.141.59.jar' 
2022-04-19 09:55:17.887 DEBUG [acme.Launcher@main] Found classpath entry '/C:/Users/franm/.m2/repository/org/seleniumhq/selenium/selenium-api/3.141.59/selenium-api-3.141.59.jar' 
2022-04-19 09:55:17.888 DEBUG [acme.Launcher@main] Found classpath entry '/C:/Users/franm/.m2/repository/org/seleniumhq/selenium/selenium-chrome-driver/3.141.59/selenium-chrome-driver-3.141.59.jar' 
2022-04-19 09:55:17.888 DEBUG [acme.Launcher@main] Found classpath entry '/C:/Users/franm/.m2/repository/org/seleniumhq/selenium/selenium-edge-driver/3.141.59/selenium-edge-driver-3.141.59.jar' 
2022-04-19 09:55:17.888 DEBUG [acme.Launcher@main] Found classpath entry '/C:/Users/franm/.m2/repository/org/seleniumhq/selenium/selenium-firefox-driver/3.141.59/selenium-firefox-driver-3.141.59.jar' 
2022-04-19 09:55:17.889 DEBUG [acme.Launcher@main] Found classpath entry '/C:/Users/franm/.m2/repository/org/seleniumhq/selenium/selenium-ie-driver/3.141.59/selenium-ie-driver-3.141.59.jar' 
2022-04-19 09:55:17.889 DEBUG [acme.Launcher@main] Found classpath entry '/C:/Users/franm/.m2/repository/org/seleniumhq/selenium/selenium-opera-driver/3.141.59/selenium-opera-driver-3.141.59.jar' 
2022-04-19 09:55:17.889 DEBUG [acme.Launcher@main] Found classpath entry '/C:/Users/franm/.m2/repository/org/seleniumhq/selenium/selenium-remote-driver/3.141.59/selenium-remote-driver-3.141.59.jar' 
2022-04-19 09:55:17.890 DEBUG [acme.Launcher@main] Found classpath entry '/C:/Users/franm/.m2/repository/org/seleniumhq/selenium/selenium-safari-driver/3.141.59/selenium-safari-driver-3.141.59.jar' 
2022-04-19 09:55:17.890 DEBUG [acme.Launcher@main] Found classpath entry '/C:/Users/franm/.m2/repository/org/seleniumhq/selenium/selenium-support/3.141.59/selenium-support-3.141.59.jar' 
2022-04-19 09:55:17.893 DEBUG [acme.Launcher@main] Found classpath entry '/C:/Users/franm/.m2/repository/net/bytebuddy/byte-buddy/1.10.19/byte-buddy-1.10.19.jar' 
2022-04-19 09:55:17.893 DEBUG [acme.Launcher@main] Found classpath entry '/C:/Users/franm/.m2/repository/org/apache/commons/commons-exec/1.3/commons-exec-1.3.jar' 
2022-04-19 09:55:17.893 DEBUG [acme.Launcher@main] Found classpath entry '/C:/Users/franm/.m2/repository/com/google/guava/guava/25.0-jre/guava-25.0-jre.jar' 
2022-04-19 09:55:17.894 DEBUG [acme.Launcher@main] Found classpath entry '/C:/Users/franm/.m2/repository/com/google/code/findbugs/jsr305/1.3.9/jsr305-1.3.9.jar' 
2022-04-19 09:55:17.894 DEBUG [acme.Launcher@main] Found classpath entry '/C:/Users/franm/.m2/repository/org/checkerframework/checker-compat-qual/2.0.0/checker-compat-qual-2.0.0.jar' 
2022-04-19 09:55:17.895 DEBUG [acme.Launcher@main] Found classpath entry '/C:/Users/franm/.m2/repository/com/google/errorprone/error_prone_annotations/2.1.3/error_prone_annotations-2.1.3.jar' 
2022-04-19 09:55:17.895 DEBUG [acme.Launcher@main] Found classpath entry '/C:/Users/franm/.m2/repository/com/google/j2objc/j2objc-annotations/1.1/j2objc-annotations-1.1.jar' 
2022-04-19 09:55:17.895 DEBUG [acme.Launcher@main] Found classpath entry '/C:/Users/franm/.m2/repository/org/codehaus/mojo/animal-sniffer-annotations/1.14/animal-sniffer-annotations-1.14.jar' 
2022-04-19 09:55:17.895 DEBUG [acme.Launcher@main] Found classpath entry '/C:/Users/franm/.m2/repository/com/squareup/okhttp3/okhttp/3.14.9/okhttp-3.14.9.jar' 
2022-04-19 09:55:17.895 DEBUG [acme.Launcher@main] Found classpath entry '/C:/Users/franm/.m2/repository/com/squareup/okio/okio/1.14.0/okio-1.14.0.jar' 
2022-04-19 09:55:17.896 DEBUG [acme.Launcher@main] Found classpath entry '/C:/Users/franm/.m2/repository/org/apache/commons/commons-lang3/3.11/commons-lang3-3.11.jar' 
2022-04-19 09:55:17.896 DEBUG [acme.Launcher@main] Found classpath entry '/C:/Users/franm/.m2/repository/org/apache/commons/commons-text/1.8/commons-text-1.8.jar' 
2022-04-19 09:55:17.897 DEBUG [acme.Launcher@main] Found classpath entry '/C:/Users/franm/.m2/repository/commons-io/commons-io/2.6/commons-io-2.6.jar' 
2022-04-19 09:55:17.897 DEBUG [acme.Launcher@main] Found classpath entry '/C:/Users/franm/.m2/repository/commons-cli/commons-cli/1.4/commons-cli-1.4.jar' 
2022-04-19 09:55:17.897 DEBUG [acme.Launcher@main] Found classpath entry '/C:/Users/franm/.m2/repository/org/projectlombok/lombok/1.18.16/lombok-1.18.16.jar' 
2022-04-19 09:55:17.898 DEBUG [acme.Launcher@main] Found classpath entry '/C:/Users/franm/.m2/repository/com/opencsv/opencsv/5.4/opencsv-5.4.jar' 
2022-04-19 09:55:17.898 DEBUG [acme.Launcher@main] Found classpath entry '/C:/Users/franm/.m2/repository/commons-beanutils/commons-beanutils/1.9.4/commons-beanutils-1.9.4.jar' 
2022-04-19 09:55:17.898 DEBUG [acme.Launcher@main] Found classpath entry '/C:/Users/franm/.m2/repository/commons-logging/commons-logging/1.2/commons-logging-1.2.jar' 
2022-04-19 09:55:17.899 DEBUG [acme.Launcher@main] Found classpath entry '/C:/Users/franm/.m2/repository/commons-collections/commons-collections/3.2.2/commons-collections-3.2.2.jar' 
2022-04-19 09:55:17.899 DEBUG [acme.Launcher@main] Found classpath entry '/C:/Users/franm/.m2/repository/org/apache/commons/commons-collections4/4.4/commons-collections4-4.4.jar' 
2022-04-19 09:55:18.267 DEBUG [acme.Launcher@main] Found entity class 'acme.entities.announcements.Announcement 
2022-04-19 09:55:18.267 DEBUG [acme.Launcher@main] Found entity class 'acme.entities.chirp.Chirp 
2022-04-19 09:55:18.267 DEBUG [acme.Launcher@main] Found entity class 'acme.entities.item.Amount 
2022-04-19 09:55:18.268 DEBUG [acme.Launcher@main] Found entity class 'acme.entities.item.Item 
2022-04-19 09:55:18.268 DEBUG [acme.Launcher@main] Found entity class 'acme.entities.patronageReport.PatronageReport 
2022-04-19 09:55:18.268 DEBUG [acme.Launcher@main] Found entity class 'acme.entities.patronages.Patronage 
2022-04-19 09:55:18.270 DEBUG [acme.Launcher@main] Found entity class 'acme.entities.tookit.Toolkit 
2022-04-19 09:55:18.270 DEBUG [acme.Launcher@main] Found entity class 'acme.roles.Inventor 
2022-04-19 09:55:18.270 DEBUG [acme.Launcher@main] Found entity class 'acme.roles.Patron 
2022-04-19 09:55:18.270 DEBUG [acme.Launcher@main] Found entity class 'acme.systemConfiguration.SystemConfiguration 
2022-04-19 09:55:18.270 DEBUG [acme.Launcher@main] Found entity class 'acme.framework.entities.UserAccount 
2022-04-19 09:55:18.271 DEBUG [acme.Launcher@main] Found entity class 'acme.framework.roles.Administrator 
2022-04-19 09:55:18.271 DEBUG [acme.Launcher@main] Found entity class 'acme.framework.roles.Anonymous 
2022-04-19 09:55:18.271 DEBUG [acme.Launcher@main] Found entity class 'acme.framework.roles.Any 
2022-04-19 09:55:18.272 DEBUG [acme.Launcher@main] Found entity class 'acme.framework.roles.Authenticated 
2022-04-19 09:55:18.288 INFO  [acme.Launcher@main] Running application (Standalone) 
2022-04-19 09:57:52.776 DEBUG [acme.framework.components.tiles.DynamicTilesView@http-nio-8080-exec-3] View name 'fragments/welcome', model {} 
2022-04-19 09:57:52.975 DEBUG [org.apache.tiles.definition.dao.BaseLocaleUrlDefinitionDAO@http-nio-8080-exec-3] File Resource file:/C:/Users/franm/Desktop/UNI/DP2/Workspace-22.0/Projects/Acme-Toolkits/target/classes/WEB-INF/views/master/tiles_en.xml at file:/C:/Users/franm/Desktop/UNI/DP2/Workspace-22.0/Projects/Acme-Toolkits/target/classes/WEB-INF/views/master/tiles_en.xml not found, continue 
2022-04-19 09:57:52.993 DEBUG [org.apache.jasper.servlet.JspServlet@http-nio-8080-exec-3] JspEngine --> /WEB-INF/views/master/page.jsp 
2022-04-19 09:57:52.994 DEBUG [org.apache.jasper.servlet.JspServlet@http-nio-8080-exec-3] ServletPath: /WEB-INF/views/master/page.jsp 
2022-04-19 09:57:52.995 DEBUG [org.apache.jasper.servlet.JspServlet@http-nio-8080-exec-3] PathInfo: null 
2022-04-19 09:57:52.999 DEBUG [org.apache.jasper.servlet.JspServlet@http-nio-8080-exec-3] RealPath: C:\Users\franm\Desktop\UNI\DP2\Workspace-22.0\Projects\Acme-Toolkits\target\classes\WEB-INF\views\master\page.jsp 
2022-04-19 09:57:53 DEBUG [org.apache.jasper.servlet.JspServlet@http-nio-8080-exec-3] RequestURI: /acme-toolkits-22.1/WEB-INF/views/master/page.jsp 
2022-04-19 09:57:53.002 DEBUG [org.apache.jasper.servlet.JspServlet@http-nio-8080-exec-3] QueryString: null 
2022-04-19 09:57:58.944 DEBUG [acme.framework.components.tiles.DynamicTilesView@http-nio-8080-exec-6] View name 'fragments/welcome', model {} 
2022-04-19 09:57:58.947 DEBUG [org.apache.jasper.servlet.JspServlet@http-nio-8080-exec-6] JspEngine --> /WEB-INF/views/master/page.jsp 
2022-04-19 09:57:58.947 DEBUG [org.apache.jasper.servlet.JspServlet@http-nio-8080-exec-6] ServletPath: /WEB-INF/views/master/page.jsp 
2022-04-19 09:57:58.948 DEBUG [org.apache.jasper.servlet.JspServlet@http-nio-8080-exec-6] PathInfo: null 
2022-04-19 09:57:58.951 DEBUG [org.apache.jasper.servlet.JspServlet@http-nio-8080-exec-6] RealPath: C:\Users\franm\Desktop\UNI\DP2\Workspace-22.0\Projects\Acme-Toolkits\target\classes\WEB-INF\views\master\page.jsp 
2022-04-19 09:57:58.952 DEBUG [org.apache.jasper.servlet.JspServlet@http-nio-8080-exec-6] RequestURI: /acme-toolkits-22.1/WEB-INF/views/master/page.jsp 
2022-04-19 09:57:58.953 DEBUG [org.apache.jasper.servlet.JspServlet@http-nio-8080-exec-6] QueryString: null 
2022-04-19 09:58:13.172 DEBUG [acme.framework.configuration.ExtendedMessageSource@http-nio-8080-exec-3] Loading properties [C:\Users\franm\Desktop\UNI\DP2\Workspace-22.0\Projects\Acme-Toolkits\target\classes\WEB-INF\views\administrator\dashboard\messsages-en.i18n] with encoding 'utf-8' 
2022-04-19 09:58:13.210 DEBUG [acme.framework.configuration.ExtendedMessageSource@http-nio-8080-exec-3] Loading properties [C:\Users\franm\Desktop\UNI\DP2\Workspace-22.0\Projects\Acme-Toolkits\target\classes\WEB-INF\views\administrator\user-account\messages-en.i18n] with encoding 'utf-8' 
2022-04-19 09:58:13.245 DEBUG [acme.framework.configuration.ExtendedMessageSource@http-nio-8080-exec-3] Loading properties [C:\Users\franm\Desktop\UNI\DP2\Workspace-22.0\Projects\Acme-Toolkits\target\classes\WEB-INF\views\anonymous\user-account\messages-en.i18n] with encoding 'utf-8' 
2022-04-19 09:58:13.283 DEBUG [acme.framework.configuration.ExtendedMessageSource@http-nio-8080-exec-3] Loading properties [C:\Users\franm\Desktop\UNI\DP2\Workspace-22.0\Projects\Acme-Toolkits\target\classes\WEB-INF\views\authenticated\consumer\messsages-en.i18n] with encoding 'utf-8' 
2022-04-19 09:58:13.327 DEBUG [acme.framework.configuration.ExtendedMessageSource@http-nio-8080-exec-3] Loading properties [C:\Users\franm\Desktop\UNI\DP2\Workspace-22.0\Projects\Acme-Toolkits\target\classes\WEB-INF\views\authenticated\provider\messsages-en.i18n] with encoding 'utf-8' 
2022-04-19 09:58:13.355 DEBUG [acme.framework.configuration.ExtendedMessageSource@http-nio-8080-exec-3] Loading properties [C:\Users\franm\Desktop\UNI\DP2\Workspace-22.0\Projects\Acme-Toolkits\target\classes\WEB-INF\views\authenticated\system-configuration\messsages-en.i18n] with encoding 'utf-8' 
2022-04-19 09:58:13.363 DEBUG [acme.framework.configuration.ExtendedMessageSource@http-nio-8080-exec-3] Loading properties [C:\Users\franm\Desktop\UNI\DP2\Workspace-22.0\Projects\Acme-Toolkits\target\classes\WEB-INF\views\authenticated\user-account\messages-en.i18n] with encoding 'utf-8' 
2022-04-19 09:58:13.403 DEBUG [acme.framework.configuration.ExtendedMessageSource@http-nio-8080-exec-3] Loading properties [C:\Users\franm\Desktop\UNI\DP2\Workspace-22.0\Projects\Acme-Toolkits\target\classes\WEB-INF\views\fragments\banner-en.i18n] with encoding 'utf-8' 
2022-04-19 09:58:13.404 DEBUG [acme.framework.configuration.ExtendedMessageSource@http-nio-8080-exec-3] Loading properties [C:\Users\franm\Desktop\UNI\DP2\Workspace-22.0\Projects\Acme-Toolkits\target\classes\WEB-INF\views\fragments\company-en.i18n] with encoding 'utf-8' 
2022-04-19 09:58:13.445 DEBUG [acme.framework.configuration.ExtendedMessageSource@http-nio-8080-exec-3] Loading properties [C:\Users\franm\Desktop\UNI\DP2\Workspace-22.0\Projects\Acme-Toolkits\target\classes\WEB-INF\views\fragments\footer-en.i18n] with encoding 'utf-8' 
2022-04-19 09:58:13.486 DEBUG [acme.framework.configuration.ExtendedMessageSource@http-nio-8080-exec-3] Loading properties [C:\Users\franm\Desktop\UNI\DP2\Workspace-22.0\Projects\Acme-Toolkits\target\classes\WEB-INF\views\fragments\license-en.i18n] with encoding 'utf-8' 
2022-04-19 09:58:13.526 DEBUG [acme.framework.configuration.ExtendedMessageSource@http-nio-8080-exec-3] Loading properties [C:\Users\franm\Desktop\UNI\DP2\Workspace-22.0\Projects\Acme-Toolkits\target\classes\WEB-INF\views\fragments\menu-en.i18n] with encoding 'utf-8' 
2022-04-19 09:58:13.535 DEBUG [acme.framework.configuration.ExtendedMessageSource@http-nio-8080-exec-3] Loading properties [C:\Users\franm\Desktop\UNI\DP2\Workspace-22.0\Projects\Acme-Toolkits\target\classes\WEB-INF\views\fragments\messsages-en.i18n] with encoding 'utf-8' 
2022-04-19 09:58:13.570 DEBUG [acme.framework.configuration.ExtendedMessageSource@http-nio-8080-exec-3] Loading properties [C:\Users\franm\Desktop\UNI\DP2\Workspace-22.0\Projects\Acme-Toolkits\target\classes\WEB-INF\views\fragments\title-en.i18n] with encoding 'utf-8' 
2022-04-19 09:58:13.572 DEBUG [acme.framework.configuration.ExtendedMessageSource@http-nio-8080-exec-3] Loading properties [C:\Users\franm\Desktop\UNI\DP2\Workspace-22.0\Projects\Acme-Toolkits\target\classes\WEB-INF\views\fragments\welcome-en.i18n] with encoding 'utf-8' 
2022-04-19 09:58:13.605 DEBUG [acme.framework.configuration.ExtendedMessageSource@http-nio-8080-exec-3] Loading properties [C:\Users\franm\Desktop\UNI\DP2\Workspace-22.0\Projects\Acme-Toolkits\target\classes\WEB-INF\views\inventor\item\messsages-en.i18n] with encoding 'utf-8' 
2022-04-19 09:58:13.638 DEBUG [acme.framework.configuration.ExtendedMessageSource@http-nio-8080-exec-3] Loading properties [C:\Users\franm\Desktop\UNI\DP2\Workspace-22.0\Projects\Acme-Toolkits\target\classes\WEB-INF\views\inventor\patronage\messages-en.i18n] with encoding 'utf-8' 
2022-04-19 09:58:13.646 DEBUG [acme.framework.configuration.ExtendedMessageSource@http-nio-8080-exec-3] Loading properties [C:\Users\franm\Desktop\UNI\DP2\Workspace-22.0\Projects\Acme-Toolkits\target\classes\WEB-INF\views\master\defaults-en.i18n] with encoding 'utf-8' 
2022-04-19 09:58:13.665 DEBUG [acme.framework.configuration.ExtendedMessageSource@http-nio-8080-exec-3] Loading properties [C:\Users\franm\Desktop\UNI\DP2\Workspace-22.0\Projects\Acme-Toolkits\target\classes\WEB-INF\views\master\master-en.i18n] with encoding 'utf-8' 
2022-04-19 09:58:13.694 DEBUG [acme.framework.configuration.ExtendedMessageSource@http-nio-8080-exec-3] Loading properties [C:\Users\franm\Desktop\UNI\DP2\Workspace-22.0\Projects\Acme-Toolkits\target\classes\WEB-INF\views\master\throwables-en.i18n] with encoding 'utf-8' 
2022-04-19 09:58:13.695 DEBUG [acme.framework.configuration.ExtendedMessageSource@http-nio-8080-exec-3] Loading properties [C:\Users\franm\Desktop\UNI\DP2\Workspace-22.0\Projects\Acme-Toolkits\target\classes\WEB-INF\views\master\validation-en.i18n] with encoding 'utf-8' 
2022-04-19 09:58:13.760 DEBUG [acme.framework.configuration.ExtendedMessageSource@http-nio-8080-exec-6] Loading properties [C:\Users\franm\Desktop\UNI\DP2\Workspace-22.0\Projects\Acme-Toolkits\target\classes\WEB-INF\views\administrator\dashboard\messsages-en.i18n] with encoding 'utf-8' 
2022-04-19 09:58:13.762 DEBUG [acme.framework.configuration.ExtendedMessageSource@http-nio-8080-exec-6] Loading properties [C:\Users\franm\Desktop\UNI\DP2\Workspace-22.0\Projects\Acme-Toolkits\target\classes\WEB-INF\views\administrator\user-account\messages-en.i18n] with encoding 'utf-8' 
2022-04-19 09:58:13.763 DEBUG [acme.framework.configuration.ExtendedMessageSource@http-nio-8080-exec-6] Loading properties [C:\Users\franm\Desktop\UNI\DP2\Workspace-22.0\Projects\Acme-Toolkits\target\classes\WEB-INF\views\anonymous\user-account\messages-en.i18n] with encoding 'utf-8' 
2022-04-19 09:58:13.765 DEBUG [acme.framework.configuration.ExtendedMessageSource@http-nio-8080-exec-6] Loading properties [C:\Users\franm\Desktop\UNI\DP2\Workspace-22.0\Projects\Acme-Toolkits\target\classes\WEB-INF\views\authenticated\consumer\messsages-en.i18n] with encoding 'utf-8' 
2022-04-19 09:58:13.769 DEBUG [acme.framework.configuration.ExtendedMessageSource@http-nio-8080-exec-6] Loading properties [C:\Users\franm\Desktop\UNI\DP2\Workspace-22.0\Projects\Acme-Toolkits\target\classes\WEB-INF\views\authenticated\provider\messsages-en.i18n] with encoding 'utf-8' 
2022-04-19 09:58:13.772 DEBUG [acme.framework.configuration.ExtendedMessageSource@http-nio-8080-exec-6] Loading properties [C:\Users\franm\Desktop\UNI\DP2\Workspace-22.0\Projects\Acme-Toolkits\target\classes\WEB-INF\views\authenticated\system-configuration\messsages-en.i18n] with encoding 'utf-8' 
2022-04-19 09:58:13.773 DEBUG [acme.framework.configuration.ExtendedMessageSource@http-nio-8080-exec-6] Loading properties [C:\Users\franm\Desktop\UNI\DP2\Workspace-22.0\Projects\Acme-Toolkits\target\classes\WEB-INF\views\authenticated\user-account\messages-en.i18n] with encoding 'utf-8' 
2022-04-19 09:58:13.775 DEBUG [acme.framework.configuration.ExtendedMessageSource@http-nio-8080-exec-6] Loading properties [C:\Users\franm\Desktop\UNI\DP2\Workspace-22.0\Projects\Acme-Toolkits\target\classes\WEB-INF\views\fragments\banner-en.i18n] with encoding 'utf-8' 
2022-04-19 09:58:13.776 DEBUG [acme.framework.configuration.ExtendedMessageSource@http-nio-8080-exec-6] Loading properties [C:\Users\franm\Desktop\UNI\DP2\Workspace-22.0\Projects\Acme-Toolkits\target\classes\WEB-INF\views\fragments\company-en.i18n] with encoding 'utf-8' 
2022-04-19 09:58:13.777 DEBUG [acme.framework.configuration.ExtendedMessageSource@http-nio-8080-exec-6] Loading properties [C:\Users\franm\Desktop\UNI\DP2\Workspace-22.0\Projects\Acme-Toolkits\target\classes\WEB-INF\views\fragments\footer-en.i18n] with encoding 'utf-8' 
2022-04-19 09:58:13.779 DEBUG [acme.framework.configuration.ExtendedMessageSource@http-nio-8080-exec-6] Loading properties [C:\Users\franm\Desktop\UNI\DP2\Workspace-22.0\Projects\Acme-Toolkits\target\classes\WEB-INF\views\fragments\license-en.i18n] with encoding 'utf-8' 
2022-04-19 09:58:13.781 DEBUG [acme.framework.configuration.ExtendedMessageSource@http-nio-8080-exec-6] Loading properties [C:\Users\franm\Desktop\UNI\DP2\Workspace-22.0\Projects\Acme-Toolkits\target\classes\WEB-INF\views\fragments\menu-en.i18n] with encoding 'utf-8' 
2022-04-19 09:58:13.783 DEBUG [acme.framework.configuration.ExtendedMessageSource@http-nio-8080-exec-6] Loading properties [C:\Users\franm\Desktop\UNI\DP2\Workspace-22.0\Projects\Acme-Toolkits\target\classes\WEB-INF\views\fragments\messsages-en.i18n] with encoding 'utf-8' 
2022-04-19 09:58:13.786 DEBUG [acme.framework.configuration.ExtendedMessageSource@http-nio-8080-exec-6] Loading properties [C:\Users\franm\Desktop\UNI\DP2\Workspace-22.0\Projects\Acme-Toolkits\target\classes\WEB-INF\views\fragments\title-en.i18n] with encoding 'utf-8' 
2022-04-19 09:58:13.788 DEBUG [acme.framework.configuration.ExtendedMessageSource@http-nio-8080-exec-6] Loading properties [C:\Users\franm\Desktop\UNI\DP2\Workspace-22.0\Projects\Acme-Toolkits\target\classes\WEB-INF\views\fragments\welcome-en.i18n] with encoding 'utf-8' 
2022-04-19 09:58:13.790 DEBUG [acme.framework.configuration.ExtendedMessageSource@http-nio-8080-exec-6] Loading properties [C:\Users\franm\Desktop\UNI\DP2\Workspace-22.0\Projects\Acme-Toolkits\target\classes\WEB-INF\views\inventor\item\messsages-en.i18n] with encoding 'utf-8' 
2022-04-19 09:58:13.793 DEBUG [acme.framework.configuration.ExtendedMessageSource@http-nio-8080-exec-6] Loading properties [C:\Users\franm\Desktop\UNI\DP2\Workspace-22.0\Projects\Acme-Toolkits\target\classes\WEB-INF\views\inventor\patronage\messages-en.i18n] with encoding 'utf-8' 
2022-04-19 09:58:13.795 DEBUG [acme.framework.configuration.ExtendedMessageSource@http-nio-8080-exec-6] Loading properties [C:\Users\franm\Desktop\UNI\DP2\Workspace-22.0\Projects\Acme-Toolkits\target\classes\WEB-INF\views\master\defaults-en.i18n] with encoding 'utf-8' 
2022-04-19 09:58:13.798 DEBUG [acme.framework.configuration.ExtendedMessageSource@http-nio-8080-exec-6] Loading properties [C:\Users\franm\Desktop\UNI\DP2\Workspace-22.0\Projects\Acme-Toolkits\target\classes\WEB-INF\views\master\master-en.i18n] with encoding 'utf-8' 
2022-04-19 09:58:13.799 DEBUG [acme.framework.configuration.ExtendedMessageSource@http-nio-8080-exec-6] Loading properties [C:\Users\franm\Desktop\UNI\DP2\Workspace-22.0\Projects\Acme-Toolkits\target\classes\WEB-INF\views\master\throwables-en.i18n] with encoding 'utf-8' 
2022-04-19 09:58:13.804 DEBUG [acme.framework.configuration.ExtendedMessageSource@http-nio-8080-exec-6] Loading properties [C:\Users\franm\Desktop\UNI\DP2\Workspace-22.0\Projects\Acme-Toolkits\target\classes\WEB-INF\views\master\validation-en.i18n] with encoding 'utf-8' 
2022-04-19 09:58:14.316 DEBUG [org.apache.jasper.servlet.JspServlet@http-nio-8080-exec-3] JspEngine --> /WEB-INF/views/fragments/welcome.jsp 
2022-04-19 09:58:14.316 DEBUG [org.apache.jasper.servlet.JspServlet@http-nio-8080-exec-6] JspEngine --> /WEB-INF/views/fragments/welcome.jsp 
2022-04-19 09:58:14.317 DEBUG [org.apache.jasper.servlet.JspServlet@http-nio-8080-exec-6] ServletPath: /WEB-INF/views/master/page.jsp 
2022-04-19 09:58:14.317 DEBUG [org.apache.jasper.servlet.JspServlet@http-nio-8080-exec-3] ServletPath: /WEB-INF/views/master/page.jsp 
2022-04-19 09:58:14.318 DEBUG [org.apache.jasper.servlet.JspServlet@http-nio-8080-exec-3] PathInfo: null 
2022-04-19 09:58:14.318 DEBUG [org.apache.jasper.servlet.JspServlet@http-nio-8080-exec-6] PathInfo: null 
2022-04-19 09:58:14.322 DEBUG [org.apache.jasper.servlet.JspServlet@http-nio-8080-exec-6] RealPath: C:\Users\franm\Desktop\UNI\DP2\Workspace-22.0\Projects\Acme-Toolkits\target\classes\WEB-INF\views\fragments\welcome.jsp 
2022-04-19 09:58:14.323 DEBUG [org.apache.jasper.servlet.JspServlet@http-nio-8080-exec-3] RealPath: C:\Users\franm\Desktop\UNI\DP2\Workspace-22.0\Projects\Acme-Toolkits\target\classes\WEB-INF\views\fragments\welcome.jsp 
2022-04-19 09:58:14.324 DEBUG [org.apache.jasper.servlet.JspServlet@http-nio-8080-exec-6] RequestURI: /acme-toolkits-22.1/WEB-INF/views/master/page.jsp 
2022-04-19 09:58:14.323 DEBUG [org.apache.jasper.servlet.JspServlet@http-nio-8080-exec-3] RequestURI: /acme-toolkits-22.1/WEB-INF/views/master/page.jsp 
2022-04-19 09:58:14.324 DEBUG [org.apache.jasper.servlet.JspServlet@http-nio-8080-exec-3] QueryString: null 
2022-04-19 09:58:14.325 DEBUG [org.apache.jasper.servlet.JspServlet@http-nio-8080-exec-6] QueryString: null 
2022-04-19 09:58:18.293 DEBUG [org.hibernate.SQL@http-nio-8080-exec-6] select useraccoun0_.id as id1_0_, useraccoun0_.version as version2_0_, useraccoun0_.enabled as enabled1_15_, useraccoun0_.identity as identity2_15_, useraccoun0_.password as password3_15_, useraccoun0_.username as username4_15_ from user_account useraccoun0_ where useraccoun0_.username=? 
2022-04-19 09:58:18.293 DEBUG [org.hibernate.SQL@http-nio-8080-exec-3] select useraccoun0_.id as id1_0_, useraccoun0_.version as version2_0_, useraccoun0_.enabled as enabled1_15_, useraccoun0_.identity as identity2_15_, useraccoun0_.password as password3_15_, useraccoun0_.username as username4_15_ from user_account useraccoun0_ where useraccoun0_.username=? 
2022-04-19 09:58:19.125 TRACE [org.hibernate.type.descriptor.sql.BasicBinder@http-nio-8080-exec-6] binding parameter [1] as [VARCHAR] - [anonymous] 
2022-04-19 09:58:19.125 TRACE [org.hibernate.type.descriptor.sql.BasicBinder@http-nio-8080-exec-3] binding parameter [1] as [VARCHAR] - [anonymous] 
2022-04-19 09:58:22.868 DEBUG [org.hibernate.SQL@http-nio-8080-exec-6] select roles0_.user_account_id as user_acc1_16_0_, roles0_.id as id1_16_0_, roles0_.id as id1_0_1_, roles0_.version as version2_0_1_, roles0_.user_account_id as user_acc1_16_1_, roles0_.company as company1_8_1_, roles0_.optional_link as optional2_8_1_, roles0_.statement as statemen3_8_1_, roles0_.company as company1_10_1_, roles0_.optional_link as optional2_10_1_, roles0_.statement as statemen3_10_1_, roles0_.clazz_ as clazz_1_ from ( select id, version, user_account_id, company, optional_link, statement, 9 as clazz_ from inventor union all select id, version, user_account_id, company, optional_link, statement, 10 as clazz_ from patron union all select id, version, user_account_id, null as company, null as optional_link, null as statement, 13 as clazz_ from administrator union all select id, version, user_account_id, null as company, null as optional_link, null as statement, 14 as clazz_ from anonymous union all select id, version, user_account_id, null as company, null as optional_link, null as statement, 15 as clazz_ from any union all select id, version, user_account_id, null as company, null as optional_link, null as statement, 16 as clazz_ from authenticated ) roles0_ where roles0_.user_account_id=? 
2022-04-19 09:58:22.868 DEBUG [org.hibernate.SQL@http-nio-8080-exec-3] select roles0_.user_account_id as user_acc1_16_0_, roles0_.id as id1_16_0_, roles0_.id as id1_0_1_, roles0_.version as version2_0_1_, roles0_.user_account_id as user_acc1_16_1_, roles0_.company as company1_8_1_, roles0_.optional_link as optional2_8_1_, roles0_.statement as statemen3_8_1_, roles0_.company as company1_10_1_, roles0_.optional_link as optional2_10_1_, roles0_.statement as statemen3_10_1_, roles0_.clazz_ as clazz_1_ from ( select id, version, user_account_id, company, optional_link, statement, 9 as clazz_ from inventor union all select id, version, user_account_id, company, optional_link, statement, 10 as clazz_ from patron union all select id, version, user_account_id, null as company, null as optional_link, null as statement, 13 as clazz_ from administrator union all select id, version, user_account_id, null as company, null as optional_link, null as statement, 14 as clazz_ from anonymous union all select id, version, user_account_id, null as company, null as optional_link, null as statement, 15 as clazz_ from any union all select id, version, user_account_id, null as company, null as optional_link, null as statement, 16 as clazz_ from authenticated ) roles0_ where roles0_.user_account_id=? 
2022-04-19 09:58:22.876 TRACE [org.hibernate.type.descriptor.sql.BasicBinder@http-nio-8080-exec-3] binding parameter [1] as [INTEGER] - [16] 
2022-04-19 09:58:22.880 TRACE [org.hibernate.type.descriptor.sql.BasicBinder@http-nio-8080-exec-6] binding parameter [1] as [INTEGER] - [16] 
2022-04-19 09:59:41.785 DEBUG [acme.framework.components.tiles.DynamicTilesView@http-nio-8080-exec-4] View name 'master/sign-in', model {username=, password=, remember=false} 
2022-04-19 09:59:41.795 DEBUG [org.apache.jasper.servlet.JspServlet@http-nio-8080-exec-4] JspEngine --> /WEB-INF/views/master/page.jsp 
2022-04-19 09:59:41.795 DEBUG [org.apache.jasper.servlet.JspServlet@http-nio-8080-exec-4] ServletPath: /WEB-INF/views/master/page.jsp 
2022-04-19 09:59:41.796 DEBUG [org.apache.jasper.servlet.JspServlet@http-nio-8080-exec-4] PathInfo: null 
2022-04-19 09:59:41.801 DEBUG [org.apache.jasper.servlet.JspServlet@http-nio-8080-exec-4] RealPath: C:\Users\franm\Desktop\UNI\DP2\Workspace-22.0\Projects\Acme-Toolkits\target\classes\WEB-INF\views\master\page.jsp 
2022-04-19 09:59:41.802 DEBUG [org.apache.jasper.servlet.JspServlet@http-nio-8080-exec-4] RequestURI: /acme-toolkits-22.1/WEB-INF/views/master/page.jsp 
2022-04-19 09:59:41.803 DEBUG [org.apache.jasper.servlet.JspServlet@http-nio-8080-exec-4] QueryString: null 
2022-04-19 09:59:42.331 DEBUG [org.apache.jasper.servlet.JspServlet@http-nio-8080-exec-4] JspEngine --> /WEB-INF/views/master/sign-in.jsp 
2022-04-19 09:59:42.333 DEBUG [org.apache.jasper.servlet.JspServlet@http-nio-8080-exec-4] ServletPath: /WEB-INF/views/master/page.jsp 
2022-04-19 09:59:42.333 DEBUG [org.apache.jasper.servlet.JspServlet@http-nio-8080-exec-4] PathInfo: null 
2022-04-19 09:59:42.336 DEBUG [org.apache.jasper.servlet.JspServlet@http-nio-8080-exec-4] RealPath: C:\Users\franm\Desktop\UNI\DP2\Workspace-22.0\Projects\Acme-Toolkits\target\classes\WEB-INF\views\master\sign-in.jsp 
2022-04-19 09:59:42.337 DEBUG [org.apache.jasper.servlet.JspServlet@http-nio-8080-exec-4] RequestURI: /acme-toolkits-22.1/WEB-INF/views/master/page.jsp 
2022-04-19 09:59:42.341 DEBUG [org.apache.jasper.servlet.JspServlet@http-nio-8080-exec-4] QueryString: null 
2022-04-19 09:59:49.897 DEBUG [org.hibernate.SQL@http-nio-8080-exec-4] select useraccoun0_.id as id1_0_, useraccoun0_.version as version2_0_, useraccoun0_.enabled as enabled1_15_, useraccoun0_.identity as identity2_15_, useraccoun0_.password as password3_15_, useraccoun0_.username as username4_15_ from user_account useraccoun0_ where useraccoun0_.username=? 
2022-04-19 09:59:49.904 TRACE [org.hibernate.type.descriptor.sql.BasicBinder@http-nio-8080-exec-4] binding parameter [1] as [VARCHAR] - [anonymous] 
2022-04-19 09:59:49.911 DEBUG [org.hibernate.SQL@http-nio-8080-exec-4] select roles0_.user_account_id as user_acc1_16_0_, roles0_.id as id1_16_0_, roles0_.id as id1_0_1_, roles0_.version as version2_0_1_, roles0_.user_account_id as user_acc1_16_1_, roles0_.company as company1_8_1_, roles0_.optional_link as optional2_8_1_, roles0_.statement as statemen3_8_1_, roles0_.company as company1_10_1_, roles0_.optional_link as optional2_10_1_, roles0_.statement as statemen3_10_1_, roles0_.clazz_ as clazz_1_ from ( select id, version, user_account_id, company, optional_link, statement, 9 as clazz_ from inventor union all select id, version, user_account_id, company, optional_link, statement, 10 as clazz_ from patron union all select id, version, user_account_id, null as company, null as optional_link, null as statement, 13 as clazz_ from administrator union all select id, version, user_account_id, null as company, null as optional_link, null as statement, 14 as clazz_ from anonymous union all select id, version, user_account_id, null as company, null as optional_link, null as statement, 15 as clazz_ from any union all select id, version, user_account_id, null as company, null as optional_link, null as statement, 16 as clazz_ from authenticated ) roles0_ where roles0_.user_account_id=? 
2022-04-19 09:59:49.914 TRACE [org.hibernate.type.descriptor.sql.BasicBinder@http-nio-8080-exec-4] binding parameter [1] as [INTEGER] - [16] 
2022-04-19 10:01:40.390 DEBUG [org.hibernate.SQL@http-nio-8080-exec-8] select useraccoun0_.id as id1_0_, useraccoun0_.version as version2_0_, useraccoun0_.enabled as enabled1_15_, useraccoun0_.identity as identity2_15_, useraccoun0_.password as password3_15_, useraccoun0_.username as username4_15_ from user_account useraccoun0_ where useraccoun0_.username=? 
2022-04-19 10:01:40.398 TRACE [org.hibernate.type.descriptor.sql.BasicBinder@http-nio-8080-exec-8] binding parameter [1] as [VARCHAR] - [inventor1] 
2022-04-19 10:01:40.404 DEBUG [org.hibernate.SQL@http-nio-8080-exec-8] select roles0_.user_account_id as user_acc1_16_0_, roles0_.id as id1_16_0_, roles0_.id as id1_0_1_, roles0_.version as version2_0_1_, roles0_.user_account_id as user_acc1_16_1_, roles0_.company as company1_8_1_, roles0_.optional_link as optional2_8_1_, roles0_.statement as statemen3_8_1_, roles0_.company as company1_10_1_, roles0_.optional_link as optional2_10_1_, roles0_.statement as statemen3_10_1_, roles0_.clazz_ as clazz_1_ from ( select id, version, user_account_id, company, optional_link, statement, 9 as clazz_ from inventor union all select id, version, user_account_id, company, optional_link, statement, 10 as clazz_ from patron union all select id, version, user_account_id, null as company, null as optional_link, null as statement, 13 as clazz_ from administrator union all select id, version, user_account_id, null as company, null as optional_link, null as statement, 14 as clazz_ from anonymous union all select id, version, user_account_id, null as company, null as optional_link, null as statement, 15 as clazz_ from any union all select id, version, user_account_id, null as company, null as optional_link, null as statement, 16 as clazz_ from authenticated ) roles0_ where roles0_.user_account_id=? 
2022-04-19 10:01:40.409 TRACE [org.hibernate.type.descriptor.sql.BasicBinder@http-nio-8080-exec-8] binding parameter [1] as [INTEGER] - [37] 
2022-04-19 10:01:40.499 DEBUG [acme.framework.components.tiles.DynamicTilesView@http-nio-8080-exec-6] View name 'fragments/welcome', model {} 
2022-04-19 10:01:40.501 DEBUG [org.apache.jasper.servlet.JspServlet@http-nio-8080-exec-6] JspEngine --> /WEB-INF/views/master/page.jsp 
2022-04-19 10:01:40.502 DEBUG [org.apache.jasper.servlet.JspServlet@http-nio-8080-exec-6] ServletPath: /WEB-INF/views/master/page.jsp 
2022-04-19 10:01:40.504 DEBUG [org.apache.jasper.servlet.JspServlet@http-nio-8080-exec-6] PathInfo: null 
2022-04-19 10:01:40.513 DEBUG [org.apache.jasper.servlet.JspServlet@http-nio-8080-exec-6] RealPath: C:\Users\franm\Desktop\UNI\DP2\Workspace-22.0\Projects\Acme-Toolkits\target\classes\WEB-INF\views\master\page.jsp 
2022-04-19 10:01:40.514 DEBUG [org.apache.jasper.servlet.JspServlet@http-nio-8080-exec-6] RequestURI: /acme-toolkits-22.1/WEB-INF/views/master/page.jsp 
2022-04-19 10:01:40.515 DEBUG [org.apache.jasper.servlet.JspServlet@http-nio-8080-exec-6] QueryString: null 
2022-04-19 10:01:40.817 DEBUG [org.apache.jasper.servlet.JspServlet@http-nio-8080-exec-6] JspEngine --> /WEB-INF/views/fragments/welcome.jsp 
2022-04-19 10:01:40.818 DEBUG [org.apache.jasper.servlet.JspServlet@http-nio-8080-exec-6] ServletPath: /WEB-INF/views/master/page.jsp 
2022-04-19 10:01:40.818 DEBUG [org.apache.jasper.servlet.JspServlet@http-nio-8080-exec-6] PathInfo: null 
2022-04-19 10:01:40.826 DEBUG [org.apache.jasper.servlet.JspServlet@http-nio-8080-exec-6] RealPath: C:\Users\franm\Desktop\UNI\DP2\Workspace-22.0\Projects\Acme-Toolkits\target\classes\WEB-INF\views\fragments\welcome.jsp 
2022-04-19 10:01:40.826 DEBUG [org.apache.jasper.servlet.JspServlet@http-nio-8080-exec-6] RequestURI: /acme-toolkits-22.1/WEB-INF/views/master/page.jsp 
2022-04-19 10:01:40.827 DEBUG [org.apache.jasper.servlet.JspServlet@http-nio-8080-exec-6] QueryString: null 
2022-04-19 10:01:53.246 DEBUG [acme.framework.controllers.AbstractController@http-nio-8080-exec-9] DISPATCHING GET /acme-toolkits-22.1/inventor/patronage/list-own-patronage 
2022-04-19 10:01:53.247 DEBUG [acme.framework.controllers.AbstractController@http-nio-8080-exec-9] Command: list-own-patronage 
2022-04-19 10:01:53.247 DEBUG [acme.framework.controllers.AbstractController@http-nio-8080-exec-9] Model:   {} 
2022-04-19 10:01:53.247 DEBUG [acme.framework.controllers.AbstractController@http-nio-8080-exec-9] Locale:  en 
2022-04-19 10:01:53.324 DEBUG [org.hibernate.SQL@http-nio-8080-exec-9] select patronage0_.id as id1_0_, patronage0_.version as version2_0_, patronage0_.budget_amount as budget_a1_11_, patronage0_.budget_currency as budget_c2_11_, patronage0_.code as code3_11_, patronage0_.creation_moment as creation4_11_, patronage0_.final_date as final_da5_11_, patronage0_.initial_date as initial_6_11_, patronage0_.inventor_id as invento10_11_, patronage0_.legal_stuff as legal_st7_11_, patronage0_.optional_link as optional8_11_, patronage0_.patron_id as patron_11_11_, patronage0_.status as status9_11_ from patronage patronage0_ where patronage0_.inventor_id=? 
2022-04-19 10:01:53.325 TRACE [org.hibernate.type.descriptor.sql.BasicBinder@http-nio-8080-exec-9] binding parameter [1] as [INTEGER] - [48] 
2022-04-19 10:01:53.348 DEBUG [org.hibernate.SQL@http-nio-8080-exec-9] select inventor0_.id as id1_0_0_, inventor0_.version as version2_0_0_, inventor0_.user_account_id as user_acc1_16_0_, inventor0_.company as company1_8_0_, inventor0_.optional_link as optional2_8_0_, inventor0_.statement as statemen3_8_0_, useraccoun1_.id as id1_0_1_, useraccoun1_.version as version2_0_1_, useraccoun1_.enabled as enabled1_15_1_, useraccoun1_.identity as identity2_15_1_, useraccoun1_.password as password3_15_1_, useraccoun1_.username as username4_15_1_ from inventor inventor0_ inner join user_account useraccoun1_ on inventor0_.user_account_id=useraccoun1_.id where inventor0_.id=? 
2022-04-19 10:01:53.349 TRACE [org.hibernate.type.descriptor.sql.BasicBinder@http-nio-8080-exec-9] binding parameter [1] as [INTEGER] - [48] 
2022-04-19 10:01:53.365 DEBUG [org.hibernate.SQL@http-nio-8080-exec-9] select patron0_.id as id1_0_0_, patron0_.version as version2_0_0_, patron0_.user_account_id as user_acc1_16_0_, patron0_.company as company1_10_0_, patron0_.optional_link as optional2_10_0_, patron0_.statement as statemen3_10_0_, useraccoun1_.id as id1_0_1_, useraccoun1_.version as version2_0_1_, useraccoun1_.enabled as enabled1_15_1_, useraccoun1_.identity as identity2_15_1_, useraccoun1_.password as password3_15_1_, useraccoun1_.username as username4_15_1_ from patron patron0_ inner join user_account useraccoun1_ on patron0_.user_account_id=useraccoun1_.id where patron0_.id=? 
2022-04-19 10:01:53.366 TRACE [org.hibernate.type.descriptor.sql.BasicBinder@http-nio-8080-exec-9] binding parameter [1] as [INTEGER] - [73] 
2022-04-19 10:01:53.391 DEBUG [org.hibernate.SQL@http-nio-8080-exec-9] select patron0_.id as id1_0_0_, patron0_.version as version2_0_0_, patron0_.user_account_id as user_acc1_16_0_, patron0_.company as company1_10_0_, patron0_.optional_link as optional2_10_0_, patron0_.statement as statemen3_10_0_, useraccoun1_.id as id1_0_1_, useraccoun1_.version as version2_0_1_, useraccoun1_.enabled as enabled1_15_1_, useraccoun1_.identity as identity2_15_1_, useraccoun1_.password as password3_15_1_, useraccoun1_.username as username4_15_1_ from patron patron0_ inner join user_account useraccoun1_ on patron0_.user_account_id=useraccoun1_.id where patron0_.id=? 
2022-04-19 10:01:53.393 TRACE [org.hibernate.type.descriptor.sql.BasicBinder@http-nio-8080-exec-9] binding parameter [1] as [INTEGER] - [74] 
2022-04-19 10:01:53.580 DEBUG [acme.framework.controllers.AbstractController@http-nio-8080-exec-9] SERVING GET /acme-toolkits-22.1/inventor/patronage/list-own-patronage 
2022-04-19 10:01:53.598 DEBUG [acme.framework.controllers.AbstractController@http-nio-8080-exec-9] Result: ModelAndView [view="inventor/patronage/list"; model={version[1]=0, status[0]=PROPOSED, list$size=2, status[1]=DENIED, budget[0]=<<EUR 10.00>>, legalStuff[1]=LegalStuff 3, legalStuff[0]=LegalStuff 1, budget[1]=<<USD 12.00>>, version[0]=0, creationMoment[1]=2004-12-12 22:00:00.0, creationMoment[0]=2002-12-12 23:00:00.0, id[1]=103, id[0]=99, command=list-own-patronage, principal=acme.framework.entities.Principal@36fd7852}] 
2022-04-19 10:01:53.612 DEBUG [acme.framework.components.tiles.DynamicTilesView@http-nio-8080-exec-9] View name 'inventor/patronage/list', model {version[1]=0, status[0]=PROPOSED, list$size=2, status[1]=DENIED, budget[0]=<<EUR 10.00>>, legalStuff[1]=LegalStuff 3, legalStuff[0]=LegalStuff 1, budget[1]=<<USD 12.00>>, version[0]=0, creationMoment[1]=2004-12-12 22:00:00.0, creationMoment[0]=2002-12-12 23:00:00.0, id[1]=103, id[0]=99, command=list-own-patronage, principal=acme.framework.entities.Principal@36fd7852, org.springframework.validation.BindingResult.budget[0]=org.springframework.validation.BeanPropertyBindingResult: 0 errors, org.springframework.validation.BindingResult.budget[1]=org.springframework.validation.BeanPropertyBindingResult: 0 errors, org.springframework.validation.BindingResult.principal=org.springframework.validation.BeanPropertyBindingResult: 0 errors} 
2022-04-19 10:01:53.615 DEBUG [org.apache.jasper.servlet.JspServlet@http-nio-8080-exec-9] JspEngine --> /WEB-INF/views/master/page.jsp 
2022-04-19 10:01:53.616 DEBUG [org.apache.jasper.servlet.JspServlet@http-nio-8080-exec-9] ServletPath: /WEB-INF/views/master/page.jsp 
2022-04-19 10:01:53.616 DEBUG [org.apache.jasper.servlet.JspServlet@http-nio-8080-exec-9] PathInfo: null 
2022-04-19 10:01:53.620 DEBUG [org.apache.jasper.servlet.JspServlet@http-nio-8080-exec-9] RealPath: C:\Users\franm\Desktop\UNI\DP2\Workspace-22.0\Projects\Acme-Toolkits\target\classes\WEB-INF\views\master\page.jsp 
2022-04-19 10:01:53.620 DEBUG [org.apache.jasper.servlet.JspServlet@http-nio-8080-exec-9] RequestURI: /acme-toolkits-22.1/WEB-INF/views/master/page.jsp 
2022-04-19 10:01:53.622 DEBUG [org.apache.jasper.servlet.JspServlet@http-nio-8080-exec-9] QueryString: null 
2022-04-19 10:01:53.947 DEBUG [org.apache.jasper.servlet.JspServlet@http-nio-8080-exec-9] JspEngine --> /WEB-INF/views/inventor/patronage/list.jsp 
2022-04-19 10:01:53.949 DEBUG [org.apache.jasper.servlet.JspServlet@http-nio-8080-exec-9] ServletPath: /WEB-INF/views/master/page.jsp 
2022-04-19 10:01:53.951 DEBUG [org.apache.jasper.servlet.JspServlet@http-nio-8080-exec-9] PathInfo: null 
2022-04-19 10:01:53.960 DEBUG [org.apache.jasper.servlet.JspServlet@http-nio-8080-exec-9] RealPath: C:\Users\franm\Desktop\UNI\DP2\Workspace-22.0\Projects\Acme-Toolkits\target\classes\WEB-INF\views\inventor\patronage\list.jsp 
2022-04-19 10:01:53.961 DEBUG [org.apache.jasper.servlet.JspServlet@http-nio-8080-exec-9] RequestURI: /acme-toolkits-22.1/WEB-INF/views/master/page.jsp 
2022-04-19 10:01:53.963 DEBUG [org.apache.jasper.servlet.JspServlet@http-nio-8080-exec-9] QueryString: null 
2022-04-19 10:02:01.074 DEBUG [acme.framework.controllers.AbstractController@http-nio-8080-exec-5] DISPATCHING GET /acme-toolkits-22.1/inventor/patronage/show 
2022-04-19 10:02:01.074 DEBUG [acme.framework.controllers.AbstractController@http-nio-8080-exec-5] Command: show 
2022-04-19 10:02:01.075 DEBUG [acme.framework.controllers.AbstractController@http-nio-8080-exec-5] Model:   {id=99} 
2022-04-19 10:02:01.075 DEBUG [acme.framework.controllers.AbstractController@http-nio-8080-exec-5] Locale:  en 
2022-04-19 10:02:01.099 DEBUG [org.hibernate.SQL@http-nio-8080-exec-5] select patronage0_.id as id1_0_, patronage0_.version as version2_0_, patronage0_.budget_amount as budget_a1_11_, patronage0_.budget_currency as budget_c2_11_, patronage0_.code as code3_11_, patronage0_.creation_moment as creation4_11_, patronage0_.final_date as final_da5_11_, patronage0_.initial_date as initial_6_11_, patronage0_.inventor_id as invento10_11_, patronage0_.legal_stuff as legal_st7_11_, patronage0_.optional_link as optional8_11_, patronage0_.patron_id as patron_11_11_, patronage0_.status as status9_11_ from patronage patronage0_ where patronage0_.id=? 
2022-04-19 10:02:01.100 TRACE [org.hibernate.type.descriptor.sql.BasicBinder@http-nio-8080-exec-5] binding parameter [1] as [INTEGER] - [99] 
2022-04-19 10:02:01.110 DEBUG [org.hibernate.SQL@http-nio-8080-exec-5] select inventor0_.id as id1_0_0_, inventor0_.version as version2_0_0_, inventor0_.user_account_id as user_acc1_16_0_, inventor0_.company as company1_8_0_, inventor0_.optional_link as optional2_8_0_, inventor0_.statement as statemen3_8_0_, useraccoun1_.id as id1_0_1_, useraccoun1_.version as version2_0_1_, useraccoun1_.enabled as enabled1_15_1_, useraccoun1_.identity as identity2_15_1_, useraccoun1_.password as password3_15_1_, useraccoun1_.username as username4_15_1_ from inventor inventor0_ inner join user_account useraccoun1_ on inventor0_.user_account_id=useraccoun1_.id where inventor0_.id=? 
2022-04-19 10:02:01.111 TRACE [org.hibernate.type.descriptor.sql.BasicBinder@http-nio-8080-exec-5] binding parameter [1] as [INTEGER] - [48] 
2022-04-19 10:02:01.120 DEBUG [org.hibernate.SQL@http-nio-8080-exec-5] select patron0_.id as id1_0_0_, patron0_.version as version2_0_0_, patron0_.user_account_id as user_acc1_16_0_, patron0_.company as company1_10_0_, patron0_.optional_link as optional2_10_0_, patron0_.statement as statemen3_10_0_, useraccoun1_.id as id1_0_1_, useraccoun1_.version as version2_0_1_, useraccoun1_.enabled as enabled1_15_1_, useraccoun1_.identity as identity2_15_1_, useraccoun1_.password as password3_15_1_, useraccoun1_.username as username4_15_1_ from patron patron0_ inner join user_account useraccoun1_ on patron0_.user_account_id=useraccoun1_.id where patron0_.id=? 
2022-04-19 10:02:01.121 TRACE [org.hibernate.type.descriptor.sql.BasicBinder@http-nio-8080-exec-5] binding parameter [1] as [INTEGER] - [73] 
2022-04-19 10:02:01.176 DEBUG [org.hibernate.SQL@http-nio-8080-exec-5] select patronage0_.id as id1_0_, patronage0_.version as version2_0_, patronage0_.budget_amount as budget_a1_11_, patronage0_.budget_currency as budget_c2_11_, patronage0_.code as code3_11_, patronage0_.creation_moment as creation4_11_, patronage0_.final_date as final_da5_11_, patronage0_.initial_date as initial_6_11_, patronage0_.inventor_id as invento10_11_, patronage0_.legal_stuff as legal_st7_11_, patronage0_.optional_link as optional8_11_, patronage0_.patron_id as patron_11_11_, patronage0_.status as status9_11_ from patronage patronage0_ where patronage0_.id=? 
2022-04-19 10:02:01.178 TRACE [org.hibernate.type.descriptor.sql.BasicBinder@http-nio-8080-exec-5] binding parameter [1] as [INTEGER] - [99] 
2022-04-19 10:02:01.189 DEBUG [acme.framework.controllers.AbstractController@http-nio-8080-exec-5] SERVING GET /acme-toolkits-22.1/inventor/patronage/show 
2022-04-19 10:02:01.190 DEBUG [acme.framework.controllers.AbstractController@http-nio-8080-exec-5] Result: ModelAndView [view="inventor/patronage/form"; model={finalDate=2020-12-12 23:00:00.0, code=AAA-000, optionalLink=http://www.patronage1.com, creationMoment=2002-12-12 23:00:00.0, id=99, version=0, initialDate=2020-12-11 23:00:00.0, status=PROPOSED, legalStuff=LegalStuff 1, budget=<<EUR 10.00>>, command=show, principal=acme.framework.entities.Principal@36fd7852}] 
2022-04-19 10:02:01.191 DEBUG [acme.framework.components.tiles.DynamicTilesView@http-nio-8080-exec-5] View name 'inventor/patronage/form', model {finalDate=2020-12-12 23:00:00.0, code=AAA-000, optionalLink=http://www.patronage1.com, creationMoment=2002-12-12 23:00:00.0, id=99, version=0, initialDate=2020-12-11 23:00:00.0, status=PROPOSED, legalStuff=LegalStuff 1, budget=<<EUR 10.00>>, command=show, principal=acme.framework.entities.Principal@36fd7852, org.springframework.validation.BindingResult.budget=org.springframework.validation.BeanPropertyBindingResult: 0 errors, org.springframework.validation.BindingResult.principal=org.springframework.validation.BeanPropertyBindingResult: 0 errors} 
2022-04-19 10:02:01.194 DEBUG [org.apache.jasper.servlet.JspServlet@http-nio-8080-exec-5] JspEngine --> /WEB-INF/views/master/page.jsp 
2022-04-19 10:02:01.196 DEBUG [org.apache.jasper.servlet.JspServlet@http-nio-8080-exec-5] ServletPath: /WEB-INF/views/master/page.jsp 
2022-04-19 10:02:01.197 DEBUG [org.apache.jasper.servlet.JspServlet@http-nio-8080-exec-5] PathInfo: null 
2022-04-19 10:02:01.204 DEBUG [org.apache.jasper.servlet.JspServlet@http-nio-8080-exec-5] RealPath: C:\Users\franm\Desktop\UNI\DP2\Workspace-22.0\Projects\Acme-Toolkits\target\classes\WEB-INF\views\master\page.jsp 
2022-04-19 10:02:01.205 DEBUG [org.apache.jasper.servlet.JspServlet@http-nio-8080-exec-5] RequestURI: /acme-toolkits-22.1/WEB-INF/views/master/page.jsp 
2022-04-19 10:02:01.206 DEBUG [org.apache.jasper.servlet.JspServlet@http-nio-8080-exec-5] QueryString: id=99 
2022-04-19 10:02:01.455 DEBUG [org.apache.jasper.servlet.JspServlet@http-nio-8080-exec-5] JspEngine --> /WEB-INF/views/inventor/patronage/form.jsp 
2022-04-19 10:02:01.456 DEBUG [org.apache.jasper.servlet.JspServlet@http-nio-8080-exec-5] ServletPath: /WEB-INF/views/master/page.jsp 
2022-04-19 10:02:01.456 DEBUG [org.apache.jasper.servlet.JspServlet@http-nio-8080-exec-5] PathInfo: null 
2022-04-19 10:02:01.462 DEBUG [org.apache.jasper.servlet.JspServlet@http-nio-8080-exec-5] RealPath: C:\Users\franm\Desktop\UNI\DP2\Workspace-22.0\Projects\Acme-Toolkits\target\classes\WEB-INF\views\inventor\patronage\form.jsp 
2022-04-19 10:02:01.463 DEBUG [org.apache.jasper.servlet.JspServlet@http-nio-8080-exec-5] RequestURI: /acme-toolkits-22.1/WEB-INF/views/master/page.jsp 
2022-04-19 10:02:01.463 DEBUG [org.apache.jasper.servlet.JspServlet@http-nio-8080-exec-5] QueryString: id=99 
2022-04-19 10:02:26.006 DEBUG [acme.framework.components.tiles.DynamicTilesView@http-nio-8080-exec-1] View name 'master/panic', model {} 
2022-04-19 10:02:26.008 DEBUG [org.apache.jasper.servlet.JspServlet@http-nio-8080-exec-1] JspEngine --> /WEB-INF/views/master/page.jsp 
2022-04-19 10:02:26.009 DEBUG [org.apache.jasper.servlet.JspServlet@http-nio-8080-exec-1] ServletPath: /WEB-INF/views/master/page.jsp 
2022-04-19 10:02:26.009 DEBUG [org.apache.jasper.servlet.JspServlet@http-nio-8080-exec-1] PathInfo: null 
2022-04-19 10:02:26.016 DEBUG [org.apache.jasper.servlet.JspServlet@http-nio-8080-exec-1] RealPath: C:\Users\franm\Desktop\UNI\DP2\Workspace-22.0\Projects\Acme-Toolkits\target\classes\WEB-INF\views\master\page.jsp 
2022-04-19 10:02:26.016 DEBUG [org.apache.jasper.servlet.JspServlet@http-nio-8080-exec-1] RequestURI: /acme-toolkits-22.1/WEB-INF/views/master/page.jsp 
2022-04-19 10:02:26.017 DEBUG [org.apache.jasper.servlet.JspServlet@http-nio-8080-exec-1] QueryString: masterId=99 
2022-04-19 10:02:26.258 DEBUG [org.apache.jasper.servlet.JspServlet@http-nio-8080-exec-1] JspEngine --> /WEB-INF/views/master/panic.jsp 
2022-04-19 10:02:26.259 DEBUG [org.apache.jasper.servlet.JspServlet@http-nio-8080-exec-1] ServletPath: /WEB-INF/views/master/page.jsp 
2022-04-19 10:02:26.259 DEBUG [org.apache.jasper.servlet.JspServlet@http-nio-8080-exec-1] PathInfo: null 
2022-04-19 10:02:26.261 DEBUG [org.apache.jasper.servlet.JspServlet@http-nio-8080-exec-1] RealPath: C:\Users\franm\Desktop\UNI\DP2\Workspace-22.0\Projects\Acme-Toolkits\target\classes\WEB-INF\views\master\panic.jsp 
2022-04-19 10:02:26.262 DEBUG [org.apache.jasper.servlet.JspServlet@http-nio-8080-exec-1] RequestURI: /acme-toolkits-22.1/WEB-INF/views/master/page.jsp 
2022-04-19 10:02:26.262 DEBUG [org.apache.jasper.servlet.JspServlet@http-nio-8080-exec-1] QueryString: masterId=99 
2022-04-19 10:02:27.256 ERROR [org.apache.jsp.WEB_002dINF.views.master.panic_jsp@http-nio-8080-exec-1] HTTP GET /acme-toolkits-22.1/WEB-INF/views/master/page.jsp HTTP/1.1 
2022-04-19 10:02:27.256 ERROR [org.apache.jsp.WEB_002dINF.views.master.panic_jsp@http-nio-8080-exec-1] Status: 404 
2022-04-19 10:02:31.492 DEBUG [acme.framework.controllers.AbstractController@http-nio-8080-exec-10] DISPATCHING GET /acme-toolkits-22.1/inventor/patronage/show 
2022-04-19 10:02:31.493 DEBUG [acme.framework.controllers.AbstractController@http-nio-8080-exec-10] Command: show 
2022-04-19 10:02:31.493 DEBUG [acme.framework.controllers.AbstractController@http-nio-8080-exec-10] Model:   {id=99} 
2022-04-19 10:02:31.493 DEBUG [acme.framework.controllers.AbstractController@http-nio-8080-exec-10] Locale:  en 
2022-04-19 10:02:31.495 DEBUG [org.hibernate.SQL@http-nio-8080-exec-10] select patronage0_.id as id1_0_, patronage0_.version as version2_0_, patronage0_.budget_amount as budget_a1_11_, patronage0_.budget_currency as budget_c2_11_, patronage0_.code as code3_11_, patronage0_.creation_moment as creation4_11_, patronage0_.final_date as final_da5_11_, patronage0_.initial_date as initial_6_11_, patronage0_.inventor_id as invento10_11_, patronage0_.legal_stuff as legal_st7_11_, patronage0_.optional_link as optional8_11_, patronage0_.patron_id as patron_11_11_, patronage0_.status as status9_11_ from patronage patronage0_ where patronage0_.id=? 
2022-04-19 10:02:31.496 TRACE [org.hibernate.type.descriptor.sql.BasicBinder@http-nio-8080-exec-10] binding parameter [1] as [INTEGER] - [99] 
2022-04-19 10:02:31.499 DEBUG [org.hibernate.SQL@http-nio-8080-exec-10] select inventor0_.id as id1_0_0_, inventor0_.version as version2_0_0_, inventor0_.user_account_id as user_acc1_16_0_, inventor0_.company as company1_8_0_, inventor0_.optional_link as optional2_8_0_, inventor0_.statement as statemen3_8_0_, useraccoun1_.id as id1_0_1_, useraccoun1_.version as version2_0_1_, useraccoun1_.enabled as enabled1_15_1_, useraccoun1_.identity as identity2_15_1_, useraccoun1_.password as password3_15_1_, useraccoun1_.username as username4_15_1_ from inventor inventor0_ inner join user_account useraccoun1_ on inventor0_.user_account_id=useraccoun1_.id where inventor0_.id=? 
2022-04-19 10:02:31.502 TRACE [org.hibernate.type.descriptor.sql.BasicBinder@http-nio-8080-exec-10] binding parameter [1] as [INTEGER] - [48] 
2022-04-19 10:02:31.510 DEBUG [org.hibernate.SQL@http-nio-8080-exec-10] select patron0_.id as id1_0_0_, patron0_.version as version2_0_0_, patron0_.user_account_id as user_acc1_16_0_, patron0_.company as company1_10_0_, patron0_.optional_link as optional2_10_0_, patron0_.statement as statemen3_10_0_, useraccoun1_.id as id1_0_1_, useraccoun1_.version as version2_0_1_, useraccoun1_.enabled as enabled1_15_1_, useraccoun1_.identity as identity2_15_1_, useraccoun1_.password as password3_15_1_, useraccoun1_.username as username4_15_1_ from patron patron0_ inner join user_account useraccoun1_ on patron0_.user_account_id=useraccoun1_.id where patron0_.id=? 
2022-04-19 10:02:31.511 TRACE [org.hibernate.type.descriptor.sql.BasicBinder@http-nio-8080-exec-10] binding parameter [1] as [INTEGER] - [73] 
2022-04-19 10:02:31.517 DEBUG [org.hibernate.SQL@http-nio-8080-exec-10] select patronage0_.id as id1_0_, patronage0_.version as version2_0_, patronage0_.budget_amount as budget_a1_11_, patronage0_.budget_currency as budget_c2_11_, patronage0_.code as code3_11_, patronage0_.creation_moment as creation4_11_, patronage0_.final_date as final_da5_11_, patronage0_.initial_date as initial_6_11_, patronage0_.inventor_id as invento10_11_, patronage0_.legal_stuff as legal_st7_11_, patronage0_.optional_link as optional8_11_, patronage0_.patron_id as patron_11_11_, patronage0_.status as status9_11_ from patronage patronage0_ where patronage0_.id=? 
2022-04-19 10:02:31.517 TRACE [org.hibernate.type.descriptor.sql.BasicBinder@http-nio-8080-exec-10] binding parameter [1] as [INTEGER] - [99] 
2022-04-19 10:02:31.525 DEBUG [acme.framework.controllers.AbstractController@http-nio-8080-exec-10] SERVING GET /acme-toolkits-22.1/inventor/patronage/show 
2022-04-19 10:02:31.525 DEBUG [acme.framework.controllers.AbstractController@http-nio-8080-exec-10] Result: ModelAndView [view="inventor/patronage/form"; model={finalDate=2020-12-12 23:00:00.0, code=AAA-000, optionalLink=http://www.patronage1.com, creationMoment=2002-12-12 23:00:00.0, id=99, version=0, initialDate=2020-12-11 23:00:00.0, status=PROPOSED, legalStuff=LegalStuff 1, budget=<<EUR 10.00>>, command=show, principal=acme.framework.entities.Principal@36fd7852}] 
2022-04-19 10:02:31.526 DEBUG [acme.framework.components.tiles.DynamicTilesView@http-nio-8080-exec-10] View name 'inventor/patronage/form', model {finalDate=2020-12-12 23:00:00.0, code=AAA-000, optionalLink=http://www.patronage1.com, creationMoment=2002-12-12 23:00:00.0, id=99, version=0, initialDate=2020-12-11 23:00:00.0, status=PROPOSED, legalStuff=LegalStuff 1, budget=<<EUR 10.00>>, command=show, principal=acme.framework.entities.Principal@36fd7852, org.springframework.validation.BindingResult.budget=org.springframework.validation.BeanPropertyBindingResult: 0 errors, org.springframework.validation.BindingResult.principal=org.springframework.validation.BeanPropertyBindingResult: 0 errors} 
2022-04-19 10:02:31.528 DEBUG [org.apache.jasper.servlet.JspServlet@http-nio-8080-exec-10] JspEngine --> /WEB-INF/views/master/page.jsp 
2022-04-19 10:02:31.528 DEBUG [org.apache.jasper.servlet.JspServlet@http-nio-8080-exec-10] ServletPath: /WEB-INF/views/master/page.jsp 
2022-04-19 10:02:31.529 DEBUG [org.apache.jasper.servlet.JspServlet@http-nio-8080-exec-10] PathInfo: null 
2022-04-19 10:02:31.533 DEBUG [org.apache.jasper.servlet.JspServlet@http-nio-8080-exec-10] RealPath: C:\Users\franm\Desktop\UNI\DP2\Workspace-22.0\Projects\Acme-Toolkits\target\classes\WEB-INF\views\master\page.jsp 
2022-04-19 10:02:31.534 DEBUG [org.apache.jasper.servlet.JspServlet@http-nio-8080-exec-10] RequestURI: /acme-toolkits-22.1/WEB-INF/views/master/page.jsp 
2022-04-19 10:02:31.534 DEBUG [org.apache.jasper.servlet.JspServlet@http-nio-8080-exec-10] QueryString: id=99 
2022-04-19 10:02:31.755 DEBUG [org.apache.jasper.servlet.JspServlet@http-nio-8080-exec-10] JspEngine --> /WEB-INF/views/inventor/patronage/form.jsp 
2022-04-19 10:02:31.757 DEBUG [org.apache.jasper.servlet.JspServlet@http-nio-8080-exec-10] ServletPath: /WEB-INF/views/master/page.jsp 
2022-04-19 10:02:31.758 DEBUG [org.apache.jasper.servlet.JspServlet@http-nio-8080-exec-10] PathInfo: null 
2022-04-19 10:02:31.768 DEBUG [org.apache.jasper.servlet.JspServlet@http-nio-8080-exec-10] RealPath: C:\Users\franm\Desktop\UNI\DP2\Workspace-22.0\Projects\Acme-Toolkits\target\classes\WEB-INF\views\inventor\patronage\form.jsp 
2022-04-19 10:02:31.770 DEBUG [org.apache.jasper.servlet.JspServlet@http-nio-8080-exec-10] RequestURI: /acme-toolkits-22.1/WEB-INF/views/master/page.jsp 
2022-04-19 10:02:31.771 DEBUG [org.apache.jasper.servlet.JspServlet@http-nio-8080-exec-10] QueryString: id=99 
