2022-04-20 17:29:07.083 INFO  [acme.Launcher@main] Starting Launcher using Java 1.8.0_281 on DESKTOP-5PUVM29 with PID 12940 (D:\Software\Eclipse\Workspaces\DP2\Frameworks\Acme-Framework-22.3\target\classes started by Álvaro in D:\Software\Eclipse\Workspaces\DP2\Projects\Acme-Toolkits) 
2022-04-20 17:29:07.084 DEBUG [acme.Launcher@main] Running with Spring Boot v2.4.2, Spring v5.3.3 
2022-04-20 17:29:07.086 INFO  [acme.Launcher@main] The following profiles are active: development,default 
2022-04-20 17:29:09.134 DEBUG [org.apache.jasper.servlet.JasperInitializer@main] Initializing Jasper for context [application] 
2022-04-20 17:29:12.779 DEBUG [org.apache.jasper.servlet.JspServlet@main] Scratch dir for the JSP engine is: [C:\Users\Álvaro\AppData\Local\Temp\tomcat.8080.220427072881972103\work\Tomcat\localhost\acme-toolkits-22.1] 
2022-04-20 17:29:12.780 DEBUG [org.apache.jasper.servlet.JspServlet@main] IMPORTANT: Do not modify the generated servlets 
2022-04-20 17:29:12.790 INFO  [acme.Launcher@main] Started Launcher in 6.221 seconds (JVM running for 6.797) 
2022-04-20 17:29:12.794 DEBUG [acme.Launcher@main] Found classpath entry '/D:/Software/Eclipse/Workspaces/DP2/Projects/Acme-Toolkits/target/test-classes/' 
2022-04-20 17:29:12.794 DEBUG [acme.Launcher@main] Found classpath entry '/D:/Software/Eclipse/Workspaces/DP2/Projects/Acme-Toolkits/target/classes/' 
2022-04-20 17:29:12.794 DEBUG [acme.Launcher@main] Found classpath entry '/D:/Software/Eclipse/Workspaces/DP2/Frameworks/Acme-Framework-22.3/target/classes/' 
2022-04-20 17:29:12.794 DEBUG [acme.Launcher@main] Found classpath entry '/D:/Software/Eclipse/Workspaces/DP2/Frameworks/Acme-Framework-22.3/target/test-classes/' 
2022-04-20 17:29:12.795 DEBUG [acme.Launcher@main] Found classpath entry '/C:/Users/%c3%81lvaro/.m2/repository/org/springframework/boot/spring-boot-starter-tomcat/2.4.2/spring-boot-starter-tomcat-2.4.2.jar' 
2022-04-20 17:29:12.795 DEBUG [acme.Launcher@main] Found classpath entry '/C:/Users/%c3%81lvaro/.m2/repository/jakarta/annotation/jakarta.annotation-api/1.3.5/jakarta.annotation-api-1.3.5.jar' 
2022-04-20 17:29:12.795 DEBUG [acme.Launcher@main] Found classpath entry '/C:/Users/%c3%81lvaro/.m2/repository/org/apache/tomcat/embed/tomcat-embed-core/9.0.41/tomcat-embed-core-9.0.41.jar' 
2022-04-20 17:29:12.795 DEBUG [acme.Launcher@main] Found classpath entry '/C:/Users/%c3%81lvaro/.m2/repository/org/glassfish/jakarta.el/3.0.3/jakarta.el-3.0.3.jar' 
2022-04-20 17:29:12.795 DEBUG [acme.Launcher@main] Found classpath entry '/C:/Users/%c3%81lvaro/.m2/repository/org/apache/tomcat/embed/tomcat-embed-websocket/9.0.41/tomcat-embed-websocket-9.0.41.jar' 
2022-04-20 17:29:12.795 DEBUG [acme.Launcher@main] Found classpath entry '/C:/Users/%c3%81lvaro/.m2/repository/org/apache/tomcat/embed/tomcat-embed-jasper/9.0.41/tomcat-embed-jasper-9.0.41.jar' 
2022-04-20 17:29:12.795 DEBUG [acme.Launcher@main] Found classpath entry '/C:/Users/%c3%81lvaro/.m2/repository/org/apache/tomcat/embed/tomcat-embed-el/9.0.41/tomcat-embed-el-9.0.41.jar' 
2022-04-20 17:29:12.796 DEBUG [acme.Launcher@main] Found classpath entry '/C:/Users/%c3%81lvaro/.m2/repository/org/eclipse/jdt/ecj/3.18.0/ecj-3.18.0.jar' 
2022-04-20 17:29:12.796 DEBUG [acme.Launcher@main] Found classpath entry '/C:/Users/%c3%81lvaro/.m2/repository/javax/servlet/jstl/1.2/jstl-1.2.jar' 
2022-04-20 17:29:12.796 DEBUG [acme.Launcher@main] Found classpath entry '/C:/Users/%c3%81lvaro/.m2/repository/org/springframework/boot/spring-boot-starter-test/2.4.2/spring-boot-starter-test-2.4.2.jar' 
2022-04-20 17:29:12.796 DEBUG [acme.Launcher@main] Found classpath entry '/C:/Users/%c3%81lvaro/.m2/repository/org/springframework/boot/spring-boot-starter/2.4.2/spring-boot-starter-2.4.2.jar' 
2022-04-20 17:29:12.796 DEBUG [acme.Launcher@main] Found classpath entry '/C:/Users/%c3%81lvaro/.m2/repository/org/springframework/boot/spring-boot/2.4.2/spring-boot-2.4.2.jar' 
2022-04-20 17:29:12.796 DEBUG [acme.Launcher@main] Found classpath entry '/C:/Users/%c3%81lvaro/.m2/repository/org/springframework/boot/spring-boot-autoconfigure/2.4.2/spring-boot-autoconfigure-2.4.2.jar' 
2022-04-20 17:29:12.796 DEBUG [acme.Launcher@main] Found classpath entry '/C:/Users/%c3%81lvaro/.m2/repository/org/springframework/boot/spring-boot-starter-logging/2.4.2/spring-boot-starter-logging-2.4.2.jar' 
2022-04-20 17:29:12.797 DEBUG [acme.Launcher@main] Found classpath entry '/C:/Users/%c3%81lvaro/.m2/repository/ch/qos/logback/logback-classic/1.2.3/logback-classic-1.2.3.jar' 
2022-04-20 17:29:12.797 DEBUG [acme.Launcher@main] Found classpath entry '/C:/Users/%c3%81lvaro/.m2/repository/ch/qos/logback/logback-core/1.2.3/logback-core-1.2.3.jar' 
2022-04-20 17:29:12.797 DEBUG [acme.Launcher@main] Found classpath entry '/C:/Users/%c3%81lvaro/.m2/repository/org/apache/logging/log4j/log4j-to-slf4j/2.13.3/log4j-to-slf4j-2.13.3.jar' 
2022-04-20 17:29:12.797 DEBUG [acme.Launcher@main] Found classpath entry '/C:/Users/%c3%81lvaro/.m2/repository/org/apache/logging/log4j/log4j-api/2.13.3/log4j-api-2.13.3.jar' 
2022-04-20 17:29:12.797 DEBUG [acme.Launcher@main] Found classpath entry '/C:/Users/%c3%81lvaro/.m2/repository/org/slf4j/jul-to-slf4j/1.7.30/jul-to-slf4j-1.7.30.jar' 
2022-04-20 17:29:12.797 DEBUG [acme.Launcher@main] Found classpath entry '/C:/Users/%c3%81lvaro/.m2/repository/org/yaml/snakeyaml/1.27/snakeyaml-1.27.jar' 
2022-04-20 17:29:12.797 DEBUG [acme.Launcher@main] Found classpath entry '/C:/Users/%c3%81lvaro/.m2/repository/org/springframework/boot/spring-boot-test/2.4.2/spring-boot-test-2.4.2.jar' 
2022-04-20 17:29:12.798 DEBUG [acme.Launcher@main] Found classpath entry '/C:/Users/%c3%81lvaro/.m2/repository/org/springframework/boot/spring-boot-test-autoconfigure/2.4.2/spring-boot-test-autoconfigure-2.4.2.jar' 
2022-04-20 17:29:12.798 DEBUG [acme.Launcher@main] Found classpath entry '/C:/Users/%c3%81lvaro/.m2/repository/com/jayway/jsonpath/json-path/2.4.0/json-path-2.4.0.jar' 
2022-04-20 17:29:12.798 DEBUG [acme.Launcher@main] Found classpath entry '/C:/Users/%c3%81lvaro/.m2/repository/net/minidev/json-smart/2.3/json-smart-2.3.jar' 
2022-04-20 17:29:12.798 DEBUG [acme.Launcher@main] Found classpath entry '/C:/Users/%c3%81lvaro/.m2/repository/net/minidev/accessors-smart/1.2/accessors-smart-1.2.jar' 
2022-04-20 17:29:12.798 DEBUG [acme.Launcher@main] Found classpath entry '/C:/Users/%c3%81lvaro/.m2/repository/org/ow2/asm/asm/5.0.4/asm-5.0.4.jar' 
2022-04-20 17:29:12.798 DEBUG [acme.Launcher@main] Found classpath entry '/C:/Users/%c3%81lvaro/.m2/repository/jakarta/xml/bind/jakarta.xml.bind-api/2.3.3/jakarta.xml.bind-api-2.3.3.jar' 
2022-04-20 17:29:12.799 DEBUG [acme.Launcher@main] Found classpath entry '/C:/Users/%c3%81lvaro/.m2/repository/jakarta/activation/jakarta.activation-api/1.2.2/jakarta.activation-api-1.2.2.jar' 
2022-04-20 17:29:12.799 DEBUG [acme.Launcher@main] Found classpath entry '/C:/Users/%c3%81lvaro/.m2/repository/org/assertj/assertj-core/3.18.1/assertj-core-3.18.1.jar' 
2022-04-20 17:29:12.799 DEBUG [acme.Launcher@main] Found classpath entry '/C:/Users/%c3%81lvaro/.m2/repository/org/hamcrest/hamcrest/2.2/hamcrest-2.2.jar' 
2022-04-20 17:29:12.799 DEBUG [acme.Launcher@main] Found classpath entry '/C:/Users/%c3%81lvaro/.m2/repository/org/junit/jupiter/junit-jupiter/5.7.0/junit-jupiter-5.7.0.jar' 
2022-04-20 17:29:12.799 DEBUG [acme.Launcher@main] Found classpath entry '/C:/Users/%c3%81lvaro/.m2/repository/org/mockito/mockito-core/3.6.28/mockito-core-3.6.28.jar' 
2022-04-20 17:29:12.799 DEBUG [acme.Launcher@main] Found classpath entry '/C:/Users/%c3%81lvaro/.m2/repository/net/bytebuddy/byte-buddy-agent/1.10.19/byte-buddy-agent-1.10.19.jar' 
2022-04-20 17:29:12.799 DEBUG [acme.Launcher@main] Found classpath entry '/C:/Users/%c3%81lvaro/.m2/repository/org/objenesis/objenesis/3.1/objenesis-3.1.jar' 
2022-04-20 17:29:12.799 DEBUG [acme.Launcher@main] Found classpath entry '/C:/Users/%c3%81lvaro/.m2/repository/org/mockito/mockito-junit-jupiter/3.6.28/mockito-junit-jupiter-3.6.28.jar' 
2022-04-20 17:29:12.800 DEBUG [acme.Launcher@main] Found classpath entry '/C:/Users/%c3%81lvaro/.m2/repository/org/skyscreamer/jsonassert/1.5.0/jsonassert-1.5.0.jar' 
2022-04-20 17:29:12.800 DEBUG [acme.Launcher@main] Found classpath entry '/C:/Users/%c3%81lvaro/.m2/repository/com/vaadin/external/google/android-json/0.0.20131108.vaadin1/android-json-0.0.20131108.vaadin1.jar' 
2022-04-20 17:29:12.800 DEBUG [acme.Launcher@main] Found classpath entry '/C:/Users/%c3%81lvaro/.m2/repository/org/springframework/spring-core/5.3.3/spring-core-5.3.3.jar' 
2022-04-20 17:29:12.801 DEBUG [acme.Launcher@main] Found classpath entry '/C:/Users/%c3%81lvaro/.m2/repository/org/springframework/spring-jcl/5.3.3/spring-jcl-5.3.3.jar' 
2022-04-20 17:29:12.801 DEBUG [acme.Launcher@main] Found classpath entry '/C:/Users/%c3%81lvaro/.m2/repository/org/springframework/spring-test/5.3.3/spring-test-5.3.3.jar' 
2022-04-20 17:29:12.801 DEBUG [acme.Launcher@main] Found classpath entry '/C:/Users/%c3%81lvaro/.m2/repository/org/xmlunit/xmlunit-core/2.7.0/xmlunit-core-2.7.0.jar' 
2022-04-20 17:29:12.801 DEBUG [acme.Launcher@main] Found classpath entry '/C:/Users/%c3%81lvaro/.m2/repository/org/springframework/boot/spring-boot-starter-security/2.4.2/spring-boot-starter-security-2.4.2.jar' 
2022-04-20 17:29:12.801 DEBUG [acme.Launcher@main] Found classpath entry '/C:/Users/%c3%81lvaro/.m2/repository/org/springframework/spring-aop/5.3.3/spring-aop-5.3.3.jar' 
2022-04-20 17:29:12.801 DEBUG [acme.Launcher@main] Found classpath entry '/C:/Users/%c3%81lvaro/.m2/repository/org/springframework/security/spring-security-web/5.4.2/spring-security-web-5.4.2.jar' 
2022-04-20 17:29:12.801 DEBUG [acme.Launcher@main] Found classpath entry '/C:/Users/%c3%81lvaro/.m2/repository/org/springframework/security/spring-security-core/5.4.2/spring-security-core-5.4.2.jar' 
2022-04-20 17:29:12.802 DEBUG [acme.Launcher@main] Found classpath entry '/C:/Users/%c3%81lvaro/.m2/repository/org/springframework/spring-beans/5.3.3/spring-beans-5.3.3.jar' 
2022-04-20 17:29:12.802 DEBUG [acme.Launcher@main] Found classpath entry '/C:/Users/%c3%81lvaro/.m2/repository/org/springframework/spring-context/5.3.3/spring-context-5.3.3.jar' 
2022-04-20 17:29:12.802 DEBUG [acme.Launcher@main] Found classpath entry '/C:/Users/%c3%81lvaro/.m2/repository/org/springframework/spring-expression/5.3.3/spring-expression-5.3.3.jar' 
2022-04-20 17:29:12.802 DEBUG [acme.Launcher@main] Found classpath entry '/C:/Users/%c3%81lvaro/.m2/repository/org/springframework/spring-web/5.3.3/spring-web-5.3.3.jar' 
2022-04-20 17:29:12.802 DEBUG [acme.Launcher@main] Found classpath entry '/C:/Users/%c3%81lvaro/.m2/repository/org/springframework/security/spring-security-config/5.4.2/spring-security-config-5.4.2.jar' 
2022-04-20 17:29:12.803 DEBUG [acme.Launcher@main] Found classpath entry '/C:/Users/%c3%81lvaro/.m2/repository/org/springframework/security/spring-security-taglibs/5.4.2/spring-security-taglibs-5.4.2.jar' 
2022-04-20 17:29:12.803 DEBUG [acme.Launcher@main] Found classpath entry '/C:/Users/%c3%81lvaro/.m2/repository/org/springframework/security/spring-security-acl/5.4.2/spring-security-acl-5.4.2.jar' 
2022-04-20 17:29:12.803 DEBUG [acme.Launcher@main] Found classpath entry '/C:/Users/%c3%81lvaro/.m2/repository/org/springframework/spring-jdbc/5.3.3/spring-jdbc-5.3.3.jar' 
2022-04-20 17:29:12.803 DEBUG [acme.Launcher@main] Found classpath entry '/C:/Users/%c3%81lvaro/.m2/repository/org/springframework/spring-tx/5.3.3/spring-tx-5.3.3.jar' 
2022-04-20 17:29:12.803 DEBUG [acme.Launcher@main] Found classpath entry '/C:/Users/%c3%81lvaro/.m2/repository/org/springframework/boot/spring-boot-starter-web/2.4.2/spring-boot-starter-web-2.4.2.jar' 
2022-04-20 17:29:12.803 DEBUG [acme.Launcher@main] Found classpath entry '/C:/Users/%c3%81lvaro/.m2/repository/org/springframework/boot/spring-boot-starter-json/2.4.2/spring-boot-starter-json-2.4.2.jar' 
2022-04-20 17:29:12.803 DEBUG [acme.Launcher@main] Found classpath entry '/C:/Users/%c3%81lvaro/.m2/repository/com/fasterxml/jackson/core/jackson-databind/2.11.4/jackson-databind-2.11.4.jar' 
2022-04-20 17:29:12.804 DEBUG [acme.Launcher@main] Found classpath entry '/C:/Users/%c3%81lvaro/.m2/repository/com/fasterxml/jackson/core/jackson-annotations/2.11.4/jackson-annotations-2.11.4.jar' 
2022-04-20 17:29:12.804 DEBUG [acme.Launcher@main] Found classpath entry '/C:/Users/%c3%81lvaro/.m2/repository/com/fasterxml/jackson/core/jackson-core/2.11.4/jackson-core-2.11.4.jar' 
2022-04-20 17:29:12.804 DEBUG [acme.Launcher@main] Found classpath entry '/C:/Users/%c3%81lvaro/.m2/repository/com/fasterxml/jackson/datatype/jackson-datatype-jdk8/2.11.4/jackson-datatype-jdk8-2.11.4.jar' 
2022-04-20 17:29:12.804 DEBUG [acme.Launcher@main] Found classpath entry '/C:/Users/%c3%81lvaro/.m2/repository/com/fasterxml/jackson/datatype/jackson-datatype-jsr310/2.11.4/jackson-datatype-jsr310-2.11.4.jar' 
2022-04-20 17:29:12.804 DEBUG [acme.Launcher@main] Found classpath entry '/C:/Users/%c3%81lvaro/.m2/repository/com/fasterxml/jackson/module/jackson-module-parameter-names/2.11.4/jackson-module-parameter-names-2.11.4.jar' 
2022-04-20 17:29:12.804 DEBUG [acme.Launcher@main] Found classpath entry '/C:/Users/%c3%81lvaro/.m2/repository/org/springframework/spring-webmvc/5.3.3/spring-webmvc-5.3.3.jar' 
2022-04-20 17:29:12.804 DEBUG [acme.Launcher@main] Found classpath entry '/C:/Users/%c3%81lvaro/.m2/repository/org/apache/tiles/tiles-jsp/3.0.8/tiles-jsp-3.0.8.jar' 
2022-04-20 17:29:12.804 DEBUG [acme.Launcher@main] Found classpath entry '/C:/Users/%c3%81lvaro/.m2/repository/org/apache/tiles/tiles-servlet/3.0.8/tiles-servlet-3.0.8.jar' 
2022-04-20 17:29:12.804 DEBUG [acme.Launcher@main] Found classpath entry '/C:/Users/%c3%81lvaro/.m2/repository/org/apache/tiles/tiles-core/3.0.8/tiles-core-3.0.8.jar' 
2022-04-20 17:29:12.805 DEBUG [acme.Launcher@main] Found classpath entry '/C:/Users/%c3%81lvaro/.m2/repository/commons-digester/commons-digester/2.0/commons-digester-2.0.jar' 
2022-04-20 17:29:12.805 DEBUG [acme.Launcher@main] Found classpath entry '/C:/Users/%c3%81lvaro/.m2/repository/org/slf4j/jcl-over-slf4j/1.7.30/jcl-over-slf4j-1.7.30.jar' 
2022-04-20 17:29:12.805 DEBUG [acme.Launcher@main] Found classpath entry '/C:/Users/%c3%81lvaro/.m2/repository/org/apache/tiles/tiles-request-servlet/1.0.7/tiles-request-servlet-1.0.7.jar' 
2022-04-20 17:29:12.805 DEBUG [acme.Launcher@main] Found classpath entry '/C:/Users/%c3%81lvaro/.m2/repository/org/apache/tiles/tiles-template/3.0.8/tiles-template-3.0.8.jar' 
2022-04-20 17:29:12.805 DEBUG [acme.Launcher@main] Found classpath entry '/C:/Users/%c3%81lvaro/.m2/repository/org/apache/tiles/tiles-api/3.0.8/tiles-api-3.0.8.jar' 
2022-04-20 17:29:12.805 DEBUG [acme.Launcher@main] Found classpath entry '/C:/Users/%c3%81lvaro/.m2/repository/org/apache/tiles/tiles-autotag-core-runtime/1.2/tiles-autotag-core-runtime-1.2.jar' 
2022-04-20 17:29:12.805 DEBUG [acme.Launcher@main] Found classpath entry '/C:/Users/%c3%81lvaro/.m2/repository/org/slf4j/slf4j-api/1.7.30/slf4j-api-1.7.30.jar' 
2022-04-20 17:29:12.806 DEBUG [acme.Launcher@main] Found classpath entry '/C:/Users/%c3%81lvaro/.m2/repository/org/apache/tiles/tiles-request-jsp/1.0.7/tiles-request-jsp-1.0.7.jar' 
2022-04-20 17:29:12.806 DEBUG [acme.Launcher@main] Found classpath entry '/C:/Users/%c3%81lvaro/.m2/repository/org/apache/tiles/tiles-request-api/1.0.7/tiles-request-api-1.0.7.jar' 
2022-04-20 17:29:12.806 DEBUG [acme.Launcher@main] Found classpath entry '/C:/Users/%c3%81lvaro/.m2/repository/org/springframework/boot/spring-boot-starter-data-jpa/2.4.2/spring-boot-starter-data-jpa-2.4.2.jar' 
2022-04-20 17:29:12.806 DEBUG [acme.Launcher@main] Found classpath entry '/C:/Users/%c3%81lvaro/.m2/repository/org/springframework/boot/spring-boot-starter-aop/2.4.2/spring-boot-starter-aop-2.4.2.jar' 
2022-04-20 17:29:12.806 DEBUG [acme.Launcher@main] Found classpath entry '/C:/Users/%c3%81lvaro/.m2/repository/org/aspectj/aspectjweaver/1.9.6/aspectjweaver-1.9.6.jar' 
2022-04-20 17:29:12.806 DEBUG [acme.Launcher@main] Found classpath entry '/C:/Users/%c3%81lvaro/.m2/repository/org/springframework/boot/spring-boot-starter-jdbc/2.4.2/spring-boot-starter-jdbc-2.4.2.jar' 
2022-04-20 17:29:12.807 DEBUG [acme.Launcher@main] Found classpath entry '/C:/Users/%c3%81lvaro/.m2/repository/jakarta/transaction/jakarta.transaction-api/1.3.3/jakarta.transaction-api-1.3.3.jar' 
2022-04-20 17:29:12.807 DEBUG [acme.Launcher@main] Found classpath entry '/C:/Users/%c3%81lvaro/.m2/repository/jakarta/persistence/jakarta.persistence-api/2.2.3/jakarta.persistence-api-2.2.3.jar' 
2022-04-20 17:29:12.807 DEBUG [acme.Launcher@main] Found classpath entry '/C:/Users/%c3%81lvaro/.m2/repository/org/hibernate/hibernate-core/5.4.27.Final/hibernate-core-5.4.27.Final.jar' 
2022-04-20 17:29:12.807 DEBUG [acme.Launcher@main] Found classpath entry '/C:/Users/%c3%81lvaro/.m2/repository/org/jboss/logging/jboss-logging/3.4.1.Final/jboss-logging-3.4.1.Final.jar' 
2022-04-20 17:29:12.808 DEBUG [acme.Launcher@main] Found classpath entry '/C:/Users/%c3%81lvaro/.m2/repository/org/javassist/javassist/3.27.0-GA/javassist-3.27.0-GA.jar' 
2022-04-20 17:29:12.808 DEBUG [acme.Launcher@main] Found classpath entry '/C:/Users/%c3%81lvaro/.m2/repository/antlr/antlr/2.7.7/antlr-2.7.7.jar' 
2022-04-20 17:29:12.808 DEBUG [acme.Launcher@main] Found classpath entry '/C:/Users/%c3%81lvaro/.m2/repository/org/jboss/jandex/2.1.3.Final/jandex-2.1.3.Final.jar' 
2022-04-20 17:29:12.808 DEBUG [acme.Launcher@main] Found classpath entry '/C:/Users/%c3%81lvaro/.m2/repository/com/fasterxml/classmate/1.5.1/classmate-1.5.1.jar' 
2022-04-20 17:29:12.808 DEBUG [acme.Launcher@main] Found classpath entry '/C:/Users/%c3%81lvaro/.m2/repository/org/dom4j/dom4j/2.1.3/dom4j-2.1.3.jar' 
2022-04-20 17:29:12.808 DEBUG [acme.Launcher@main] Found classpath entry '/C:/Users/%c3%81lvaro/.m2/repository/org/hibernate/common/hibernate-commons-annotations/5.1.2.Final/hibernate-commons-annotations-5.1.2.Final.jar' 
2022-04-20 17:29:12.808 DEBUG [acme.Launcher@main] Found classpath entry '/C:/Users/%c3%81lvaro/.m2/repository/org/glassfish/jaxb/jaxb-runtime/2.3.3/jaxb-runtime-2.3.3.jar' 
2022-04-20 17:29:12.808 DEBUG [acme.Launcher@main] Found classpath entry '/C:/Users/%c3%81lvaro/.m2/repository/org/glassfish/jaxb/txw2/2.3.3/txw2-2.3.3.jar' 
2022-04-20 17:29:12.809 DEBUG [acme.Launcher@main] Found classpath entry '/C:/Users/%c3%81lvaro/.m2/repository/com/sun/istack/istack-commons-runtime/3.0.11/istack-commons-runtime-3.0.11.jar' 
2022-04-20 17:29:12.809 DEBUG [acme.Launcher@main] Found classpath entry '/C:/Users/%c3%81lvaro/.m2/repository/com/sun/activation/jakarta.activation/1.2.2/jakarta.activation-1.2.2.jar' 
2022-04-20 17:29:12.809 DEBUG [acme.Launcher@main] Found classpath entry '/C:/Users/%c3%81lvaro/.m2/repository/org/springframework/data/spring-data-jpa/2.4.3/spring-data-jpa-2.4.3.jar' 
2022-04-20 17:29:12.809 DEBUG [acme.Launcher@main] Found classpath entry '/C:/Users/%c3%81lvaro/.m2/repository/org/springframework/data/spring-data-commons/2.4.3/spring-data-commons-2.4.3.jar' 
2022-04-20 17:29:12.809 DEBUG [acme.Launcher@main] Found classpath entry '/C:/Users/%c3%81lvaro/.m2/repository/org/springframework/spring-orm/5.3.3/spring-orm-5.3.3.jar' 
2022-04-20 17:29:12.809 DEBUG [acme.Launcher@main] Found classpath entry '/C:/Users/%c3%81lvaro/.m2/repository/org/springframework/spring-aspects/5.3.3/spring-aspects-5.3.3.jar' 
2022-04-20 17:29:12.810 DEBUG [acme.Launcher@main] Found classpath entry '/C:/Users/%c3%81lvaro/.m2/repository/org/springframework/boot/spring-boot-starter-validation/2.4.2/spring-boot-starter-validation-2.4.2.jar' 
2022-04-20 17:29:12.810 DEBUG [acme.Launcher@main] Found classpath entry '/C:/Users/%c3%81lvaro/.m2/repository/org/hibernate/validator/hibernate-validator/6.1.7.Final/hibernate-validator-6.1.7.Final.jar' 
2022-04-20 17:29:12.810 DEBUG [acme.Launcher@main] Found classpath entry '/C:/Users/%c3%81lvaro/.m2/repository/jakarta/validation/jakarta.validation-api/2.0.2/jakarta.validation-api-2.0.2.jar' 
2022-04-20 17:29:12.810 DEBUG [acme.Launcher@main] Found classpath entry '/C:/Users/%c3%81lvaro/.m2/repository/mysql/mysql-connector-java/8.0.22/mysql-connector-java-8.0.22.jar' 
2022-04-20 17:29:12.810 DEBUG [acme.Launcher@main] Found classpath entry '/C:/Users/%c3%81lvaro/.m2/repository/com/zaxxer/HikariCP/3.4.5/HikariCP-3.4.5.jar' 
2022-04-20 17:29:12.810 DEBUG [acme.Launcher@main] Found classpath entry '/C:/Users/%c3%81lvaro/.m2/repository/org/junit/jupiter/junit-jupiter-engine/5.7.0/junit-jupiter-engine-5.7.0.jar' 
2022-04-20 17:29:12.810 DEBUG [acme.Launcher@main] Found classpath entry '/C:/Users/%c3%81lvaro/.m2/repository/org/apiguardian/apiguardian-api/1.1.0/apiguardian-api-1.1.0.jar' 
2022-04-20 17:29:12.810 DEBUG [acme.Launcher@main] Found classpath entry '/C:/Users/%c3%81lvaro/.m2/repository/org/junit/platform/junit-platform-engine/1.7.0/junit-platform-engine-1.7.0.jar' 
2022-04-20 17:29:12.810 DEBUG [acme.Launcher@main] Found classpath entry '/C:/Users/%c3%81lvaro/.m2/repository/org/junit/jupiter/junit-jupiter-api/5.7.0/junit-jupiter-api-5.7.0.jar' 
2022-04-20 17:29:12.811 DEBUG [acme.Launcher@main] Found classpath entry '/C:/Users/%c3%81lvaro/.m2/repository/org/opentest4j/opentest4j/1.2.0/opentest4j-1.2.0.jar' 
2022-04-20 17:29:12.811 DEBUG [acme.Launcher@main] Found classpath entry '/C:/Users/%c3%81lvaro/.m2/repository/org/junit/platform/junit-platform-commons/1.7.0/junit-platform-commons-1.7.0.jar' 
2022-04-20 17:29:12.811 DEBUG [acme.Launcher@main] Found classpath entry '/C:/Users/%c3%81lvaro/.m2/repository/org/junit/jupiter/junit-jupiter-params/5.7.0/junit-jupiter-params-5.7.0.jar' 
2022-04-20 17:29:12.811 DEBUG [acme.Launcher@main] Found classpath entry '/C:/Users/%c3%81lvaro/.m2/repository/org/junit/platform/junit-platform-launcher/1.7.0/junit-platform-launcher-1.7.0.jar' 
2022-04-20 17:29:12.811 DEBUG [acme.Launcher@main] Found classpath entry '/C:/Users/%c3%81lvaro/.m2/repository/org/seleniumhq/selenium/selenium-java/3.141.59/selenium-java-3.141.59.jar' 
2022-04-20 17:29:12.811 DEBUG [acme.Launcher@main] Found classpath entry '/C:/Users/%c3%81lvaro/.m2/repository/org/seleniumhq/selenium/selenium-api/3.141.59/selenium-api-3.141.59.jar' 
2022-04-20 17:29:12.811 DEBUG [acme.Launcher@main] Found classpath entry '/C:/Users/%c3%81lvaro/.m2/repository/org/seleniumhq/selenium/selenium-chrome-driver/3.141.59/selenium-chrome-driver-3.141.59.jar' 
2022-04-20 17:29:12.811 DEBUG [acme.Launcher@main] Found classpath entry '/C:/Users/%c3%81lvaro/.m2/repository/org/seleniumhq/selenium/selenium-edge-driver/3.141.59/selenium-edge-driver-3.141.59.jar' 
2022-04-20 17:29:12.811 DEBUG [acme.Launcher@main] Found classpath entry '/C:/Users/%c3%81lvaro/.m2/repository/org/seleniumhq/selenium/selenium-firefox-driver/3.141.59/selenium-firefox-driver-3.141.59.jar' 
2022-04-20 17:29:12.812 DEBUG [acme.Launcher@main] Found classpath entry '/C:/Users/%c3%81lvaro/.m2/repository/org/seleniumhq/selenium/selenium-ie-driver/3.141.59/selenium-ie-driver-3.141.59.jar' 
2022-04-20 17:29:12.812 DEBUG [acme.Launcher@main] Found classpath entry '/C:/Users/%c3%81lvaro/.m2/repository/org/seleniumhq/selenium/selenium-opera-driver/3.141.59/selenium-opera-driver-3.141.59.jar' 
2022-04-20 17:29:12.812 DEBUG [acme.Launcher@main] Found classpath entry '/C:/Users/%c3%81lvaro/.m2/repository/org/seleniumhq/selenium/selenium-remote-driver/3.141.59/selenium-remote-driver-3.141.59.jar' 
2022-04-20 17:29:12.812 DEBUG [acme.Launcher@main] Found classpath entry '/C:/Users/%c3%81lvaro/.m2/repository/org/seleniumhq/selenium/selenium-safari-driver/3.141.59/selenium-safari-driver-3.141.59.jar' 
2022-04-20 17:29:12.812 DEBUG [acme.Launcher@main] Found classpath entry '/C:/Users/%c3%81lvaro/.m2/repository/org/seleniumhq/selenium/selenium-support/3.141.59/selenium-support-3.141.59.jar' 
2022-04-20 17:29:12.812 DEBUG [acme.Launcher@main] Found classpath entry '/C:/Users/%c3%81lvaro/.m2/repository/net/bytebuddy/byte-buddy/1.10.19/byte-buddy-1.10.19.jar' 
2022-04-20 17:29:12.812 DEBUG [acme.Launcher@main] Found classpath entry '/C:/Users/%c3%81lvaro/.m2/repository/org/apache/commons/commons-exec/1.3/commons-exec-1.3.jar' 
2022-04-20 17:29:12.812 DEBUG [acme.Launcher@main] Found classpath entry '/C:/Users/%c3%81lvaro/.m2/repository/com/google/guava/guava/25.0-jre/guava-25.0-jre.jar' 
2022-04-20 17:29:12.812 DEBUG [acme.Launcher@main] Found classpath entry '/C:/Users/%c3%81lvaro/.m2/repository/com/google/code/findbugs/jsr305/1.3.9/jsr305-1.3.9.jar' 
2022-04-20 17:29:12.813 DEBUG [acme.Launcher@main] Found classpath entry '/C:/Users/%c3%81lvaro/.m2/repository/org/checkerframework/checker-compat-qual/2.0.0/checker-compat-qual-2.0.0.jar' 
2022-04-20 17:29:12.813 DEBUG [acme.Launcher@main] Found classpath entry '/C:/Users/%c3%81lvaro/.m2/repository/com/google/errorprone/error_prone_annotations/2.1.3/error_prone_annotations-2.1.3.jar' 
2022-04-20 17:29:12.813 DEBUG [acme.Launcher@main] Found classpath entry '/C:/Users/%c3%81lvaro/.m2/repository/com/google/j2objc/j2objc-annotations/1.1/j2objc-annotations-1.1.jar' 
2022-04-20 17:29:12.813 DEBUG [acme.Launcher@main] Found classpath entry '/C:/Users/%c3%81lvaro/.m2/repository/org/codehaus/mojo/animal-sniffer-annotations/1.14/animal-sniffer-annotations-1.14.jar' 
2022-04-20 17:29:12.813 DEBUG [acme.Launcher@main] Found classpath entry '/C:/Users/%c3%81lvaro/.m2/repository/com/squareup/okhttp3/okhttp/3.14.9/okhttp-3.14.9.jar' 
2022-04-20 17:29:12.813 DEBUG [acme.Launcher@main] Found classpath entry '/C:/Users/%c3%81lvaro/.m2/repository/com/squareup/okio/okio/1.14.0/okio-1.14.0.jar' 
2022-04-20 17:29:12.813 DEBUG [acme.Launcher@main] Found classpath entry '/C:/Users/%c3%81lvaro/.m2/repository/org/apache/commons/commons-lang3/3.11/commons-lang3-3.11.jar' 
2022-04-20 17:29:12.813 DEBUG [acme.Launcher@main] Found classpath entry '/C:/Users/%c3%81lvaro/.m2/repository/org/apache/commons/commons-text/1.8/commons-text-1.8.jar' 
2022-04-20 17:29:12.813 DEBUG [acme.Launcher@main] Found classpath entry '/C:/Users/%c3%81lvaro/.m2/repository/commons-io/commons-io/2.6/commons-io-2.6.jar' 
2022-04-20 17:29:12.814 DEBUG [acme.Launcher@main] Found classpath entry '/C:/Users/%c3%81lvaro/.m2/repository/commons-cli/commons-cli/1.4/commons-cli-1.4.jar' 
2022-04-20 17:29:12.814 DEBUG [acme.Launcher@main] Found classpath entry '/C:/Users/%c3%81lvaro/.m2/repository/org/projectlombok/lombok/1.18.16/lombok-1.18.16.jar' 
2022-04-20 17:29:12.814 DEBUG [acme.Launcher@main] Found classpath entry '/C:/Users/%c3%81lvaro/.m2/repository/com/opencsv/opencsv/5.4/opencsv-5.4.jar' 
2022-04-20 17:29:12.814 DEBUG [acme.Launcher@main] Found classpath entry '/C:/Users/%c3%81lvaro/.m2/repository/commons-beanutils/commons-beanutils/1.9.4/commons-beanutils-1.9.4.jar' 
2022-04-20 17:29:12.814 DEBUG [acme.Launcher@main] Found classpath entry '/C:/Users/%c3%81lvaro/.m2/repository/commons-logging/commons-logging/1.2/commons-logging-1.2.jar' 
2022-04-20 17:29:12.814 DEBUG [acme.Launcher@main] Found classpath entry '/C:/Users/%c3%81lvaro/.m2/repository/commons-collections/commons-collections/3.2.2/commons-collections-3.2.2.jar' 
2022-04-20 17:29:12.814 DEBUG [acme.Launcher@main] Found classpath entry '/C:/Users/%c3%81lvaro/.m2/repository/org/apache/commons/commons-collections4/4.4/commons-collections4-4.4.jar' 
2022-04-20 17:29:12.860 DEBUG [acme.Launcher@main] Found entity class 'acme.entities.announcements.Announcement 
2022-04-20 17:29:12.860 DEBUG [acme.Launcher@main] Found entity class 'acme.entities.chirp.Chirp 
2022-04-20 17:29:12.861 DEBUG [acme.Launcher@main] Found entity class 'acme.entities.item.Amount 
2022-04-20 17:29:12.861 DEBUG [acme.Launcher@main] Found entity class 'acme.entities.item.Item 
2022-04-20 17:29:12.861 DEBUG [acme.Launcher@main] Found entity class 'acme.entities.patronageReport.PatronageReport 
2022-04-20 17:29:12.861 DEBUG [acme.Launcher@main] Found entity class 'acme.entities.patronages.Patronage 
2022-04-20 17:29:12.861 DEBUG [acme.Launcher@main] Found entity class 'acme.entities.tookit.Toolkit 
2022-04-20 17:29:12.861 DEBUG [acme.Launcher@main] Found entity class 'acme.roles.Inventor 
2022-04-20 17:29:12.862 DEBUG [acme.Launcher@main] Found entity class 'acme.roles.Patron 
2022-04-20 17:29:12.862 DEBUG [acme.Launcher@main] Found entity class 'acme.systemConfiguration.SystemConfiguration 
2022-04-20 17:29:12.862 DEBUG [acme.Launcher@main] Found entity class 'acme.framework.entities.UserAccount 
2022-04-20 17:29:12.862 DEBUG [acme.Launcher@main] Found entity class 'acme.framework.roles.Administrator 
2022-04-20 17:29:12.862 DEBUG [acme.Launcher@main] Found entity class 'acme.framework.roles.Anonymous 
2022-04-20 17:29:12.862 DEBUG [acme.Launcher@main] Found entity class 'acme.framework.roles.Any 
2022-04-20 17:29:12.862 DEBUG [acme.Launcher@main] Found entity class 'acme.framework.roles.Authenticated 
2022-04-20 17:29:12.865 INFO  [acme.Launcher@main] Running application (Standalone) 
2022-04-20 17:29:29.006 DEBUG [acme.framework.components.tiles.DynamicTilesView@http-nio-8080-exec-3] View name 'fragments/welcome', model {} 
2022-04-20 17:29:29.023 DEBUG [org.apache.tiles.definition.dao.BaseLocaleUrlDefinitionDAO@http-nio-8080-exec-3] File Resource file:/D:/Software/Eclipse/Workspaces/DP2/Projects/Acme-Toolkits/target/classes/WEB-INF/views/master/tiles_en.xml at file:/D:/Software/Eclipse/Workspaces/DP2/Projects/Acme-Toolkits/target/classes/WEB-INF/views/master/tiles_en.xml not found, continue 
2022-04-20 17:29:29.031 DEBUG [org.apache.jasper.servlet.JspServlet@http-nio-8080-exec-3] JspEngine --> /WEB-INF/views/master/page.jsp 
2022-04-20 17:29:29.031 DEBUG [org.apache.jasper.servlet.JspServlet@http-nio-8080-exec-3] ServletPath: /WEB-INF/views/master/page.jsp 
2022-04-20 17:29:29.032 DEBUG [org.apache.jasper.servlet.JspServlet@http-nio-8080-exec-3] PathInfo: null 
2022-04-20 17:29:29.033 DEBUG [org.apache.jasper.servlet.JspServlet@http-nio-8080-exec-3] RealPath: D:\Software\Eclipse\Workspaces\DP2\Projects\Acme-Toolkits\target\classes\WEB-INF\views\master\page.jsp 
2022-04-20 17:29:29.033 DEBUG [org.apache.jasper.servlet.JspServlet@http-nio-8080-exec-3] RequestURI: /acme-toolkits-22.1/WEB-INF/views/master/page.jsp 
2022-04-20 17:29:29.033 DEBUG [org.apache.jasper.servlet.JspServlet@http-nio-8080-exec-3] QueryString: null 
2022-04-20 17:29:32.125 DEBUG [acme.framework.configuration.ExtendedMessageSource@http-nio-8080-exec-3] Loading properties [D:\Software\Eclipse\Workspaces\DP2\Projects\Acme-Toolkits\target\classes\WEB-INF\views\administrator\dashboard\messsages-en.i18n] with encoding 'utf-8' 
2022-04-20 17:29:32.126 DEBUG [acme.framework.configuration.ExtendedMessageSource@http-nio-8080-exec-3] Loading properties [D:\Software\Eclipse\Workspaces\DP2\Projects\Acme-Toolkits\target\classes\WEB-INF\views\administrator\user-account\messages-en.i18n] with encoding 'utf-8' 
2022-04-20 17:29:32.127 DEBUG [acme.framework.configuration.ExtendedMessageSource@http-nio-8080-exec-3] Loading properties [D:\Software\Eclipse\Workspaces\DP2\Projects\Acme-Toolkits\target\classes\WEB-INF\views\anonymous\user-account\messages-en.i18n] with encoding 'utf-8' 
2022-04-20 17:29:32.127 DEBUG [acme.framework.configuration.ExtendedMessageSource@http-nio-8080-exec-3] Loading properties [D:\Software\Eclipse\Workspaces\DP2\Projects\Acme-Toolkits\target\classes\WEB-INF\views\authenticated\consumer\messsages-en.i18n] with encoding 'utf-8' 
2022-04-20 17:29:32.128 DEBUG [acme.framework.configuration.ExtendedMessageSource@http-nio-8080-exec-3] Loading properties [D:\Software\Eclipse\Workspaces\DP2\Projects\Acme-Toolkits\target\classes\WEB-INF\views\authenticated\provider\messsages-en.i18n] with encoding 'utf-8' 
2022-04-20 17:29:32.128 DEBUG [acme.framework.configuration.ExtendedMessageSource@http-nio-8080-exec-3] Loading properties [D:\Software\Eclipse\Workspaces\DP2\Projects\Acme-Toolkits\target\classes\WEB-INF\views\authenticated\system-configuration\messsages-en.i18n] with encoding 'utf-8' 
2022-04-20 17:29:32.128 DEBUG [acme.framework.configuration.ExtendedMessageSource@http-nio-8080-exec-3] Loading properties [D:\Software\Eclipse\Workspaces\DP2\Projects\Acme-Toolkits\target\classes\WEB-INF\views\authenticated\user-account\messages-en.i18n] with encoding 'utf-8' 
2022-04-20 17:29:32.129 DEBUG [acme.framework.configuration.ExtendedMessageSource@http-nio-8080-exec-3] Loading properties [D:\Software\Eclipse\Workspaces\DP2\Projects\Acme-Toolkits\target\classes\WEB-INF\views\fragments\banner-en.i18n] with encoding 'utf-8' 
2022-04-20 17:29:32.129 DEBUG [acme.framework.configuration.ExtendedMessageSource@http-nio-8080-exec-3] Loading properties [D:\Software\Eclipse\Workspaces\DP2\Projects\Acme-Toolkits\target\classes\WEB-INF\views\fragments\company-en.i18n] with encoding 'utf-8' 
2022-04-20 17:29:32.130 DEBUG [acme.framework.configuration.ExtendedMessageSource@http-nio-8080-exec-3] Loading properties [D:\Software\Eclipse\Workspaces\DP2\Projects\Acme-Toolkits\target\classes\WEB-INF\views\fragments\footer-en.i18n] with encoding 'utf-8' 
2022-04-20 17:29:32.130 DEBUG [acme.framework.configuration.ExtendedMessageSource@http-nio-8080-exec-3] Loading properties [D:\Software\Eclipse\Workspaces\DP2\Projects\Acme-Toolkits\target\classes\WEB-INF\views\fragments\license-en.i18n] with encoding 'utf-8' 
2022-04-20 17:29:32.130 DEBUG [acme.framework.configuration.ExtendedMessageSource@http-nio-8080-exec-3] Loading properties [D:\Software\Eclipse\Workspaces\DP2\Projects\Acme-Toolkits\target\classes\WEB-INF\views\fragments\menu-en.i18n] with encoding 'utf-8' 
2022-04-20 17:29:32.131 DEBUG [acme.framework.configuration.ExtendedMessageSource@http-nio-8080-exec-3] Loading properties [D:\Software\Eclipse\Workspaces\DP2\Projects\Acme-Toolkits\target\classes\WEB-INF\views\fragments\messsages-en.i18n] with encoding 'utf-8' 
2022-04-20 17:29:32.131 DEBUG [acme.framework.configuration.ExtendedMessageSource@http-nio-8080-exec-3] Loading properties [D:\Software\Eclipse\Workspaces\DP2\Projects\Acme-Toolkits\target\classes\WEB-INF\views\fragments\title-en.i18n] with encoding 'utf-8' 
2022-04-20 17:29:32.132 DEBUG [acme.framework.configuration.ExtendedMessageSource@http-nio-8080-exec-3] Loading properties [D:\Software\Eclipse\Workspaces\DP2\Projects\Acme-Toolkits\target\classes\WEB-INF\views\fragments\welcome-en.i18n] with encoding 'utf-8' 
2022-04-20 17:29:32.132 DEBUG [acme.framework.configuration.ExtendedMessageSource@http-nio-8080-exec-3] Loading properties [D:\Software\Eclipse\Workspaces\DP2\Projects\Acme-Toolkits\target\classes\WEB-INF\views\inventor\item\messsages-en.i18n] with encoding 'utf-8' 
2022-04-20 17:29:32.133 DEBUG [acme.framework.configuration.ExtendedMessageSource@http-nio-8080-exec-3] Loading properties [D:\Software\Eclipse\Workspaces\DP2\Projects\Acme-Toolkits\target\classes\WEB-INF\views\master\defaults-en.i18n] with encoding 'utf-8' 
2022-04-20 17:29:32.133 DEBUG [acme.framework.configuration.ExtendedMessageSource@http-nio-8080-exec-3] Loading properties [D:\Software\Eclipse\Workspaces\DP2\Projects\Acme-Toolkits\target\classes\WEB-INF\views\master\master-en.i18n] with encoding 'utf-8' 
2022-04-20 17:29:32.134 DEBUG [acme.framework.configuration.ExtendedMessageSource@http-nio-8080-exec-3] Loading properties [D:\Software\Eclipse\Workspaces\DP2\Projects\Acme-Toolkits\target\classes\WEB-INF\views\master\throwables-en.i18n] with encoding 'utf-8' 
2022-04-20 17:29:32.134 DEBUG [acme.framework.configuration.ExtendedMessageSource@http-nio-8080-exec-3] Loading properties [D:\Software\Eclipse\Workspaces\DP2\Projects\Acme-Toolkits\target\classes\WEB-INF\views\master\validation-en.i18n] with encoding 'utf-8' 
2022-04-20 17:29:32.226 DEBUG [org.apache.jasper.servlet.JspServlet@http-nio-8080-exec-3] JspEngine --> /WEB-INF/views/fragments/welcome.jsp 
2022-04-20 17:29:32.226 DEBUG [org.apache.jasper.servlet.JspServlet@http-nio-8080-exec-3] ServletPath: /WEB-INF/views/master/page.jsp 
2022-04-20 17:29:32.226 DEBUG [org.apache.jasper.servlet.JspServlet@http-nio-8080-exec-3] PathInfo: null 
2022-04-20 17:29:32.227 DEBUG [org.apache.jasper.servlet.JspServlet@http-nio-8080-exec-3] RealPath: D:\Software\Eclipse\Workspaces\DP2\Projects\Acme-Toolkits\target\classes\WEB-INF\views\fragments\welcome.jsp 
2022-04-20 17:29:32.227 DEBUG [org.apache.jasper.servlet.JspServlet@http-nio-8080-exec-3] RequestURI: /acme-toolkits-22.1/WEB-INF/views/master/page.jsp 
2022-04-20 17:29:32.228 DEBUG [org.apache.jasper.servlet.JspServlet@http-nio-8080-exec-3] QueryString: null 
2022-04-20 17:29:32.432 DEBUG [org.hibernate.SQL@http-nio-8080-exec-3] select useraccoun0_.id as id1_0_, useraccoun0_.version as version2_0_, useraccoun0_.enabled as enabled1_15_, useraccoun0_.identity as identity2_15_, useraccoun0_.password as password3_15_, useraccoun0_.username as username4_15_ from user_account useraccoun0_ where useraccoun0_.username=? 
2022-04-20 17:29:32.453 TRACE [org.hibernate.type.descriptor.sql.BasicBinder@http-nio-8080-exec-3] binding parameter [1] as [VARCHAR] - [anonymous] 
2022-04-20 17:29:32.494 DEBUG [org.hibernate.SQL@http-nio-8080-exec-3] select roles0_.user_account_id as user_acc1_16_0_, roles0_.id as id1_16_0_, roles0_.id as id1_0_1_, roles0_.version as version2_0_1_, roles0_.user_account_id as user_acc1_16_1_, roles0_.company as company1_8_1_, roles0_.optional_link as optional2_8_1_, roles0_.statement as statemen3_8_1_, roles0_.company as company1_10_1_, roles0_.optional_link as optional2_10_1_, roles0_.statement as statemen3_10_1_, roles0_.clazz_ as clazz_1_ from ( select id, version, user_account_id, company, optional_link, statement, 9 as clazz_ from inventor union all select id, version, user_account_id, company, optional_link, statement, 10 as clazz_ from patron union all select id, version, user_account_id, null as company, null as optional_link, null as statement, 13 as clazz_ from administrator union all select id, version, user_account_id, null as company, null as optional_link, null as statement, 14 as clazz_ from anonymous union all select id, version, user_account_id, null as company, null as optional_link, null as statement, 15 as clazz_ from any union all select id, version, user_account_id, null as company, null as optional_link, null as statement, 16 as clazz_ from authenticated ) roles0_ where roles0_.user_account_id=? 
2022-04-20 17:29:32.495 TRACE [org.hibernate.type.descriptor.sql.BasicBinder@http-nio-8080-exec-3] binding parameter [1] as [INTEGER] - [1] 
2022-04-20 17:31:49.802 DEBUG [acme.framework.components.tiles.DynamicTilesView@http-nio-8080-exec-8] View name 'master/sign-in', model {username=, password=, remember=false} 
2022-04-20 17:31:49.803 DEBUG [org.apache.jasper.servlet.JspServlet@http-nio-8080-exec-8] JspEngine --> /WEB-INF/views/master/page.jsp 
2022-04-20 17:31:49.803 DEBUG [org.apache.jasper.servlet.JspServlet@http-nio-8080-exec-8] ServletPath: /WEB-INF/views/master/page.jsp 
2022-04-20 17:31:49.804 DEBUG [org.apache.jasper.servlet.JspServlet@http-nio-8080-exec-8] PathInfo: null 
2022-04-20 17:31:49.804 DEBUG [org.apache.jasper.servlet.JspServlet@http-nio-8080-exec-8] RealPath: D:\Software\Eclipse\Workspaces\DP2\Projects\Acme-Toolkits\target\classes\WEB-INF\views\master\page.jsp 
2022-04-20 17:31:49.805 DEBUG [org.apache.jasper.servlet.JspServlet@http-nio-8080-exec-8] RequestURI: /acme-toolkits-22.1/WEB-INF/views/master/page.jsp 
2022-04-20 17:31:49.805 DEBUG [org.apache.jasper.servlet.JspServlet@http-nio-8080-exec-8] QueryString: null 
2022-04-20 17:31:49.879 DEBUG [org.apache.jasper.servlet.JspServlet@http-nio-8080-exec-8] JspEngine --> /WEB-INF/views/master/sign-in.jsp 
2022-04-20 17:31:49.879 DEBUG [org.apache.jasper.servlet.JspServlet@http-nio-8080-exec-8] ServletPath: /WEB-INF/views/master/page.jsp 
2022-04-20 17:31:49.880 DEBUG [org.apache.jasper.servlet.JspServlet@http-nio-8080-exec-8] PathInfo: null 
2022-04-20 17:31:49.881 DEBUG [org.apache.jasper.servlet.JspServlet@http-nio-8080-exec-8] RealPath: D:\Software\Eclipse\Workspaces\DP2\Projects\Acme-Toolkits\target\classes\WEB-INF\views\master\sign-in.jsp 
2022-04-20 17:31:49.881 DEBUG [org.apache.jasper.servlet.JspServlet@http-nio-8080-exec-8] RequestURI: /acme-toolkits-22.1/WEB-INF/views/master/page.jsp 
2022-04-20 17:31:49.881 DEBUG [org.apache.jasper.servlet.JspServlet@http-nio-8080-exec-8] QueryString: null 
2022-04-20 17:31:51.095 DEBUG [org.hibernate.SQL@http-nio-8080-exec-8] select useraccoun0_.id as id1_0_, useraccoun0_.version as version2_0_, useraccoun0_.enabled as enabled1_15_, useraccoun0_.identity as identity2_15_, useraccoun0_.password as password3_15_, useraccoun0_.username as username4_15_ from user_account useraccoun0_ where useraccoun0_.username=? 
2022-04-20 17:31:51.096 TRACE [org.hibernate.type.descriptor.sql.BasicBinder@http-nio-8080-exec-8] binding parameter [1] as [VARCHAR] - [anonymous] 
2022-04-20 17:31:51.097 DEBUG [org.hibernate.SQL@http-nio-8080-exec-8] select roles0_.user_account_id as user_acc1_16_0_, roles0_.id as id1_16_0_, roles0_.id as id1_0_1_, roles0_.version as version2_0_1_, roles0_.user_account_id as user_acc1_16_1_, roles0_.company as company1_8_1_, roles0_.optional_link as optional2_8_1_, roles0_.statement as statemen3_8_1_, roles0_.company as company1_10_1_, roles0_.optional_link as optional2_10_1_, roles0_.statement as statemen3_10_1_, roles0_.clazz_ as clazz_1_ from ( select id, version, user_account_id, company, optional_link, statement, 9 as clazz_ from inventor union all select id, version, user_account_id, company, optional_link, statement, 10 as clazz_ from patron union all select id, version, user_account_id, null as company, null as optional_link, null as statement, 13 as clazz_ from administrator union all select id, version, user_account_id, null as company, null as optional_link, null as statement, 14 as clazz_ from anonymous union all select id, version, user_account_id, null as company, null as optional_link, null as statement, 15 as clazz_ from any union all select id, version, user_account_id, null as company, null as optional_link, null as statement, 16 as clazz_ from authenticated ) roles0_ where roles0_.user_account_id=? 
2022-04-20 17:31:51.098 TRACE [org.hibernate.type.descriptor.sql.BasicBinder@http-nio-8080-exec-8] binding parameter [1] as [INTEGER] - [1] 
2022-04-20 17:32:03.172 DEBUG [org.hibernate.SQL@http-nio-8080-exec-7] select useraccoun0_.id as id1_0_, useraccoun0_.version as version2_0_, useraccoun0_.enabled as enabled1_15_, useraccoun0_.identity as identity2_15_, useraccoun0_.password as password3_15_, useraccoun0_.username as username4_15_ from user_account useraccoun0_ where useraccoun0_.username=? 
2022-04-20 17:32:03.173 TRACE [org.hibernate.type.descriptor.sql.BasicBinder@http-nio-8080-exec-7] binding parameter [1] as [VARCHAR] - [inventor1] 
2022-04-20 17:32:03.179 DEBUG [org.hibernate.SQL@http-nio-8080-exec-7] select roles0_.user_account_id as user_acc1_16_0_, roles0_.id as id1_16_0_, roles0_.id as id1_0_1_, roles0_.version as version2_0_1_, roles0_.user_account_id as user_acc1_16_1_, roles0_.company as company1_8_1_, roles0_.optional_link as optional2_8_1_, roles0_.statement as statemen3_8_1_, roles0_.company as company1_10_1_, roles0_.optional_link as optional2_10_1_, roles0_.statement as statemen3_10_1_, roles0_.clazz_ as clazz_1_ from ( select id, version, user_account_id, company, optional_link, statement, 9 as clazz_ from inventor union all select id, version, user_account_id, company, optional_link, statement, 10 as clazz_ from patron union all select id, version, user_account_id, null as company, null as optional_link, null as statement, 13 as clazz_ from administrator union all select id, version, user_account_id, null as company, null as optional_link, null as statement, 14 as clazz_ from anonymous union all select id, version, user_account_id, null as company, null as optional_link, null as statement, 15 as clazz_ from any union all select id, version, user_account_id, null as company, null as optional_link, null as statement, 16 as clazz_ from authenticated ) roles0_ where roles0_.user_account_id=? 
2022-04-20 17:32:03.180 TRACE [org.hibernate.type.descriptor.sql.BasicBinder@http-nio-8080-exec-7] binding parameter [1] as [INTEGER] - [22] 
2022-04-20 17:32:03.189 DEBUG [acme.framework.configuration.ExtendedMessageSource@http-nio-8080-exec-7] Loading properties [D:\Software\Eclipse\Workspaces\DP2\Projects\Acme-Toolkits\target\classes\WEB-INF\views\administrator\dashboard\messsages-en.i18n] with encoding 'utf-8' 
2022-04-20 17:32:03.190 DEBUG [acme.framework.configuration.ExtendedMessageSource@http-nio-8080-exec-7] Loading properties [D:\Software\Eclipse\Workspaces\DP2\Projects\Acme-Toolkits\target\classes\WEB-INF\views\administrator\user-account\messages-en.i18n] with encoding 'utf-8' 
2022-04-20 17:32:03.190 DEBUG [acme.framework.configuration.ExtendedMessageSource@http-nio-8080-exec-7] Loading properties [D:\Software\Eclipse\Workspaces\DP2\Projects\Acme-Toolkits\target\classes\WEB-INF\views\anonymous\user-account\messages-en.i18n] with encoding 'utf-8' 
2022-04-20 17:32:03.190 DEBUG [acme.framework.configuration.ExtendedMessageSource@http-nio-8080-exec-7] Loading properties [D:\Software\Eclipse\Workspaces\DP2\Projects\Acme-Toolkits\target\classes\WEB-INF\views\authenticated\consumer\messsages-en.i18n] with encoding 'utf-8' 
2022-04-20 17:32:03.190 DEBUG [acme.framework.configuration.ExtendedMessageSource@http-nio-8080-exec-7] Loading properties [D:\Software\Eclipse\Workspaces\DP2\Projects\Acme-Toolkits\target\classes\WEB-INF\views\authenticated\provider\messsages-en.i18n] with encoding 'utf-8' 
2022-04-20 17:32:03.191 DEBUG [acme.framework.configuration.ExtendedMessageSource@http-nio-8080-exec-7] Loading properties [D:\Software\Eclipse\Workspaces\DP2\Projects\Acme-Toolkits\target\classes\WEB-INF\views\authenticated\system-configuration\messsages-en.i18n] with encoding 'utf-8' 
2022-04-20 17:32:03.191 DEBUG [acme.framework.configuration.ExtendedMessageSource@http-nio-8080-exec-7] Loading properties [D:\Software\Eclipse\Workspaces\DP2\Projects\Acme-Toolkits\target\classes\WEB-INF\views\authenticated\user-account\messages-en.i18n] with encoding 'utf-8' 
2022-04-20 17:32:03.191 DEBUG [acme.framework.configuration.ExtendedMessageSource@http-nio-8080-exec-7] Loading properties [D:\Software\Eclipse\Workspaces\DP2\Projects\Acme-Toolkits\target\classes\WEB-INF\views\fragments\banner-en.i18n] with encoding 'utf-8' 
2022-04-20 17:32:03.192 DEBUG [acme.framework.configuration.ExtendedMessageSource@http-nio-8080-exec-7] Loading properties [D:\Software\Eclipse\Workspaces\DP2\Projects\Acme-Toolkits\target\classes\WEB-INF\views\fragments\company-en.i18n] with encoding 'utf-8' 
2022-04-20 17:32:03.192 DEBUG [acme.framework.configuration.ExtendedMessageSource@http-nio-8080-exec-7] Loading properties [D:\Software\Eclipse\Workspaces\DP2\Projects\Acme-Toolkits\target\classes\WEB-INF\views\fragments\footer-en.i18n] with encoding 'utf-8' 
2022-04-20 17:32:03.193 DEBUG [acme.framework.configuration.ExtendedMessageSource@http-nio-8080-exec-7] Loading properties [D:\Software\Eclipse\Workspaces\DP2\Projects\Acme-Toolkits\target\classes\WEB-INF\views\fragments\license-en.i18n] with encoding 'utf-8' 
2022-04-20 17:32:03.193 DEBUG [acme.framework.configuration.ExtendedMessageSource@http-nio-8080-exec-7] Loading properties [D:\Software\Eclipse\Workspaces\DP2\Projects\Acme-Toolkits\target\classes\WEB-INF\views\fragments\menu-en.i18n] with encoding 'utf-8' 
2022-04-20 17:32:03.193 DEBUG [acme.framework.configuration.ExtendedMessageSource@http-nio-8080-exec-7] Loading properties [D:\Software\Eclipse\Workspaces\DP2\Projects\Acme-Toolkits\target\classes\WEB-INF\views\fragments\messsages-en.i18n] with encoding 'utf-8' 
2022-04-20 17:32:03.194 DEBUG [acme.framework.configuration.ExtendedMessageSource@http-nio-8080-exec-7] Loading properties [D:\Software\Eclipse\Workspaces\DP2\Projects\Acme-Toolkits\target\classes\WEB-INF\views\fragments\title-en.i18n] with encoding 'utf-8' 
2022-04-20 17:32:03.194 DEBUG [acme.framework.configuration.ExtendedMessageSource@http-nio-8080-exec-7] Loading properties [D:\Software\Eclipse\Workspaces\DP2\Projects\Acme-Toolkits\target\classes\WEB-INF\views\fragments\welcome-en.i18n] with encoding 'utf-8' 
2022-04-20 17:32:03.194 DEBUG [acme.framework.configuration.ExtendedMessageSource@http-nio-8080-exec-7] Loading properties [D:\Software\Eclipse\Workspaces\DP2\Projects\Acme-Toolkits\target\classes\WEB-INF\views\inventor\item\messsages-en.i18n] with encoding 'utf-8' 
2022-04-20 17:32:03.195 DEBUG [acme.framework.configuration.ExtendedMessageSource@http-nio-8080-exec-7] Loading properties [D:\Software\Eclipse\Workspaces\DP2\Projects\Acme-Toolkits\target\classes\WEB-INF\views\master\defaults-en.i18n] with encoding 'utf-8' 
2022-04-20 17:32:03.195 DEBUG [acme.framework.configuration.ExtendedMessageSource@http-nio-8080-exec-7] Loading properties [D:\Software\Eclipse\Workspaces\DP2\Projects\Acme-Toolkits\target\classes\WEB-INF\views\master\master-en.i18n] with encoding 'utf-8' 
2022-04-20 17:32:03.196 DEBUG [acme.framework.configuration.ExtendedMessageSource@http-nio-8080-exec-7] Loading properties [D:\Software\Eclipse\Workspaces\DP2\Projects\Acme-Toolkits\target\classes\WEB-INF\views\master\throwables-en.i18n] with encoding 'utf-8' 
2022-04-20 17:32:03.196 DEBUG [acme.framework.configuration.ExtendedMessageSource@http-nio-8080-exec-7] Loading properties [D:\Software\Eclipse\Workspaces\DP2\Projects\Acme-Toolkits\target\classes\WEB-INF\views\master\validation-en.i18n] with encoding 'utf-8' 
2022-04-20 17:32:03.199 DEBUG [acme.framework.configuration.ExtendedMessageSource@http-nio-8080-exec-7] Loading properties [D:\Software\Eclipse\Workspaces\DP2\Projects\Acme-Toolkits\target\classes\WEB-INF\views\administrator\dashboard\messsages-es.i18n] with encoding 'utf-8' 
2022-04-20 17:32:03.199 DEBUG [acme.framework.configuration.ExtendedMessageSource@http-nio-8080-exec-7] Loading properties [D:\Software\Eclipse\Workspaces\DP2\Projects\Acme-Toolkits\target\classes\WEB-INF\views\administrator\user-account\messages-es.i18n] with encoding 'utf-8' 
2022-04-20 17:32:03.200 DEBUG [acme.framework.configuration.ExtendedMessageSource@http-nio-8080-exec-7] Loading properties [D:\Software\Eclipse\Workspaces\DP2\Projects\Acme-Toolkits\target\classes\WEB-INF\views\anonymous\user-account\messages-es.i18n] with encoding 'utf-8' 
2022-04-20 17:32:03.200 DEBUG [acme.framework.configuration.ExtendedMessageSource@http-nio-8080-exec-7] Loading properties [D:\Software\Eclipse\Workspaces\DP2\Projects\Acme-Toolkits\target\classes\WEB-INF\views\authenticated\consumer\messsages-es.i18n] with encoding 'utf-8' 
2022-04-20 17:32:03.200 DEBUG [acme.framework.configuration.ExtendedMessageSource@http-nio-8080-exec-7] Loading properties [D:\Software\Eclipse\Workspaces\DP2\Projects\Acme-Toolkits\target\classes\WEB-INF\views\authenticated\provider\messsages-es.i18n] with encoding 'utf-8' 
2022-04-20 17:32:03.201 DEBUG [acme.framework.configuration.ExtendedMessageSource@http-nio-8080-exec-7] Loading properties [D:\Software\Eclipse\Workspaces\DP2\Projects\Acme-Toolkits\target\classes\WEB-INF\views\authenticated\system-configuration\messsages-es.i18n] with encoding 'utf-8' 
2022-04-20 17:32:03.201 DEBUG [acme.framework.configuration.ExtendedMessageSource@http-nio-8080-exec-7] Loading properties [D:\Software\Eclipse\Workspaces\DP2\Projects\Acme-Toolkits\target\classes\WEB-INF\views\authenticated\user-account\messages-es.i18n] with encoding 'utf-8' 
2022-04-20 17:32:03.202 DEBUG [acme.framework.configuration.ExtendedMessageSource@http-nio-8080-exec-7] Loading properties [D:\Software\Eclipse\Workspaces\DP2\Projects\Acme-Toolkits\target\classes\WEB-INF\views\fragments\banner-es.i18n] with encoding 'utf-8' 
2022-04-20 17:32:03.202 DEBUG [acme.framework.configuration.ExtendedMessageSource@http-nio-8080-exec-7] Loading properties [D:\Software\Eclipse\Workspaces\DP2\Projects\Acme-Toolkits\target\classes\WEB-INF\views\fragments\company-es.i18n] with encoding 'utf-8' 
2022-04-20 17:32:03.202 DEBUG [acme.framework.configuration.ExtendedMessageSource@http-nio-8080-exec-7] Loading properties [D:\Software\Eclipse\Workspaces\DP2\Projects\Acme-Toolkits\target\classes\WEB-INF\views\fragments\footer-es.i18n] with encoding 'utf-8' 
2022-04-20 17:32:03.203 DEBUG [acme.framework.configuration.ExtendedMessageSource@http-nio-8080-exec-7] Loading properties [D:\Software\Eclipse\Workspaces\DP2\Projects\Acme-Toolkits\target\classes\WEB-INF\views\fragments\license-es.i18n] with encoding 'utf-8' 
2022-04-20 17:32:03.203 DEBUG [acme.framework.configuration.ExtendedMessageSource@http-nio-8080-exec-7] Loading properties [D:\Software\Eclipse\Workspaces\DP2\Projects\Acme-Toolkits\target\classes\WEB-INF\views\fragments\menu-es.i18n] with encoding 'utf-8' 
2022-04-20 17:32:03.203 DEBUG [acme.framework.configuration.ExtendedMessageSource@http-nio-8080-exec-7] Loading properties [D:\Software\Eclipse\Workspaces\DP2\Projects\Acme-Toolkits\target\classes\WEB-INF\views\fragments\messsages-es.i18n] with encoding 'utf-8' 
2022-04-20 17:32:03.204 DEBUG [acme.framework.configuration.ExtendedMessageSource@http-nio-8080-exec-7] Loading properties [D:\Software\Eclipse\Workspaces\DP2\Projects\Acme-Toolkits\target\classes\WEB-INF\views\fragments\title-es.i18n] with encoding 'utf-8' 
2022-04-20 17:32:03.204 DEBUG [acme.framework.configuration.ExtendedMessageSource@http-nio-8080-exec-7] Loading properties [D:\Software\Eclipse\Workspaces\DP2\Projects\Acme-Toolkits\target\classes\WEB-INF\views\fragments\welcome-es.i18n] with encoding 'utf-8' 
2022-04-20 17:32:03.204 DEBUG [acme.framework.configuration.ExtendedMessageSource@http-nio-8080-exec-7] Loading properties [D:\Software\Eclipse\Workspaces\DP2\Projects\Acme-Toolkits\target\classes\WEB-INF\views\inventor\item\messsages-es.i18n] with encoding 'utf-8' 
2022-04-20 17:32:03.204 DEBUG [acme.framework.configuration.ExtendedMessageSource@http-nio-8080-exec-7] Loading properties [D:\Software\Eclipse\Workspaces\DP2\Projects\Acme-Toolkits\target\classes\WEB-INF\views\master\defaults-es.i18n] with encoding 'utf-8' 
2022-04-20 17:32:03.205 DEBUG [acme.framework.configuration.ExtendedMessageSource@http-nio-8080-exec-7] Loading properties [D:\Software\Eclipse\Workspaces\DP2\Projects\Acme-Toolkits\target\classes\WEB-INF\views\master\master-es.i18n] with encoding 'utf-8' 
2022-04-20 17:32:03.205 DEBUG [acme.framework.configuration.ExtendedMessageSource@http-nio-8080-exec-7] Loading properties [D:\Software\Eclipse\Workspaces\DP2\Projects\Acme-Toolkits\target\classes\WEB-INF\views\master\throwables-es.i18n] with encoding 'utf-8' 
2022-04-20 17:32:03.205 DEBUG [acme.framework.configuration.ExtendedMessageSource@http-nio-8080-exec-7] Loading properties [D:\Software\Eclipse\Workspaces\DP2\Projects\Acme-Toolkits\target\classes\WEB-INF\views\master\validation-es.i18n] with encoding 'utf-8' 
2022-04-20 17:32:03.218 DEBUG [acme.framework.components.tiles.DynamicTilesView@http-nio-8080-exec-5] View name 'master/sign-in', model {username=, password=, remember=false} 
2022-04-20 17:32:03.219 DEBUG [org.apache.jasper.servlet.JspServlet@http-nio-8080-exec-5] JspEngine --> /WEB-INF/views/master/page.jsp 
2022-04-20 17:32:03.219 DEBUG [org.apache.jasper.servlet.JspServlet@http-nio-8080-exec-5] ServletPath: /WEB-INF/views/master/page.jsp 
2022-04-20 17:32:03.219 DEBUG [org.apache.jasper.servlet.JspServlet@http-nio-8080-exec-5] PathInfo: null 
2022-04-20 17:32:03.220 DEBUG [org.apache.jasper.servlet.JspServlet@http-nio-8080-exec-5] RealPath: D:\Software\Eclipse\Workspaces\DP2\Projects\Acme-Toolkits\target\classes\WEB-INF\views\master\page.jsp 
2022-04-20 17:32:03.220 DEBUG [org.apache.jasper.servlet.JspServlet@http-nio-8080-exec-5] RequestURI: /acme-toolkits-22.1/WEB-INF/views/master/page.jsp 
2022-04-20 17:32:03.220 DEBUG [org.apache.jasper.servlet.JspServlet@http-nio-8080-exec-5] QueryString: error 
2022-04-20 17:32:03.269 DEBUG [org.apache.jasper.servlet.JspServlet@http-nio-8080-exec-5] JspEngine --> /WEB-INF/views/master/sign-in.jsp 
2022-04-20 17:32:03.270 DEBUG [org.apache.jasper.servlet.JspServlet@http-nio-8080-exec-5] ServletPath: /WEB-INF/views/master/page.jsp 
2022-04-20 17:32:03.270 DEBUG [org.apache.jasper.servlet.JspServlet@http-nio-8080-exec-5] PathInfo: null 
2022-04-20 17:32:03.270 DEBUG [org.apache.jasper.servlet.JspServlet@http-nio-8080-exec-5] RealPath: D:\Software\Eclipse\Workspaces\DP2\Projects\Acme-Toolkits\target\classes\WEB-INF\views\master\sign-in.jsp 
2022-04-20 17:32:03.270 DEBUG [org.apache.jasper.servlet.JspServlet@http-nio-8080-exec-5] RequestURI: /acme-toolkits-22.1/WEB-INF/views/master/page.jsp 
2022-04-20 17:32:03.271 DEBUG [org.apache.jasper.servlet.JspServlet@http-nio-8080-exec-5] QueryString: error 
2022-04-20 17:32:03.330 DEBUG [org.hibernate.SQL@http-nio-8080-exec-5] select useraccoun0_.id as id1_0_, useraccoun0_.version as version2_0_, useraccoun0_.enabled as enabled1_15_, useraccoun0_.identity as identity2_15_, useraccoun0_.password as password3_15_, useraccoun0_.username as username4_15_ from user_account useraccoun0_ where useraccoun0_.username=? 
2022-04-20 17:32:03.331 TRACE [org.hibernate.type.descriptor.sql.BasicBinder@http-nio-8080-exec-5] binding parameter [1] as [VARCHAR] - [anonymous] 
2022-04-20 17:32:03.332 DEBUG [org.hibernate.SQL@http-nio-8080-exec-5] select roles0_.user_account_id as user_acc1_16_0_, roles0_.id as id1_16_0_, roles0_.id as id1_0_1_, roles0_.version as version2_0_1_, roles0_.user_account_id as user_acc1_16_1_, roles0_.company as company1_8_1_, roles0_.optional_link as optional2_8_1_, roles0_.statement as statemen3_8_1_, roles0_.company as company1_10_1_, roles0_.optional_link as optional2_10_1_, roles0_.statement as statemen3_10_1_, roles0_.clazz_ as clazz_1_ from ( select id, version, user_account_id, company, optional_link, statement, 9 as clazz_ from inventor union all select id, version, user_account_id, company, optional_link, statement, 10 as clazz_ from patron union all select id, version, user_account_id, null as company, null as optional_link, null as statement, 13 as clazz_ from administrator union all select id, version, user_account_id, null as company, null as optional_link, null as statement, 14 as clazz_ from anonymous union all select id, version, user_account_id, null as company, null as optional_link, null as statement, 15 as clazz_ from any union all select id, version, user_account_id, null as company, null as optional_link, null as statement, 16 as clazz_ from authenticated ) roles0_ where roles0_.user_account_id=? 
2022-04-20 17:32:03.332 TRACE [org.hibernate.type.descriptor.sql.BasicBinder@http-nio-8080-exec-5] binding parameter [1] as [INTEGER] - [1] 
2022-04-20 17:32:23.124 DEBUG [org.hibernate.SQL@http-nio-8080-exec-8] select useraccoun0_.id as id1_0_, useraccoun0_.version as version2_0_, useraccoun0_.enabled as enabled1_15_, useraccoun0_.identity as identity2_15_, useraccoun0_.password as password3_15_, useraccoun0_.username as username4_15_ from user_account useraccoun0_ where useraccoun0_.username=? 
2022-04-20 17:32:23.125 TRACE [org.hibernate.type.descriptor.sql.BasicBinder@http-nio-8080-exec-8] binding parameter [1] as [VARCHAR] - [inventor1] 
2022-04-20 17:32:23.127 DEBUG [org.hibernate.SQL@http-nio-8080-exec-8] select roles0_.user_account_id as user_acc1_16_0_, roles0_.id as id1_16_0_, roles0_.id as id1_0_1_, roles0_.version as version2_0_1_, roles0_.user_account_id as user_acc1_16_1_, roles0_.company as company1_8_1_, roles0_.optional_link as optional2_8_1_, roles0_.statement as statemen3_8_1_, roles0_.company as company1_10_1_, roles0_.optional_link as optional2_10_1_, roles0_.statement as statemen3_10_1_, roles0_.clazz_ as clazz_1_ from ( select id, version, user_account_id, company, optional_link, statement, 9 as clazz_ from inventor union all select id, version, user_account_id, company, optional_link, statement, 10 as clazz_ from patron union all select id, version, user_account_id, null as company, null as optional_link, null as statement, 13 as clazz_ from administrator union all select id, version, user_account_id, null as company, null as optional_link, null as statement, 14 as clazz_ from anonymous union all select id, version, user_account_id, null as company, null as optional_link, null as statement, 15 as clazz_ from any union all select id, version, user_account_id, null as company, null as optional_link, null as statement, 16 as clazz_ from authenticated ) roles0_ where roles0_.user_account_id=? 
2022-04-20 17:32:23.128 TRACE [org.hibernate.type.descriptor.sql.BasicBinder@http-nio-8080-exec-8] binding parameter [1] as [INTEGER] - [22] 
2022-04-20 17:32:23.160 DEBUG [acme.framework.components.tiles.DynamicTilesView@http-nio-8080-exec-5] View name 'fragments/welcome', model {} 
2022-04-20 17:32:23.160 DEBUG [org.apache.jasper.servlet.JspServlet@http-nio-8080-exec-5] JspEngine --> /WEB-INF/views/master/page.jsp 
2022-04-20 17:32:23.160 DEBUG [org.apache.jasper.servlet.JspServlet@http-nio-8080-exec-5] ServletPath: /WEB-INF/views/master/page.jsp 
2022-04-20 17:32:23.161 DEBUG [org.apache.jasper.servlet.JspServlet@http-nio-8080-exec-5] PathInfo: null 
2022-04-20 17:32:23.161 DEBUG [org.apache.jasper.servlet.JspServlet@http-nio-8080-exec-5] RealPath: D:\Software\Eclipse\Workspaces\DP2\Projects\Acme-Toolkits\target\classes\WEB-INF\views\master\page.jsp 
2022-04-20 17:32:23.162 DEBUG [org.apache.jasper.servlet.JspServlet@http-nio-8080-exec-5] RequestURI: /acme-toolkits-22.1/WEB-INF/views/master/page.jsp 
2022-04-20 17:32:23.162 DEBUG [org.apache.jasper.servlet.JspServlet@http-nio-8080-exec-5] QueryString: null 
2022-04-20 17:32:23.205 DEBUG [org.apache.jasper.servlet.JspServlet@http-nio-8080-exec-5] JspEngine --> /WEB-INF/views/fragments/welcome.jsp 
2022-04-20 17:32:23.205 DEBUG [org.apache.jasper.servlet.JspServlet@http-nio-8080-exec-5] ServletPath: /WEB-INF/views/master/page.jsp 
2022-04-20 17:32:23.206 DEBUG [org.apache.jasper.servlet.JspServlet@http-nio-8080-exec-5] PathInfo: null 
2022-04-20 17:32:23.207 DEBUG [org.apache.jasper.servlet.JspServlet@http-nio-8080-exec-5] RealPath: D:\Software\Eclipse\Workspaces\DP2\Projects\Acme-Toolkits\target\classes\WEB-INF\views\fragments\welcome.jsp 
2022-04-20 17:32:23.207 DEBUG [org.apache.jasper.servlet.JspServlet@http-nio-8080-exec-5] RequestURI: /acme-toolkits-22.1/WEB-INF/views/master/page.jsp 
2022-04-20 17:32:23.207 DEBUG [org.apache.jasper.servlet.JspServlet@http-nio-8080-exec-5] QueryString: null 
2022-04-20 17:32:55.628 DEBUG [acme.framework.controllers.AbstractController@http-nio-8080-exec-7] DISPATCHING GET /acme-toolkits-22.1/inventor/item/list-own-components 
2022-04-20 17:32:55.628 DEBUG [acme.framework.controllers.AbstractController@http-nio-8080-exec-7] Command: list-own-components 
2022-04-20 17:32:55.628 DEBUG [acme.framework.controllers.AbstractController@http-nio-8080-exec-7] Model:   {} 
2022-04-20 17:32:55.628 DEBUG [acme.framework.controllers.AbstractController@http-nio-8080-exec-7] Locale:  en 
2022-04-20 17:32:55.647 DEBUG [org.hibernate.SQL@http-nio-8080-exec-7] select item0_.id as id1_0_, item0_.version as version2_0_, item0_.amount_id as amount_10_9_, item0_.code as code1_9_, item0_.description as descript2_9_, item0_.inventor_id as invento11_9_, item0_.link as link3_9_, item0_.name as name4_9_, item0_.published as publishe5_9_, item0_.retail_price_amount as retail_p6_9_, item0_.retail_price_currency as retail_p7_9_, item0_.technology as technolo8_9_, item0_.type as type9_9_ from item item0_ where item0_.type='COMPONENT' and item0_.inventor_id=? 
2022-04-20 17:32:55.648 TRACE [org.hibernate.type.descriptor.sql.BasicBinder@http-nio-8080-exec-7] binding parameter [1] as [INTEGER] - [42] 
2022-04-20 17:32:55.652 DEBUG [org.hibernate.SQL@http-nio-8080-exec-7] select amount0_.id as id1_0_0_, amount0_.version as version2_0_0_, amount0_.toolkit_id as toolkit_2_2_0_, amount0_.units as units1_2_0_, toolkit1_.id as id1_0_1_, toolkit1_.version as version2_0_1_, toolkit1_.assembly_notes as assembly1_14_1_, toolkit1_.code as code2_14_1_, toolkit1_.description as descript3_14_1_, toolkit1_.link as link4_14_1_, toolkit1_.title as title5_14_1_, toolkit1_.total_price_amount as total_pr6_14_1_, toolkit1_.total_price_currency as total_pr7_14_1_ from amount amount0_ inner join toolkit toolkit1_ on amount0_.toolkit_id=toolkit1_.id where amount0_.id=? 
2022-04-20 17:32:55.653 TRACE [org.hibernate.type.descriptor.sql.BasicBinder@http-nio-8080-exec-7] binding parameter [1] as [INTEGER] - [73] 
2022-04-20 17:32:55.654 DEBUG [org.hibernate.SQL@http-nio-8080-exec-7] select inventor0_.id as id1_0_0_, inventor0_.version as version2_0_0_, inventor0_.user_account_id as user_acc1_16_0_, inventor0_.company as company1_8_0_, inventor0_.optional_link as optional2_8_0_, inventor0_.statement as statemen3_8_0_, useraccoun1_.id as id1_0_1_, useraccoun1_.version as version2_0_1_, useraccoun1_.enabled as enabled1_15_1_, useraccoun1_.identity as identity2_15_1_, useraccoun1_.password as password3_15_1_, useraccoun1_.username as username4_15_1_ from inventor inventor0_ inner join user_account useraccoun1_ on inventor0_.user_account_id=useraccoun1_.id where inventor0_.id=? 
2022-04-20 17:32:55.655 TRACE [org.hibernate.type.descriptor.sql.BasicBinder@http-nio-8080-exec-7] binding parameter [1] as [INTEGER] - [42] 
2022-04-20 17:32:55.657 DEBUG [org.hibernate.SQL@http-nio-8080-exec-7] select amount0_.id as id1_0_0_, amount0_.version as version2_0_0_, amount0_.toolkit_id as toolkit_2_2_0_, amount0_.units as units1_2_0_, toolkit1_.id as id1_0_1_, toolkit1_.version as version2_0_1_, toolkit1_.assembly_notes as assembly1_14_1_, toolkit1_.code as code2_14_1_, toolkit1_.description as descript3_14_1_, toolkit1_.link as link4_14_1_, toolkit1_.title as title5_14_1_, toolkit1_.total_price_amount as total_pr6_14_1_, toolkit1_.total_price_currency as total_pr7_14_1_ from amount amount0_ inner join toolkit toolkit1_ on amount0_.toolkit_id=toolkit1_.id where amount0_.id=? 
2022-04-20 17:32:55.658 TRACE [org.hibernate.type.descriptor.sql.BasicBinder@http-nio-8080-exec-7] binding parameter [1] as [INTEGER] - [75] 
2022-04-20 17:32:55.682 DEBUG [acme.framework.controllers.AbstractController@http-nio-8080-exec-7] SERVING GET /acme-toolkits-22.1/inventor/item/list-own-components 
2022-04-20 17:32:55.685 DEBUG [acme.framework.controllers.AbstractController@http-nio-8080-exec-7] Result: ModelAndView [view="inventor/item/list"; model={link[1]=http://www.item3.com, description[1]=Description 3, link[0]=http://www.item1.com, description[0]=Description 1, version[1]=0, technology[0]=Technology 1, retailPrice[1]=<<USD 3.00>>, list$size=2, technology[1]=Technology 3, retailPrice[0]=<<EUR 1.00>>, code[0]=AAB-000, version[0]=0, code[1]=AAB-002, id[1]=89, id[0]=86, name[1]=Item 3, name[0]=Item 1, command=list-own-components, principal=acme.framework.entities.Principal@2e187b34}] 
2022-04-20 17:32:55.689 DEBUG [acme.framework.components.tiles.DynamicTilesView@http-nio-8080-exec-7] View name 'inventor/item/list', model {link[1]=http://www.item3.com, description[1]=Description 3, link[0]=http://www.item1.com, description[0]=Description 1, version[1]=0, technology[0]=Technology 1, retailPrice[1]=<<USD 3.00>>, list$size=2, technology[1]=Technology 3, retailPrice[0]=<<EUR 1.00>>, code[0]=AAB-000, version[0]=0, code[1]=AAB-002, id[1]=89, id[0]=86, name[1]=Item 3, name[0]=Item 1, command=list-own-components, principal=acme.framework.entities.Principal@2e187b34, org.springframework.validation.BindingResult.retailPrice[1]=org.springframework.validation.BeanPropertyBindingResult: 0 errors, org.springframework.validation.BindingResult.retailPrice[0]=org.springframework.validation.BeanPropertyBindingResult: 0 errors, org.springframework.validation.BindingResult.principal=org.springframework.validation.BeanPropertyBindingResult: 0 errors} 
2022-04-20 17:32:55.689 DEBUG [org.apache.jasper.servlet.JspServlet@http-nio-8080-exec-7] JspEngine --> /WEB-INF/views/master/page.jsp 
2022-04-20 17:32:55.690 DEBUG [org.apache.jasper.servlet.JspServlet@http-nio-8080-exec-7] ServletPath: /WEB-INF/views/master/page.jsp 
2022-04-20 17:32:55.690 DEBUG [org.apache.jasper.servlet.JspServlet@http-nio-8080-exec-7] PathInfo: null 
2022-04-20 17:32:55.691 DEBUG [org.apache.jasper.servlet.JspServlet@http-nio-8080-exec-7] RealPath: D:\Software\Eclipse\Workspaces\DP2\Projects\Acme-Toolkits\target\classes\WEB-INF\views\master\page.jsp 
2022-04-20 17:32:55.691 DEBUG [org.apache.jasper.servlet.JspServlet@http-nio-8080-exec-7] RequestURI: /acme-toolkits-22.1/WEB-INF/views/master/page.jsp 
2022-04-20 17:32:55.691 DEBUG [org.apache.jasper.servlet.JspServlet@http-nio-8080-exec-7] QueryString: null 
2022-04-20 17:32:55.733 DEBUG [org.apache.jasper.servlet.JspServlet@http-nio-8080-exec-7] JspEngine --> /WEB-INF/views/inventor/item/list.jsp 
2022-04-20 17:32:55.733 DEBUG [org.apache.jasper.servlet.JspServlet@http-nio-8080-exec-7] ServletPath: /WEB-INF/views/master/page.jsp 
2022-04-20 17:32:55.734 DEBUG [org.apache.jasper.servlet.JspServlet@http-nio-8080-exec-7] PathInfo: null 
2022-04-20 17:32:55.734 DEBUG [org.apache.jasper.servlet.JspServlet@http-nio-8080-exec-7] RealPath: D:\Software\Eclipse\Workspaces\DP2\Projects\Acme-Toolkits\target\classes\WEB-INF\views\inventor\item\list.jsp 
2022-04-20 17:32:55.734 DEBUG [org.apache.jasper.servlet.JspServlet@http-nio-8080-exec-7] RequestURI: /acme-toolkits-22.1/WEB-INF/views/master/page.jsp 
2022-04-20 17:32:55.735 DEBUG [org.apache.jasper.servlet.JspServlet@http-nio-8080-exec-7] QueryString: null 
2022-04-20 17:33:12.950 DEBUG [acme.framework.controllers.AbstractController@http-nio-8080-exec-6] DISPATCHING GET /acme-toolkits-22.1/inventor/item/show 
2022-04-20 17:33:12.950 DEBUG [acme.framework.controllers.AbstractController@http-nio-8080-exec-6] Command: show 
2022-04-20 17:33:12.950 DEBUG [acme.framework.controllers.AbstractController@http-nio-8080-exec-6] Model:   {id=86} 
2022-04-20 17:33:12.951 DEBUG [acme.framework.controllers.AbstractController@http-nio-8080-exec-6] Locale:  en 
2022-04-20 17:33:12.956 DEBUG [org.hibernate.SQL@http-nio-8080-exec-6] select item0_.id as id1_0_, item0_.version as version2_0_, item0_.amount_id as amount_10_9_, item0_.code as code1_9_, item0_.description as descript2_9_, item0_.inventor_id as invento11_9_, item0_.link as link3_9_, item0_.name as name4_9_, item0_.published as publishe5_9_, item0_.retail_price_amount as retail_p6_9_, item0_.retail_price_currency as retail_p7_9_, item0_.technology as technolo8_9_, item0_.type as type9_9_ from item item0_ where item0_.id=? 
2022-04-20 17:33:12.956 TRACE [org.hibernate.type.descriptor.sql.BasicBinder@http-nio-8080-exec-6] binding parameter [1] as [INTEGER] - [86] 
2022-04-20 17:33:12.958 DEBUG [org.hibernate.SQL@http-nio-8080-exec-6] select amount0_.id as id1_0_0_, amount0_.version as version2_0_0_, amount0_.toolkit_id as toolkit_2_2_0_, amount0_.units as units1_2_0_, toolkit1_.id as id1_0_1_, toolkit1_.version as version2_0_1_, toolkit1_.assembly_notes as assembly1_14_1_, toolkit1_.code as code2_14_1_, toolkit1_.description as descript3_14_1_, toolkit1_.link as link4_14_1_, toolkit1_.title as title5_14_1_, toolkit1_.total_price_amount as total_pr6_14_1_, toolkit1_.total_price_currency as total_pr7_14_1_ from amount amount0_ inner join toolkit toolkit1_ on amount0_.toolkit_id=toolkit1_.id where amount0_.id=? 
2022-04-20 17:33:12.959 TRACE [org.hibernate.type.descriptor.sql.BasicBinder@http-nio-8080-exec-6] binding parameter [1] as [INTEGER] - [73] 
2022-04-20 17:33:12.963 DEBUG [org.hibernate.SQL@http-nio-8080-exec-6] select inventor0_.id as id1_0_0_, inventor0_.version as version2_0_0_, inventor0_.user_account_id as user_acc1_16_0_, inventor0_.company as company1_8_0_, inventor0_.optional_link as optional2_8_0_, inventor0_.statement as statemen3_8_0_, useraccoun1_.id as id1_0_1_, useraccoun1_.version as version2_0_1_, useraccoun1_.enabled as enabled1_15_1_, useraccoun1_.identity as identity2_15_1_, useraccoun1_.password as password3_15_1_, useraccoun1_.username as username4_15_1_ from inventor inventor0_ inner join user_account useraccoun1_ on inventor0_.user_account_id=useraccoun1_.id where inventor0_.id=? 
2022-04-20 17:33:12.964 TRACE [org.hibernate.type.descriptor.sql.BasicBinder@http-nio-8080-exec-6] binding parameter [1] as [INTEGER] - [42] 
2022-04-20 17:33:12.973 DEBUG [org.hibernate.SQL@http-nio-8080-exec-6] select item0_.id as id1_0_, item0_.version as version2_0_, item0_.amount_id as amount_10_9_, item0_.code as code1_9_, item0_.description as descript2_9_, item0_.inventor_id as invento11_9_, item0_.link as link3_9_, item0_.name as name4_9_, item0_.published as publishe5_9_, item0_.retail_price_amount as retail_p6_9_, item0_.retail_price_currency as retail_p7_9_, item0_.technology as technolo8_9_, item0_.type as type9_9_ from item item0_ where item0_.id=? 
2022-04-20 17:33:12.974 TRACE [org.hibernate.type.descriptor.sql.BasicBinder@http-nio-8080-exec-6] binding parameter [1] as [INTEGER] - [86] 
2022-04-20 17:33:12.980 DEBUG [acme.framework.controllers.AbstractController@http-nio-8080-exec-6] SERVING GET /acme-toolkits-22.1/inventor/item/show 
2022-04-20 17:33:12.981 DEBUG [acme.framework.controllers.AbstractController@http-nio-8080-exec-6] Result: ModelAndView [view="inventor/item/form"; model={code=AAB-000, name=Item 1, link=http://www.item1.com, description=Description 1, technology=Technology 1, id=86, retailPrice=<<EUR 1.00>>, version=0, command=show, principal=acme.framework.entities.Principal@2e187b34}] 
2022-04-20 17:33:12.981 DEBUG [acme.framework.components.tiles.DynamicTilesView@http-nio-8080-exec-6] View name 'inventor/item/form', model {code=AAB-000, name=Item 1, link=http://www.item1.com, description=Description 1, technology=Technology 1, id=86, retailPrice=<<EUR 1.00>>, version=0, command=show, principal=acme.framework.entities.Principal@2e187b34, org.springframework.validation.BindingResult.retailPrice=org.springframework.validation.BeanPropertyBindingResult: 0 errors, org.springframework.validation.BindingResult.principal=org.springframework.validation.BeanPropertyBindingResult: 0 errors} 
2022-04-20 17:33:12.982 DEBUG [org.apache.jasper.servlet.JspServlet@http-nio-8080-exec-6] JspEngine --> /WEB-INF/views/master/page.jsp 
2022-04-20 17:33:12.983 DEBUG [org.apache.jasper.servlet.JspServlet@http-nio-8080-exec-6] ServletPath: /WEB-INF/views/master/page.jsp 
2022-04-20 17:33:12.983 DEBUG [org.apache.jasper.servlet.JspServlet@http-nio-8080-exec-6] PathInfo: null 
2022-04-20 17:33:12.984 DEBUG [org.apache.jasper.servlet.JspServlet@http-nio-8080-exec-6] RealPath: D:\Software\Eclipse\Workspaces\DP2\Projects\Acme-Toolkits\target\classes\WEB-INF\views\master\page.jsp 
2022-04-20 17:33:12.984 DEBUG [org.apache.jasper.servlet.JspServlet@http-nio-8080-exec-6] RequestURI: /acme-toolkits-22.1/WEB-INF/views/master/page.jsp 
2022-04-20 17:33:12.984 DEBUG [org.apache.jasper.servlet.JspServlet@http-nio-8080-exec-6] QueryString: id=86 
2022-04-20 17:33:13.035 DEBUG [org.apache.jasper.servlet.JspServlet@http-nio-8080-exec-6] JspEngine --> /WEB-INF/views/inventor/item/form.jsp 
2022-04-20 17:33:13.035 DEBUG [org.apache.jasper.servlet.JspServlet@http-nio-8080-exec-6] ServletPath: /WEB-INF/views/master/page.jsp 
2022-04-20 17:33:13.035 DEBUG [org.apache.jasper.servlet.JspServlet@http-nio-8080-exec-6] PathInfo: null 
2022-04-20 17:33:13.036 DEBUG [org.apache.jasper.servlet.JspServlet@http-nio-8080-exec-6] RealPath: D:\Software\Eclipse\Workspaces\DP2\Projects\Acme-Toolkits\target\classes\WEB-INF\views\inventor\item\form.jsp 
2022-04-20 17:33:13.036 DEBUG [org.apache.jasper.servlet.JspServlet@http-nio-8080-exec-6] RequestURI: /acme-toolkits-22.1/WEB-INF/views/master/page.jsp 
2022-04-20 17:33:13.036 DEBUG [org.apache.jasper.servlet.JspServlet@http-nio-8080-exec-6] QueryString: id=86 
2022-04-20 17:33:27.762 DEBUG [acme.framework.controllers.AbstractController@http-nio-8080-exec-4] DISPATCHING GET /acme-toolkits-22.1/inventor/item/list-own-components 
2022-04-20 17:33:27.763 DEBUG [acme.framework.controllers.AbstractController@http-nio-8080-exec-4] Command: list-own-components 
2022-04-20 17:33:27.763 DEBUG [acme.framework.controllers.AbstractController@http-nio-8080-exec-4] Model:   {} 
2022-04-20 17:33:27.763 DEBUG [acme.framework.controllers.AbstractController@http-nio-8080-exec-4] Locale:  en 
2022-04-20 17:33:27.765 DEBUG [org.hibernate.SQL@http-nio-8080-exec-4] select item0_.id as id1_0_, item0_.version as version2_0_, item0_.amount_id as amount_10_9_, item0_.code as code1_9_, item0_.description as descript2_9_, item0_.inventor_id as invento11_9_, item0_.link as link3_9_, item0_.name as name4_9_, item0_.published as publishe5_9_, item0_.retail_price_amount as retail_p6_9_, item0_.retail_price_currency as retail_p7_9_, item0_.technology as technolo8_9_, item0_.type as type9_9_ from item item0_ where item0_.type='COMPONENT' and item0_.inventor_id=? 
2022-04-20 17:33:27.766 TRACE [org.hibernate.type.descriptor.sql.BasicBinder@http-nio-8080-exec-4] binding parameter [1] as [INTEGER] - [42] 
2022-04-20 17:33:27.770 DEBUG [org.hibernate.SQL@http-nio-8080-exec-4] select amount0_.id as id1_0_0_, amount0_.version as version2_0_0_, amount0_.toolkit_id as toolkit_2_2_0_, amount0_.units as units1_2_0_, toolkit1_.id as id1_0_1_, toolkit1_.version as version2_0_1_, toolkit1_.assembly_notes as assembly1_14_1_, toolkit1_.code as code2_14_1_, toolkit1_.description as descript3_14_1_, toolkit1_.link as link4_14_1_, toolkit1_.title as title5_14_1_, toolkit1_.total_price_amount as total_pr6_14_1_, toolkit1_.total_price_currency as total_pr7_14_1_ from amount amount0_ inner join toolkit toolkit1_ on amount0_.toolkit_id=toolkit1_.id where amount0_.id=? 
2022-04-20 17:33:27.773 TRACE [org.hibernate.type.descriptor.sql.BasicBinder@http-nio-8080-exec-4] binding parameter [1] as [INTEGER] - [73] 
2022-04-20 17:33:27.777 DEBUG [org.hibernate.SQL@http-nio-8080-exec-4] select inventor0_.id as id1_0_0_, inventor0_.version as version2_0_0_, inventor0_.user_account_id as user_acc1_16_0_, inventor0_.company as company1_8_0_, inventor0_.optional_link as optional2_8_0_, inventor0_.statement as statemen3_8_0_, useraccoun1_.id as id1_0_1_, useraccoun1_.version as version2_0_1_, useraccoun1_.enabled as enabled1_15_1_, useraccoun1_.identity as identity2_15_1_, useraccoun1_.password as password3_15_1_, useraccoun1_.username as username4_15_1_ from inventor inventor0_ inner join user_account useraccoun1_ on inventor0_.user_account_id=useraccoun1_.id where inventor0_.id=? 
2022-04-20 17:33:27.778 TRACE [org.hibernate.type.descriptor.sql.BasicBinder@http-nio-8080-exec-4] binding parameter [1] as [INTEGER] - [42] 
2022-04-20 17:33:27.784 DEBUG [org.hibernate.SQL@http-nio-8080-exec-4] select amount0_.id as id1_0_0_, amount0_.version as version2_0_0_, amount0_.toolkit_id as toolkit_2_2_0_, amount0_.units as units1_2_0_, toolkit1_.id as id1_0_1_, toolkit1_.version as version2_0_1_, toolkit1_.assembly_notes as assembly1_14_1_, toolkit1_.code as code2_14_1_, toolkit1_.description as descript3_14_1_, toolkit1_.link as link4_14_1_, toolkit1_.title as title5_14_1_, toolkit1_.total_price_amount as total_pr6_14_1_, toolkit1_.total_price_currency as total_pr7_14_1_ from amount amount0_ inner join toolkit toolkit1_ on amount0_.toolkit_id=toolkit1_.id where amount0_.id=? 
2022-04-20 17:33:27.784 TRACE [org.hibernate.type.descriptor.sql.BasicBinder@http-nio-8080-exec-4] binding parameter [1] as [INTEGER] - [75] 
2022-04-20 17:33:27.790 DEBUG [acme.framework.controllers.AbstractController@http-nio-8080-exec-4] SERVING GET /acme-toolkits-22.1/inventor/item/list-own-components 
2022-04-20 17:33:27.791 DEBUG [acme.framework.controllers.AbstractController@http-nio-8080-exec-4] Result: ModelAndView [view="inventor/item/list"; model={link[1]=http://www.item3.com, description[1]=Description 3, link[0]=http://www.item1.com, description[0]=Description 1, version[1]=0, technology[0]=Technology 1, retailPrice[1]=<<USD 3.00>>, list$size=2, technology[1]=Technology 3, retailPrice[0]=<<EUR 1.00>>, code[0]=AAB-000, version[0]=0, code[1]=AAB-002, id[1]=89, id[0]=86, name[1]=Item 3, name[0]=Item 1, command=list-own-components, principal=acme.framework.entities.Principal@2e187b34}] 
2022-04-20 17:33:27.791 DEBUG [acme.framework.components.tiles.DynamicTilesView@http-nio-8080-exec-4] View name 'inventor/item/list', model {link[1]=http://www.item3.com, description[1]=Description 3, link[0]=http://www.item1.com, description[0]=Description 1, version[1]=0, technology[0]=Technology 1, retailPrice[1]=<<USD 3.00>>, list$size=2, technology[1]=Technology 3, retailPrice[0]=<<EUR 1.00>>, code[0]=AAB-000, version[0]=0, code[1]=AAB-002, id[1]=89, id[0]=86, name[1]=Item 3, name[0]=Item 1, command=list-own-components, principal=acme.framework.entities.Principal@2e187b34, org.springframework.validation.BindingResult.retailPrice[1]=org.springframework.validation.BeanPropertyBindingResult: 0 errors, org.springframework.validation.BindingResult.retailPrice[0]=org.springframework.validation.BeanPropertyBindingResult: 0 errors, org.springframework.validation.BindingResult.principal=org.springframework.validation.BeanPropertyBindingResult: 0 errors} 
2022-04-20 17:33:27.792 DEBUG [org.apache.jasper.servlet.JspServlet@http-nio-8080-exec-4] JspEngine --> /WEB-INF/views/master/page.jsp 
2022-04-20 17:33:27.792 DEBUG [org.apache.jasper.servlet.JspServlet@http-nio-8080-exec-4] ServletPath: /WEB-INF/views/master/page.jsp 
2022-04-20 17:33:27.792 DEBUG [org.apache.jasper.servlet.JspServlet@http-nio-8080-exec-4] PathInfo: null 
2022-04-20 17:33:27.793 DEBUG [org.apache.jasper.servlet.JspServlet@http-nio-8080-exec-4] RealPath: D:\Software\Eclipse\Workspaces\DP2\Projects\Acme-Toolkits\target\classes\WEB-INF\views\master\page.jsp 
2022-04-20 17:33:27.793 DEBUG [org.apache.jasper.servlet.JspServlet@http-nio-8080-exec-4] RequestURI: /acme-toolkits-22.1/WEB-INF/views/master/page.jsp 
2022-04-20 17:33:27.794 DEBUG [org.apache.jasper.servlet.JspServlet@http-nio-8080-exec-4] QueryString: null 
2022-04-20 17:33:27.838 DEBUG [org.apache.jasper.servlet.JspServlet@http-nio-8080-exec-4] JspEngine --> /WEB-INF/views/inventor/item/list.jsp 
2022-04-20 17:33:27.838 DEBUG [org.apache.jasper.servlet.JspServlet@http-nio-8080-exec-4] ServletPath: /WEB-INF/views/master/page.jsp 
2022-04-20 17:33:27.838 DEBUG [org.apache.jasper.servlet.JspServlet@http-nio-8080-exec-4] PathInfo: null 
2022-04-20 17:33:27.839 DEBUG [org.apache.jasper.servlet.JspServlet@http-nio-8080-exec-4] RealPath: D:\Software\Eclipse\Workspaces\DP2\Projects\Acme-Toolkits\target\classes\WEB-INF\views\inventor\item\list.jsp 
2022-04-20 17:33:27.839 DEBUG [org.apache.jasper.servlet.JspServlet@http-nio-8080-exec-4] RequestURI: /acme-toolkits-22.1/WEB-INF/views/master/page.jsp 
2022-04-20 17:33:27.839 DEBUG [org.apache.jasper.servlet.JspServlet@http-nio-8080-exec-4] QueryString: null 
