2022-04-15 18:06:18.139 INFO  [acme.Launcher@main] Starting Launcher using Java 1.8.0_281 on DESKTOP-793NFUM with PID 22548 (C:\Users\franm\Desktop\UNI\DP2\Workspace-22.0\Frameworks\Acme-Framework-22.3\target\classes started by franm in C:\Users\franm\Desktop\UNI\DP2\Workspace-22.0\Projects\Acme-Toolkits) 
2022-04-15 18:06:18.141 DEBUG [acme.Launcher@main] Running with Spring Boot v2.4.2, Spring v5.3.3 
2022-04-15 18:06:18.144 INFO  [acme.Launcher@main] The following profiles are active: development,default 
2022-04-15 18:06:30.415 DEBUG [org.apache.jasper.servlet.JasperInitializer@main] Initializing Jasper for context [application] 
2022-04-15 18:06:55.511 DEBUG [org.apache.jasper.servlet.JspServlet@main] Scratch dir for the JSP engine is: [C:\Users\franm\AppData\Local\Temp\tomcat.8080.5384902138350776063\work\Tomcat\localhost\acme-toolkits-22.1] 
2022-04-15 18:06:55.512 DEBUG [org.apache.jasper.servlet.JspServlet@main] IMPORTANT: Do not modify the generated servlets 
2022-04-15 18:06:55.548 INFO  [acme.Launcher@main] Started Launcher in 39.482 seconds (JVM running for 41.05) 
2022-04-15 18:06:55.568 DEBUG [acme.Launcher@main] Found classpath entry '/C:/Users/franm/Desktop/UNI/DP2/Workspace-22.0/Projects/Acme-Toolkits/target/test-classes/' 
2022-04-15 18:06:55.569 DEBUG [acme.Launcher@main] Found classpath entry '/C:/Users/franm/Desktop/UNI/DP2/Workspace-22.0/Projects/Acme-Toolkits/target/classes/' 
2022-04-15 18:06:55.570 DEBUG [acme.Launcher@main] Found classpath entry '/C:/Users/franm/Desktop/UNI/DP2/Workspace-22.0/Frameworks/Acme-Framework-22.3/target/classes/' 
2022-04-15 18:06:55.570 DEBUG [acme.Launcher@main] Found classpath entry '/C:/Users/franm/Desktop/UNI/DP2/Workspace-22.0/Frameworks/Acme-Framework-22.3/target/test-classes/' 
2022-04-15 18:06:55.573 DEBUG [acme.Launcher@main] Found classpath entry '/C:/Users/franm/.m2/repository/org/springframework/boot/spring-boot-starter-tomcat/2.4.2/spring-boot-starter-tomcat-2.4.2.jar' 
2022-04-15 18:06:55.573 DEBUG [acme.Launcher@main] Found classpath entry '/C:/Users/franm/.m2/repository/jakarta/annotation/jakarta.annotation-api/1.3.5/jakarta.annotation-api-1.3.5.jar' 
2022-04-15 18:06:55.574 DEBUG [acme.Launcher@main] Found classpath entry '/C:/Users/franm/.m2/repository/org/apache/tomcat/embed/tomcat-embed-core/9.0.41/tomcat-embed-core-9.0.41.jar' 
2022-04-15 18:06:55.574 DEBUG [acme.Launcher@main] Found classpath entry '/C:/Users/franm/.m2/repository/org/glassfish/jakarta.el/3.0.3/jakarta.el-3.0.3.jar' 
2022-04-15 18:06:55.575 DEBUG [acme.Launcher@main] Found classpath entry '/C:/Users/franm/.m2/repository/org/apache/tomcat/embed/tomcat-embed-websocket/9.0.41/tomcat-embed-websocket-9.0.41.jar' 
2022-04-15 18:06:55.575 DEBUG [acme.Launcher@main] Found classpath entry '/C:/Users/franm/.m2/repository/org/apache/tomcat/embed/tomcat-embed-jasper/9.0.41/tomcat-embed-jasper-9.0.41.jar' 
2022-04-15 18:06:55.576 DEBUG [acme.Launcher@main] Found classpath entry '/C:/Users/franm/.m2/repository/org/apache/tomcat/embed/tomcat-embed-el/9.0.41/tomcat-embed-el-9.0.41.jar' 
2022-04-15 18:06:55.577 DEBUG [acme.Launcher@main] Found classpath entry '/C:/Users/franm/.m2/repository/org/eclipse/jdt/ecj/3.18.0/ecj-3.18.0.jar' 
2022-04-15 18:06:55.577 DEBUG [acme.Launcher@main] Found classpath entry '/C:/Users/franm/.m2/repository/javax/servlet/jstl/1.2/jstl-1.2.jar' 
2022-04-15 18:06:55.578 DEBUG [acme.Launcher@main] Found classpath entry '/C:/Users/franm/.m2/repository/org/springframework/boot/spring-boot-starter-test/2.4.2/spring-boot-starter-test-2.4.2.jar' 
2022-04-15 18:06:55.578 DEBUG [acme.Launcher@main] Found classpath entry '/C:/Users/franm/.m2/repository/org/springframework/boot/spring-boot-starter/2.4.2/spring-boot-starter-2.4.2.jar' 
2022-04-15 18:06:55.579 DEBUG [acme.Launcher@main] Found classpath entry '/C:/Users/franm/.m2/repository/org/springframework/boot/spring-boot/2.4.2/spring-boot-2.4.2.jar' 
2022-04-15 18:06:55.579 DEBUG [acme.Launcher@main] Found classpath entry '/C:/Users/franm/.m2/repository/org/springframework/boot/spring-boot-autoconfigure/2.4.2/spring-boot-autoconfigure-2.4.2.jar' 
2022-04-15 18:06:55.580 DEBUG [acme.Launcher@main] Found classpath entry '/C:/Users/franm/.m2/repository/org/springframework/boot/spring-boot-starter-logging/2.4.2/spring-boot-starter-logging-2.4.2.jar' 
2022-04-15 18:06:55.581 DEBUG [acme.Launcher@main] Found classpath entry '/C:/Users/franm/.m2/repository/ch/qos/logback/logback-classic/1.2.3/logback-classic-1.2.3.jar' 
2022-04-15 18:06:55.581 DEBUG [acme.Launcher@main] Found classpath entry '/C:/Users/franm/.m2/repository/ch/qos/logback/logback-core/1.2.3/logback-core-1.2.3.jar' 
2022-04-15 18:06:55.582 DEBUG [acme.Launcher@main] Found classpath entry '/C:/Users/franm/.m2/repository/org/apache/logging/log4j/log4j-to-slf4j/2.13.3/log4j-to-slf4j-2.13.3.jar' 
2022-04-15 18:06:55.582 DEBUG [acme.Launcher@main] Found classpath entry '/C:/Users/franm/.m2/repository/org/apache/logging/log4j/log4j-api/2.13.3/log4j-api-2.13.3.jar' 
2022-04-15 18:06:55.583 DEBUG [acme.Launcher@main] Found classpath entry '/C:/Users/franm/.m2/repository/org/slf4j/jul-to-slf4j/1.7.30/jul-to-slf4j-1.7.30.jar' 
2022-04-15 18:06:55.583 DEBUG [acme.Launcher@main] Found classpath entry '/C:/Users/franm/.m2/repository/org/yaml/snakeyaml/1.27/snakeyaml-1.27.jar' 
2022-04-15 18:06:55.583 DEBUG [acme.Launcher@main] Found classpath entry '/C:/Users/franm/.m2/repository/org/springframework/boot/spring-boot-test/2.4.2/spring-boot-test-2.4.2.jar' 
2022-04-15 18:06:55.584 DEBUG [acme.Launcher@main] Found classpath entry '/C:/Users/franm/.m2/repository/org/springframework/boot/spring-boot-test-autoconfigure/2.4.2/spring-boot-test-autoconfigure-2.4.2.jar' 
2022-04-15 18:06:55.585 DEBUG [acme.Launcher@main] Found classpath entry '/C:/Users/franm/.m2/repository/com/jayway/jsonpath/json-path/2.4.0/json-path-2.4.0.jar' 
2022-04-15 18:06:55.585 DEBUG [acme.Launcher@main] Found classpath entry '/C:/Users/franm/.m2/repository/net/minidev/json-smart/2.3/json-smart-2.3.jar' 
2022-04-15 18:06:55.586 DEBUG [acme.Launcher@main] Found classpath entry '/C:/Users/franm/.m2/repository/net/minidev/accessors-smart/1.2/accessors-smart-1.2.jar' 
2022-04-15 18:06:55.586 DEBUG [acme.Launcher@main] Found classpath entry '/C:/Users/franm/.m2/repository/org/ow2/asm/asm/5.0.4/asm-5.0.4.jar' 
2022-04-15 18:06:55.586 DEBUG [acme.Launcher@main] Found classpath entry '/C:/Users/franm/.m2/repository/jakarta/xml/bind/jakarta.xml.bind-api/2.3.3/jakarta.xml.bind-api-2.3.3.jar' 
2022-04-15 18:06:55.587 DEBUG [acme.Launcher@main] Found classpath entry '/C:/Users/franm/.m2/repository/jakarta/activation/jakarta.activation-api/1.2.2/jakarta.activation-api-1.2.2.jar' 
2022-04-15 18:06:55.588 DEBUG [acme.Launcher@main] Found classpath entry '/C:/Users/franm/.m2/repository/org/assertj/assertj-core/3.18.1/assertj-core-3.18.1.jar' 
2022-04-15 18:06:55.588 DEBUG [acme.Launcher@main] Found classpath entry '/C:/Users/franm/.m2/repository/org/hamcrest/hamcrest/2.2/hamcrest-2.2.jar' 
2022-04-15 18:06:55.588 DEBUG [acme.Launcher@main] Found classpath entry '/C:/Users/franm/.m2/repository/org/junit/jupiter/junit-jupiter/5.7.0/junit-jupiter-5.7.0.jar' 
2022-04-15 18:06:55.589 DEBUG [acme.Launcher@main] Found classpath entry '/C:/Users/franm/.m2/repository/org/mockito/mockito-core/3.6.28/mockito-core-3.6.28.jar' 
2022-04-15 18:06:55.589 DEBUG [acme.Launcher@main] Found classpath entry '/C:/Users/franm/.m2/repository/net/bytebuddy/byte-buddy-agent/1.10.19/byte-buddy-agent-1.10.19.jar' 
2022-04-15 18:06:55.590 DEBUG [acme.Launcher@main] Found classpath entry '/C:/Users/franm/.m2/repository/org/objenesis/objenesis/3.1/objenesis-3.1.jar' 
2022-04-15 18:06:55.590 DEBUG [acme.Launcher@main] Found classpath entry '/C:/Users/franm/.m2/repository/org/mockito/mockito-junit-jupiter/3.6.28/mockito-junit-jupiter-3.6.28.jar' 
2022-04-15 18:06:55.590 DEBUG [acme.Launcher@main] Found classpath entry '/C:/Users/franm/.m2/repository/org/skyscreamer/jsonassert/1.5.0/jsonassert-1.5.0.jar' 
2022-04-15 18:06:55.591 DEBUG [acme.Launcher@main] Found classpath entry '/C:/Users/franm/.m2/repository/com/vaadin/external/google/android-json/0.0.20131108.vaadin1/android-json-0.0.20131108.vaadin1.jar' 
2022-04-15 18:06:55.592 DEBUG [acme.Launcher@main] Found classpath entry '/C:/Users/franm/.m2/repository/org/springframework/spring-core/5.3.3/spring-core-5.3.3.jar' 
2022-04-15 18:06:55.592 DEBUG [acme.Launcher@main] Found classpath entry '/C:/Users/franm/.m2/repository/org/springframework/spring-jcl/5.3.3/spring-jcl-5.3.3.jar' 
2022-04-15 18:06:55.593 DEBUG [acme.Launcher@main] Found classpath entry '/C:/Users/franm/.m2/repository/org/springframework/spring-test/5.3.3/spring-test-5.3.3.jar' 
2022-04-15 18:06:55.593 DEBUG [acme.Launcher@main] Found classpath entry '/C:/Users/franm/.m2/repository/org/xmlunit/xmlunit-core/2.7.0/xmlunit-core-2.7.0.jar' 
2022-04-15 18:06:55.594 DEBUG [acme.Launcher@main] Found classpath entry '/C:/Users/franm/.m2/repository/org/springframework/boot/spring-boot-starter-security/2.4.2/spring-boot-starter-security-2.4.2.jar' 
2022-04-15 18:06:55.594 DEBUG [acme.Launcher@main] Found classpath entry '/C:/Users/franm/.m2/repository/org/springframework/spring-aop/5.3.3/spring-aop-5.3.3.jar' 
2022-04-15 18:06:55.594 DEBUG [acme.Launcher@main] Found classpath entry '/C:/Users/franm/.m2/repository/org/springframework/security/spring-security-web/5.4.2/spring-security-web-5.4.2.jar' 
2022-04-15 18:06:55.595 DEBUG [acme.Launcher@main] Found classpath entry '/C:/Users/franm/.m2/repository/org/springframework/security/spring-security-core/5.4.2/spring-security-core-5.4.2.jar' 
2022-04-15 18:06:55.595 DEBUG [acme.Launcher@main] Found classpath entry '/C:/Users/franm/.m2/repository/org/springframework/spring-beans/5.3.3/spring-beans-5.3.3.jar' 
2022-04-15 18:06:55.595 DEBUG [acme.Launcher@main] Found classpath entry '/C:/Users/franm/.m2/repository/org/springframework/spring-context/5.3.3/spring-context-5.3.3.jar' 
2022-04-15 18:06:55.596 DEBUG [acme.Launcher@main] Found classpath entry '/C:/Users/franm/.m2/repository/org/springframework/spring-expression/5.3.3/spring-expression-5.3.3.jar' 
2022-04-15 18:06:55.596 DEBUG [acme.Launcher@main] Found classpath entry '/C:/Users/franm/.m2/repository/org/springframework/spring-web/5.3.3/spring-web-5.3.3.jar' 
2022-04-15 18:06:55.597 DEBUG [acme.Launcher@main] Found classpath entry '/C:/Users/franm/.m2/repository/org/springframework/security/spring-security-config/5.4.2/spring-security-config-5.4.2.jar' 
2022-04-15 18:06:55.597 DEBUG [acme.Launcher@main] Found classpath entry '/C:/Users/franm/.m2/repository/org/springframework/security/spring-security-taglibs/5.4.2/spring-security-taglibs-5.4.2.jar' 
2022-04-15 18:06:55.598 DEBUG [acme.Launcher@main] Found classpath entry '/C:/Users/franm/.m2/repository/org/springframework/security/spring-security-acl/5.4.2/spring-security-acl-5.4.2.jar' 
2022-04-15 18:06:55.598 DEBUG [acme.Launcher@main] Found classpath entry '/C:/Users/franm/.m2/repository/org/springframework/spring-jdbc/5.3.3/spring-jdbc-5.3.3.jar' 
2022-04-15 18:06:55.608 DEBUG [acme.Launcher@main] Found classpath entry '/C:/Users/franm/.m2/repository/org/springframework/spring-tx/5.3.3/spring-tx-5.3.3.jar' 
2022-04-15 18:06:55.613 DEBUG [acme.Launcher@main] Found classpath entry '/C:/Users/franm/.m2/repository/org/springframework/boot/spring-boot-starter-web/2.4.2/spring-boot-starter-web-2.4.2.jar' 
2022-04-15 18:06:55.613 DEBUG [acme.Launcher@main] Found classpath entry '/C:/Users/franm/.m2/repository/org/springframework/boot/spring-boot-starter-json/2.4.2/spring-boot-starter-json-2.4.2.jar' 
2022-04-15 18:06:55.614 DEBUG [acme.Launcher@main] Found classpath entry '/C:/Users/franm/.m2/repository/com/fasterxml/jackson/core/jackson-databind/2.11.4/jackson-databind-2.11.4.jar' 
2022-04-15 18:06:55.619 DEBUG [acme.Launcher@main] Found classpath entry '/C:/Users/franm/.m2/repository/com/fasterxml/jackson/core/jackson-annotations/2.11.4/jackson-annotations-2.11.4.jar' 
2022-04-15 18:06:55.620 DEBUG [acme.Launcher@main] Found classpath entry '/C:/Users/franm/.m2/repository/com/fasterxml/jackson/core/jackson-core/2.11.4/jackson-core-2.11.4.jar' 
2022-04-15 18:06:55.620 DEBUG [acme.Launcher@main] Found classpath entry '/C:/Users/franm/.m2/repository/com/fasterxml/jackson/datatype/jackson-datatype-jdk8/2.11.4/jackson-datatype-jdk8-2.11.4.jar' 
2022-04-15 18:06:55.620 DEBUG [acme.Launcher@main] Found classpath entry '/C:/Users/franm/.m2/repository/com/fasterxml/jackson/datatype/jackson-datatype-jsr310/2.11.4/jackson-datatype-jsr310-2.11.4.jar' 
2022-04-15 18:06:55.624 DEBUG [acme.Launcher@main] Found classpath entry '/C:/Users/franm/.m2/repository/com/fasterxml/jackson/module/jackson-module-parameter-names/2.11.4/jackson-module-parameter-names-2.11.4.jar' 
2022-04-15 18:06:55.625 DEBUG [acme.Launcher@main] Found classpath entry '/C:/Users/franm/.m2/repository/org/springframework/spring-webmvc/5.3.3/spring-webmvc-5.3.3.jar' 
2022-04-15 18:06:55.625 DEBUG [acme.Launcher@main] Found classpath entry '/C:/Users/franm/.m2/repository/org/apache/tiles/tiles-jsp/3.0.8/tiles-jsp-3.0.8.jar' 
2022-04-15 18:06:55.626 DEBUG [acme.Launcher@main] Found classpath entry '/C:/Users/franm/.m2/repository/org/apache/tiles/tiles-servlet/3.0.8/tiles-servlet-3.0.8.jar' 
2022-04-15 18:06:55.626 DEBUG [acme.Launcher@main] Found classpath entry '/C:/Users/franm/.m2/repository/org/apache/tiles/tiles-core/3.0.8/tiles-core-3.0.8.jar' 
2022-04-15 18:06:55.626 DEBUG [acme.Launcher@main] Found classpath entry '/C:/Users/franm/.m2/repository/commons-digester/commons-digester/2.0/commons-digester-2.0.jar' 
2022-04-15 18:06:55.627 DEBUG [acme.Launcher@main] Found classpath entry '/C:/Users/franm/.m2/repository/org/slf4j/jcl-over-slf4j/1.7.30/jcl-over-slf4j-1.7.30.jar' 
2022-04-15 18:06:55.627 DEBUG [acme.Launcher@main] Found classpath entry '/C:/Users/franm/.m2/repository/org/apache/tiles/tiles-request-servlet/1.0.7/tiles-request-servlet-1.0.7.jar' 
2022-04-15 18:06:55.627 DEBUG [acme.Launcher@main] Found classpath entry '/C:/Users/franm/.m2/repository/org/apache/tiles/tiles-template/3.0.8/tiles-template-3.0.8.jar' 
2022-04-15 18:06:55.628 DEBUG [acme.Launcher@main] Found classpath entry '/C:/Users/franm/.m2/repository/org/apache/tiles/tiles-api/3.0.8/tiles-api-3.0.8.jar' 
2022-04-15 18:06:55.628 DEBUG [acme.Launcher@main] Found classpath entry '/C:/Users/franm/.m2/repository/org/apache/tiles/tiles-autotag-core-runtime/1.2/tiles-autotag-core-runtime-1.2.jar' 
2022-04-15 18:06:55.628 DEBUG [acme.Launcher@main] Found classpath entry '/C:/Users/franm/.m2/repository/org/slf4j/slf4j-api/1.7.30/slf4j-api-1.7.30.jar' 
2022-04-15 18:06:55.629 DEBUG [acme.Launcher@main] Found classpath entry '/C:/Users/franm/.m2/repository/org/apache/tiles/tiles-request-jsp/1.0.7/tiles-request-jsp-1.0.7.jar' 
2022-04-15 18:06:55.629 DEBUG [acme.Launcher@main] Found classpath entry '/C:/Users/franm/.m2/repository/org/apache/tiles/tiles-request-api/1.0.7/tiles-request-api-1.0.7.jar' 
2022-04-15 18:06:55.629 DEBUG [acme.Launcher@main] Found classpath entry '/C:/Users/franm/.m2/repository/org/springframework/boot/spring-boot-starter-data-jpa/2.4.2/spring-boot-starter-data-jpa-2.4.2.jar' 
2022-04-15 18:06:55.629 DEBUG [acme.Launcher@main] Found classpath entry '/C:/Users/franm/.m2/repository/org/springframework/boot/spring-boot-starter-aop/2.4.2/spring-boot-starter-aop-2.4.2.jar' 
2022-04-15 18:06:55.630 DEBUG [acme.Launcher@main] Found classpath entry '/C:/Users/franm/.m2/repository/org/aspectj/aspectjweaver/1.9.6/aspectjweaver-1.9.6.jar' 
2022-04-15 18:06:55.630 DEBUG [acme.Launcher@main] Found classpath entry '/C:/Users/franm/.m2/repository/org/springframework/boot/spring-boot-starter-jdbc/2.4.2/spring-boot-starter-jdbc-2.4.2.jar' 
2022-04-15 18:06:55.630 DEBUG [acme.Launcher@main] Found classpath entry '/C:/Users/franm/.m2/repository/jakarta/transaction/jakarta.transaction-api/1.3.3/jakarta.transaction-api-1.3.3.jar' 
2022-04-15 18:06:55.631 DEBUG [acme.Launcher@main] Found classpath entry '/C:/Users/franm/.m2/repository/jakarta/persistence/jakarta.persistence-api/2.2.3/jakarta.persistence-api-2.2.3.jar' 
2022-04-15 18:06:55.632 DEBUG [acme.Launcher@main] Found classpath entry '/C:/Users/franm/.m2/repository/org/hibernate/hibernate-core/5.4.27.Final/hibernate-core-5.4.27.Final.jar' 
2022-04-15 18:06:55.632 DEBUG [acme.Launcher@main] Found classpath entry '/C:/Users/franm/.m2/repository/org/jboss/logging/jboss-logging/3.4.1.Final/jboss-logging-3.4.1.Final.jar' 
2022-04-15 18:06:55.632 DEBUG [acme.Launcher@main] Found classpath entry '/C:/Users/franm/.m2/repository/org/javassist/javassist/3.27.0-GA/javassist-3.27.0-GA.jar' 
2022-04-15 18:06:55.633 DEBUG [acme.Launcher@main] Found classpath entry '/C:/Users/franm/.m2/repository/antlr/antlr/2.7.7/antlr-2.7.7.jar' 
2022-04-15 18:06:55.633 DEBUG [acme.Launcher@main] Found classpath entry '/C:/Users/franm/.m2/repository/org/jboss/jandex/2.1.3.Final/jandex-2.1.3.Final.jar' 
2022-04-15 18:06:55.633 DEBUG [acme.Launcher@main] Found classpath entry '/C:/Users/franm/.m2/repository/com/fasterxml/classmate/1.5.1/classmate-1.5.1.jar' 
2022-04-15 18:06:55.634 DEBUG [acme.Launcher@main] Found classpath entry '/C:/Users/franm/.m2/repository/org/dom4j/dom4j/2.1.3/dom4j-2.1.3.jar' 
2022-04-15 18:06:55.634 DEBUG [acme.Launcher@main] Found classpath entry '/C:/Users/franm/.m2/repository/org/hibernate/common/hibernate-commons-annotations/5.1.2.Final/hibernate-commons-annotations-5.1.2.Final.jar' 
2022-04-15 18:06:55.634 DEBUG [acme.Launcher@main] Found classpath entry '/C:/Users/franm/.m2/repository/org/glassfish/jaxb/jaxb-runtime/2.3.3/jaxb-runtime-2.3.3.jar' 
2022-04-15 18:06:55.635 DEBUG [acme.Launcher@main] Found classpath entry '/C:/Users/franm/.m2/repository/org/glassfish/jaxb/txw2/2.3.3/txw2-2.3.3.jar' 
2022-04-15 18:06:55.635 DEBUG [acme.Launcher@main] Found classpath entry '/C:/Users/franm/.m2/repository/com/sun/istack/istack-commons-runtime/3.0.11/istack-commons-runtime-3.0.11.jar' 
2022-04-15 18:06:55.635 DEBUG [acme.Launcher@main] Found classpath entry '/C:/Users/franm/.m2/repository/com/sun/activation/jakarta.activation/1.2.2/jakarta.activation-1.2.2.jar' 
2022-04-15 18:06:55.635 DEBUG [acme.Launcher@main] Found classpath entry '/C:/Users/franm/.m2/repository/org/springframework/data/spring-data-jpa/2.4.3/spring-data-jpa-2.4.3.jar' 
2022-04-15 18:06:55.636 DEBUG [acme.Launcher@main] Found classpath entry '/C:/Users/franm/.m2/repository/org/springframework/data/spring-data-commons/2.4.3/spring-data-commons-2.4.3.jar' 
2022-04-15 18:06:55.636 DEBUG [acme.Launcher@main] Found classpath entry '/C:/Users/franm/.m2/repository/org/springframework/spring-orm/5.3.3/spring-orm-5.3.3.jar' 
2022-04-15 18:06:55.636 DEBUG [acme.Launcher@main] Found classpath entry '/C:/Users/franm/.m2/repository/org/springframework/spring-aspects/5.3.3/spring-aspects-5.3.3.jar' 
2022-04-15 18:06:55.637 DEBUG [acme.Launcher@main] Found classpath entry '/C:/Users/franm/.m2/repository/org/springframework/boot/spring-boot-starter-validation/2.4.2/spring-boot-starter-validation-2.4.2.jar' 
2022-04-15 18:06:55.640 DEBUG [acme.Launcher@main] Found classpath entry '/C:/Users/franm/.m2/repository/org/hibernate/validator/hibernate-validator/6.1.7.Final/hibernate-validator-6.1.7.Final.jar' 
2022-04-15 18:06:55.640 DEBUG [acme.Launcher@main] Found classpath entry '/C:/Users/franm/.m2/repository/jakarta/validation/jakarta.validation-api/2.0.2/jakarta.validation-api-2.0.2.jar' 
2022-04-15 18:06:55.641 DEBUG [acme.Launcher@main] Found classpath entry '/C:/Users/franm/.m2/repository/mysql/mysql-connector-java/8.0.22/mysql-connector-java-8.0.22.jar' 
2022-04-15 18:06:55.641 DEBUG [acme.Launcher@main] Found classpath entry '/C:/Users/franm/.m2/repository/com/zaxxer/HikariCP/3.4.5/HikariCP-3.4.5.jar' 
2022-04-15 18:06:55.641 DEBUG [acme.Launcher@main] Found classpath entry '/C:/Users/franm/.m2/repository/org/junit/jupiter/junit-jupiter-engine/5.7.0/junit-jupiter-engine-5.7.0.jar' 
2022-04-15 18:06:55.641 DEBUG [acme.Launcher@main] Found classpath entry '/C:/Users/franm/.m2/repository/org/apiguardian/apiguardian-api/1.1.0/apiguardian-api-1.1.0.jar' 
2022-04-15 18:06:55.642 DEBUG [acme.Launcher@main] Found classpath entry '/C:/Users/franm/.m2/repository/org/junit/platform/junit-platform-engine/1.7.0/junit-platform-engine-1.7.0.jar' 
2022-04-15 18:06:55.642 DEBUG [acme.Launcher@main] Found classpath entry '/C:/Users/franm/.m2/repository/org/junit/jupiter/junit-jupiter-api/5.7.0/junit-jupiter-api-5.7.0.jar' 
2022-04-15 18:06:55.642 DEBUG [acme.Launcher@main] Found classpath entry '/C:/Users/franm/.m2/repository/org/opentest4j/opentest4j/1.2.0/opentest4j-1.2.0.jar' 
2022-04-15 18:06:55.643 DEBUG [acme.Launcher@main] Found classpath entry '/C:/Users/franm/.m2/repository/org/junit/platform/junit-platform-commons/1.7.0/junit-platform-commons-1.7.0.jar' 
2022-04-15 18:06:55.643 DEBUG [acme.Launcher@main] Found classpath entry '/C:/Users/franm/.m2/repository/org/junit/jupiter/junit-jupiter-params/5.7.0/junit-jupiter-params-5.7.0.jar' 
2022-04-15 18:06:55.643 DEBUG [acme.Launcher@main] Found classpath entry '/C:/Users/franm/.m2/repository/org/junit/platform/junit-platform-launcher/1.7.0/junit-platform-launcher-1.7.0.jar' 
2022-04-15 18:06:55.644 DEBUG [acme.Launcher@main] Found classpath entry '/C:/Users/franm/.m2/repository/org/seleniumhq/selenium/selenium-java/3.141.59/selenium-java-3.141.59.jar' 
2022-04-15 18:06:55.644 DEBUG [acme.Launcher@main] Found classpath entry '/C:/Users/franm/.m2/repository/org/seleniumhq/selenium/selenium-api/3.141.59/selenium-api-3.141.59.jar' 
2022-04-15 18:06:55.644 DEBUG [acme.Launcher@main] Found classpath entry '/C:/Users/franm/.m2/repository/org/seleniumhq/selenium/selenium-chrome-driver/3.141.59/selenium-chrome-driver-3.141.59.jar' 
2022-04-15 18:06:55.644 DEBUG [acme.Launcher@main] Found classpath entry '/C:/Users/franm/.m2/repository/org/seleniumhq/selenium/selenium-edge-driver/3.141.59/selenium-edge-driver-3.141.59.jar' 
2022-04-15 18:06:55.645 DEBUG [acme.Launcher@main] Found classpath entry '/C:/Users/franm/.m2/repository/org/seleniumhq/selenium/selenium-firefox-driver/3.141.59/selenium-firefox-driver-3.141.59.jar' 
2022-04-15 18:06:55.645 DEBUG [acme.Launcher@main] Found classpath entry '/C:/Users/franm/.m2/repository/org/seleniumhq/selenium/selenium-ie-driver/3.141.59/selenium-ie-driver-3.141.59.jar' 
2022-04-15 18:06:55.645 DEBUG [acme.Launcher@main] Found classpath entry '/C:/Users/franm/.m2/repository/org/seleniumhq/selenium/selenium-opera-driver/3.141.59/selenium-opera-driver-3.141.59.jar' 
2022-04-15 18:06:55.645 DEBUG [acme.Launcher@main] Found classpath entry '/C:/Users/franm/.m2/repository/org/seleniumhq/selenium/selenium-remote-driver/3.141.59/selenium-remote-driver-3.141.59.jar' 
2022-04-15 18:06:55.646 DEBUG [acme.Launcher@main] Found classpath entry '/C:/Users/franm/.m2/repository/org/seleniumhq/selenium/selenium-safari-driver/3.141.59/selenium-safari-driver-3.141.59.jar' 
2022-04-15 18:06:55.646 DEBUG [acme.Launcher@main] Found classpath entry '/C:/Users/franm/.m2/repository/org/seleniumhq/selenium/selenium-support/3.141.59/selenium-support-3.141.59.jar' 
2022-04-15 18:06:55.646 DEBUG [acme.Launcher@main] Found classpath entry '/C:/Users/franm/.m2/repository/net/bytebuddy/byte-buddy/1.10.19/byte-buddy-1.10.19.jar' 
2022-04-15 18:06:55.647 DEBUG [acme.Launcher@main] Found classpath entry '/C:/Users/franm/.m2/repository/org/apache/commons/commons-exec/1.3/commons-exec-1.3.jar' 
2022-04-15 18:06:55.647 DEBUG [acme.Launcher@main] Found classpath entry '/C:/Users/franm/.m2/repository/com/google/guava/guava/25.0-jre/guava-25.0-jre.jar' 
2022-04-15 18:06:55.647 DEBUG [acme.Launcher@main] Found classpath entry '/C:/Users/franm/.m2/repository/com/google/code/findbugs/jsr305/1.3.9/jsr305-1.3.9.jar' 
2022-04-15 18:06:55.648 DEBUG [acme.Launcher@main] Found classpath entry '/C:/Users/franm/.m2/repository/org/checkerframework/checker-compat-qual/2.0.0/checker-compat-qual-2.0.0.jar' 
2022-04-15 18:06:55.648 DEBUG [acme.Launcher@main] Found classpath entry '/C:/Users/franm/.m2/repository/com/google/errorprone/error_prone_annotations/2.1.3/error_prone_annotations-2.1.3.jar' 
2022-04-15 18:06:55.648 DEBUG [acme.Launcher@main] Found classpath entry '/C:/Users/franm/.m2/repository/com/google/j2objc/j2objc-annotations/1.1/j2objc-annotations-1.1.jar' 
2022-04-15 18:06:55.650 DEBUG [acme.Launcher@main] Found classpath entry '/C:/Users/franm/.m2/repository/org/codehaus/mojo/animal-sniffer-annotations/1.14/animal-sniffer-annotations-1.14.jar' 
2022-04-15 18:06:55.650 DEBUG [acme.Launcher@main] Found classpath entry '/C:/Users/franm/.m2/repository/com/squareup/okhttp3/okhttp/3.14.9/okhttp-3.14.9.jar' 
2022-04-15 18:06:55.650 DEBUG [acme.Launcher@main] Found classpath entry '/C:/Users/franm/.m2/repository/com/squareup/okio/okio/1.14.0/okio-1.14.0.jar' 
2022-04-15 18:06:55.651 DEBUG [acme.Launcher@main] Found classpath entry '/C:/Users/franm/.m2/repository/org/apache/commons/commons-lang3/3.11/commons-lang3-3.11.jar' 
2022-04-15 18:06:55.651 DEBUG [acme.Launcher@main] Found classpath entry '/C:/Users/franm/.m2/repository/org/apache/commons/commons-text/1.8/commons-text-1.8.jar' 
2022-04-15 18:06:55.651 DEBUG [acme.Launcher@main] Found classpath entry '/C:/Users/franm/.m2/repository/commons-io/commons-io/2.6/commons-io-2.6.jar' 
2022-04-15 18:06:55.652 DEBUG [acme.Launcher@main] Found classpath entry '/C:/Users/franm/.m2/repository/commons-cli/commons-cli/1.4/commons-cli-1.4.jar' 
2022-04-15 18:06:55.652 DEBUG [acme.Launcher@main] Found classpath entry '/C:/Users/franm/.m2/repository/org/projectlombok/lombok/1.18.16/lombok-1.18.16.jar' 
2022-04-15 18:06:55.653 DEBUG [acme.Launcher@main] Found classpath entry '/C:/Users/franm/.m2/repository/com/opencsv/opencsv/5.4/opencsv-5.4.jar' 
2022-04-15 18:06:55.653 DEBUG [acme.Launcher@main] Found classpath entry '/C:/Users/franm/.m2/repository/commons-beanutils/commons-beanutils/1.9.4/commons-beanutils-1.9.4.jar' 
2022-04-15 18:06:55.653 DEBUG [acme.Launcher@main] Found classpath entry '/C:/Users/franm/.m2/repository/commons-logging/commons-logging/1.2/commons-logging-1.2.jar' 
2022-04-15 18:06:55.653 DEBUG [acme.Launcher@main] Found classpath entry '/C:/Users/franm/.m2/repository/commons-collections/commons-collections/3.2.2/commons-collections-3.2.2.jar' 
2022-04-15 18:06:55.656 DEBUG [acme.Launcher@main] Found classpath entry '/C:/Users/franm/.m2/repository/org/apache/commons/commons-collections4/4.4/commons-collections4-4.4.jar' 
2022-04-15 18:06:56.003 DEBUG [acme.Launcher@main] Found entity class 'acme.entities.announcements.Announcement 
2022-04-15 18:06:56.003 DEBUG [acme.Launcher@main] Found entity class 'acme.entities.chirp.Chirp 
2022-04-15 18:06:56.004 DEBUG [acme.Launcher@main] Found entity class 'acme.entities.item.Amount 
2022-04-15 18:06:56.004 DEBUG [acme.Launcher@main] Found entity class 'acme.entities.item.Item 
2022-04-15 18:06:56.004 DEBUG [acme.Launcher@main] Found entity class 'acme.entities.patronageReport.PatronageReport 
2022-04-15 18:06:56.005 DEBUG [acme.Launcher@main] Found entity class 'acme.entities.patronages.Patronage 
2022-04-15 18:06:56.005 DEBUG [acme.Launcher@main] Found entity class 'acme.entities.tookit.Toolkit 
2022-04-15 18:06:56.005 DEBUG [acme.Launcher@main] Found entity class 'acme.roles.Inventor 
2022-04-15 18:06:56.005 DEBUG [acme.Launcher@main] Found entity class 'acme.roles.Patron 
2022-04-15 18:06:56.006 DEBUG [acme.Launcher@main] Found entity class 'acme.systemConfiguration.SystemConfiguration 
2022-04-15 18:06:56.006 DEBUG [acme.Launcher@main] Found entity class 'acme.framework.entities.UserAccount 
2022-04-15 18:06:56.006 DEBUG [acme.Launcher@main] Found entity class 'acme.framework.roles.Administrator 
2022-04-15 18:06:56.006 DEBUG [acme.Launcher@main] Found entity class 'acme.framework.roles.Anonymous 
2022-04-15 18:06:56.007 DEBUG [acme.Launcher@main] Found entity class 'acme.framework.roles.Any 
2022-04-15 18:06:56.008 DEBUG [acme.Launcher@main] Found entity class 'acme.framework.roles.Authenticated 
2022-04-15 18:06:56.025 INFO  [acme.Launcher@main] Running application (Standalone) 
2022-04-15 18:07:11.923 DEBUG [acme.framework.components.tiles.DynamicTilesView@http-nio-8080-exec-4] View name 'fragments/welcome', model {} 
2022-04-15 18:07:12.041 DEBUG [org.apache.tiles.definition.dao.BaseLocaleUrlDefinitionDAO@http-nio-8080-exec-4] File Resource file:/C:/Users/franm/Desktop/UNI/DP2/Workspace-22.0/Projects/Acme-Toolkits/target/classes/WEB-INF/views/master/tiles_en.xml at file:/C:/Users/franm/Desktop/UNI/DP2/Workspace-22.0/Projects/Acme-Toolkits/target/classes/WEB-INF/views/master/tiles_en.xml not found, continue 
2022-04-15 18:07:12.063 DEBUG [org.apache.jasper.servlet.JspServlet@http-nio-8080-exec-4] JspEngine --> /WEB-INF/views/master/page.jsp 
2022-04-15 18:07:12.064 DEBUG [org.apache.jasper.servlet.JspServlet@http-nio-8080-exec-4] ServletPath: /WEB-INF/views/master/page.jsp 
2022-04-15 18:07:12.065 DEBUG [org.apache.jasper.servlet.JspServlet@http-nio-8080-exec-4] PathInfo: null 
2022-04-15 18:07:12.073 DEBUG [org.apache.jasper.servlet.JspServlet@http-nio-8080-exec-4] RealPath: C:\Users\franm\Desktop\UNI\DP2\Workspace-22.0\Projects\Acme-Toolkits\target\classes\WEB-INF\views\master\page.jsp 
2022-04-15 18:07:12.074 DEBUG [org.apache.jasper.servlet.JspServlet@http-nio-8080-exec-4] RequestURI: /acme-toolkits-22.1/WEB-INF/views/master/page.jsp 
2022-04-15 18:07:12.075 DEBUG [org.apache.jasper.servlet.JspServlet@http-nio-8080-exec-4] QueryString: null 
2022-04-15 18:07:14.784 DEBUG [acme.framework.components.tiles.DynamicTilesView@http-nio-8080-exec-6] View name 'fragments/welcome', model {} 
2022-04-15 18:07:14.788 DEBUG [org.apache.jasper.servlet.JspServlet@http-nio-8080-exec-6] JspEngine --> /WEB-INF/views/master/page.jsp 
2022-04-15 18:07:14.790 DEBUG [org.apache.jasper.servlet.JspServlet@http-nio-8080-exec-6] ServletPath: /WEB-INF/views/master/page.jsp 
2022-04-15 18:07:14.791 DEBUG [org.apache.jasper.servlet.JspServlet@http-nio-8080-exec-6] PathInfo: null 
2022-04-15 18:07:14.791 DEBUG [org.apache.jasper.servlet.JspServlet@http-nio-8080-exec-6] RealPath: C:\Users\franm\Desktop\UNI\DP2\Workspace-22.0\Projects\Acme-Toolkits\target\classes\WEB-INF\views\master\page.jsp 
2022-04-15 18:07:14.792 DEBUG [org.apache.jasper.servlet.JspServlet@http-nio-8080-exec-6] RequestURI: /acme-toolkits-22.1/WEB-INF/views/master/page.jsp 
2022-04-15 18:07:14.793 DEBUG [org.apache.jasper.servlet.JspServlet@http-nio-8080-exec-6] QueryString: null 
2022-04-15 18:07:26.413 DEBUG [acme.framework.configuration.ExtendedMessageSource@http-nio-8080-exec-6] Loading properties [C:\Users\franm\Desktop\UNI\DP2\Workspace-22.0\Projects\Acme-Toolkits\target\classes\WEB-INF\views\administrator\dashboard\messsages-en.i18n] with encoding 'utf-8' 
2022-04-15 18:07:26.481 DEBUG [acme.framework.configuration.ExtendedMessageSource@http-nio-8080-exec-6] Loading properties [C:\Users\franm\Desktop\UNI\DP2\Workspace-22.0\Projects\Acme-Toolkits\target\classes\WEB-INF\views\administrator\user-account\messages-en.i18n] with encoding 'utf-8' 
2022-04-15 18:07:26.575 DEBUG [acme.framework.configuration.ExtendedMessageSource@http-nio-8080-exec-6] Loading properties [C:\Users\franm\Desktop\UNI\DP2\Workspace-22.0\Projects\Acme-Toolkits\target\classes\WEB-INF\views\anonymous\user-account\messages-en.i18n] with encoding 'utf-8' 
2022-04-15 18:07:26.595 DEBUG [acme.framework.configuration.ExtendedMessageSource@http-nio-8080-exec-6] Loading properties [C:\Users\franm\Desktop\UNI\DP2\Workspace-22.0\Projects\Acme-Toolkits\target\classes\WEB-INF\views\authenticated\consumer\messsages-en.i18n] with encoding 'utf-8' 
2022-04-15 18:07:26.613 DEBUG [acme.framework.configuration.ExtendedMessageSource@http-nio-8080-exec-6] Loading properties [C:\Users\franm\Desktop\UNI\DP2\Workspace-22.0\Projects\Acme-Toolkits\target\classes\WEB-INF\views\authenticated\provider\messsages-en.i18n] with encoding 'utf-8' 
2022-04-15 18:07:26.637 DEBUG [acme.framework.configuration.ExtendedMessageSource@http-nio-8080-exec-6] Loading properties [C:\Users\franm\Desktop\UNI\DP2\Workspace-22.0\Projects\Acme-Toolkits\target\classes\WEB-INF\views\authenticated\system-configuration\messsages-en.i18n] with encoding 'utf-8' 
2022-04-15 18:07:26.669 DEBUG [acme.framework.configuration.ExtendedMessageSource@http-nio-8080-exec-6] Loading properties [C:\Users\franm\Desktop\UNI\DP2\Workspace-22.0\Projects\Acme-Toolkits\target\classes\WEB-INF\views\authenticated\user-account\messages-en.i18n] with encoding 'utf-8' 
2022-04-15 18:07:26.698 DEBUG [acme.framework.configuration.ExtendedMessageSource@http-nio-8080-exec-6] Loading properties [C:\Users\franm\Desktop\UNI\DP2\Workspace-22.0\Projects\Acme-Toolkits\target\classes\WEB-INF\views\fragments\banner-en.i18n] with encoding 'utf-8' 
2022-04-15 18:07:26.703 DEBUG [acme.framework.configuration.ExtendedMessageSource@http-nio-8080-exec-6] Loading properties [C:\Users\franm\Desktop\UNI\DP2\Workspace-22.0\Projects\Acme-Toolkits\target\classes\WEB-INF\views\fragments\company-en.i18n] with encoding 'utf-8' 
2022-04-15 18:07:26.725 DEBUG [acme.framework.configuration.ExtendedMessageSource@http-nio-8080-exec-6] Loading properties [C:\Users\franm\Desktop\UNI\DP2\Workspace-22.0\Projects\Acme-Toolkits\target\classes\WEB-INF\views\fragments\footer-en.i18n] with encoding 'utf-8' 
2022-04-15 18:07:26.750 DEBUG [acme.framework.configuration.ExtendedMessageSource@http-nio-8080-exec-6] Loading properties [C:\Users\franm\Desktop\UNI\DP2\Workspace-22.0\Projects\Acme-Toolkits\target\classes\WEB-INF\views\fragments\license-en.i18n] with encoding 'utf-8' 
2022-04-15 18:07:26.792 DEBUG [acme.framework.configuration.ExtendedMessageSource@http-nio-8080-exec-6] Loading properties [C:\Users\franm\Desktop\UNI\DP2\Workspace-22.0\Projects\Acme-Toolkits\target\classes\WEB-INF\views\fragments\menu-en.i18n] with encoding 'utf-8' 
2022-04-15 18:07:26.837 DEBUG [acme.framework.configuration.ExtendedMessageSource@http-nio-8080-exec-6] Loading properties [C:\Users\franm\Desktop\UNI\DP2\Workspace-22.0\Projects\Acme-Toolkits\target\classes\WEB-INF\views\fragments\messsages-en.i18n] with encoding 'utf-8' 
2022-04-15 18:07:26.874 DEBUG [acme.framework.configuration.ExtendedMessageSource@http-nio-8080-exec-6] Loading properties [C:\Users\franm\Desktop\UNI\DP2\Workspace-22.0\Projects\Acme-Toolkits\target\classes\WEB-INF\views\fragments\title-en.i18n] with encoding 'utf-8' 
2022-04-15 18:07:26.875 DEBUG [acme.framework.configuration.ExtendedMessageSource@http-nio-8080-exec-6] Loading properties [C:\Users\franm\Desktop\UNI\DP2\Workspace-22.0\Projects\Acme-Toolkits\target\classes\WEB-INF\views\fragments\welcome-en.i18n] with encoding 'utf-8' 
2022-04-15 18:07:26.919 DEBUG [acme.framework.configuration.ExtendedMessageSource@http-nio-8080-exec-6] Loading properties [C:\Users\franm\Desktop\UNI\DP2\Workspace-22.0\Projects\Acme-Toolkits\target\classes\WEB-INF\views\inventor\item\messsages-en.i18n] with encoding 'utf-8' 
2022-04-15 18:07:26.971 DEBUG [acme.framework.configuration.ExtendedMessageSource@http-nio-8080-exec-6] Loading properties [C:\Users\franm\Desktop\UNI\DP2\Workspace-22.0\Projects\Acme-Toolkits\target\classes\WEB-INF\views\inventor\patronage\messages-en.i18n] with encoding 'utf-8' 
2022-04-15 18:07:27.013 DEBUG [acme.framework.configuration.ExtendedMessageSource@http-nio-8080-exec-6] Loading properties [C:\Users\franm\Desktop\UNI\DP2\Workspace-22.0\Projects\Acme-Toolkits\target\classes\WEB-INF\views\master\defaults-en.i18n] with encoding 'utf-8' 
2022-04-15 18:07:27.044 DEBUG [acme.framework.configuration.ExtendedMessageSource@http-nio-8080-exec-6] Loading properties [C:\Users\franm\Desktop\UNI\DP2\Workspace-22.0\Projects\Acme-Toolkits\target\classes\WEB-INF\views\master\master-en.i18n] with encoding 'utf-8' 
2022-04-15 18:07:27.077 DEBUG [acme.framework.configuration.ExtendedMessageSource@http-nio-8080-exec-6] Loading properties [C:\Users\franm\Desktop\UNI\DP2\Workspace-22.0\Projects\Acme-Toolkits\target\classes\WEB-INF\views\master\throwables-en.i18n] with encoding 'utf-8' 
2022-04-15 18:07:27.079 DEBUG [acme.framework.configuration.ExtendedMessageSource@http-nio-8080-exec-6] Loading properties [C:\Users\franm\Desktop\UNI\DP2\Workspace-22.0\Projects\Acme-Toolkits\target\classes\WEB-INF\views\master\validation-en.i18n] with encoding 'utf-8' 
2022-04-15 18:07:27.123 DEBUG [acme.framework.configuration.ExtendedMessageSource@http-nio-8080-exec-4] Loading properties [C:\Users\franm\Desktop\UNI\DP2\Workspace-22.0\Projects\Acme-Toolkits\target\classes\WEB-INF\views\administrator\dashboard\messsages-en.i18n] with encoding 'utf-8' 
2022-04-15 18:07:27.125 DEBUG [acme.framework.configuration.ExtendedMessageSource@http-nio-8080-exec-4] Loading properties [C:\Users\franm\Desktop\UNI\DP2\Workspace-22.0\Projects\Acme-Toolkits\target\classes\WEB-INF\views\administrator\user-account\messages-en.i18n] with encoding 'utf-8' 
2022-04-15 18:07:27.127 DEBUG [acme.framework.configuration.ExtendedMessageSource@http-nio-8080-exec-4] Loading properties [C:\Users\franm\Desktop\UNI\DP2\Workspace-22.0\Projects\Acme-Toolkits\target\classes\WEB-INF\views\anonymous\user-account\messages-en.i18n] with encoding 'utf-8' 
2022-04-15 18:07:27.128 DEBUG [acme.framework.configuration.ExtendedMessageSource@http-nio-8080-exec-4] Loading properties [C:\Users\franm\Desktop\UNI\DP2\Workspace-22.0\Projects\Acme-Toolkits\target\classes\WEB-INF\views\authenticated\consumer\messsages-en.i18n] with encoding 'utf-8' 
2022-04-15 18:07:27.130 DEBUG [acme.framework.configuration.ExtendedMessageSource@http-nio-8080-exec-4] Loading properties [C:\Users\franm\Desktop\UNI\DP2\Workspace-22.0\Projects\Acme-Toolkits\target\classes\WEB-INF\views\authenticated\provider\messsages-en.i18n] with encoding 'utf-8' 
2022-04-15 18:07:27.134 DEBUG [acme.framework.configuration.ExtendedMessageSource@http-nio-8080-exec-4] Loading properties [C:\Users\franm\Desktop\UNI\DP2\Workspace-22.0\Projects\Acme-Toolkits\target\classes\WEB-INF\views\authenticated\system-configuration\messsages-en.i18n] with encoding 'utf-8' 
2022-04-15 18:07:27.136 DEBUG [acme.framework.configuration.ExtendedMessageSource@http-nio-8080-exec-4] Loading properties [C:\Users\franm\Desktop\UNI\DP2\Workspace-22.0\Projects\Acme-Toolkits\target\classes\WEB-INF\views\authenticated\user-account\messages-en.i18n] with encoding 'utf-8' 
2022-04-15 18:07:27.138 DEBUG [acme.framework.configuration.ExtendedMessageSource@http-nio-8080-exec-4] Loading properties [C:\Users\franm\Desktop\UNI\DP2\Workspace-22.0\Projects\Acme-Toolkits\target\classes\WEB-INF\views\fragments\banner-en.i18n] with encoding 'utf-8' 
2022-04-15 18:07:27.140 DEBUG [acme.framework.configuration.ExtendedMessageSource@http-nio-8080-exec-4] Loading properties [C:\Users\franm\Desktop\UNI\DP2\Workspace-22.0\Projects\Acme-Toolkits\target\classes\WEB-INF\views\fragments\company-en.i18n] with encoding 'utf-8' 
2022-04-15 18:07:27.141 DEBUG [acme.framework.configuration.ExtendedMessageSource@http-nio-8080-exec-4] Loading properties [C:\Users\franm\Desktop\UNI\DP2\Workspace-22.0\Projects\Acme-Toolkits\target\classes\WEB-INF\views\fragments\footer-en.i18n] with encoding 'utf-8' 
2022-04-15 18:07:27.143 DEBUG [acme.framework.configuration.ExtendedMessageSource@http-nio-8080-exec-4] Loading properties [C:\Users\franm\Desktop\UNI\DP2\Workspace-22.0\Projects\Acme-Toolkits\target\classes\WEB-INF\views\fragments\license-en.i18n] with encoding 'utf-8' 
2022-04-15 18:07:27.145 DEBUG [acme.framework.configuration.ExtendedMessageSource@http-nio-8080-exec-4] Loading properties [C:\Users\franm\Desktop\UNI\DP2\Workspace-22.0\Projects\Acme-Toolkits\target\classes\WEB-INF\views\fragments\menu-en.i18n] with encoding 'utf-8' 
2022-04-15 18:07:27.146 DEBUG [acme.framework.configuration.ExtendedMessageSource@http-nio-8080-exec-4] Loading properties [C:\Users\franm\Desktop\UNI\DP2\Workspace-22.0\Projects\Acme-Toolkits\target\classes\WEB-INF\views\fragments\messsages-en.i18n] with encoding 'utf-8' 
2022-04-15 18:07:27.148 DEBUG [acme.framework.configuration.ExtendedMessageSource@http-nio-8080-exec-4] Loading properties [C:\Users\franm\Desktop\UNI\DP2\Workspace-22.0\Projects\Acme-Toolkits\target\classes\WEB-INF\views\fragments\title-en.i18n] with encoding 'utf-8' 
2022-04-15 18:07:27.155 DEBUG [acme.framework.configuration.ExtendedMessageSource@http-nio-8080-exec-4] Loading properties [C:\Users\franm\Desktop\UNI\DP2\Workspace-22.0\Projects\Acme-Toolkits\target\classes\WEB-INF\views\fragments\welcome-en.i18n] with encoding 'utf-8' 
2022-04-15 18:07:27.157 DEBUG [acme.framework.configuration.ExtendedMessageSource@http-nio-8080-exec-4] Loading properties [C:\Users\franm\Desktop\UNI\DP2\Workspace-22.0\Projects\Acme-Toolkits\target\classes\WEB-INF\views\inventor\item\messsages-en.i18n] with encoding 'utf-8' 
2022-04-15 18:07:27.164 DEBUG [acme.framework.configuration.ExtendedMessageSource@http-nio-8080-exec-4] Loading properties [C:\Users\franm\Desktop\UNI\DP2\Workspace-22.0\Projects\Acme-Toolkits\target\classes\WEB-INF\views\inventor\patronage\messages-en.i18n] with encoding 'utf-8' 
2022-04-15 18:07:27.166 DEBUG [acme.framework.configuration.ExtendedMessageSource@http-nio-8080-exec-4] Loading properties [C:\Users\franm\Desktop\UNI\DP2\Workspace-22.0\Projects\Acme-Toolkits\target\classes\WEB-INF\views\master\defaults-en.i18n] with encoding 'utf-8' 
2022-04-15 18:07:27.171 DEBUG [acme.framework.configuration.ExtendedMessageSource@http-nio-8080-exec-4] Loading properties [C:\Users\franm\Desktop\UNI\DP2\Workspace-22.0\Projects\Acme-Toolkits\target\classes\WEB-INF\views\master\master-en.i18n] with encoding 'utf-8' 
2022-04-15 18:07:27.173 DEBUG [acme.framework.configuration.ExtendedMessageSource@http-nio-8080-exec-4] Loading properties [C:\Users\franm\Desktop\UNI\DP2\Workspace-22.0\Projects\Acme-Toolkits\target\classes\WEB-INF\views\master\throwables-en.i18n] with encoding 'utf-8' 
2022-04-15 18:07:27.175 DEBUG [acme.framework.configuration.ExtendedMessageSource@http-nio-8080-exec-4] Loading properties [C:\Users\franm\Desktop\UNI\DP2\Workspace-22.0\Projects\Acme-Toolkits\target\classes\WEB-INF\views\master\validation-en.i18n] with encoding 'utf-8' 
2022-04-15 18:07:27.630 DEBUG [org.apache.jasper.servlet.JspServlet@http-nio-8080-exec-6] JspEngine --> /WEB-INF/views/fragments/welcome.jsp 
2022-04-15 18:07:27.630 DEBUG [org.apache.jasper.servlet.JspServlet@http-nio-8080-exec-4] JspEngine --> /WEB-INF/views/fragments/welcome.jsp 
2022-04-15 18:07:27.631 DEBUG [org.apache.jasper.servlet.JspServlet@http-nio-8080-exec-4] ServletPath: /WEB-INF/views/master/page.jsp 
2022-04-15 18:07:27.631 DEBUG [org.apache.jasper.servlet.JspServlet@http-nio-8080-exec-6] ServletPath: /WEB-INF/views/master/page.jsp 
2022-04-15 18:07:27.632 DEBUG [org.apache.jasper.servlet.JspServlet@http-nio-8080-exec-4] PathInfo: null 
2022-04-15 18:07:27.635 DEBUG [org.apache.jasper.servlet.JspServlet@http-nio-8080-exec-6] PathInfo: null 
2022-04-15 18:07:27.639 DEBUG [org.apache.jasper.servlet.JspServlet@http-nio-8080-exec-4] RealPath: C:\Users\franm\Desktop\UNI\DP2\Workspace-22.0\Projects\Acme-Toolkits\target\classes\WEB-INF\views\fragments\welcome.jsp 
2022-04-15 18:07:27.639 DEBUG [org.apache.jasper.servlet.JspServlet@http-nio-8080-exec-6] RealPath: C:\Users\franm\Desktop\UNI\DP2\Workspace-22.0\Projects\Acme-Toolkits\target\classes\WEB-INF\views\fragments\welcome.jsp 
2022-04-15 18:07:27.640 DEBUG [org.apache.jasper.servlet.JspServlet@http-nio-8080-exec-4] RequestURI: /acme-toolkits-22.1/WEB-INF/views/master/page.jsp 
2022-04-15 18:07:27.640 DEBUG [org.apache.jasper.servlet.JspServlet@http-nio-8080-exec-6] RequestURI: /acme-toolkits-22.1/WEB-INF/views/master/page.jsp 
2022-04-15 18:07:27.641 DEBUG [org.apache.jasper.servlet.JspServlet@http-nio-8080-exec-4] QueryString: null 
2022-04-15 18:07:27.641 DEBUG [org.apache.jasper.servlet.JspServlet@http-nio-8080-exec-6] QueryString: null 
2022-04-15 18:07:28.866 DEBUG [org.hibernate.SQL@http-nio-8080-exec-4] select useraccoun0_.id as id1_0_, useraccoun0_.version as version2_0_, useraccoun0_.enabled as enabled1_15_, useraccoun0_.identity as identity2_15_, useraccoun0_.password as password3_15_, useraccoun0_.username as username4_15_ from user_account useraccoun0_ where useraccoun0_.username=? 
2022-04-15 18:07:28.866 DEBUG [org.hibernate.SQL@http-nio-8080-exec-6] select useraccoun0_.id as id1_0_, useraccoun0_.version as version2_0_, useraccoun0_.enabled as enabled1_15_, useraccoun0_.identity as identity2_15_, useraccoun0_.password as password3_15_, useraccoun0_.username as username4_15_ from user_account useraccoun0_ where useraccoun0_.username=? 
2022-04-15 18:07:29.031 TRACE [org.hibernate.type.descriptor.sql.BasicBinder@http-nio-8080-exec-4] binding parameter [1] as [VARCHAR] - [anonymous] 
2022-04-15 18:07:29.031 TRACE [org.hibernate.type.descriptor.sql.BasicBinder@http-nio-8080-exec-6] binding parameter [1] as [VARCHAR] - [anonymous] 
2022-04-15 18:07:29.469 DEBUG [org.hibernate.SQL@http-nio-8080-exec-4] select roles0_.user_account_id as user_acc1_16_0_, roles0_.id as id1_16_0_, roles0_.id as id1_0_1_, roles0_.version as version2_0_1_, roles0_.user_account_id as user_acc1_16_1_, roles0_.company as company1_8_1_, roles0_.optional_link as optional2_8_1_, roles0_.statement as statemen3_8_1_, roles0_.company as company1_10_1_, roles0_.optional_link as optional2_10_1_, roles0_.statement as statemen3_10_1_, roles0_.clazz_ as clazz_1_ from ( select id, version, user_account_id, company, optional_link, statement, 9 as clazz_ from inventor union all select id, version, user_account_id, company, optional_link, statement, 10 as clazz_ from patron union all select id, version, user_account_id, null as company, null as optional_link, null as statement, 13 as clazz_ from administrator union all select id, version, user_account_id, null as company, null as optional_link, null as statement, 14 as clazz_ from anonymous union all select id, version, user_account_id, null as company, null as optional_link, null as statement, 15 as clazz_ from any union all select id, version, user_account_id, null as company, null as optional_link, null as statement, 16 as clazz_ from authenticated ) roles0_ where roles0_.user_account_id=? 
2022-04-15 18:07:29.471 TRACE [org.hibernate.type.descriptor.sql.BasicBinder@http-nio-8080-exec-4] binding parameter [1] as [INTEGER] - [16] 
2022-04-15 18:07:29.477 DEBUG [org.hibernate.SQL@http-nio-8080-exec-6] select roles0_.user_account_id as user_acc1_16_0_, roles0_.id as id1_16_0_, roles0_.id as id1_0_1_, roles0_.version as version2_0_1_, roles0_.user_account_id as user_acc1_16_1_, roles0_.company as company1_8_1_, roles0_.optional_link as optional2_8_1_, roles0_.statement as statemen3_8_1_, roles0_.company as company1_10_1_, roles0_.optional_link as optional2_10_1_, roles0_.statement as statemen3_10_1_, roles0_.clazz_ as clazz_1_ from ( select id, version, user_account_id, company, optional_link, statement, 9 as clazz_ from inventor union all select id, version, user_account_id, company, optional_link, statement, 10 as clazz_ from patron union all select id, version, user_account_id, null as company, null as optional_link, null as statement, 13 as clazz_ from administrator union all select id, version, user_account_id, null as company, null as optional_link, null as statement, 14 as clazz_ from anonymous union all select id, version, user_account_id, null as company, null as optional_link, null as statement, 15 as clazz_ from any union all select id, version, user_account_id, null as company, null as optional_link, null as statement, 16 as clazz_ from authenticated ) roles0_ where roles0_.user_account_id=? 
2022-04-15 18:07:29.479 TRACE [org.hibernate.type.descriptor.sql.BasicBinder@http-nio-8080-exec-6] binding parameter [1] as [INTEGER] - [16] 
2022-04-15 18:07:37.440 DEBUG [acme.framework.components.tiles.DynamicTilesView@http-nio-8080-exec-3] View name 'master/sign-in', model {username=, password=, remember=false} 
2022-04-15 18:07:37.443 DEBUG [org.apache.jasper.servlet.JspServlet@http-nio-8080-exec-3] JspEngine --> /WEB-INF/views/master/page.jsp 
2022-04-15 18:07:37.444 DEBUG [org.apache.jasper.servlet.JspServlet@http-nio-8080-exec-3] ServletPath: /WEB-INF/views/master/page.jsp 
2022-04-15 18:07:37.445 DEBUG [org.apache.jasper.servlet.JspServlet@http-nio-8080-exec-3] PathInfo: null 
2022-04-15 18:07:37.453 DEBUG [org.apache.jasper.servlet.JspServlet@http-nio-8080-exec-3] RealPath: C:\Users\franm\Desktop\UNI\DP2\Workspace-22.0\Projects\Acme-Toolkits\target\classes\WEB-INF\views\master\page.jsp 
2022-04-15 18:07:37.455 DEBUG [org.apache.jasper.servlet.JspServlet@http-nio-8080-exec-3] RequestURI: /acme-toolkits-22.1/WEB-INF/views/master/page.jsp 
2022-04-15 18:07:37.456 DEBUG [org.apache.jasper.servlet.JspServlet@http-nio-8080-exec-3] QueryString: null 
2022-04-15 18:07:37.739 DEBUG [org.apache.jasper.servlet.JspServlet@http-nio-8080-exec-3] JspEngine --> /WEB-INF/views/master/sign-in.jsp 
2022-04-15 18:07:37.740 DEBUG [org.apache.jasper.servlet.JspServlet@http-nio-8080-exec-3] ServletPath: /WEB-INF/views/master/page.jsp 
2022-04-15 18:07:37.742 DEBUG [org.apache.jasper.servlet.JspServlet@http-nio-8080-exec-3] PathInfo: null 
2022-04-15 18:07:37.744 DEBUG [org.apache.jasper.servlet.JspServlet@http-nio-8080-exec-3] RealPath: C:\Users\franm\Desktop\UNI\DP2\Workspace-22.0\Projects\Acme-Toolkits\target\classes\WEB-INF\views\master\sign-in.jsp 
2022-04-15 18:07:37.745 DEBUG [org.apache.jasper.servlet.JspServlet@http-nio-8080-exec-3] RequestURI: /acme-toolkits-22.1/WEB-INF/views/master/page.jsp 
2022-04-15 18:07:37.746 DEBUG [org.apache.jasper.servlet.JspServlet@http-nio-8080-exec-3] QueryString: null 
2022-04-15 18:07:44.068 DEBUG [org.hibernate.SQL@http-nio-8080-exec-3] select useraccoun0_.id as id1_0_, useraccoun0_.version as version2_0_, useraccoun0_.enabled as enabled1_15_, useraccoun0_.identity as identity2_15_, useraccoun0_.password as password3_15_, useraccoun0_.username as username4_15_ from user_account useraccoun0_ where useraccoun0_.username=? 
2022-04-15 18:07:44.070 TRACE [org.hibernate.type.descriptor.sql.BasicBinder@http-nio-8080-exec-3] binding parameter [1] as [VARCHAR] - [anonymous] 
2022-04-15 18:07:44.073 DEBUG [org.hibernate.SQL@http-nio-8080-exec-3] select roles0_.user_account_id as user_acc1_16_0_, roles0_.id as id1_16_0_, roles0_.id as id1_0_1_, roles0_.version as version2_0_1_, roles0_.user_account_id as user_acc1_16_1_, roles0_.company as company1_8_1_, roles0_.optional_link as optional2_8_1_, roles0_.statement as statemen3_8_1_, roles0_.company as company1_10_1_, roles0_.optional_link as optional2_10_1_, roles0_.statement as statemen3_10_1_, roles0_.clazz_ as clazz_1_ from ( select id, version, user_account_id, company, optional_link, statement, 9 as clazz_ from inventor union all select id, version, user_account_id, company, optional_link, statement, 10 as clazz_ from patron union all select id, version, user_account_id, null as company, null as optional_link, null as statement, 13 as clazz_ from administrator union all select id, version, user_account_id, null as company, null as optional_link, null as statement, 14 as clazz_ from anonymous union all select id, version, user_account_id, null as company, null as optional_link, null as statement, 15 as clazz_ from any union all select id, version, user_account_id, null as company, null as optional_link, null as statement, 16 as clazz_ from authenticated ) roles0_ where roles0_.user_account_id=? 
2022-04-15 18:07:44.074 TRACE [org.hibernate.type.descriptor.sql.BasicBinder@http-nio-8080-exec-3] binding parameter [1] as [INTEGER] - [16] 
2022-04-15 18:07:59.483 DEBUG [org.hibernate.SQL@http-nio-8080-exec-7] select useraccoun0_.id as id1_0_, useraccoun0_.version as version2_0_, useraccoun0_.enabled as enabled1_15_, useraccoun0_.identity as identity2_15_, useraccoun0_.password as password3_15_, useraccoun0_.username as username4_15_ from user_account useraccoun0_ where useraccoun0_.username=? 
2022-04-15 18:07:59.485 TRACE [org.hibernate.type.descriptor.sql.BasicBinder@http-nio-8080-exec-7] binding parameter [1] as [VARCHAR] - [administrator] 
2022-04-15 18:07:59.488 DEBUG [org.hibernate.SQL@http-nio-8080-exec-7] select roles0_.user_account_id as user_acc1_16_0_, roles0_.id as id1_16_0_, roles0_.id as id1_0_1_, roles0_.version as version2_0_1_, roles0_.user_account_id as user_acc1_16_1_, roles0_.company as company1_8_1_, roles0_.optional_link as optional2_8_1_, roles0_.statement as statemen3_8_1_, roles0_.company as company1_10_1_, roles0_.optional_link as optional2_10_1_, roles0_.statement as statemen3_10_1_, roles0_.clazz_ as clazz_1_ from ( select id, version, user_account_id, company, optional_link, statement, 9 as clazz_ from inventor union all select id, version, user_account_id, company, optional_link, statement, 10 as clazz_ from patron union all select id, version, user_account_id, null as company, null as optional_link, null as statement, 13 as clazz_ from administrator union all select id, version, user_account_id, null as company, null as optional_link, null as statement, 14 as clazz_ from anonymous union all select id, version, user_account_id, null as company, null as optional_link, null as statement, 15 as clazz_ from any union all select id, version, user_account_id, null as company, null as optional_link, null as statement, 16 as clazz_ from authenticated ) roles0_ where roles0_.user_account_id=? 
2022-04-15 18:07:59.488 TRACE [org.hibernate.type.descriptor.sql.BasicBinder@http-nio-8080-exec-7] binding parameter [1] as [INTEGER] - [17] 
2022-04-15 18:07:59.658 DEBUG [acme.framework.components.tiles.DynamicTilesView@http-nio-8080-exec-4] View name 'fragments/welcome', model {} 
2022-04-15 18:07:59.661 DEBUG [org.apache.jasper.servlet.JspServlet@http-nio-8080-exec-4] JspEngine --> /WEB-INF/views/master/page.jsp 
2022-04-15 18:07:59.662 DEBUG [org.apache.jasper.servlet.JspServlet@http-nio-8080-exec-4] ServletPath: /WEB-INF/views/master/page.jsp 
2022-04-15 18:07:59.663 DEBUG [org.apache.jasper.servlet.JspServlet@http-nio-8080-exec-4] PathInfo: null 
2022-04-15 18:07:59.669 DEBUG [org.apache.jasper.servlet.JspServlet@http-nio-8080-exec-4] RealPath: C:\Users\franm\Desktop\UNI\DP2\Workspace-22.0\Projects\Acme-Toolkits\target\classes\WEB-INF\views\master\page.jsp 
2022-04-15 18:07:59.670 DEBUG [org.apache.jasper.servlet.JspServlet@http-nio-8080-exec-4] RequestURI: /acme-toolkits-22.1/WEB-INF/views/master/page.jsp 
2022-04-15 18:07:59.670 DEBUG [org.apache.jasper.servlet.JspServlet@http-nio-8080-exec-4] QueryString: null 
2022-04-15 18:07:59.941 DEBUG [org.apache.jasper.servlet.JspServlet@http-nio-8080-exec-4] JspEngine --> /WEB-INF/views/fragments/welcome.jsp 
2022-04-15 18:07:59.942 DEBUG [org.apache.jasper.servlet.JspServlet@http-nio-8080-exec-4] ServletPath: /WEB-INF/views/master/page.jsp 
2022-04-15 18:07:59.943 DEBUG [org.apache.jasper.servlet.JspServlet@http-nio-8080-exec-4] PathInfo: null 
2022-04-15 18:07:59.951 DEBUG [org.apache.jasper.servlet.JspServlet@http-nio-8080-exec-4] RealPath: C:\Users\franm\Desktop\UNI\DP2\Workspace-22.0\Projects\Acme-Toolkits\target\classes\WEB-INF\views\fragments\welcome.jsp 
2022-04-15 18:07:59.952 DEBUG [org.apache.jasper.servlet.JspServlet@http-nio-8080-exec-4] RequestURI: /acme-toolkits-22.1/WEB-INF/views/master/page.jsp 
2022-04-15 18:07:59.953 DEBUG [org.apache.jasper.servlet.JspServlet@http-nio-8080-exec-4] QueryString: null 
2022-04-15 18:08:06.371 DEBUG [acme.framework.controllers.AbstractController@http-nio-8080-exec-8] DISPATCHING GET /acme-toolkits-22.1/administrator/dashboard/show 
2022-04-15 18:08:06.371 DEBUG [acme.framework.controllers.AbstractController@http-nio-8080-exec-8] Command: show 
2022-04-15 18:08:06.372 DEBUG [acme.framework.controllers.AbstractController@http-nio-8080-exec-8] Model:   {} 
2022-04-15 18:08:06.372 DEBUG [acme.framework.controllers.AbstractController@http-nio-8080-exec-8] Locale:  en 
2022-04-15 18:08:06.470 DEBUG [org.hibernate.SQL@http-nio-8080-exec-8] select avg(item0_.retail_price_amount) as col_0_0_ from item item0_ where item0_.type='COMPONENT' group by item0_.retail_price_currency , item0_.technology 
2022-04-15 18:08:06.687 DEBUG [org.hibernate.SQL@http-nio-8080-exec-8] select std(item0_.retail_price_amount) as col_0_0_ from item item0_ where item0_.type='COMPONENT' group by item0_.retail_price_currency , item0_.technology 
2022-04-15 18:08:06.738 DEBUG [org.hibernate.SQL@http-nio-8080-exec-8] select max(item0_.retail_price_amount) as col_0_0_ from item item0_ where item0_.type='COMPONENT' group by item0_.retail_price_currency , item0_.technology 
2022-04-15 18:08:06.745 DEBUG [org.hibernate.SQL@http-nio-8080-exec-8] select min(item0_.retail_price_amount) as col_0_0_ from item item0_ where item0_.type='COMPONENT' group by item0_.retail_price_currency , item0_.technology 
2022-04-15 18:08:06.750 DEBUG [org.hibernate.SQL@http-nio-8080-exec-8] select item0_.technology as col_0_0_ from item item0_ where item0_.type='COMPONENT' group by item0_.retail_price_currency , item0_.technology 
2022-04-15 18:08:06.755 DEBUG [org.hibernate.SQL@http-nio-8080-exec-8] select item0_.retail_price_currency as col_0_0_ from item item0_ where item0_.type='COMPONENT' group by item0_.retail_price_currency , item0_.technology 
2022-04-15 18:08:06.764 DEBUG [org.hibernate.SQL@http-nio-8080-exec-8] select avg(item0_.retail_price_amount) as col_0_0_ from item item0_ where item0_.type='TOOL' group by item0_.retail_price_currency 
2022-04-15 18:08:06.771 DEBUG [org.hibernate.SQL@http-nio-8080-exec-8] select std(item0_.retail_price_amount) as col_0_0_ from item item0_ where item0_.type='TOOL' group by item0_.retail_price_currency 
2022-04-15 18:08:06.775 DEBUG [org.hibernate.SQL@http-nio-8080-exec-8] select max(item0_.retail_price_amount) as col_0_0_ from item item0_ where item0_.type='TOOL' group by item0_.retail_price_currency 
2022-04-15 18:08:06.783 DEBUG [org.hibernate.SQL@http-nio-8080-exec-8] select min(item0_.retail_price_amount) as col_0_0_ from item item0_ where item0_.type='TOOL' group by item0_.retail_price_currency 
2022-04-15 18:08:06.787 DEBUG [org.hibernate.SQL@http-nio-8080-exec-8] select item0_.retail_price_currency as col_0_0_ from item item0_ where item0_.type='TOOL' group by item0_.retail_price_currency 
2022-04-15 18:08:06.827 DEBUG [org.hibernate.SQL@http-nio-8080-exec-8] select count(item0_.id) as col_0_0_ from item item0_ where item0_.type='TOOL' 
2022-04-15 18:08:06.832 DEBUG [org.hibernate.SQL@http-nio-8080-exec-8] select count(item0_.id) as col_0_0_ from item item0_ where item0_.type='COMPONENT' 
2022-04-15 18:08:06.835 DEBUG [org.hibernate.SQL@http-nio-8080-exec-8] select avg(patronage0_.budget_amount) as col_0_0_ from patronage patronage0_ group by patronage0_.status 
2022-04-15 18:08:06.840 DEBUG [org.hibernate.SQL@http-nio-8080-exec-8] select std(patronage0_.budget_amount) as col_0_0_ from patronage patronage0_ group by patronage0_.status 
2022-04-15 18:08:06.847 DEBUG [org.hibernate.SQL@http-nio-8080-exec-8] select max(patronage0_.budget_amount) as col_0_0_ from patronage patronage0_ group by patronage0_.status 
2022-04-15 18:08:06.852 DEBUG [org.hibernate.SQL@http-nio-8080-exec-8] select min(patronage0_.budget_amount) as col_0_0_ from patronage patronage0_ group by patronage0_.status 
2022-04-15 18:08:06.856 DEBUG [org.hibernate.SQL@http-nio-8080-exec-8] select count(patronage0_.id) as col_0_0_ from patronage patronage0_ group by patronage0_.status 
2022-04-15 18:08:06.864 DEBUG [org.hibernate.SQL@http-nio-8080-exec-8] select patronage0_.status as col_0_0_ from patronage patronage0_ group by patronage0_.status 
2022-04-15 18:08:06.969 DEBUG [acme.framework.controllers.AbstractController@http-nio-8080-exec-8] SERVING GET /acme-toolkits-22.1/administrator/dashboard/show 
2022-04-15 18:08:06.971 DEBUG [acme.framework.controllers.AbstractController@http-nio-8080-exec-8] Result: ModelAndView [view="administrator/dashboard/form"; model={statsComponents={Record(super={Technology 13=USD}, source=null, line=0, column=0, clazz=null)={AVG=1.0, MIN=1.0, MAX=1.0, STDEV=0.0}, Record(super={Technology 18=EUR}, source=null, line=0, column=0, clazz=null)={AVG=3.0, MIN=3.0, MAX=3.0, STDEV=0.0}, Record(super={Technology 4=USD}, source=null, line=0, column=0, clazz=null)={AVG=1.0, MIN=1.0, MAX=1.0, STDEV=0.0}, Record(super={Technology 3=USD}, source=null, line=0, column=0, clazz=null)={AVG=3.0, MIN=3.0, MAX=3.0, STDEV=0.0}, Record(super={Technology 6=GBP}, source=null, line=0, column=0, clazz=null)={AVG=3.0, MIN=3.0, MAX=3.0, STDEV=0.0}, Record(super={Technology 16=GBP}, source=null, line=0, column=0, clazz=null)={AVG=1.0, MIN=1.0, MAX=1.0, STDEV=0.0}, Record(super={Technology 12=GBP}, source=null, line=0, column=0, clazz=null)={AVG=3.0, MIN=3.0, MAX=3.0, STDEV=0.0}, Record(super={Technology 19=USD}, source=null, line=0, column=0, clazz=null)={AVG=1.0, MIN=1.0, MAX=1.0, STDEV=0.0}, Record(super={Technology 9=USD}, source=null, line=0, column=0, clazz=null)={AVG=3.0, MIN=3.0, MAX=3.0, STDEV=0.0}, Record(super={Technology 1=EUR}, source=null, line=0, column=0, clazz=null)={AVG=1.0, MIN=1.0, MAX=1.0, STDEV=0.0}, Record(super={Technology 10=USD}, source=null, line=0, column=0, clazz=null)={AVG=1.0, MIN=1.0, MAX=1.0, STDEV=0.0}, Record(super={Technology 15=GBP}, source=null, line=0, column=0, clazz=null)={AVG=3.0, MIN=3.0, MAX=3.0, STDEV=0.0}, Record(super={Technology 7=GBP}, source=null, line=0, column=0, clazz=null)={AVG=1.0, MIN=1.0, MAX=1.0, STDEV=0.0}}, numberOfTools=13, statsPatronages={PROPOSED={TOTAL=5.0, AVG=11.85, MIN=0.0, MAX=19.0, STDEV=6.658828725834597}, ACCEPTED={TOTAL=4.0, AVG=12.3125, MIN=5.0, MAX=19.0, STDEV=5.090969333044543}, DENIED={TOTAL=4.0, AVG=20.375, MIN=12.0, MAX=30.0, STDEV=7.223010106596833}}, numberOfComponents=13, statsTools={EUR={AVG=2.0, MIN=1.0, MAX=3.0, STDEV=1.0}, GBP={AVG=2.2, MIN=1.0, MAX=3.0, STDEV=0.9797958971132712}, USD={AVG=1.6666666666666667, MIN=1.0, MAX=3.0, STDEV=0.9428090415820634}}, command=show, principal=acme.framework.entities.Principal@7459f91b}] 
2022-04-15 18:08:06.992 DEBUG [acme.framework.components.tiles.DynamicTilesView@http-nio-8080-exec-8] View name 'administrator/dashboard/form', model {statsComponents={Record(super={Technology 13=USD}, source=null, line=0, column=0, clazz=null)={AVG=1.0, MIN=1.0, MAX=1.0, STDEV=0.0}, Record(super={Technology 18=EUR}, source=null, line=0, column=0, clazz=null)={AVG=3.0, MIN=3.0, MAX=3.0, STDEV=0.0}, Record(super={Technology 4=USD}, source=null, line=0, column=0, clazz=null)={AVG=1.0, MIN=1.0, MAX=1.0, STDEV=0.0}, Record(super={Technology 3=USD}, source=null, line=0, column=0, clazz=null)={AVG=3.0, MIN=3.0, MAX=3.0, STDEV=0.0}, Record(super={Technology 6=GBP}, source=null, line=0, column=0, clazz=null)={AVG=3.0, MIN=3.0, MAX=3.0, STDEV=0.0}, Record(super={Technology 16=GBP}, source=null, line=0, column=0, clazz=null)={AVG=1.0, MIN=1.0, MAX=1.0, STDEV=0.0}, Record(super={Technology 12=GBP}, source=null, line=0, column=0, clazz=null)={AVG=3.0, MIN=3.0, MAX=3.0, STDEV=0.0}, Record(super={Technology 19=USD}, source=null, line=0, column=0, clazz=null)={AVG=1.0, MIN=1.0, MAX=1.0, STDEV=0.0}, Record(super={Technology 9=USD}, source=null, line=0, column=0, clazz=null)={AVG=3.0, MIN=3.0, MAX=3.0, STDEV=0.0}, Record(super={Technology 1=EUR}, source=null, line=0, column=0, clazz=null)={AVG=1.0, MIN=1.0, MAX=1.0, STDEV=0.0}, Record(super={Technology 10=USD}, source=null, line=0, column=0, clazz=null)={AVG=1.0, MIN=1.0, MAX=1.0, STDEV=0.0}, Record(super={Technology 15=GBP}, source=null, line=0, column=0, clazz=null)={AVG=3.0, MIN=3.0, MAX=3.0, STDEV=0.0}, Record(super={Technology 7=GBP}, source=null, line=0, column=0, clazz=null)={AVG=1.0, MIN=1.0, MAX=1.0, STDEV=0.0}}, numberOfTools=13, statsPatronages={PROPOSED={TOTAL=5.0, AVG=11.85, MIN=0.0, MAX=19.0, STDEV=6.658828725834597}, ACCEPTED={TOTAL=4.0, AVG=12.3125, MIN=5.0, MAX=19.0, STDEV=5.090969333044543}, DENIED={TOTAL=4.0, AVG=20.375, MIN=12.0, MAX=30.0, STDEV=7.223010106596833}}, numberOfComponents=13, statsTools={EUR={AVG=2.0, MIN=1.0, MAX=3.0, STDEV=1.0}, GBP={AVG=2.2, MIN=1.0, MAX=3.0, STDEV=0.9797958971132712}, USD={AVG=1.6666666666666667, MIN=1.0, MAX=3.0, STDEV=0.9428090415820634}}, command=show, principal=acme.framework.entities.Principal@7459f91b, org.springframework.validation.BindingResult.principal=org.springframework.validation.BeanPropertyBindingResult: 0 errors} 
2022-04-15 18:08:06.995 DEBUG [org.apache.jasper.servlet.JspServlet@http-nio-8080-exec-8] JspEngine --> /WEB-INF/views/master/page.jsp 
2022-04-15 18:08:06.996 DEBUG [org.apache.jasper.servlet.JspServlet@http-nio-8080-exec-8] ServletPath: /WEB-INF/views/master/page.jsp 
2022-04-15 18:08:06.997 DEBUG [org.apache.jasper.servlet.JspServlet@http-nio-8080-exec-8] PathInfo: null 
2022-04-15 18:08:07 DEBUG [org.apache.jasper.servlet.JspServlet@http-nio-8080-exec-8] RealPath: C:\Users\franm\Desktop\UNI\DP2\Workspace-22.0\Projects\Acme-Toolkits\target\classes\WEB-INF\views\master\page.jsp 
2022-04-15 18:08:07.001 DEBUG [org.apache.jasper.servlet.JspServlet@http-nio-8080-exec-8] RequestURI: /acme-toolkits-22.1/WEB-INF/views/master/page.jsp 
2022-04-15 18:08:07.002 DEBUG [org.apache.jasper.servlet.JspServlet@http-nio-8080-exec-8] QueryString: null 
2022-04-15 18:08:07.289 DEBUG [org.apache.jasper.servlet.JspServlet@http-nio-8080-exec-8] JspEngine --> /WEB-INF/views/administrator/dashboard/form.jsp 
2022-04-15 18:08:07.290 DEBUG [org.apache.jasper.servlet.JspServlet@http-nio-8080-exec-8] ServletPath: /WEB-INF/views/master/page.jsp 
2022-04-15 18:08:07.290 DEBUG [org.apache.jasper.servlet.JspServlet@http-nio-8080-exec-8] PathInfo: null 
2022-04-15 18:08:07.296 DEBUG [org.apache.jasper.servlet.JspServlet@http-nio-8080-exec-8] RealPath: C:\Users\franm\Desktop\UNI\DP2\Workspace-22.0\Projects\Acme-Toolkits\target\classes\WEB-INF\views\administrator\dashboard\form.jsp 
2022-04-15 18:08:07.296 DEBUG [org.apache.jasper.servlet.JspServlet@http-nio-8080-exec-8] RequestURI: /acme-toolkits-22.1/WEB-INF/views/master/page.jsp 
2022-04-15 18:08:07.297 DEBUG [org.apache.jasper.servlet.JspServlet@http-nio-8080-exec-8] QueryString: null 
2022-04-15 23:24:46.277 WARN  [com.zaxxer.hikari.pool.HikariPool@HikariPool-1 housekeeper] HikariPool-1 - Thread starvation or clock leap detected (housekeeper delta=4h26m36s311ms171s900ns). 
