2022-04-19 11:53:17.339 INFO  [acme.Launcher@main] Starting Launcher using Java 1.8.0_281 on LAPTOP-SGHB5FGA with PID 12772 (C:\Users\Antonio\Documents\antonio\informatica\DP2\Workspace-22.0\Frameworks\Acme-Framework-22.3\target\classes started by ant_1 in C:\Users\Antonio\Documents\antonio\informatica\DP2\Workspace-22.0\Projects\Acme-Toolkits) 
2022-04-19 11:53:17.340 DEBUG [acme.Launcher@main] Running with Spring Boot v2.4.2, Spring v5.3.3 
2022-04-19 11:53:17.344 INFO  [acme.Launcher@main] The following profiles are active: development,default 
2022-04-19 11:53:21.721 DEBUG [org.apache.jasper.servlet.JasperInitializer@main] Initializing Jasper for context [application] 
2022-04-19 11:53:28.311 DEBUG [org.apache.jasper.servlet.JspServlet@main] Scratch dir for the JSP engine is: [C:\Users\ant_1\AppData\Local\Temp\tomcat.8080.1221104145031610502\work\Tomcat\localhost\acme-toolkits-22.1] 
2022-04-19 11:53:28.312 DEBUG [org.apache.jasper.servlet.JspServlet@main] IMPORTANT: Do not modify the generated servlets 
2022-04-19 11:53:28.324 INFO  [acme.Launcher@main] Started Launcher in 11.992 seconds (JVM running for 13.038) 
2022-04-19 11:53:28.329 DEBUG [acme.Launcher@main] Found classpath entry '/C:/Users/Antonio/Documents/antonio/informatica/DP2/Workspace-22.0/Projects/Acme-Toolkits/target/test-classes/' 
2022-04-19 11:53:28.329 DEBUG [acme.Launcher@main] Found classpath entry '/C:/Users/Antonio/Documents/antonio/informatica/DP2/Workspace-22.0/Projects/Acme-Toolkits/target/classes/' 
2022-04-19 11:53:28.330 DEBUG [acme.Launcher@main] Found classpath entry '/C:/Users/Antonio/Documents/antonio/informatica/DP2/Workspace-22.0/Frameworks/Acme-Framework-22.3/target/classes/' 
2022-04-19 11:53:28.330 DEBUG [acme.Launcher@main] Found classpath entry '/C:/Users/Antonio/Documents/antonio/informatica/DP2/Workspace-22.0/Frameworks/Acme-Framework-22.3/target/test-classes/' 
2022-04-19 11:53:28.330 DEBUG [acme.Launcher@main] Found classpath entry '/C:/Users/ant_1/.m2/repository/org/springframework/boot/spring-boot-starter-tomcat/2.4.2/spring-boot-starter-tomcat-2.4.2.jar' 
2022-04-19 11:53:28.331 DEBUG [acme.Launcher@main] Found classpath entry '/C:/Users/ant_1/.m2/repository/jakarta/annotation/jakarta.annotation-api/1.3.5/jakarta.annotation-api-1.3.5.jar' 
2022-04-19 11:53:28.331 DEBUG [acme.Launcher@main] Found classpath entry '/C:/Users/ant_1/.m2/repository/org/apache/tomcat/embed/tomcat-embed-core/9.0.41/tomcat-embed-core-9.0.41.jar' 
2022-04-19 11:53:28.331 DEBUG [acme.Launcher@main] Found classpath entry '/C:/Users/ant_1/.m2/repository/org/glassfish/jakarta.el/3.0.3/jakarta.el-3.0.3.jar' 
2022-04-19 11:53:28.332 DEBUG [acme.Launcher@main] Found classpath entry '/C:/Users/ant_1/.m2/repository/org/apache/tomcat/embed/tomcat-embed-websocket/9.0.41/tomcat-embed-websocket-9.0.41.jar' 
2022-04-19 11:53:28.332 DEBUG [acme.Launcher@main] Found classpath entry '/C:/Users/ant_1/.m2/repository/org/apache/tomcat/embed/tomcat-embed-jasper/9.0.41/tomcat-embed-jasper-9.0.41.jar' 
2022-04-19 11:53:28.332 DEBUG [acme.Launcher@main] Found classpath entry '/C:/Users/ant_1/.m2/repository/org/apache/tomcat/embed/tomcat-embed-el/9.0.41/tomcat-embed-el-9.0.41.jar' 
2022-04-19 11:53:28.332 DEBUG [acme.Launcher@main] Found classpath entry '/C:/Users/ant_1/.m2/repository/org/eclipse/jdt/ecj/3.18.0/ecj-3.18.0.jar' 
2022-04-19 11:53:28.333 DEBUG [acme.Launcher@main] Found classpath entry '/C:/Users/ant_1/.m2/repository/javax/servlet/jstl/1.2/jstl-1.2.jar' 
2022-04-19 11:53:28.333 DEBUG [acme.Launcher@main] Found classpath entry '/C:/Users/ant_1/.m2/repository/org/springframework/boot/spring-boot-starter-test/2.4.2/spring-boot-starter-test-2.4.2.jar' 
2022-04-19 11:53:28.333 DEBUG [acme.Launcher@main] Found classpath entry '/C:/Users/ant_1/.m2/repository/org/springframework/boot/spring-boot-starter/2.4.2/spring-boot-starter-2.4.2.jar' 
2022-04-19 11:53:28.333 DEBUG [acme.Launcher@main] Found classpath entry '/C:/Users/ant_1/.m2/repository/org/springframework/boot/spring-boot/2.4.2/spring-boot-2.4.2.jar' 
2022-04-19 11:53:28.334 DEBUG [acme.Launcher@main] Found classpath entry '/C:/Users/ant_1/.m2/repository/org/springframework/boot/spring-boot-autoconfigure/2.4.2/spring-boot-autoconfigure-2.4.2.jar' 
2022-04-19 11:53:28.334 DEBUG [acme.Launcher@main] Found classpath entry '/C:/Users/ant_1/.m2/repository/org/springframework/boot/spring-boot-starter-logging/2.4.2/spring-boot-starter-logging-2.4.2.jar' 
2022-04-19 11:53:28.334 DEBUG [acme.Launcher@main] Found classpath entry '/C:/Users/ant_1/.m2/repository/ch/qos/logback/logback-classic/1.2.3/logback-classic-1.2.3.jar' 
2022-04-19 11:53:28.335 DEBUG [acme.Launcher@main] Found classpath entry '/C:/Users/ant_1/.m2/repository/ch/qos/logback/logback-core/1.2.3/logback-core-1.2.3.jar' 
2022-04-19 11:53:28.335 DEBUG [acme.Launcher@main] Found classpath entry '/C:/Users/ant_1/.m2/repository/org/apache/logging/log4j/log4j-to-slf4j/2.13.3/log4j-to-slf4j-2.13.3.jar' 
2022-04-19 11:53:28.335 DEBUG [acme.Launcher@main] Found classpath entry '/C:/Users/ant_1/.m2/repository/org/apache/logging/log4j/log4j-api/2.13.3/log4j-api-2.13.3.jar' 
2022-04-19 11:53:28.335 DEBUG [acme.Launcher@main] Found classpath entry '/C:/Users/ant_1/.m2/repository/org/slf4j/jul-to-slf4j/1.7.30/jul-to-slf4j-1.7.30.jar' 
2022-04-19 11:53:28.336 DEBUG [acme.Launcher@main] Found classpath entry '/C:/Users/ant_1/.m2/repository/org/yaml/snakeyaml/1.27/snakeyaml-1.27.jar' 
2022-04-19 11:53:28.336 DEBUG [acme.Launcher@main] Found classpath entry '/C:/Users/ant_1/.m2/repository/org/springframework/boot/spring-boot-test/2.4.2/spring-boot-test-2.4.2.jar' 
2022-04-19 11:53:28.336 DEBUG [acme.Launcher@main] Found classpath entry '/C:/Users/ant_1/.m2/repository/org/springframework/boot/spring-boot-test-autoconfigure/2.4.2/spring-boot-test-autoconfigure-2.4.2.jar' 
2022-04-19 11:53:28.337 DEBUG [acme.Launcher@main] Found classpath entry '/C:/Users/ant_1/.m2/repository/com/jayway/jsonpath/json-path/2.4.0/json-path-2.4.0.jar' 
2022-04-19 11:53:28.337 DEBUG [acme.Launcher@main] Found classpath entry '/C:/Users/ant_1/.m2/repository/net/minidev/json-smart/2.3/json-smart-2.3.jar' 
2022-04-19 11:53:28.337 DEBUG [acme.Launcher@main] Found classpath entry '/C:/Users/ant_1/.m2/repository/net/minidev/accessors-smart/1.2/accessors-smart-1.2.jar' 
2022-04-19 11:53:28.337 DEBUG [acme.Launcher@main] Found classpath entry '/C:/Users/ant_1/.m2/repository/org/ow2/asm/asm/5.0.4/asm-5.0.4.jar' 
2022-04-19 11:53:28.338 DEBUG [acme.Launcher@main] Found classpath entry '/C:/Users/ant_1/.m2/repository/jakarta/xml/bind/jakarta.xml.bind-api/2.3.3/jakarta.xml.bind-api-2.3.3.jar' 
2022-04-19 11:53:28.338 DEBUG [acme.Launcher@main] Found classpath entry '/C:/Users/ant_1/.m2/repository/jakarta/activation/jakarta.activation-api/1.2.2/jakarta.activation-api-1.2.2.jar' 
2022-04-19 11:53:28.338 DEBUG [acme.Launcher@main] Found classpath entry '/C:/Users/ant_1/.m2/repository/org/assertj/assertj-core/3.18.1/assertj-core-3.18.1.jar' 
2022-04-19 11:53:28.338 DEBUG [acme.Launcher@main] Found classpath entry '/C:/Users/ant_1/.m2/repository/org/hamcrest/hamcrest/2.2/hamcrest-2.2.jar' 
2022-04-19 11:53:28.339 DEBUG [acme.Launcher@main] Found classpath entry '/C:/Users/ant_1/.m2/repository/org/junit/jupiter/junit-jupiter/5.7.0/junit-jupiter-5.7.0.jar' 
2022-04-19 11:53:28.339 DEBUG [acme.Launcher@main] Found classpath entry '/C:/Users/ant_1/.m2/repository/org/mockito/mockito-core/3.6.28/mockito-core-3.6.28.jar' 
2022-04-19 11:53:28.339 DEBUG [acme.Launcher@main] Found classpath entry '/C:/Users/ant_1/.m2/repository/net/bytebuddy/byte-buddy-agent/1.10.19/byte-buddy-agent-1.10.19.jar' 
2022-04-19 11:53:28.339 DEBUG [acme.Launcher@main] Found classpath entry '/C:/Users/ant_1/.m2/repository/org/objenesis/objenesis/3.1/objenesis-3.1.jar' 
2022-04-19 11:53:28.340 DEBUG [acme.Launcher@main] Found classpath entry '/C:/Users/ant_1/.m2/repository/org/mockito/mockito-junit-jupiter/3.6.28/mockito-junit-jupiter-3.6.28.jar' 
2022-04-19 11:53:28.340 DEBUG [acme.Launcher@main] Found classpath entry '/C:/Users/ant_1/.m2/repository/org/skyscreamer/jsonassert/1.5.0/jsonassert-1.5.0.jar' 
2022-04-19 11:53:28.340 DEBUG [acme.Launcher@main] Found classpath entry '/C:/Users/ant_1/.m2/repository/com/vaadin/external/google/android-json/0.0.20131108.vaadin1/android-json-0.0.20131108.vaadin1.jar' 
2022-04-19 11:53:28.341 DEBUG [acme.Launcher@main] Found classpath entry '/C:/Users/ant_1/.m2/repository/org/springframework/spring-core/5.3.3/spring-core-5.3.3.jar' 
2022-04-19 11:53:28.341 DEBUG [acme.Launcher@main] Found classpath entry '/C:/Users/ant_1/.m2/repository/org/springframework/spring-jcl/5.3.3/spring-jcl-5.3.3.jar' 
2022-04-19 11:53:28.341 DEBUG [acme.Launcher@main] Found classpath entry '/C:/Users/ant_1/.m2/repository/org/springframework/spring-test/5.3.3/spring-test-5.3.3.jar' 
2022-04-19 11:53:28.341 DEBUG [acme.Launcher@main] Found classpath entry '/C:/Users/ant_1/.m2/repository/org/xmlunit/xmlunit-core/2.7.0/xmlunit-core-2.7.0.jar' 
2022-04-19 11:53:28.342 DEBUG [acme.Launcher@main] Found classpath entry '/C:/Users/ant_1/.m2/repository/org/springframework/boot/spring-boot-starter-security/2.4.2/spring-boot-starter-security-2.4.2.jar' 
2022-04-19 11:53:28.342 DEBUG [acme.Launcher@main] Found classpath entry '/C:/Users/ant_1/.m2/repository/org/springframework/spring-aop/5.3.3/spring-aop-5.3.3.jar' 
2022-04-19 11:53:28.342 DEBUG [acme.Launcher@main] Found classpath entry '/C:/Users/ant_1/.m2/repository/org/springframework/security/spring-security-web/5.4.2/spring-security-web-5.4.2.jar' 
2022-04-19 11:53:28.342 DEBUG [acme.Launcher@main] Found classpath entry '/C:/Users/ant_1/.m2/repository/org/springframework/security/spring-security-core/5.4.2/spring-security-core-5.4.2.jar' 
2022-04-19 11:53:28.343 DEBUG [acme.Launcher@main] Found classpath entry '/C:/Users/ant_1/.m2/repository/org/springframework/spring-beans/5.3.3/spring-beans-5.3.3.jar' 
2022-04-19 11:53:28.343 DEBUG [acme.Launcher@main] Found classpath entry '/C:/Users/ant_1/.m2/repository/org/springframework/spring-context/5.3.3/spring-context-5.3.3.jar' 
2022-04-19 11:53:28.343 DEBUG [acme.Launcher@main] Found classpath entry '/C:/Users/ant_1/.m2/repository/org/springframework/spring-expression/5.3.3/spring-expression-5.3.3.jar' 
2022-04-19 11:53:28.343 DEBUG [acme.Launcher@main] Found classpath entry '/C:/Users/ant_1/.m2/repository/org/springframework/spring-web/5.3.3/spring-web-5.3.3.jar' 
2022-04-19 11:53:28.344 DEBUG [acme.Launcher@main] Found classpath entry '/C:/Users/ant_1/.m2/repository/org/springframework/security/spring-security-config/5.4.2/spring-security-config-5.4.2.jar' 
2022-04-19 11:53:28.344 DEBUG [acme.Launcher@main] Found classpath entry '/C:/Users/ant_1/.m2/repository/org/springframework/security/spring-security-taglibs/5.4.2/spring-security-taglibs-5.4.2.jar' 
2022-04-19 11:53:28.344 DEBUG [acme.Launcher@main] Found classpath entry '/C:/Users/ant_1/.m2/repository/org/springframework/security/spring-security-acl/5.4.2/spring-security-acl-5.4.2.jar' 
2022-04-19 11:53:28.345 DEBUG [acme.Launcher@main] Found classpath entry '/C:/Users/ant_1/.m2/repository/org/springframework/spring-jdbc/5.3.3/spring-jdbc-5.3.3.jar' 
2022-04-19 11:53:28.345 DEBUG [acme.Launcher@main] Found classpath entry '/C:/Users/ant_1/.m2/repository/org/springframework/spring-tx/5.3.3/spring-tx-5.3.3.jar' 
2022-04-19 11:53:28.345 DEBUG [acme.Launcher@main] Found classpath entry '/C:/Users/ant_1/.m2/repository/org/springframework/boot/spring-boot-starter-web/2.4.2/spring-boot-starter-web-2.4.2.jar' 
2022-04-19 11:53:28.345 DEBUG [acme.Launcher@main] Found classpath entry '/C:/Users/ant_1/.m2/repository/org/springframework/boot/spring-boot-starter-json/2.4.2/spring-boot-starter-json-2.4.2.jar' 
2022-04-19 11:53:28.346 DEBUG [acme.Launcher@main] Found classpath entry '/C:/Users/ant_1/.m2/repository/com/fasterxml/jackson/core/jackson-databind/2.11.4/jackson-databind-2.11.4.jar' 
2022-04-19 11:53:28.346 DEBUG [acme.Launcher@main] Found classpath entry '/C:/Users/ant_1/.m2/repository/com/fasterxml/jackson/core/jackson-annotations/2.11.4/jackson-annotations-2.11.4.jar' 
2022-04-19 11:53:28.346 DEBUG [acme.Launcher@main] Found classpath entry '/C:/Users/ant_1/.m2/repository/com/fasterxml/jackson/core/jackson-core/2.11.4/jackson-core-2.11.4.jar' 
2022-04-19 11:53:28.346 DEBUG [acme.Launcher@main] Found classpath entry '/C:/Users/ant_1/.m2/repository/com/fasterxml/jackson/datatype/jackson-datatype-jdk8/2.11.4/jackson-datatype-jdk8-2.11.4.jar' 
2022-04-19 11:53:28.347 DEBUG [acme.Launcher@main] Found classpath entry '/C:/Users/ant_1/.m2/repository/com/fasterxml/jackson/datatype/jackson-datatype-jsr310/2.11.4/jackson-datatype-jsr310-2.11.4.jar' 
2022-04-19 11:53:28.347 DEBUG [acme.Launcher@main] Found classpath entry '/C:/Users/ant_1/.m2/repository/com/fasterxml/jackson/module/jackson-module-parameter-names/2.11.4/jackson-module-parameter-names-2.11.4.jar' 
2022-04-19 11:53:28.347 DEBUG [acme.Launcher@main] Found classpath entry '/C:/Users/ant_1/.m2/repository/org/springframework/spring-webmvc/5.3.3/spring-webmvc-5.3.3.jar' 
2022-04-19 11:53:28.347 DEBUG [acme.Launcher@main] Found classpath entry '/C:/Users/ant_1/.m2/repository/org/apache/tiles/tiles-jsp/3.0.8/tiles-jsp-3.0.8.jar' 
2022-04-19 11:53:28.347 DEBUG [acme.Launcher@main] Found classpath entry '/C:/Users/ant_1/.m2/repository/org/apache/tiles/tiles-servlet/3.0.8/tiles-servlet-3.0.8.jar' 
2022-04-19 11:53:28.348 DEBUG [acme.Launcher@main] Found classpath entry '/C:/Users/ant_1/.m2/repository/org/apache/tiles/tiles-core/3.0.8/tiles-core-3.0.8.jar' 
2022-04-19 11:53:28.348 DEBUG [acme.Launcher@main] Found classpath entry '/C:/Users/ant_1/.m2/repository/commons-digester/commons-digester/2.0/commons-digester-2.0.jar' 
2022-04-19 11:53:28.348 DEBUG [acme.Launcher@main] Found classpath entry '/C:/Users/ant_1/.m2/repository/org/slf4j/jcl-over-slf4j/1.7.30/jcl-over-slf4j-1.7.30.jar' 
2022-04-19 11:53:28.348 DEBUG [acme.Launcher@main] Found classpath entry '/C:/Users/ant_1/.m2/repository/org/apache/tiles/tiles-request-servlet/1.0.7/tiles-request-servlet-1.0.7.jar' 
2022-04-19 11:53:28.349 DEBUG [acme.Launcher@main] Found classpath entry '/C:/Users/ant_1/.m2/repository/org/apache/tiles/tiles-template/3.0.8/tiles-template-3.0.8.jar' 
2022-04-19 11:53:28.349 DEBUG [acme.Launcher@main] Found classpath entry '/C:/Users/ant_1/.m2/repository/org/apache/tiles/tiles-api/3.0.8/tiles-api-3.0.8.jar' 
2022-04-19 11:53:28.349 DEBUG [acme.Launcher@main] Found classpath entry '/C:/Users/ant_1/.m2/repository/org/apache/tiles/tiles-autotag-core-runtime/1.2/tiles-autotag-core-runtime-1.2.jar' 
2022-04-19 11:53:28.349 DEBUG [acme.Launcher@main] Found classpath entry '/C:/Users/ant_1/.m2/repository/org/slf4j/slf4j-api/1.7.30/slf4j-api-1.7.30.jar' 
2022-04-19 11:53:28.350 DEBUG [acme.Launcher@main] Found classpath entry '/C:/Users/ant_1/.m2/repository/org/apache/tiles/tiles-request-jsp/1.0.7/tiles-request-jsp-1.0.7.jar' 
2022-04-19 11:53:28.350 DEBUG [acme.Launcher@main] Found classpath entry '/C:/Users/ant_1/.m2/repository/org/apache/tiles/tiles-request-api/1.0.7/tiles-request-api-1.0.7.jar' 
2022-04-19 11:53:28.350 DEBUG [acme.Launcher@main] Found classpath entry '/C:/Users/ant_1/.m2/repository/org/springframework/boot/spring-boot-starter-data-jpa/2.4.2/spring-boot-starter-data-jpa-2.4.2.jar' 
2022-04-19 11:53:28.350 DEBUG [acme.Launcher@main] Found classpath entry '/C:/Users/ant_1/.m2/repository/org/springframework/boot/spring-boot-starter-aop/2.4.2/spring-boot-starter-aop-2.4.2.jar' 
2022-04-19 11:53:28.351 DEBUG [acme.Launcher@main] Found classpath entry '/C:/Users/ant_1/.m2/repository/org/aspectj/aspectjweaver/1.9.6/aspectjweaver-1.9.6.jar' 
2022-04-19 11:53:28.351 DEBUG [acme.Launcher@main] Found classpath entry '/C:/Users/ant_1/.m2/repository/org/springframework/boot/spring-boot-starter-jdbc/2.4.2/spring-boot-starter-jdbc-2.4.2.jar' 
2022-04-19 11:53:28.351 DEBUG [acme.Launcher@main] Found classpath entry '/C:/Users/ant_1/.m2/repository/jakarta/transaction/jakarta.transaction-api/1.3.3/jakarta.transaction-api-1.3.3.jar' 
2022-04-19 11:53:28.351 DEBUG [acme.Launcher@main] Found classpath entry '/C:/Users/ant_1/.m2/repository/jakarta/persistence/jakarta.persistence-api/2.2.3/jakarta.persistence-api-2.2.3.jar' 
2022-04-19 11:53:28.351 DEBUG [acme.Launcher@main] Found classpath entry '/C:/Users/ant_1/.m2/repository/org/hibernate/hibernate-core/5.4.27.Final/hibernate-core-5.4.27.Final.jar' 
2022-04-19 11:53:28.352 DEBUG [acme.Launcher@main] Found classpath entry '/C:/Users/ant_1/.m2/repository/org/jboss/logging/jboss-logging/3.4.1.Final/jboss-logging-3.4.1.Final.jar' 
2022-04-19 11:53:28.352 DEBUG [acme.Launcher@main] Found classpath entry '/C:/Users/ant_1/.m2/repository/org/javassist/javassist/3.27.0-GA/javassist-3.27.0-GA.jar' 
2022-04-19 11:53:28.352 DEBUG [acme.Launcher@main] Found classpath entry '/C:/Users/ant_1/.m2/repository/antlr/antlr/2.7.7/antlr-2.7.7.jar' 
2022-04-19 11:53:28.352 DEBUG [acme.Launcher@main] Found classpath entry '/C:/Users/ant_1/.m2/repository/org/jboss/jandex/2.1.3.Final/jandex-2.1.3.Final.jar' 
2022-04-19 11:53:28.353 DEBUG [acme.Launcher@main] Found classpath entry '/C:/Users/ant_1/.m2/repository/com/fasterxml/classmate/1.5.1/classmate-1.5.1.jar' 
2022-04-19 11:53:28.353 DEBUG [acme.Launcher@main] Found classpath entry '/C:/Users/ant_1/.m2/repository/org/dom4j/dom4j/2.1.3/dom4j-2.1.3.jar' 
2022-04-19 11:53:28.353 DEBUG [acme.Launcher@main] Found classpath entry '/C:/Users/ant_1/.m2/repository/org/hibernate/common/hibernate-commons-annotations/5.1.2.Final/hibernate-commons-annotations-5.1.2.Final.jar' 
2022-04-19 11:53:28.353 DEBUG [acme.Launcher@main] Found classpath entry '/C:/Users/ant_1/.m2/repository/org/glassfish/jaxb/jaxb-runtime/2.3.3/jaxb-runtime-2.3.3.jar' 
2022-04-19 11:53:28.353 DEBUG [acme.Launcher@main] Found classpath entry '/C:/Users/ant_1/.m2/repository/org/glassfish/jaxb/txw2/2.3.3/txw2-2.3.3.jar' 
2022-04-19 11:53:28.354 DEBUG [acme.Launcher@main] Found classpath entry '/C:/Users/ant_1/.m2/repository/com/sun/istack/istack-commons-runtime/3.0.11/istack-commons-runtime-3.0.11.jar' 
2022-04-19 11:53:28.354 DEBUG [acme.Launcher@main] Found classpath entry '/C:/Users/ant_1/.m2/repository/com/sun/activation/jakarta.activation/1.2.2/jakarta.activation-1.2.2.jar' 
2022-04-19 11:53:28.354 DEBUG [acme.Launcher@main] Found classpath entry '/C:/Users/ant_1/.m2/repository/org/springframework/data/spring-data-jpa/2.4.3/spring-data-jpa-2.4.3.jar' 
2022-04-19 11:53:28.354 DEBUG [acme.Launcher@main] Found classpath entry '/C:/Users/ant_1/.m2/repository/org/springframework/data/spring-data-commons/2.4.3/spring-data-commons-2.4.3.jar' 
2022-04-19 11:53:28.354 DEBUG [acme.Launcher@main] Found classpath entry '/C:/Users/ant_1/.m2/repository/org/springframework/spring-orm/5.3.3/spring-orm-5.3.3.jar' 
2022-04-19 11:53:28.355 DEBUG [acme.Launcher@main] Found classpath entry '/C:/Users/ant_1/.m2/repository/org/springframework/spring-aspects/5.3.3/spring-aspects-5.3.3.jar' 
2022-04-19 11:53:28.355 DEBUG [acme.Launcher@main] Found classpath entry '/C:/Users/ant_1/.m2/repository/org/springframework/boot/spring-boot-starter-validation/2.4.2/spring-boot-starter-validation-2.4.2.jar' 
2022-04-19 11:53:28.355 DEBUG [acme.Launcher@main] Found classpath entry '/C:/Users/ant_1/.m2/repository/org/hibernate/validator/hibernate-validator/6.1.7.Final/hibernate-validator-6.1.7.Final.jar' 
2022-04-19 11:53:28.355 DEBUG [acme.Launcher@main] Found classpath entry '/C:/Users/ant_1/.m2/repository/jakarta/validation/jakarta.validation-api/2.0.2/jakarta.validation-api-2.0.2.jar' 
2022-04-19 11:53:28.356 DEBUG [acme.Launcher@main] Found classpath entry '/C:/Users/ant_1/.m2/repository/mysql/mysql-connector-java/8.0.22/mysql-connector-java-8.0.22.jar' 
2022-04-19 11:53:28.356 DEBUG [acme.Launcher@main] Found classpath entry '/C:/Users/ant_1/.m2/repository/com/zaxxer/HikariCP/3.4.5/HikariCP-3.4.5.jar' 
2022-04-19 11:53:28.356 DEBUG [acme.Launcher@main] Found classpath entry '/C:/Users/ant_1/.m2/repository/org/junit/jupiter/junit-jupiter-engine/5.7.0/junit-jupiter-engine-5.7.0.jar' 
2022-04-19 11:53:28.356 DEBUG [acme.Launcher@main] Found classpath entry '/C:/Users/ant_1/.m2/repository/org/apiguardian/apiguardian-api/1.1.0/apiguardian-api-1.1.0.jar' 
2022-04-19 11:53:28.356 DEBUG [acme.Launcher@main] Found classpath entry '/C:/Users/ant_1/.m2/repository/org/junit/platform/junit-platform-engine/1.7.0/junit-platform-engine-1.7.0.jar' 
2022-04-19 11:53:28.357 DEBUG [acme.Launcher@main] Found classpath entry '/C:/Users/ant_1/.m2/repository/org/junit/jupiter/junit-jupiter-api/5.7.0/junit-jupiter-api-5.7.0.jar' 
2022-04-19 11:53:28.357 DEBUG [acme.Launcher@main] Found classpath entry '/C:/Users/ant_1/.m2/repository/org/opentest4j/opentest4j/1.2.0/opentest4j-1.2.0.jar' 
2022-04-19 11:53:28.357 DEBUG [acme.Launcher@main] Found classpath entry '/C:/Users/ant_1/.m2/repository/org/junit/platform/junit-platform-commons/1.7.0/junit-platform-commons-1.7.0.jar' 
2022-04-19 11:53:28.357 DEBUG [acme.Launcher@main] Found classpath entry '/C:/Users/ant_1/.m2/repository/org/junit/jupiter/junit-jupiter-params/5.7.0/junit-jupiter-params-5.7.0.jar' 
2022-04-19 11:53:28.358 DEBUG [acme.Launcher@main] Found classpath entry '/C:/Users/ant_1/.m2/repository/org/junit/platform/junit-platform-launcher/1.7.0/junit-platform-launcher-1.7.0.jar' 
2022-04-19 11:53:28.358 DEBUG [acme.Launcher@main] Found classpath entry '/C:/Users/ant_1/.m2/repository/org/seleniumhq/selenium/selenium-java/3.141.59/selenium-java-3.141.59.jar' 
2022-04-19 11:53:28.358 DEBUG [acme.Launcher@main] Found classpath entry '/C:/Users/ant_1/.m2/repository/org/seleniumhq/selenium/selenium-api/3.141.59/selenium-api-3.141.59.jar' 
2022-04-19 11:53:28.358 DEBUG [acme.Launcher@main] Found classpath entry '/C:/Users/ant_1/.m2/repository/org/seleniumhq/selenium/selenium-chrome-driver/3.141.59/selenium-chrome-driver-3.141.59.jar' 
2022-04-19 11:53:28.358 DEBUG [acme.Launcher@main] Found classpath entry '/C:/Users/ant_1/.m2/repository/org/seleniumhq/selenium/selenium-edge-driver/3.141.59/selenium-edge-driver-3.141.59.jar' 
2022-04-19 11:53:28.359 DEBUG [acme.Launcher@main] Found classpath entry '/C:/Users/ant_1/.m2/repository/org/seleniumhq/selenium/selenium-firefox-driver/3.141.59/selenium-firefox-driver-3.141.59.jar' 
2022-04-19 11:53:28.359 DEBUG [acme.Launcher@main] Found classpath entry '/C:/Users/ant_1/.m2/repository/org/seleniumhq/selenium/selenium-ie-driver/3.141.59/selenium-ie-driver-3.141.59.jar' 
2022-04-19 11:53:28.359 DEBUG [acme.Launcher@main] Found classpath entry '/C:/Users/ant_1/.m2/repository/org/seleniumhq/selenium/selenium-opera-driver/3.141.59/selenium-opera-driver-3.141.59.jar' 
2022-04-19 11:53:28.359 DEBUG [acme.Launcher@main] Found classpath entry '/C:/Users/ant_1/.m2/repository/org/seleniumhq/selenium/selenium-remote-driver/3.141.59/selenium-remote-driver-3.141.59.jar' 
2022-04-19 11:53:28.359 DEBUG [acme.Launcher@main] Found classpath entry '/C:/Users/ant_1/.m2/repository/org/seleniumhq/selenium/selenium-safari-driver/3.141.59/selenium-safari-driver-3.141.59.jar' 
2022-04-19 11:53:28.360 DEBUG [acme.Launcher@main] Found classpath entry '/C:/Users/ant_1/.m2/repository/org/seleniumhq/selenium/selenium-support/3.141.59/selenium-support-3.141.59.jar' 
2022-04-19 11:53:28.360 DEBUG [acme.Launcher@main] Found classpath entry '/C:/Users/ant_1/.m2/repository/net/bytebuddy/byte-buddy/1.10.19/byte-buddy-1.10.19.jar' 
2022-04-19 11:53:28.360 DEBUG [acme.Launcher@main] Found classpath entry '/C:/Users/ant_1/.m2/repository/org/apache/commons/commons-exec/1.3/commons-exec-1.3.jar' 
2022-04-19 11:53:28.360 DEBUG [acme.Launcher@main] Found classpath entry '/C:/Users/ant_1/.m2/repository/com/google/guava/guava/25.0-jre/guava-25.0-jre.jar' 
2022-04-19 11:53:28.361 DEBUG [acme.Launcher@main] Found classpath entry '/C:/Users/ant_1/.m2/repository/com/google/code/findbugs/jsr305/1.3.9/jsr305-1.3.9.jar' 
2022-04-19 11:53:28.361 DEBUG [acme.Launcher@main] Found classpath entry '/C:/Users/ant_1/.m2/repository/org/checkerframework/checker-compat-qual/2.0.0/checker-compat-qual-2.0.0.jar' 
2022-04-19 11:53:28.361 DEBUG [acme.Launcher@main] Found classpath entry '/C:/Users/ant_1/.m2/repository/com/google/errorprone/error_prone_annotations/2.1.3/error_prone_annotations-2.1.3.jar' 
2022-04-19 11:53:28.361 DEBUG [acme.Launcher@main] Found classpath entry '/C:/Users/ant_1/.m2/repository/com/google/j2objc/j2objc-annotations/1.1/j2objc-annotations-1.1.jar' 
2022-04-19 11:53:28.361 DEBUG [acme.Launcher@main] Found classpath entry '/C:/Users/ant_1/.m2/repository/org/codehaus/mojo/animal-sniffer-annotations/1.14/animal-sniffer-annotations-1.14.jar' 
2022-04-19 11:53:28.362 DEBUG [acme.Launcher@main] Found classpath entry '/C:/Users/ant_1/.m2/repository/com/squareup/okhttp3/okhttp/3.14.9/okhttp-3.14.9.jar' 
2022-04-19 11:53:28.362 DEBUG [acme.Launcher@main] Found classpath entry '/C:/Users/ant_1/.m2/repository/com/squareup/okio/okio/1.14.0/okio-1.14.0.jar' 
2022-04-19 11:53:28.362 DEBUG [acme.Launcher@main] Found classpath entry '/C:/Users/ant_1/.m2/repository/org/apache/commons/commons-lang3/3.11/commons-lang3-3.11.jar' 
2022-04-19 11:53:28.362 DEBUG [acme.Launcher@main] Found classpath entry '/C:/Users/ant_1/.m2/repository/org/apache/commons/commons-text/1.8/commons-text-1.8.jar' 
2022-04-19 11:53:28.362 DEBUG [acme.Launcher@main] Found classpath entry '/C:/Users/ant_1/.m2/repository/commons-io/commons-io/2.6/commons-io-2.6.jar' 
2022-04-19 11:53:28.363 DEBUG [acme.Launcher@main] Found classpath entry '/C:/Users/ant_1/.m2/repository/commons-cli/commons-cli/1.4/commons-cli-1.4.jar' 
2022-04-19 11:53:28.363 DEBUG [acme.Launcher@main] Found classpath entry '/C:/Users/ant_1/.m2/repository/org/projectlombok/lombok/1.18.16/lombok-1.18.16.jar' 
2022-04-19 11:53:28.363 DEBUG [acme.Launcher@main] Found classpath entry '/C:/Users/ant_1/.m2/repository/com/opencsv/opencsv/5.4/opencsv-5.4.jar' 
2022-04-19 11:53:28.363 DEBUG [acme.Launcher@main] Found classpath entry '/C:/Users/ant_1/.m2/repository/commons-beanutils/commons-beanutils/1.9.4/commons-beanutils-1.9.4.jar' 
2022-04-19 11:53:28.363 DEBUG [acme.Launcher@main] Found classpath entry '/C:/Users/ant_1/.m2/repository/commons-logging/commons-logging/1.2/commons-logging-1.2.jar' 
2022-04-19 11:53:28.363 DEBUG [acme.Launcher@main] Found classpath entry '/C:/Users/ant_1/.m2/repository/commons-collections/commons-collections/3.2.2/commons-collections-3.2.2.jar' 
2022-04-19 11:53:28.364 DEBUG [acme.Launcher@main] Found classpath entry '/C:/Users/ant_1/.m2/repository/org/apache/commons/commons-collections4/4.4/commons-collections4-4.4.jar' 
2022-04-19 11:53:28.480 DEBUG [acme.Launcher@main] Found entity class 'acme.entities.announcements.Announcement 
2022-04-19 11:53:28.480 DEBUG [acme.Launcher@main] Found entity class 'acme.entities.chirp.Chirp 
2022-04-19 11:53:28.481 DEBUG [acme.Launcher@main] Found entity class 'acme.entities.item.Amount 
2022-04-19 11:53:28.481 DEBUG [acme.Launcher@main] Found entity class 'acme.entities.item.Item 
2022-04-19 11:53:28.481 DEBUG [acme.Launcher@main] Found entity class 'acme.entities.patronageReport.PatronageReport 
2022-04-19 11:53:28.482 DEBUG [acme.Launcher@main] Found entity class 'acme.entities.patronages.Patronage 
2022-04-19 11:53:28.482 DEBUG [acme.Launcher@main] Found entity class 'acme.entities.tookit.Toolkit 
2022-04-19 11:53:28.482 DEBUG [acme.Launcher@main] Found entity class 'acme.roles.Inventor 
2022-04-19 11:53:28.482 DEBUG [acme.Launcher@main] Found entity class 'acme.roles.Patron 
2022-04-19 11:53:28.482 DEBUG [acme.Launcher@main] Found entity class 'acme.systemConfiguration.SystemConfiguration 
2022-04-19 11:53:28.484 DEBUG [acme.Launcher@main] Found entity class 'acme.framework.entities.UserAccount 
2022-04-19 11:53:28.485 DEBUG [acme.Launcher@main] Found entity class 'acme.framework.roles.Administrator 
2022-04-19 11:53:28.485 DEBUG [acme.Launcher@main] Found entity class 'acme.framework.roles.Anonymous 
2022-04-19 11:53:28.485 DEBUG [acme.Launcher@main] Found entity class 'acme.framework.roles.Any 
2022-04-19 11:53:28.486 DEBUG [acme.Launcher@main] Found entity class 'acme.framework.roles.Authenticated 
2022-04-19 11:53:28.494 INFO  [acme.Launcher@main] Running application (Standalone) 
2022-04-19 11:59:07.354 DEBUG [acme.framework.components.tiles.DynamicTilesView@http-nio-8080-exec-3] View name 'fragments/welcome', model {} 
2022-04-19 11:59:07.494 DEBUG [org.apache.tiles.definition.dao.BaseLocaleUrlDefinitionDAO@http-nio-8080-exec-3] File Resource file:/C:/Users/Antonio/Documents/antonio/informatica/DP2/Workspace-22.0/Projects/Acme-Toolkits/target/classes/WEB-INF/views/master/tiles_en.xml at file:/C:/Users/Antonio/Documents/antonio/informatica/DP2/Workspace-22.0/Projects/Acme-Toolkits/target/classes/WEB-INF/views/master/tiles_en.xml not found, continue 
2022-04-19 11:59:07.505 DEBUG [org.apache.jasper.servlet.JspServlet@http-nio-8080-exec-3] JspEngine --> /WEB-INF/views/master/page.jsp 
2022-04-19 11:59:07.506 DEBUG [org.apache.jasper.servlet.JspServlet@http-nio-8080-exec-3] ServletPath: /WEB-INF/views/master/page.jsp 
2022-04-19 11:59:07.507 DEBUG [org.apache.jasper.servlet.JspServlet@http-nio-8080-exec-3] PathInfo: null 
2022-04-19 11:59:07.512 DEBUG [org.apache.jasper.servlet.JspServlet@http-nio-8080-exec-3] RealPath: C:\Users\Antonio\Documents\antonio\informatica\DP2\Workspace-22.0\Projects\Acme-Toolkits\target\classes\WEB-INF\views\master\page.jsp 
2022-04-19 11:59:07.513 DEBUG [org.apache.jasper.servlet.JspServlet@http-nio-8080-exec-3] RequestURI: /acme-toolkits-22.1/WEB-INF/views/master/page.jsp 
2022-04-19 11:59:07.513 DEBUG [org.apache.jasper.servlet.JspServlet@http-nio-8080-exec-3] QueryString: null 
2022-04-19 11:59:14.483 DEBUG [acme.framework.configuration.ExtendedMessageSource@http-nio-8080-exec-3] Loading properties [C:\Users\Antonio\Documents\antonio\informatica\DP2\Workspace-22.0\Projects\Acme-Toolkits\target\classes\WEB-INF\views\administrator\user-account\messages-en.i18n] with encoding 'utf-8' 
2022-04-19 11:59:14.485 DEBUG [acme.framework.configuration.ExtendedMessageSource@http-nio-8080-exec-3] Loading properties [C:\Users\Antonio\Documents\antonio\informatica\DP2\Workspace-22.0\Projects\Acme-Toolkits\target\classes\WEB-INF\views\anonymous\user-account\messages-en.i18n] with encoding 'utf-8' 
2022-04-19 11:59:14.486 DEBUG [acme.framework.configuration.ExtendedMessageSource@http-nio-8080-exec-3] Loading properties [C:\Users\Antonio\Documents\antonio\informatica\DP2\Workspace-22.0\Projects\Acme-Toolkits\target\classes\WEB-INF\views\any\item\messsages-en.i18n] with encoding 'utf-8' 
2022-04-19 11:59:14.487 DEBUG [acme.framework.configuration.ExtendedMessageSource@http-nio-8080-exec-3] Loading properties [C:\Users\Antonio\Documents\antonio\informatica\DP2\Workspace-22.0\Projects\Acme-Toolkits\target\classes\WEB-INF\views\authenticated\consumer\messsages-en.i18n] with encoding 'utf-8' 
2022-04-19 11:59:14.488 DEBUG [acme.framework.configuration.ExtendedMessageSource@http-nio-8080-exec-3] Loading properties [C:\Users\Antonio\Documents\antonio\informatica\DP2\Workspace-22.0\Projects\Acme-Toolkits\target\classes\WEB-INF\views\authenticated\provider\messsages-en.i18n] with encoding 'utf-8' 
2022-04-19 11:59:14.489 DEBUG [acme.framework.configuration.ExtendedMessageSource@http-nio-8080-exec-3] Loading properties [C:\Users\Antonio\Documents\antonio\informatica\DP2\Workspace-22.0\Projects\Acme-Toolkits\target\classes\WEB-INF\views\authenticated\user-account\messages-en.i18n] with encoding 'utf-8' 
2022-04-19 11:59:14.490 DEBUG [acme.framework.configuration.ExtendedMessageSource@http-nio-8080-exec-3] Loading properties [C:\Users\Antonio\Documents\antonio\informatica\DP2\Workspace-22.0\Projects\Acme-Toolkits\target\classes\WEB-INF\views\fragments\banner-en.i18n] with encoding 'utf-8' 
2022-04-19 11:59:14.490 DEBUG [acme.framework.configuration.ExtendedMessageSource@http-nio-8080-exec-3] Loading properties [C:\Users\Antonio\Documents\antonio\informatica\DP2\Workspace-22.0\Projects\Acme-Toolkits\target\classes\WEB-INF\views\fragments\company-en.i18n] with encoding 'utf-8' 
2022-04-19 11:59:14.491 DEBUG [acme.framework.configuration.ExtendedMessageSource@http-nio-8080-exec-3] Loading properties [C:\Users\Antonio\Documents\antonio\informatica\DP2\Workspace-22.0\Projects\Acme-Toolkits\target\classes\WEB-INF\views\fragments\footer-en.i18n] with encoding 'utf-8' 
2022-04-19 11:59:14.492 DEBUG [acme.framework.configuration.ExtendedMessageSource@http-nio-8080-exec-3] Loading properties [C:\Users\Antonio\Documents\antonio\informatica\DP2\Workspace-22.0\Projects\Acme-Toolkits\target\classes\WEB-INF\views\fragments\license-en.i18n] with encoding 'utf-8' 
2022-04-19 11:59:14.493 DEBUG [acme.framework.configuration.ExtendedMessageSource@http-nio-8080-exec-3] Loading properties [C:\Users\Antonio\Documents\antonio\informatica\DP2\Workspace-22.0\Projects\Acme-Toolkits\target\classes\WEB-INF\views\fragments\menu-en.i18n] with encoding 'utf-8' 
2022-04-19 11:59:14.494 DEBUG [acme.framework.configuration.ExtendedMessageSource@http-nio-8080-exec-3] Loading properties [C:\Users\Antonio\Documents\antonio\informatica\DP2\Workspace-22.0\Projects\Acme-Toolkits\target\classes\WEB-INF\views\fragments\messsages-en.i18n] with encoding 'utf-8' 
2022-04-19 11:59:14.495 DEBUG [acme.framework.configuration.ExtendedMessageSource@http-nio-8080-exec-3] Loading properties [C:\Users\Antonio\Documents\antonio\informatica\DP2\Workspace-22.0\Projects\Acme-Toolkits\target\classes\WEB-INF\views\fragments\title-en.i18n] with encoding 'utf-8' 
2022-04-19 11:59:14.497 DEBUG [acme.framework.configuration.ExtendedMessageSource@http-nio-8080-exec-3] Loading properties [C:\Users\Antonio\Documents\antonio\informatica\DP2\Workspace-22.0\Projects\Acme-Toolkits\target\classes\WEB-INF\views\fragments\welcome-en.i18n] with encoding 'utf-8' 
2022-04-19 11:59:14.499 DEBUG [acme.framework.configuration.ExtendedMessageSource@http-nio-8080-exec-3] Loading properties [C:\Users\Antonio\Documents\antonio\informatica\DP2\Workspace-22.0\Projects\Acme-Toolkits\target\classes\WEB-INF\views\inventor\item\messsages-en.i18n] with encoding 'utf-8' 
2022-04-19 11:59:14.500 DEBUG [acme.framework.configuration.ExtendedMessageSource@http-nio-8080-exec-3] Loading properties [C:\Users\Antonio\Documents\antonio\informatica\DP2\Workspace-22.0\Projects\Acme-Toolkits\target\classes\WEB-INF\views\master\defaults-en.i18n] with encoding 'utf-8' 
2022-04-19 11:59:14.502 DEBUG [acme.framework.configuration.ExtendedMessageSource@http-nio-8080-exec-3] Loading properties [C:\Users\Antonio\Documents\antonio\informatica\DP2\Workspace-22.0\Projects\Acme-Toolkits\target\classes\WEB-INF\views\master\master-en.i18n] with encoding 'utf-8' 
2022-04-19 11:59:14.503 DEBUG [acme.framework.configuration.ExtendedMessageSource@http-nio-8080-exec-3] Loading properties [C:\Users\Antonio\Documents\antonio\informatica\DP2\Workspace-22.0\Projects\Acme-Toolkits\target\classes\WEB-INF\views\master\throwables-en.i18n] with encoding 'utf-8' 
2022-04-19 11:59:14.504 DEBUG [acme.framework.configuration.ExtendedMessageSource@http-nio-8080-exec-3] Loading properties [C:\Users\Antonio\Documents\antonio\informatica\DP2\Workspace-22.0\Projects\Acme-Toolkits\target\classes\WEB-INF\views\master\validation-en.i18n] with encoding 'utf-8' 
2022-04-19 11:59:14.778 DEBUG [org.apache.jasper.servlet.JspServlet@http-nio-8080-exec-3] JspEngine --> /WEB-INF/views/fragments/welcome.jsp 
2022-04-19 11:59:14.779 DEBUG [org.apache.jasper.servlet.JspServlet@http-nio-8080-exec-3] ServletPath: /WEB-INF/views/master/page.jsp 
2022-04-19 11:59:14.779 DEBUG [org.apache.jasper.servlet.JspServlet@http-nio-8080-exec-3] PathInfo: null 
2022-04-19 11:59:14.783 DEBUG [org.apache.jasper.servlet.JspServlet@http-nio-8080-exec-3] RealPath: C:\Users\Antonio\Documents\antonio\informatica\DP2\Workspace-22.0\Projects\Acme-Toolkits\target\classes\WEB-INF\views\fragments\welcome.jsp 
2022-04-19 11:59:14.784 DEBUG [org.apache.jasper.servlet.JspServlet@http-nio-8080-exec-3] RequestURI: /acme-toolkits-22.1/WEB-INF/views/master/page.jsp 
2022-04-19 11:59:14.784 DEBUG [org.apache.jasper.servlet.JspServlet@http-nio-8080-exec-3] QueryString: null 
2022-04-19 11:59:15.277 DEBUG [org.hibernate.SQL@http-nio-8080-exec-3] select useraccoun0_.id as id1_0_, useraccoun0_.version as version2_0_, useraccoun0_.enabled as enabled1_15_, useraccoun0_.identity as identity2_15_, useraccoun0_.password as password3_15_, useraccoun0_.username as username4_15_ from user_account useraccoun0_ where useraccoun0_.username=? 
2022-04-19 11:59:15.309 TRACE [org.hibernate.type.descriptor.sql.BasicBinder@http-nio-8080-exec-3] binding parameter [1] as [VARCHAR] - [anonymous] 
2022-04-19 11:59:15.388 DEBUG [org.hibernate.SQL@http-nio-8080-exec-3] select roles0_.user_account_id as user_acc1_16_0_, roles0_.id as id1_16_0_, roles0_.id as id1_0_1_, roles0_.version as version2_0_1_, roles0_.user_account_id as user_acc1_16_1_, roles0_.company as company1_8_1_, roles0_.optional_link as optional2_8_1_, roles0_.statement as statemen3_8_1_, roles0_.company as company1_10_1_, roles0_.optional_link as optional2_10_1_, roles0_.statement as statemen3_10_1_, roles0_.clazz_ as clazz_1_ from ( select id, version, user_account_id, company, optional_link, statement, 9 as clazz_ from inventor union all select id, version, user_account_id, company, optional_link, statement, 10 as clazz_ from patron union all select id, version, user_account_id, null as company, null as optional_link, null as statement, 13 as clazz_ from administrator union all select id, version, user_account_id, null as company, null as optional_link, null as statement, 14 as clazz_ from anonymous union all select id, version, user_account_id, null as company, null as optional_link, null as statement, 15 as clazz_ from any union all select id, version, user_account_id, null as company, null as optional_link, null as statement, 16 as clazz_ from authenticated ) roles0_ where roles0_.user_account_id=? 
2022-04-19 11:59:15.389 TRACE [org.hibernate.type.descriptor.sql.BasicBinder@http-nio-8080-exec-3] binding parameter [1] as [INTEGER] - [34] 
2022-04-19 11:59:22.709 DEBUG [acme.framework.controllers.AbstractController@http-nio-8080-exec-10] DISPATCHING GET /acme-toolkits-22.1/any/item/list-published-components 
2022-04-19 11:59:22.709 DEBUG [acme.framework.controllers.AbstractController@http-nio-8080-exec-10] Command: list-published-components 
2022-04-19 11:59:22.709 DEBUG [acme.framework.controllers.AbstractController@http-nio-8080-exec-10] Model:   {} 
2022-04-19 11:59:22.710 DEBUG [acme.framework.controllers.AbstractController@http-nio-8080-exec-10] Locale:  en 
2022-04-19 11:59:22.722 DEBUG [org.hibernate.SQL@http-nio-8080-exec-10] select useraccoun0_.id as id1_0_, useraccoun0_.version as version2_0_, useraccoun0_.enabled as enabled1_15_, useraccoun0_.identity as identity2_15_, useraccoun0_.password as password3_15_, useraccoun0_.username as username4_15_ from user_account useraccoun0_ where useraccoun0_.username=? 
2022-04-19 11:59:22.723 TRACE [org.hibernate.type.descriptor.sql.BasicBinder@http-nio-8080-exec-10] binding parameter [1] as [VARCHAR] - [anonymous] 
2022-04-19 11:59:22.725 DEBUG [org.hibernate.SQL@http-nio-8080-exec-10] select roles0_.user_account_id as user_acc1_16_0_, roles0_.id as id1_16_0_, roles0_.id as id1_0_1_, roles0_.version as version2_0_1_, roles0_.user_account_id as user_acc1_16_1_, roles0_.company as company1_8_1_, roles0_.optional_link as optional2_8_1_, roles0_.statement as statemen3_8_1_, roles0_.company as company1_10_1_, roles0_.optional_link as optional2_10_1_, roles0_.statement as statemen3_10_1_, roles0_.clazz_ as clazz_1_ from ( select id, version, user_account_id, company, optional_link, statement, 9 as clazz_ from inventor union all select id, version, user_account_id, company, optional_link, statement, 10 as clazz_ from patron union all select id, version, user_account_id, null as company, null as optional_link, null as statement, 13 as clazz_ from administrator union all select id, version, user_account_id, null as company, null as optional_link, null as statement, 14 as clazz_ from anonymous union all select id, version, user_account_id, null as company, null as optional_link, null as statement, 15 as clazz_ from any union all select id, version, user_account_id, null as company, null as optional_link, null as statement, 16 as clazz_ from authenticated ) roles0_ where roles0_.user_account_id=? 
2022-04-19 11:59:22.726 TRACE [org.hibernate.type.descriptor.sql.BasicBinder@http-nio-8080-exec-10] binding parameter [1] as [INTEGER] - [34] 
2022-04-19 11:59:22.780 DEBUG [org.hibernate.SQL@http-nio-8080-exec-10] select item0_.id as id1_0_, item0_.version as version2_0_, item0_.amount_id as amount_10_9_, item0_.code as code1_9_, item0_.description as descript2_9_, item0_.inventor_id as invento11_9_, item0_.link as link3_9_, item0_.name as name4_9_, item0_.published as publishe5_9_, item0_.retail_price_amount as retail_p6_9_, item0_.retail_price_currency as retail_p7_9_, item0_.technology as technolo8_9_, item0_.type as type9_9_ from item item0_ where item0_.type='COMPONENT' and item0_.published=1 
2022-04-19 11:59:22.785 DEBUG [org.hibernate.SQL@http-nio-8080-exec-10] select amount0_.id as id1_0_0_, amount0_.version as version2_0_0_, amount0_.toolkit_id as toolkit_2_2_0_, amount0_.units as units1_2_0_, toolkit1_.id as id1_0_1_, toolkit1_.version as version2_0_1_, toolkit1_.assembly_notes as assembly1_14_1_, toolkit1_.code as code2_14_1_, toolkit1_.description as descript3_14_1_, toolkit1_.link as link4_14_1_, toolkit1_.title as title5_14_1_, toolkit1_.total_price_amount as total_pr6_14_1_, toolkit1_.total_price_currency as total_pr7_14_1_ from amount amount0_ inner join toolkit toolkit1_ on amount0_.toolkit_id=toolkit1_.id where amount0_.id=? 
2022-04-19 11:59:22.786 TRACE [org.hibernate.type.descriptor.sql.BasicBinder@http-nio-8080-exec-10] binding parameter [1] as [INTEGER] - [22] 
2022-04-19 11:59:22.788 DEBUG [org.hibernate.SQL@http-nio-8080-exec-10] select inventor0_.id as id1_0_0_, inventor0_.version as version2_0_0_, inventor0_.user_account_id as user_acc1_16_0_, inventor0_.company as company1_8_0_, inventor0_.optional_link as optional2_8_0_, inventor0_.statement as statemen3_8_0_, useraccoun1_.id as id1_0_1_, useraccoun1_.version as version2_0_1_, useraccoun1_.enabled as enabled1_15_1_, useraccoun1_.identity as identity2_15_1_, useraccoun1_.password as password3_15_1_, useraccoun1_.username as username4_15_1_ from inventor inventor0_ inner join user_account useraccoun1_ on inventor0_.user_account_id=useraccoun1_.id where inventor0_.id=? 
2022-04-19 11:59:22.789 TRACE [org.hibernate.type.descriptor.sql.BasicBinder@http-nio-8080-exec-10] binding parameter [1] as [INTEGER] - [64] 
2022-04-19 11:59:22.792 DEBUG [org.hibernate.SQL@http-nio-8080-exec-10] select amount0_.id as id1_0_0_, amount0_.version as version2_0_0_, amount0_.toolkit_id as toolkit_2_2_0_, amount0_.units as units1_2_0_, toolkit1_.id as id1_0_1_, toolkit1_.version as version2_0_1_, toolkit1_.assembly_notes as assembly1_14_1_, toolkit1_.code as code2_14_1_, toolkit1_.description as descript3_14_1_, toolkit1_.link as link4_14_1_, toolkit1_.title as title5_14_1_, toolkit1_.total_price_amount as total_pr6_14_1_, toolkit1_.total_price_currency as total_pr7_14_1_ from amount amount0_ inner join toolkit toolkit1_ on amount0_.toolkit_id=toolkit1_.id where amount0_.id=? 
2022-04-19 11:59:22.792 TRACE [org.hibernate.type.descriptor.sql.BasicBinder@http-nio-8080-exec-10] binding parameter [1] as [INTEGER] - [16] 
2022-04-19 11:59:22.794 DEBUG [org.hibernate.SQL@http-nio-8080-exec-10] select inventor0_.id as id1_0_0_, inventor0_.version as version2_0_0_, inventor0_.user_account_id as user_acc1_16_0_, inventor0_.company as company1_8_0_, inventor0_.optional_link as optional2_8_0_, inventor0_.statement as statemen3_8_0_, useraccoun1_.id as id1_0_1_, useraccoun1_.version as version2_0_1_, useraccoun1_.enabled as enabled1_15_1_, useraccoun1_.identity as identity2_15_1_, useraccoun1_.password as password3_15_1_, useraccoun1_.username as username4_15_1_ from inventor inventor0_ inner join user_account useraccoun1_ on inventor0_.user_account_id=useraccoun1_.id where inventor0_.id=? 
2022-04-19 11:59:22.795 TRACE [org.hibernate.type.descriptor.sql.BasicBinder@http-nio-8080-exec-10] binding parameter [1] as [INTEGER] - [61] 
2022-04-19 11:59:22.797 DEBUG [org.hibernate.SQL@http-nio-8080-exec-10] select amount0_.id as id1_0_0_, amount0_.version as version2_0_0_, amount0_.toolkit_id as toolkit_2_2_0_, amount0_.units as units1_2_0_, toolkit1_.id as id1_0_1_, toolkit1_.version as version2_0_1_, toolkit1_.assembly_notes as assembly1_14_1_, toolkit1_.code as code2_14_1_, toolkit1_.description as descript3_14_1_, toolkit1_.link as link4_14_1_, toolkit1_.title as title5_14_1_, toolkit1_.total_price_amount as total_pr6_14_1_, toolkit1_.total_price_currency as total_pr7_14_1_ from amount amount0_ inner join toolkit toolkit1_ on amount0_.toolkit_id=toolkit1_.id where amount0_.id=? 
2022-04-19 11:59:22.798 TRACE [org.hibernate.type.descriptor.sql.BasicBinder@http-nio-8080-exec-10] binding parameter [1] as [INTEGER] - [27] 
2022-04-19 11:59:22.800 DEBUG [org.hibernate.SQL@http-nio-8080-exec-10] select inventor0_.id as id1_0_0_, inventor0_.version as version2_0_0_, inventor0_.user_account_id as user_acc1_16_0_, inventor0_.company as company1_8_0_, inventor0_.optional_link as optional2_8_0_, inventor0_.statement as statemen3_8_0_, useraccoun1_.id as id1_0_1_, useraccoun1_.version as version2_0_1_, useraccoun1_.enabled as enabled1_15_1_, useraccoun1_.identity as identity2_15_1_, useraccoun1_.password as password3_15_1_, useraccoun1_.username as username4_15_1_ from inventor inventor0_ inner join user_account useraccoun1_ on inventor0_.user_account_id=useraccoun1_.id where inventor0_.id=? 
2022-04-19 11:59:22.800 TRACE [org.hibernate.type.descriptor.sql.BasicBinder@http-nio-8080-exec-10] binding parameter [1] as [INTEGER] - [56] 
2022-04-19 11:59:22.804 DEBUG [org.hibernate.SQL@http-nio-8080-exec-10] select amount0_.id as id1_0_0_, amount0_.version as version2_0_0_, amount0_.toolkit_id as toolkit_2_2_0_, amount0_.units as units1_2_0_, toolkit1_.id as id1_0_1_, toolkit1_.version as version2_0_1_, toolkit1_.assembly_notes as assembly1_14_1_, toolkit1_.code as code2_14_1_, toolkit1_.description as descript3_14_1_, toolkit1_.link as link4_14_1_, toolkit1_.title as title5_14_1_, toolkit1_.total_price_amount as total_pr6_14_1_, toolkit1_.total_price_currency as total_pr7_14_1_ from amount amount0_ inner join toolkit toolkit1_ on amount0_.toolkit_id=toolkit1_.id where amount0_.id=? 
2022-04-19 11:59:22.804 TRACE [org.hibernate.type.descriptor.sql.BasicBinder@http-nio-8080-exec-10] binding parameter [1] as [INTEGER] - [18] 
2022-04-19 11:59:22.805 DEBUG [org.hibernate.SQL@http-nio-8080-exec-10] select inventor0_.id as id1_0_0_, inventor0_.version as version2_0_0_, inventor0_.user_account_id as user_acc1_16_0_, inventor0_.company as company1_8_0_, inventor0_.optional_link as optional2_8_0_, inventor0_.statement as statemen3_8_0_, useraccoun1_.id as id1_0_1_, useraccoun1_.version as version2_0_1_, useraccoun1_.enabled as enabled1_15_1_, useraccoun1_.identity as identity2_15_1_, useraccoun1_.password as password3_15_1_, useraccoun1_.username as username4_15_1_ from inventor inventor0_ inner join user_account useraccoun1_ on inventor0_.user_account_id=useraccoun1_.id where inventor0_.id=? 
2022-04-19 11:59:22.806 TRACE [org.hibernate.type.descriptor.sql.BasicBinder@http-nio-8080-exec-10] binding parameter [1] as [INTEGER] - [62] 
2022-04-19 11:59:22.808 DEBUG [org.hibernate.SQL@http-nio-8080-exec-10] select amount0_.id as id1_0_0_, amount0_.version as version2_0_0_, amount0_.toolkit_id as toolkit_2_2_0_, amount0_.units as units1_2_0_, toolkit1_.id as id1_0_1_, toolkit1_.version as version2_0_1_, toolkit1_.assembly_notes as assembly1_14_1_, toolkit1_.code as code2_14_1_, toolkit1_.description as descript3_14_1_, toolkit1_.link as link4_14_1_, toolkit1_.title as title5_14_1_, toolkit1_.total_price_amount as total_pr6_14_1_, toolkit1_.total_price_currency as total_pr7_14_1_ from amount amount0_ inner join toolkit toolkit1_ on amount0_.toolkit_id=toolkit1_.id where amount0_.id=? 
2022-04-19 11:59:22.809 TRACE [org.hibernate.type.descriptor.sql.BasicBinder@http-nio-8080-exec-10] binding parameter [1] as [INTEGER] - [32] 
2022-04-19 11:59:22.811 DEBUG [org.hibernate.SQL@http-nio-8080-exec-10] select inventor0_.id as id1_0_0_, inventor0_.version as version2_0_0_, inventor0_.user_account_id as user_acc1_16_0_, inventor0_.company as company1_8_0_, inventor0_.optional_link as optional2_8_0_, inventor0_.statement as statemen3_8_0_, useraccoun1_.id as id1_0_1_, useraccoun1_.version as version2_0_1_, useraccoun1_.enabled as enabled1_15_1_, useraccoun1_.identity as identity2_15_1_, useraccoun1_.password as password3_15_1_, useraccoun1_.username as username4_15_1_ from inventor inventor0_ inner join user_account useraccoun1_ on inventor0_.user_account_id=useraccoun1_.id where inventor0_.id=? 
2022-04-19 11:59:22.811 TRACE [org.hibernate.type.descriptor.sql.BasicBinder@http-nio-8080-exec-10] binding parameter [1] as [INTEGER] - [65] 
2022-04-19 11:59:22.814 DEBUG [org.hibernate.SQL@http-nio-8080-exec-10] select amount0_.id as id1_0_0_, amount0_.version as version2_0_0_, amount0_.toolkit_id as toolkit_2_2_0_, amount0_.units as units1_2_0_, toolkit1_.id as id1_0_1_, toolkit1_.version as version2_0_1_, toolkit1_.assembly_notes as assembly1_14_1_, toolkit1_.code as code2_14_1_, toolkit1_.description as descript3_14_1_, toolkit1_.link as link4_14_1_, toolkit1_.title as title5_14_1_, toolkit1_.total_price_amount as total_pr6_14_1_, toolkit1_.total_price_currency as total_pr7_14_1_ from amount amount0_ inner join toolkit toolkit1_ on amount0_.toolkit_id=toolkit1_.id where amount0_.id=? 
2022-04-19 11:59:22.814 TRACE [org.hibernate.type.descriptor.sql.BasicBinder@http-nio-8080-exec-10] binding parameter [1] as [INTEGER] - [29] 
2022-04-19 11:59:22.816 DEBUG [org.hibernate.SQL@http-nio-8080-exec-10] select inventor0_.id as id1_0_0_, inventor0_.version as version2_0_0_, inventor0_.user_account_id as user_acc1_16_0_, inventor0_.company as company1_8_0_, inventor0_.optional_link as optional2_8_0_, inventor0_.statement as statemen3_8_0_, useraccoun1_.id as id1_0_1_, useraccoun1_.version as version2_0_1_, useraccoun1_.enabled as enabled1_15_1_, useraccoun1_.identity as identity2_15_1_, useraccoun1_.password as password3_15_1_, useraccoun1_.username as username4_15_1_ from inventor inventor0_ inner join user_account useraccoun1_ on inventor0_.user_account_id=useraccoun1_.id where inventor0_.id=? 
2022-04-19 11:59:22.817 TRACE [org.hibernate.type.descriptor.sql.BasicBinder@http-nio-8080-exec-10] binding parameter [1] as [INTEGER] - [60] 
2022-04-19 11:59:22.819 DEBUG [org.hibernate.SQL@http-nio-8080-exec-10] select amount0_.id as id1_0_0_, amount0_.version as version2_0_0_, amount0_.toolkit_id as toolkit_2_2_0_, amount0_.units as units1_2_0_, toolkit1_.id as id1_0_1_, toolkit1_.version as version2_0_1_, toolkit1_.assembly_notes as assembly1_14_1_, toolkit1_.code as code2_14_1_, toolkit1_.description as descript3_14_1_, toolkit1_.link as link4_14_1_, toolkit1_.title as title5_14_1_, toolkit1_.total_price_amount as total_pr6_14_1_, toolkit1_.total_price_currency as total_pr7_14_1_ from amount amount0_ inner join toolkit toolkit1_ on amount0_.toolkit_id=toolkit1_.id where amount0_.id=? 
2022-04-19 11:59:22.820 TRACE [org.hibernate.type.descriptor.sql.BasicBinder@http-nio-8080-exec-10] binding parameter [1] as [INTEGER] - [21] 
2022-04-19 11:59:22.822 DEBUG [org.hibernate.SQL@http-nio-8080-exec-10] select inventor0_.id as id1_0_0_, inventor0_.version as version2_0_0_, inventor0_.user_account_id as user_acc1_16_0_, inventor0_.company as company1_8_0_, inventor0_.optional_link as optional2_8_0_, inventor0_.statement as statemen3_8_0_, useraccoun1_.id as id1_0_1_, useraccoun1_.version as version2_0_1_, useraccoun1_.enabled as enabled1_15_1_, useraccoun1_.identity as identity2_15_1_, useraccoun1_.password as password3_15_1_, useraccoun1_.username as username4_15_1_ from inventor inventor0_ inner join user_account useraccoun1_ on inventor0_.user_account_id=useraccoun1_.id where inventor0_.id=? 
2022-04-19 11:59:22.822 TRACE [org.hibernate.type.descriptor.sql.BasicBinder@http-nio-8080-exec-10] binding parameter [1] as [INTEGER] - [58] 
2022-04-19 11:59:22.824 DEBUG [org.hibernate.SQL@http-nio-8080-exec-10] select amount0_.id as id1_0_0_, amount0_.version as version2_0_0_, amount0_.toolkit_id as toolkit_2_2_0_, amount0_.units as units1_2_0_, toolkit1_.id as id1_0_1_, toolkit1_.version as version2_0_1_, toolkit1_.assembly_notes as assembly1_14_1_, toolkit1_.code as code2_14_1_, toolkit1_.description as descript3_14_1_, toolkit1_.link as link4_14_1_, toolkit1_.title as title5_14_1_, toolkit1_.total_price_amount as total_pr6_14_1_, toolkit1_.total_price_currency as total_pr7_14_1_ from amount amount0_ inner join toolkit toolkit1_ on amount0_.toolkit_id=toolkit1_.id where amount0_.id=? 
2022-04-19 11:59:22.825 TRACE [org.hibernate.type.descriptor.sql.BasicBinder@http-nio-8080-exec-10] binding parameter [1] as [INTEGER] - [33] 
2022-04-19 11:59:22.827 DEBUG [org.hibernate.SQL@http-nio-8080-exec-10] select inventor0_.id as id1_0_0_, inventor0_.version as version2_0_0_, inventor0_.user_account_id as user_acc1_16_0_, inventor0_.company as company1_8_0_, inventor0_.optional_link as optional2_8_0_, inventor0_.statement as statemen3_8_0_, useraccoun1_.id as id1_0_1_, useraccoun1_.version as version2_0_1_, useraccoun1_.enabled as enabled1_15_1_, useraccoun1_.identity as identity2_15_1_, useraccoun1_.password as password3_15_1_, useraccoun1_.username as username4_15_1_ from inventor inventor0_ inner join user_account useraccoun1_ on inventor0_.user_account_id=useraccoun1_.id where inventor0_.id=? 
2022-04-19 11:59:22.827 TRACE [org.hibernate.type.descriptor.sql.BasicBinder@http-nio-8080-exec-10] binding parameter [1] as [INTEGER] - [57] 
2022-04-19 11:59:22.858 DEBUG [acme.framework.controllers.AbstractController@http-nio-8080-exec-10] SERVING GET /acme-toolkits-22.1/any/item/list-published-components 
2022-04-19 11:59:22.860 DEBUG [acme.framework.controllers.AbstractController@http-nio-8080-exec-10] Result: ModelAndView [view="any/item/list"; model={description[3]=Description 10, link[0]=null, version[5]=0, version[1]=0, link[4]=http://www.item3.com, technology[0]=Technology 6, retailPrice[2]=<<USD 1.00>>, technology[4]=Technology 3, list$size=8, description[7]=Description 15, retailPrice[3]=<<USD 1.00>>, code[4]=AAB-002, name[7]=Item 15, retailPrice[7]=<<GBP 3.00>>, code[0]=AAB-005, name[3]=Item 10, id[1]=70, id[5]=81, link[1]=http://www.item9.com, technology[7]=Technology 15, description[2]=Description 19, version[6]=0, link[5]=http://www.item13.com, version[2]=0, technology[3]=Technology 10, description[6]=Description 16, retailPrice[4]=<<USD 3.00>>, name[6]=Item 16, code[7]=AAB-014, name[2]=Item 19, id[0]=68, code[3]=AAB-009, id[4]=78, description[1]=Description 9, link[2]=http://www.item19.com, version[7]=0, technology[6]=Technology 16, version[3]=0, link[6]=http://www.item16.com, description[5]=Description 13, retailPrice[0]=<<GBP 3.00>>, technology[2]=Technology 19, retailPrice[5]=<<USD 1.00>>, id[7]=85, code[6]=AAB-015, code[2]=AAB-018, name[5]=Item 13, id[3]=73, name[1]=Item 9, technology[5]=Technology 13, description[4]=Description 3, version[4]=0, link[3]=http://www.item10.com, description[0]=Description 6, link[7]=null, retailPrice[1]=<<USD 3.00>>, technology[1]=Technology 9, id[6]=83, retailPrice[6]=<<GBP 1.00>>, code[5]=AAB-012, version[0]=0, code[1]=AAB-008, name[4]=Item 3, id[2]=72, name[0]=Item 6, command=list-published-components, principal=acme.framework.entities.Principal@5d13dabd}] 
2022-04-19 11:59:22.866 DEBUG [acme.framework.components.tiles.DynamicTilesView@http-nio-8080-exec-10] View name 'any/item/list', model {description[3]=Description 10, link[0]=null, version[5]=0, version[1]=0, link[4]=http://www.item3.com, technology[0]=Technology 6, retailPrice[2]=<<USD 1.00>>, technology[4]=Technology 3, list$size=8, description[7]=Description 15, retailPrice[3]=<<USD 1.00>>, code[4]=AAB-002, name[7]=Item 15, retailPrice[7]=<<GBP 3.00>>, code[0]=AAB-005, name[3]=Item 10, id[1]=70, id[5]=81, link[1]=http://www.item9.com, technology[7]=Technology 15, description[2]=Description 19, version[6]=0, link[5]=http://www.item13.com, version[2]=0, technology[3]=Technology 10, description[6]=Description 16, retailPrice[4]=<<USD 3.00>>, name[6]=Item 16, code[7]=AAB-014, name[2]=Item 19, id[0]=68, code[3]=AAB-009, id[4]=78, description[1]=Description 9, link[2]=http://www.item19.com, version[7]=0, technology[6]=Technology 16, version[3]=0, link[6]=http://www.item16.com, description[5]=Description 13, retailPrice[0]=<<GBP 3.00>>, technology[2]=Technology 19, retailPrice[5]=<<USD 1.00>>, id[7]=85, code[6]=AAB-015, code[2]=AAB-018, name[5]=Item 13, id[3]=73, name[1]=Item 9, technology[5]=Technology 13, description[4]=Description 3, version[4]=0, link[3]=http://www.item10.com, description[0]=Description 6, link[7]=null, retailPrice[1]=<<USD 3.00>>, technology[1]=Technology 9, id[6]=83, retailPrice[6]=<<GBP 1.00>>, code[5]=AAB-012, version[0]=0, code[1]=AAB-008, name[4]=Item 3, id[2]=72, name[0]=Item 6, command=list-published-components, principal=acme.framework.entities.Principal@5d13dabd, org.springframework.validation.BindingResult.retailPrice[2]=org.springframework.validation.BeanPropertyBindingResult: 0 errors, org.springframework.validation.BindingResult.retailPrice[3]=org.springframework.validation.BeanPropertyBindingResult: 0 errors, org.springframework.validation.BindingResult.retailPrice[7]=org.springframework.validation.BeanPropertyBindingResult: 0 errors, org.springframework.validation.BindingResult.retailPrice[4]=org.springframework.validation.BeanPropertyBindingResult: 0 errors, org.springframework.validation.BindingResult.retailPrice[0]=org.springframework.validation.BeanPropertyBindingResult: 0 errors, org.springframework.validation.BindingResult.retailPrice[5]=org.springframework.validation.BeanPropertyBindingResult: 0 errors, org.springframework.validation.BindingResult.retailPrice[1]=org.springframework.validation.BeanPropertyBindingResult: 0 errors, org.springframework.validation.BindingResult.retailPrice[6]=org.springframework.validation.BeanPropertyBindingResult: 0 errors, org.springframework.validation.BindingResult.principal=org.springframework.validation.BeanPropertyBindingResult: 0 errors} 
2022-04-19 11:59:22.869 DEBUG [org.apache.jasper.servlet.JspServlet@http-nio-8080-exec-10] JspEngine --> /WEB-INF/views/master/page.jsp 
2022-04-19 11:59:22.869 DEBUG [org.apache.jasper.servlet.JspServlet@http-nio-8080-exec-10] ServletPath: /WEB-INF/views/master/page.jsp 
2022-04-19 11:59:22.870 DEBUG [org.apache.jasper.servlet.JspServlet@http-nio-8080-exec-10] PathInfo: null 
2022-04-19 11:59:22.873 DEBUG [org.apache.jasper.servlet.JspServlet@http-nio-8080-exec-10] RealPath: C:\Users\Antonio\Documents\antonio\informatica\DP2\Workspace-22.0\Projects\Acme-Toolkits\target\classes\WEB-INF\views\master\page.jsp 
2022-04-19 11:59:22.873 DEBUG [org.apache.jasper.servlet.JspServlet@http-nio-8080-exec-10] RequestURI: /acme-toolkits-22.1/WEB-INF/views/master/page.jsp 
2022-04-19 11:59:22.874 DEBUG [org.apache.jasper.servlet.JspServlet@http-nio-8080-exec-10] QueryString: null 
2022-04-19 11:59:23.014 DEBUG [org.apache.jasper.servlet.JspServlet@http-nio-8080-exec-10] JspEngine --> /WEB-INF/views/any/item/list.jsp 
2022-04-19 11:59:23.014 DEBUG [org.apache.jasper.servlet.JspServlet@http-nio-8080-exec-10] ServletPath: /WEB-INF/views/master/page.jsp 
2022-04-19 11:59:23.014 DEBUG [org.apache.jasper.servlet.JspServlet@http-nio-8080-exec-10] PathInfo: null 
2022-04-19 11:59:23.018 DEBUG [org.apache.jasper.servlet.JspServlet@http-nio-8080-exec-10] RealPath: C:\Users\Antonio\Documents\antonio\informatica\DP2\Workspace-22.0\Projects\Acme-Toolkits\target\classes\WEB-INF\views\any\item\list.jsp 
2022-04-19 11:59:23.019 DEBUG [org.apache.jasper.servlet.JspServlet@http-nio-8080-exec-10] RequestURI: /acme-toolkits-22.1/WEB-INF/views/master/page.jsp 
2022-04-19 11:59:23.020 DEBUG [org.apache.jasper.servlet.JspServlet@http-nio-8080-exec-10] QueryString: null 
2022-04-19 11:59:24.858 DEBUG [org.hibernate.SQL@http-nio-8080-exec-10] select useraccoun0_.id as id1_0_, useraccoun0_.version as version2_0_, useraccoun0_.enabled as enabled1_15_, useraccoun0_.identity as identity2_15_, useraccoun0_.password as password3_15_, useraccoun0_.username as username4_15_ from user_account useraccoun0_ where useraccoun0_.username=? 
2022-04-19 11:59:24.858 TRACE [org.hibernate.type.descriptor.sql.BasicBinder@http-nio-8080-exec-10] binding parameter [1] as [VARCHAR] - [anonymous] 
2022-04-19 11:59:24.861 DEBUG [org.hibernate.SQL@http-nio-8080-exec-10] select roles0_.user_account_id as user_acc1_16_0_, roles0_.id as id1_16_0_, roles0_.id as id1_0_1_, roles0_.version as version2_0_1_, roles0_.user_account_id as user_acc1_16_1_, roles0_.company as company1_8_1_, roles0_.optional_link as optional2_8_1_, roles0_.statement as statemen3_8_1_, roles0_.company as company1_10_1_, roles0_.optional_link as optional2_10_1_, roles0_.statement as statemen3_10_1_, roles0_.clazz_ as clazz_1_ from ( select id, version, user_account_id, company, optional_link, statement, 9 as clazz_ from inventor union all select id, version, user_account_id, company, optional_link, statement, 10 as clazz_ from patron union all select id, version, user_account_id, null as company, null as optional_link, null as statement, 13 as clazz_ from administrator union all select id, version, user_account_id, null as company, null as optional_link, null as statement, 14 as clazz_ from anonymous union all select id, version, user_account_id, null as company, null as optional_link, null as statement, 15 as clazz_ from any union all select id, version, user_account_id, null as company, null as optional_link, null as statement, 16 as clazz_ from authenticated ) roles0_ where roles0_.user_account_id=? 
2022-04-19 11:59:24.861 TRACE [org.hibernate.type.descriptor.sql.BasicBinder@http-nio-8080-exec-10] binding parameter [1] as [INTEGER] - [34] 
2022-04-19 11:59:34.652 DEBUG [acme.framework.controllers.AbstractController@http-nio-8080-exec-8] DISPATCHING GET /acme-toolkits-22.1/any/item/show 
2022-04-19 11:59:34.653 DEBUG [acme.framework.controllers.AbstractController@http-nio-8080-exec-8] Command: show 
2022-04-19 11:59:34.653 DEBUG [acme.framework.controllers.AbstractController@http-nio-8080-exec-8] Model:   {id=72} 
2022-04-19 11:59:34.653 DEBUG [acme.framework.controllers.AbstractController@http-nio-8080-exec-8] Locale:  en 
2022-04-19 11:59:34.657 DEBUG [org.hibernate.SQL@http-nio-8080-exec-8] select useraccoun0_.id as id1_0_, useraccoun0_.version as version2_0_, useraccoun0_.enabled as enabled1_15_, useraccoun0_.identity as identity2_15_, useraccoun0_.password as password3_15_, useraccoun0_.username as username4_15_ from user_account useraccoun0_ where useraccoun0_.username=? 
2022-04-19 11:59:34.657 TRACE [org.hibernate.type.descriptor.sql.BasicBinder@http-nio-8080-exec-8] binding parameter [1] as [VARCHAR] - [anonymous] 
2022-04-19 11:59:34.660 DEBUG [org.hibernate.SQL@http-nio-8080-exec-8] select roles0_.user_account_id as user_acc1_16_0_, roles0_.id as id1_16_0_, roles0_.id as id1_0_1_, roles0_.version as version2_0_1_, roles0_.user_account_id as user_acc1_16_1_, roles0_.company as company1_8_1_, roles0_.optional_link as optional2_8_1_, roles0_.statement as statemen3_8_1_, roles0_.company as company1_10_1_, roles0_.optional_link as optional2_10_1_, roles0_.statement as statemen3_10_1_, roles0_.clazz_ as clazz_1_ from ( select id, version, user_account_id, company, optional_link, statement, 9 as clazz_ from inventor union all select id, version, user_account_id, company, optional_link, statement, 10 as clazz_ from patron union all select id, version, user_account_id, null as company, null as optional_link, null as statement, 13 as clazz_ from administrator union all select id, version, user_account_id, null as company, null as optional_link, null as statement, 14 as clazz_ from anonymous union all select id, version, user_account_id, null as company, null as optional_link, null as statement, 15 as clazz_ from any union all select id, version, user_account_id, null as company, null as optional_link, null as statement, 16 as clazz_ from authenticated ) roles0_ where roles0_.user_account_id=? 
2022-04-19 11:59:34.660 TRACE [org.hibernate.type.descriptor.sql.BasicBinder@http-nio-8080-exec-8] binding parameter [1] as [INTEGER] - [34] 
2022-04-19 11:59:34.668 DEBUG [org.hibernate.SQL@http-nio-8080-exec-8] select item0_.id as id1_0_, item0_.version as version2_0_, item0_.amount_id as amount_10_9_, item0_.code as code1_9_, item0_.description as descript2_9_, item0_.inventor_id as invento11_9_, item0_.link as link3_9_, item0_.name as name4_9_, item0_.published as publishe5_9_, item0_.retail_price_amount as retail_p6_9_, item0_.retail_price_currency as retail_p7_9_, item0_.technology as technolo8_9_, item0_.type as type9_9_ from item item0_ where item0_.id=? 
2022-04-19 11:59:34.668 TRACE [org.hibernate.type.descriptor.sql.BasicBinder@http-nio-8080-exec-8] binding parameter [1] as [INTEGER] - [72] 
2022-04-19 11:59:34.670 DEBUG [org.hibernate.SQL@http-nio-8080-exec-8] select amount0_.id as id1_0_0_, amount0_.version as version2_0_0_, amount0_.toolkit_id as toolkit_2_2_0_, amount0_.units as units1_2_0_, toolkit1_.id as id1_0_1_, toolkit1_.version as version2_0_1_, toolkit1_.assembly_notes as assembly1_14_1_, toolkit1_.code as code2_14_1_, toolkit1_.description as descript3_14_1_, toolkit1_.link as link4_14_1_, toolkit1_.title as title5_14_1_, toolkit1_.total_price_amount as total_pr6_14_1_, toolkit1_.total_price_currency as total_pr7_14_1_ from amount amount0_ inner join toolkit toolkit1_ on amount0_.toolkit_id=toolkit1_.id where amount0_.id=? 
2022-04-19 11:59:34.670 TRACE [org.hibernate.type.descriptor.sql.BasicBinder@http-nio-8080-exec-8] binding parameter [1] as [INTEGER] - [27] 
2022-04-19 11:59:34.671 DEBUG [org.hibernate.SQL@http-nio-8080-exec-8] select inventor0_.id as id1_0_0_, inventor0_.version as version2_0_0_, inventor0_.user_account_id as user_acc1_16_0_, inventor0_.company as company1_8_0_, inventor0_.optional_link as optional2_8_0_, inventor0_.statement as statemen3_8_0_, useraccoun1_.id as id1_0_1_, useraccoun1_.version as version2_0_1_, useraccoun1_.enabled as enabled1_15_1_, useraccoun1_.identity as identity2_15_1_, useraccoun1_.password as password3_15_1_, useraccoun1_.username as username4_15_1_ from inventor inventor0_ inner join user_account useraccoun1_ on inventor0_.user_account_id=useraccoun1_.id where inventor0_.id=? 
2022-04-19 11:59:34.672 TRACE [org.hibernate.type.descriptor.sql.BasicBinder@http-nio-8080-exec-8] binding parameter [1] as [INTEGER] - [56] 
2022-04-19 11:59:34.677 DEBUG [org.hibernate.SQL@http-nio-8080-exec-8] select item0_.id as id1_0_, item0_.version as version2_0_, item0_.amount_id as amount_10_9_, item0_.code as code1_9_, item0_.description as descript2_9_, item0_.inventor_id as invento11_9_, item0_.link as link3_9_, item0_.name as name4_9_, item0_.published as publishe5_9_, item0_.retail_price_amount as retail_p6_9_, item0_.retail_price_currency as retail_p7_9_, item0_.technology as technolo8_9_, item0_.type as type9_9_ from item item0_ where item0_.id=? 
2022-04-19 11:59:34.678 TRACE [org.hibernate.type.descriptor.sql.BasicBinder@http-nio-8080-exec-8] binding parameter [1] as [INTEGER] - [72] 
2022-04-19 11:59:34.681 DEBUG [acme.framework.controllers.AbstractController@http-nio-8080-exec-8] SERVING GET /acme-toolkits-22.1/any/item/show 
2022-04-19 11:59:34.681 DEBUG [acme.framework.controllers.AbstractController@http-nio-8080-exec-8] Result: ModelAndView [view="any/item/form"; model={code=AAB-018, name=Item 19, link=http://www.item19.com, description=Description 19, technology=Technology 19, id=72, retailPrice=<<USD 1.00>>, version=0, command=show, principal=acme.framework.entities.Principal@3a9f0538}] 
2022-04-19 11:59:34.682 DEBUG [acme.framework.components.tiles.DynamicTilesView@http-nio-8080-exec-8] View name 'any/item/form', model {code=AAB-018, name=Item 19, link=http://www.item19.com, description=Description 19, technology=Technology 19, id=72, retailPrice=<<USD 1.00>>, version=0, command=show, principal=acme.framework.entities.Principal@3a9f0538, org.springframework.validation.BindingResult.retailPrice=org.springframework.validation.BeanPropertyBindingResult: 0 errors, org.springframework.validation.BindingResult.principal=org.springframework.validation.BeanPropertyBindingResult: 0 errors} 
2022-04-19 11:59:34.683 DEBUG [org.apache.jasper.servlet.JspServlet@http-nio-8080-exec-8] JspEngine --> /WEB-INF/views/master/page.jsp 
2022-04-19 11:59:34.683 DEBUG [org.apache.jasper.servlet.JspServlet@http-nio-8080-exec-8] ServletPath: /WEB-INF/views/master/page.jsp 
2022-04-19 11:59:34.684 DEBUG [org.apache.jasper.servlet.JspServlet@http-nio-8080-exec-8] PathInfo: null 
2022-04-19 11:59:34.686 DEBUG [org.apache.jasper.servlet.JspServlet@http-nio-8080-exec-8] RealPath: C:\Users\Antonio\Documents\antonio\informatica\DP2\Workspace-22.0\Projects\Acme-Toolkits\target\classes\WEB-INF\views\master\page.jsp 
2022-04-19 11:59:34.687 DEBUG [org.apache.jasper.servlet.JspServlet@http-nio-8080-exec-8] RequestURI: /acme-toolkits-22.1/WEB-INF/views/master/page.jsp 
2022-04-19 11:59:34.687 DEBUG [org.apache.jasper.servlet.JspServlet@http-nio-8080-exec-8] QueryString: id=72 
2022-04-19 11:59:34.825 DEBUG [org.apache.jasper.servlet.JspServlet@http-nio-8080-exec-8] JspEngine --> /WEB-INF/views/any/item/form.jsp 
2022-04-19 11:59:34.825 DEBUG [org.apache.jasper.servlet.JspServlet@http-nio-8080-exec-8] ServletPath: /WEB-INF/views/master/page.jsp 
2022-04-19 11:59:34.825 DEBUG [org.apache.jasper.servlet.JspServlet@http-nio-8080-exec-8] PathInfo: null 
2022-04-19 11:59:34.828 DEBUG [org.apache.jasper.servlet.JspServlet@http-nio-8080-exec-8] RealPath: C:\Users\Antonio\Documents\antonio\informatica\DP2\Workspace-22.0\Projects\Acme-Toolkits\target\classes\WEB-INF\views\any\item\form.jsp 
2022-04-19 11:59:34.828 DEBUG [org.apache.jasper.servlet.JspServlet@http-nio-8080-exec-8] RequestURI: /acme-toolkits-22.1/WEB-INF/views/master/page.jsp 
2022-04-19 11:59:34.828 DEBUG [org.apache.jasper.servlet.JspServlet@http-nio-8080-exec-8] QueryString: id=72 
2022-04-19 11:59:36.758 DEBUG [org.hibernate.SQL@http-nio-8080-exec-8] select useraccoun0_.id as id1_0_, useraccoun0_.version as version2_0_, useraccoun0_.enabled as enabled1_15_, useraccoun0_.identity as identity2_15_, useraccoun0_.password as password3_15_, useraccoun0_.username as username4_15_ from user_account useraccoun0_ where useraccoun0_.username=? 
2022-04-19 11:59:36.759 TRACE [org.hibernate.type.descriptor.sql.BasicBinder@http-nio-8080-exec-8] binding parameter [1] as [VARCHAR] - [anonymous] 
2022-04-19 11:59:36.761 DEBUG [org.hibernate.SQL@http-nio-8080-exec-8] select roles0_.user_account_id as user_acc1_16_0_, roles0_.id as id1_16_0_, roles0_.id as id1_0_1_, roles0_.version as version2_0_1_, roles0_.user_account_id as user_acc1_16_1_, roles0_.company as company1_8_1_, roles0_.optional_link as optional2_8_1_, roles0_.statement as statemen3_8_1_, roles0_.company as company1_10_1_, roles0_.optional_link as optional2_10_1_, roles0_.statement as statemen3_10_1_, roles0_.clazz_ as clazz_1_ from ( select id, version, user_account_id, company, optional_link, statement, 9 as clazz_ from inventor union all select id, version, user_account_id, company, optional_link, statement, 10 as clazz_ from patron union all select id, version, user_account_id, null as company, null as optional_link, null as statement, 13 as clazz_ from administrator union all select id, version, user_account_id, null as company, null as optional_link, null as statement, 14 as clazz_ from anonymous union all select id, version, user_account_id, null as company, null as optional_link, null as statement, 15 as clazz_ from any union all select id, version, user_account_id, null as company, null as optional_link, null as statement, 16 as clazz_ from authenticated ) roles0_ where roles0_.user_account_id=? 
2022-04-19 11:59:36.761 TRACE [org.hibernate.type.descriptor.sql.BasicBinder@http-nio-8080-exec-8] binding parameter [1] as [INTEGER] - [34] 
2022-04-19 12:00:05.738 DEBUG [acme.framework.controllers.AbstractController@http-nio-8080-exec-9] DISPATCHING GET /acme-toolkits-22.1/any/item/list-published-components 
2022-04-19 12:00:05.738 DEBUG [acme.framework.controllers.AbstractController@http-nio-8080-exec-9] Command: list-published-components 
2022-04-19 12:00:05.738 DEBUG [acme.framework.controllers.AbstractController@http-nio-8080-exec-9] Model:   {} 
2022-04-19 12:00:05.738 DEBUG [acme.framework.controllers.AbstractController@http-nio-8080-exec-9] Locale:  en 
2022-04-19 12:00:05.740 DEBUG [org.hibernate.SQL@http-nio-8080-exec-9] select useraccoun0_.id as id1_0_, useraccoun0_.version as version2_0_, useraccoun0_.enabled as enabled1_15_, useraccoun0_.identity as identity2_15_, useraccoun0_.password as password3_15_, useraccoun0_.username as username4_15_ from user_account useraccoun0_ where useraccoun0_.username=? 
2022-04-19 12:00:05.740 TRACE [org.hibernate.type.descriptor.sql.BasicBinder@http-nio-8080-exec-9] binding parameter [1] as [VARCHAR] - [anonymous] 
2022-04-19 12:00:05.742 DEBUG [org.hibernate.SQL@http-nio-8080-exec-9] select roles0_.user_account_id as user_acc1_16_0_, roles0_.id as id1_16_0_, roles0_.id as id1_0_1_, roles0_.version as version2_0_1_, roles0_.user_account_id as user_acc1_16_1_, roles0_.company as company1_8_1_, roles0_.optional_link as optional2_8_1_, roles0_.statement as statemen3_8_1_, roles0_.company as company1_10_1_, roles0_.optional_link as optional2_10_1_, roles0_.statement as statemen3_10_1_, roles0_.clazz_ as clazz_1_ from ( select id, version, user_account_id, company, optional_link, statement, 9 as clazz_ from inventor union all select id, version, user_account_id, company, optional_link, statement, 10 as clazz_ from patron union all select id, version, user_account_id, null as company, null as optional_link, null as statement, 13 as clazz_ from administrator union all select id, version, user_account_id, null as company, null as optional_link, null as statement, 14 as clazz_ from anonymous union all select id, version, user_account_id, null as company, null as optional_link, null as statement, 15 as clazz_ from any union all select id, version, user_account_id, null as company, null as optional_link, null as statement, 16 as clazz_ from authenticated ) roles0_ where roles0_.user_account_id=? 
2022-04-19 12:00:05.742 TRACE [org.hibernate.type.descriptor.sql.BasicBinder@http-nio-8080-exec-9] binding parameter [1] as [INTEGER] - [34] 
2022-04-19 12:00:05.745 DEBUG [org.hibernate.SQL@http-nio-8080-exec-9] select item0_.id as id1_0_, item0_.version as version2_0_, item0_.amount_id as amount_10_9_, item0_.code as code1_9_, item0_.description as descript2_9_, item0_.inventor_id as invento11_9_, item0_.link as link3_9_, item0_.name as name4_9_, item0_.published as publishe5_9_, item0_.retail_price_amount as retail_p6_9_, item0_.retail_price_currency as retail_p7_9_, item0_.technology as technolo8_9_, item0_.type as type9_9_ from item item0_ where item0_.type='COMPONENT' and item0_.published=1 
2022-04-19 12:00:05.747 DEBUG [org.hibernate.SQL@http-nio-8080-exec-9] select amount0_.id as id1_0_0_, amount0_.version as version2_0_0_, amount0_.toolkit_id as toolkit_2_2_0_, amount0_.units as units1_2_0_, toolkit1_.id as id1_0_1_, toolkit1_.version as version2_0_1_, toolkit1_.assembly_notes as assembly1_14_1_, toolkit1_.code as code2_14_1_, toolkit1_.description as descript3_14_1_, toolkit1_.link as link4_14_1_, toolkit1_.title as title5_14_1_, toolkit1_.total_price_amount as total_pr6_14_1_, toolkit1_.total_price_currency as total_pr7_14_1_ from amount amount0_ inner join toolkit toolkit1_ on amount0_.toolkit_id=toolkit1_.id where amount0_.id=? 
2022-04-19 12:00:05.748 TRACE [org.hibernate.type.descriptor.sql.BasicBinder@http-nio-8080-exec-9] binding parameter [1] as [INTEGER] - [22] 
2022-04-19 12:00:05.750 DEBUG [org.hibernate.SQL@http-nio-8080-exec-9] select inventor0_.id as id1_0_0_, inventor0_.version as version2_0_0_, inventor0_.user_account_id as user_acc1_16_0_, inventor0_.company as company1_8_0_, inventor0_.optional_link as optional2_8_0_, inventor0_.statement as statemen3_8_0_, useraccoun1_.id as id1_0_1_, useraccoun1_.version as version2_0_1_, useraccoun1_.enabled as enabled1_15_1_, useraccoun1_.identity as identity2_15_1_, useraccoun1_.password as password3_15_1_, useraccoun1_.username as username4_15_1_ from inventor inventor0_ inner join user_account useraccoun1_ on inventor0_.user_account_id=useraccoun1_.id where inventor0_.id=? 
2022-04-19 12:00:05.750 TRACE [org.hibernate.type.descriptor.sql.BasicBinder@http-nio-8080-exec-9] binding parameter [1] as [INTEGER] - [64] 
2022-04-19 12:00:05.752 DEBUG [org.hibernate.SQL@http-nio-8080-exec-9] select amount0_.id as id1_0_0_, amount0_.version as version2_0_0_, amount0_.toolkit_id as toolkit_2_2_0_, amount0_.units as units1_2_0_, toolkit1_.id as id1_0_1_, toolkit1_.version as version2_0_1_, toolkit1_.assembly_notes as assembly1_14_1_, toolkit1_.code as code2_14_1_, toolkit1_.description as descript3_14_1_, toolkit1_.link as link4_14_1_, toolkit1_.title as title5_14_1_, toolkit1_.total_price_amount as total_pr6_14_1_, toolkit1_.total_price_currency as total_pr7_14_1_ from amount amount0_ inner join toolkit toolkit1_ on amount0_.toolkit_id=toolkit1_.id where amount0_.id=? 
2022-04-19 12:00:05.753 TRACE [org.hibernate.type.descriptor.sql.BasicBinder@http-nio-8080-exec-9] binding parameter [1] as [INTEGER] - [16] 
2022-04-19 12:00:05.756 DEBUG [org.hibernate.SQL@http-nio-8080-exec-9] select inventor0_.id as id1_0_0_, inventor0_.version as version2_0_0_, inventor0_.user_account_id as user_acc1_16_0_, inventor0_.company as company1_8_0_, inventor0_.optional_link as optional2_8_0_, inventor0_.statement as statemen3_8_0_, useraccoun1_.id as id1_0_1_, useraccoun1_.version as version2_0_1_, useraccoun1_.enabled as enabled1_15_1_, useraccoun1_.identity as identity2_15_1_, useraccoun1_.password as password3_15_1_, useraccoun1_.username as username4_15_1_ from inventor inventor0_ inner join user_account useraccoun1_ on inventor0_.user_account_id=useraccoun1_.id where inventor0_.id=? 
2022-04-19 12:00:05.757 TRACE [org.hibernate.type.descriptor.sql.BasicBinder@http-nio-8080-exec-9] binding parameter [1] as [INTEGER] - [61] 
2022-04-19 12:00:05.759 DEBUG [org.hibernate.SQL@http-nio-8080-exec-9] select amount0_.id as id1_0_0_, amount0_.version as version2_0_0_, amount0_.toolkit_id as toolkit_2_2_0_, amount0_.units as units1_2_0_, toolkit1_.id as id1_0_1_, toolkit1_.version as version2_0_1_, toolkit1_.assembly_notes as assembly1_14_1_, toolkit1_.code as code2_14_1_, toolkit1_.description as descript3_14_1_, toolkit1_.link as link4_14_1_, toolkit1_.title as title5_14_1_, toolkit1_.total_price_amount as total_pr6_14_1_, toolkit1_.total_price_currency as total_pr7_14_1_ from amount amount0_ inner join toolkit toolkit1_ on amount0_.toolkit_id=toolkit1_.id where amount0_.id=? 
2022-04-19 12:00:05.760 TRACE [org.hibernate.type.descriptor.sql.BasicBinder@http-nio-8080-exec-9] binding parameter [1] as [INTEGER] - [27] 
2022-04-19 12:00:05.762 DEBUG [org.hibernate.SQL@http-nio-8080-exec-9] select inventor0_.id as id1_0_0_, inventor0_.version as version2_0_0_, inventor0_.user_account_id as user_acc1_16_0_, inventor0_.company as company1_8_0_, inventor0_.optional_link as optional2_8_0_, inventor0_.statement as statemen3_8_0_, useraccoun1_.id as id1_0_1_, useraccoun1_.version as version2_0_1_, useraccoun1_.enabled as enabled1_15_1_, useraccoun1_.identity as identity2_15_1_, useraccoun1_.password as password3_15_1_, useraccoun1_.username as username4_15_1_ from inventor inventor0_ inner join user_account useraccoun1_ on inventor0_.user_account_id=useraccoun1_.id where inventor0_.id=? 
2022-04-19 12:00:05.763 TRACE [org.hibernate.type.descriptor.sql.BasicBinder@http-nio-8080-exec-9] binding parameter [1] as [INTEGER] - [56] 
2022-04-19 12:00:05.766 DEBUG [org.hibernate.SQL@http-nio-8080-exec-9] select amount0_.id as id1_0_0_, amount0_.version as version2_0_0_, amount0_.toolkit_id as toolkit_2_2_0_, amount0_.units as units1_2_0_, toolkit1_.id as id1_0_1_, toolkit1_.version as version2_0_1_, toolkit1_.assembly_notes as assembly1_14_1_, toolkit1_.code as code2_14_1_, toolkit1_.description as descript3_14_1_, toolkit1_.link as link4_14_1_, toolkit1_.title as title5_14_1_, toolkit1_.total_price_amount as total_pr6_14_1_, toolkit1_.total_price_currency as total_pr7_14_1_ from amount amount0_ inner join toolkit toolkit1_ on amount0_.toolkit_id=toolkit1_.id where amount0_.id=? 
2022-04-19 12:00:05.766 TRACE [org.hibernate.type.descriptor.sql.BasicBinder@http-nio-8080-exec-9] binding parameter [1] as [INTEGER] - [18] 
2022-04-19 12:00:05.768 DEBUG [org.hibernate.SQL@http-nio-8080-exec-9] select inventor0_.id as id1_0_0_, inventor0_.version as version2_0_0_, inventor0_.user_account_id as user_acc1_16_0_, inventor0_.company as company1_8_0_, inventor0_.optional_link as optional2_8_0_, inventor0_.statement as statemen3_8_0_, useraccoun1_.id as id1_0_1_, useraccoun1_.version as version2_0_1_, useraccoun1_.enabled as enabled1_15_1_, useraccoun1_.identity as identity2_15_1_, useraccoun1_.password as password3_15_1_, useraccoun1_.username as username4_15_1_ from inventor inventor0_ inner join user_account useraccoun1_ on inventor0_.user_account_id=useraccoun1_.id where inventor0_.id=? 
2022-04-19 12:00:05.768 TRACE [org.hibernate.type.descriptor.sql.BasicBinder@http-nio-8080-exec-9] binding parameter [1] as [INTEGER] - [62] 
2022-04-19 12:00:05.773 DEBUG [org.hibernate.SQL@http-nio-8080-exec-9] select amount0_.id as id1_0_0_, amount0_.version as version2_0_0_, amount0_.toolkit_id as toolkit_2_2_0_, amount0_.units as units1_2_0_, toolkit1_.id as id1_0_1_, toolkit1_.version as version2_0_1_, toolkit1_.assembly_notes as assembly1_14_1_, toolkit1_.code as code2_14_1_, toolkit1_.description as descript3_14_1_, toolkit1_.link as link4_14_1_, toolkit1_.title as title5_14_1_, toolkit1_.total_price_amount as total_pr6_14_1_, toolkit1_.total_price_currency as total_pr7_14_1_ from amount amount0_ inner join toolkit toolkit1_ on amount0_.toolkit_id=toolkit1_.id where amount0_.id=? 
2022-04-19 12:00:05.774 TRACE [org.hibernate.type.descriptor.sql.BasicBinder@http-nio-8080-exec-9] binding parameter [1] as [INTEGER] - [32] 
2022-04-19 12:00:05.776 DEBUG [org.hibernate.SQL@http-nio-8080-exec-9] select inventor0_.id as id1_0_0_, inventor0_.version as version2_0_0_, inventor0_.user_account_id as user_acc1_16_0_, inventor0_.company as company1_8_0_, inventor0_.optional_link as optional2_8_0_, inventor0_.statement as statemen3_8_0_, useraccoun1_.id as id1_0_1_, useraccoun1_.version as version2_0_1_, useraccoun1_.enabled as enabled1_15_1_, useraccoun1_.identity as identity2_15_1_, useraccoun1_.password as password3_15_1_, useraccoun1_.username as username4_15_1_ from inventor inventor0_ inner join user_account useraccoun1_ on inventor0_.user_account_id=useraccoun1_.id where inventor0_.id=? 
2022-04-19 12:00:05.776 TRACE [org.hibernate.type.descriptor.sql.BasicBinder@http-nio-8080-exec-9] binding parameter [1] as [INTEGER] - [65] 
2022-04-19 12:00:05.778 DEBUG [org.hibernate.SQL@http-nio-8080-exec-9] select amount0_.id as id1_0_0_, amount0_.version as version2_0_0_, amount0_.toolkit_id as toolkit_2_2_0_, amount0_.units as units1_2_0_, toolkit1_.id as id1_0_1_, toolkit1_.version as version2_0_1_, toolkit1_.assembly_notes as assembly1_14_1_, toolkit1_.code as code2_14_1_, toolkit1_.description as descript3_14_1_, toolkit1_.link as link4_14_1_, toolkit1_.title as title5_14_1_, toolkit1_.total_price_amount as total_pr6_14_1_, toolkit1_.total_price_currency as total_pr7_14_1_ from amount amount0_ inner join toolkit toolkit1_ on amount0_.toolkit_id=toolkit1_.id where amount0_.id=? 
2022-04-19 12:00:05.778 TRACE [org.hibernate.type.descriptor.sql.BasicBinder@http-nio-8080-exec-9] binding parameter [1] as [INTEGER] - [29] 
2022-04-19 12:00:05.780 DEBUG [org.hibernate.SQL@http-nio-8080-exec-9] select inventor0_.id as id1_0_0_, inventor0_.version as version2_0_0_, inventor0_.user_account_id as user_acc1_16_0_, inventor0_.company as company1_8_0_, inventor0_.optional_link as optional2_8_0_, inventor0_.statement as statemen3_8_0_, useraccoun1_.id as id1_0_1_, useraccoun1_.version as version2_0_1_, useraccoun1_.enabled as enabled1_15_1_, useraccoun1_.identity as identity2_15_1_, useraccoun1_.password as password3_15_1_, useraccoun1_.username as username4_15_1_ from inventor inventor0_ inner join user_account useraccoun1_ on inventor0_.user_account_id=useraccoun1_.id where inventor0_.id=? 
2022-04-19 12:00:05.781 TRACE [org.hibernate.type.descriptor.sql.BasicBinder@http-nio-8080-exec-9] binding parameter [1] as [INTEGER] - [60] 
2022-04-19 12:00:05.784 DEBUG [org.hibernate.SQL@http-nio-8080-exec-9] select amount0_.id as id1_0_0_, amount0_.version as version2_0_0_, amount0_.toolkit_id as toolkit_2_2_0_, amount0_.units as units1_2_0_, toolkit1_.id as id1_0_1_, toolkit1_.version as version2_0_1_, toolkit1_.assembly_notes as assembly1_14_1_, toolkit1_.code as code2_14_1_, toolkit1_.description as descript3_14_1_, toolkit1_.link as link4_14_1_, toolkit1_.title as title5_14_1_, toolkit1_.total_price_amount as total_pr6_14_1_, toolkit1_.total_price_currency as total_pr7_14_1_ from amount amount0_ inner join toolkit toolkit1_ on amount0_.toolkit_id=toolkit1_.id where amount0_.id=? 
2022-04-19 12:00:05.785 TRACE [org.hibernate.type.descriptor.sql.BasicBinder@http-nio-8080-exec-9] binding parameter [1] as [INTEGER] - [21] 
2022-04-19 12:00:05.787 DEBUG [org.hibernate.SQL@http-nio-8080-exec-9] select inventor0_.id as id1_0_0_, inventor0_.version as version2_0_0_, inventor0_.user_account_id as user_acc1_16_0_, inventor0_.company as company1_8_0_, inventor0_.optional_link as optional2_8_0_, inventor0_.statement as statemen3_8_0_, useraccoun1_.id as id1_0_1_, useraccoun1_.version as version2_0_1_, useraccoun1_.enabled as enabled1_15_1_, useraccoun1_.identity as identity2_15_1_, useraccoun1_.password as password3_15_1_, useraccoun1_.username as username4_15_1_ from inventor inventor0_ inner join user_account useraccoun1_ on inventor0_.user_account_id=useraccoun1_.id where inventor0_.id=? 
2022-04-19 12:00:05.789 TRACE [org.hibernate.type.descriptor.sql.BasicBinder@http-nio-8080-exec-9] binding parameter [1] as [INTEGER] - [58] 
2022-04-19 12:00:05.792 DEBUG [org.hibernate.SQL@http-nio-8080-exec-9] select amount0_.id as id1_0_0_, amount0_.version as version2_0_0_, amount0_.toolkit_id as toolkit_2_2_0_, amount0_.units as units1_2_0_, toolkit1_.id as id1_0_1_, toolkit1_.version as version2_0_1_, toolkit1_.assembly_notes as assembly1_14_1_, toolkit1_.code as code2_14_1_, toolkit1_.description as descript3_14_1_, toolkit1_.link as link4_14_1_, toolkit1_.title as title5_14_1_, toolkit1_.total_price_amount as total_pr6_14_1_, toolkit1_.total_price_currency as total_pr7_14_1_ from amount amount0_ inner join toolkit toolkit1_ on amount0_.toolkit_id=toolkit1_.id where amount0_.id=? 
2022-04-19 12:00:05.793 TRACE [org.hibernate.type.descriptor.sql.BasicBinder@http-nio-8080-exec-9] binding parameter [1] as [INTEGER] - [33] 
2022-04-19 12:00:05.795 DEBUG [org.hibernate.SQL@http-nio-8080-exec-9] select inventor0_.id as id1_0_0_, inventor0_.version as version2_0_0_, inventor0_.user_account_id as user_acc1_16_0_, inventor0_.company as company1_8_0_, inventor0_.optional_link as optional2_8_0_, inventor0_.statement as statemen3_8_0_, useraccoun1_.id as id1_0_1_, useraccoun1_.version as version2_0_1_, useraccoun1_.enabled as enabled1_15_1_, useraccoun1_.identity as identity2_15_1_, useraccoun1_.password as password3_15_1_, useraccoun1_.username as username4_15_1_ from inventor inventor0_ inner join user_account useraccoun1_ on inventor0_.user_account_id=useraccoun1_.id where inventor0_.id=? 
2022-04-19 12:00:05.795 TRACE [org.hibernate.type.descriptor.sql.BasicBinder@http-nio-8080-exec-9] binding parameter [1] as [INTEGER] - [57] 
2022-04-19 12:00:05.805 DEBUG [acme.framework.controllers.AbstractController@http-nio-8080-exec-9] SERVING GET /acme-toolkits-22.1/any/item/list-published-components 
2022-04-19 12:00:05.806 DEBUG [acme.framework.controllers.AbstractController@http-nio-8080-exec-9] Result: ModelAndView [view="any/item/list"; model={description[3]=Description 10, link[0]=null, version[5]=0, version[1]=0, link[4]=http://www.item3.com, technology[0]=Technology 6, retailPrice[2]=<<USD 1.00>>, technology[4]=Technology 3, list$size=8, description[7]=Description 15, retailPrice[3]=<<USD 1.00>>, code[4]=AAB-002, name[7]=Item 15, retailPrice[7]=<<GBP 3.00>>, code[0]=AAB-005, name[3]=Item 10, id[1]=70, id[5]=81, link[1]=http://www.item9.com, technology[7]=Technology 15, description[2]=Description 19, version[6]=0, link[5]=http://www.item13.com, version[2]=0, technology[3]=Technology 10, description[6]=Description 16, retailPrice[4]=<<USD 3.00>>, name[6]=Item 16, code[7]=AAB-014, name[2]=Item 19, id[0]=68, code[3]=AAB-009, id[4]=78, description[1]=Description 9, link[2]=http://www.item19.com, version[7]=0, technology[6]=Technology 16, version[3]=0, link[6]=http://www.item16.com, description[5]=Description 13, retailPrice[0]=<<GBP 3.00>>, technology[2]=Technology 19, retailPrice[5]=<<USD 1.00>>, id[7]=85, code[6]=AAB-015, code[2]=AAB-018, name[5]=Item 13, id[3]=73, name[1]=Item 9, technology[5]=Technology 13, description[4]=Description 3, version[4]=0, link[3]=http://www.item10.com, description[0]=Description 6, link[7]=null, retailPrice[1]=<<USD 3.00>>, technology[1]=Technology 9, id[6]=83, retailPrice[6]=<<GBP 1.00>>, code[5]=AAB-012, version[0]=0, code[1]=AAB-008, name[4]=Item 3, id[2]=72, name[0]=Item 6, command=list-published-components, principal=acme.framework.entities.Principal@677d5858}] 
2022-04-19 12:00:05.807 DEBUG [acme.framework.components.tiles.DynamicTilesView@http-nio-8080-exec-9] View name 'any/item/list', model {description[3]=Description 10, link[0]=null, version[5]=0, version[1]=0, link[4]=http://www.item3.com, technology[0]=Technology 6, retailPrice[2]=<<USD 1.00>>, technology[4]=Technology 3, list$size=8, description[7]=Description 15, retailPrice[3]=<<USD 1.00>>, code[4]=AAB-002, name[7]=Item 15, retailPrice[7]=<<GBP 3.00>>, code[0]=AAB-005, name[3]=Item 10, id[1]=70, id[5]=81, link[1]=http://www.item9.com, technology[7]=Technology 15, description[2]=Description 19, version[6]=0, link[5]=http://www.item13.com, version[2]=0, technology[3]=Technology 10, description[6]=Description 16, retailPrice[4]=<<USD 3.00>>, name[6]=Item 16, code[7]=AAB-014, name[2]=Item 19, id[0]=68, code[3]=AAB-009, id[4]=78, description[1]=Description 9, link[2]=http://www.item19.com, version[7]=0, technology[6]=Technology 16, version[3]=0, link[6]=http://www.item16.com, description[5]=Description 13, retailPrice[0]=<<GBP 3.00>>, technology[2]=Technology 19, retailPrice[5]=<<USD 1.00>>, id[7]=85, code[6]=AAB-015, code[2]=AAB-018, name[5]=Item 13, id[3]=73, name[1]=Item 9, technology[5]=Technology 13, description[4]=Description 3, version[4]=0, link[3]=http://www.item10.com, description[0]=Description 6, link[7]=null, retailPrice[1]=<<USD 3.00>>, technology[1]=Technology 9, id[6]=83, retailPrice[6]=<<GBP 1.00>>, code[5]=AAB-012, version[0]=0, code[1]=AAB-008, name[4]=Item 3, id[2]=72, name[0]=Item 6, command=list-published-components, principal=acme.framework.entities.Principal@677d5858, org.springframework.validation.BindingResult.retailPrice[2]=org.springframework.validation.BeanPropertyBindingResult: 0 errors, org.springframework.validation.BindingResult.retailPrice[3]=org.springframework.validation.BeanPropertyBindingResult: 0 errors, org.springframework.validation.BindingResult.retailPrice[7]=org.springframework.validation.BeanPropertyBindingResult: 0 errors, org.springframework.validation.BindingResult.retailPrice[4]=org.springframework.validation.BeanPropertyBindingResult: 0 errors, org.springframework.validation.BindingResult.retailPrice[0]=org.springframework.validation.BeanPropertyBindingResult: 0 errors, org.springframework.validation.BindingResult.retailPrice[5]=org.springframework.validation.BeanPropertyBindingResult: 0 errors, org.springframework.validation.BindingResult.retailPrice[1]=org.springframework.validation.BeanPropertyBindingResult: 0 errors, org.springframework.validation.BindingResult.retailPrice[6]=org.springframework.validation.BeanPropertyBindingResult: 0 errors, org.springframework.validation.BindingResult.principal=org.springframework.validation.BeanPropertyBindingResult: 0 errors} 
2022-04-19 12:00:05.809 DEBUG [org.apache.jasper.servlet.JspServlet@http-nio-8080-exec-9] JspEngine --> /WEB-INF/views/master/page.jsp 
2022-04-19 12:00:05.810 DEBUG [org.apache.jasper.servlet.JspServlet@http-nio-8080-exec-9] ServletPath: /WEB-INF/views/master/page.jsp 
2022-04-19 12:00:05.810 DEBUG [org.apache.jasper.servlet.JspServlet@http-nio-8080-exec-9] PathInfo: null 
2022-04-19 12:00:05.814 DEBUG [org.apache.jasper.servlet.JspServlet@http-nio-8080-exec-9] RealPath: C:\Users\Antonio\Documents\antonio\informatica\DP2\Workspace-22.0\Projects\Acme-Toolkits\target\classes\WEB-INF\views\master\page.jsp 
2022-04-19 12:00:05.814 DEBUG [org.apache.jasper.servlet.JspServlet@http-nio-8080-exec-9] RequestURI: /acme-toolkits-22.1/WEB-INF/views/master/page.jsp 
2022-04-19 12:00:05.814 DEBUG [org.apache.jasper.servlet.JspServlet@http-nio-8080-exec-9] QueryString: null 
2022-04-19 12:00:05.945 DEBUG [org.apache.jasper.servlet.JspServlet@http-nio-8080-exec-9] JspEngine --> /WEB-INF/views/any/item/list.jsp 
2022-04-19 12:00:05.945 DEBUG [org.apache.jasper.servlet.JspServlet@http-nio-8080-exec-9] ServletPath: /WEB-INF/views/master/page.jsp 
2022-04-19 12:00:05.945 DEBUG [org.apache.jasper.servlet.JspServlet@http-nio-8080-exec-9] PathInfo: null 
2022-04-19 12:00:05.948 DEBUG [org.apache.jasper.servlet.JspServlet@http-nio-8080-exec-9] RealPath: C:\Users\Antonio\Documents\antonio\informatica\DP2\Workspace-22.0\Projects\Acme-Toolkits\target\classes\WEB-INF\views\any\item\list.jsp 
2022-04-19 12:00:05.948 DEBUG [org.apache.jasper.servlet.JspServlet@http-nio-8080-exec-9] RequestURI: /acme-toolkits-22.1/WEB-INF/views/master/page.jsp 
2022-04-19 12:00:05.948 DEBUG [org.apache.jasper.servlet.JspServlet@http-nio-8080-exec-9] QueryString: null 
2022-04-19 12:00:06.135 DEBUG [org.hibernate.SQL@http-nio-8080-exec-9] select useraccoun0_.id as id1_0_, useraccoun0_.version as version2_0_, useraccoun0_.enabled as enabled1_15_, useraccoun0_.identity as identity2_15_, useraccoun0_.password as password3_15_, useraccoun0_.username as username4_15_ from user_account useraccoun0_ where useraccoun0_.username=? 
2022-04-19 12:00:06.136 TRACE [org.hibernate.type.descriptor.sql.BasicBinder@http-nio-8080-exec-9] binding parameter [1] as [VARCHAR] - [anonymous] 
2022-04-19 12:00:06.139 DEBUG [org.hibernate.SQL@http-nio-8080-exec-9] select roles0_.user_account_id as user_acc1_16_0_, roles0_.id as id1_16_0_, roles0_.id as id1_0_1_, roles0_.version as version2_0_1_, roles0_.user_account_id as user_acc1_16_1_, roles0_.company as company1_8_1_, roles0_.optional_link as optional2_8_1_, roles0_.statement as statemen3_8_1_, roles0_.company as company1_10_1_, roles0_.optional_link as optional2_10_1_, roles0_.statement as statemen3_10_1_, roles0_.clazz_ as clazz_1_ from ( select id, version, user_account_id, company, optional_link, statement, 9 as clazz_ from inventor union all select id, version, user_account_id, company, optional_link, statement, 10 as clazz_ from patron union all select id, version, user_account_id, null as company, null as optional_link, null as statement, 13 as clazz_ from administrator union all select id, version, user_account_id, null as company, null as optional_link, null as statement, 14 as clazz_ from anonymous union all select id, version, user_account_id, null as company, null as optional_link, null as statement, 15 as clazz_ from any union all select id, version, user_account_id, null as company, null as optional_link, null as statement, 16 as clazz_ from authenticated ) roles0_ where roles0_.user_account_id=? 
2022-04-19 12:00:06.140 TRACE [org.hibernate.type.descriptor.sql.BasicBinder@http-nio-8080-exec-9] binding parameter [1] as [INTEGER] - [34] 
