2022-04-15 13:48:28.393 INFO  [acme.Launcher@main] Starting Launcher using Java 1.8.0_281 on DESKTOP-793NFUM with PID 3296 (C:\Users\franm\Desktop\UNI\DP2\Workspace-22.0\Frameworks\Acme-Framework-22.3\target\classes started by franm in C:\Users\franm\Desktop\UNI\DP2\Workspace-22.0\Projects\Acme-Toolkits) 
2022-04-15 13:48:28.396 DEBUG [acme.Launcher@main] Running with Spring Boot v2.4.2, Spring v5.3.3 
2022-04-15 13:48:28.399 INFO  [acme.Launcher@main] The following profiles are active: development,default 
2022-04-15 13:48:40.522 DEBUG [org.apache.jasper.servlet.JasperInitializer@main] Initializing Jasper for context [application] 
2022-04-15 13:49:18.130 DEBUG [org.apache.jasper.servlet.JspServlet@main] Scratch dir for the JSP engine is: [C:\Users\franm\AppData\Local\Temp\tomcat.8080.5499802417059838666\work\Tomcat\localhost\acme-toolkits-22.1] 
2022-04-15 13:49:18.133 DEBUG [org.apache.jasper.servlet.JspServlet@main] IMPORTANT: Do not modify the generated servlets 
2022-04-15 13:49:18.178 INFO  [acme.Launcher@main] Started Launcher in 51.718 seconds (JVM running for 54.1) 
2022-04-15 13:49:18.188 DEBUG [acme.Launcher@main] Found classpath entry '/C:/Users/franm/Desktop/UNI/DP2/Workspace-22.0/Projects/Acme-Toolkits/target/test-classes/' 
2022-04-15 13:49:18.189 DEBUG [acme.Launcher@main] Found classpath entry '/C:/Users/franm/Desktop/UNI/DP2/Workspace-22.0/Projects/Acme-Toolkits/target/classes/' 
2022-04-15 13:49:18.189 DEBUG [acme.Launcher@main] Found classpath entry '/C:/Users/franm/Desktop/UNI/DP2/Workspace-22.0/Frameworks/Acme-Framework-22.3/target/classes/' 
2022-04-15 13:49:18.190 DEBUG [acme.Launcher@main] Found classpath entry '/C:/Users/franm/Desktop/UNI/DP2/Workspace-22.0/Frameworks/Acme-Framework-22.3/target/test-classes/' 
2022-04-15 13:49:18.190 DEBUG [acme.Launcher@main] Found classpath entry '/C:/Users/franm/.m2/repository/org/springframework/boot/spring-boot-starter-tomcat/2.4.2/spring-boot-starter-tomcat-2.4.2.jar' 
2022-04-15 13:49:18.191 DEBUG [acme.Launcher@main] Found classpath entry '/C:/Users/franm/.m2/repository/jakarta/annotation/jakarta.annotation-api/1.3.5/jakarta.annotation-api-1.3.5.jar' 
2022-04-15 13:49:18.192 DEBUG [acme.Launcher@main] Found classpath entry '/C:/Users/franm/.m2/repository/org/apache/tomcat/embed/tomcat-embed-core/9.0.41/tomcat-embed-core-9.0.41.jar' 
2022-04-15 13:49:18.192 DEBUG [acme.Launcher@main] Found classpath entry '/C:/Users/franm/.m2/repository/org/glassfish/jakarta.el/3.0.3/jakarta.el-3.0.3.jar' 
2022-04-15 13:49:18.193 DEBUG [acme.Launcher@main] Found classpath entry '/C:/Users/franm/.m2/repository/org/apache/tomcat/embed/tomcat-embed-websocket/9.0.41/tomcat-embed-websocket-9.0.41.jar' 
2022-04-15 13:49:18.194 DEBUG [acme.Launcher@main] Found classpath entry '/C:/Users/franm/.m2/repository/org/apache/tomcat/embed/tomcat-embed-jasper/9.0.41/tomcat-embed-jasper-9.0.41.jar' 
2022-04-15 13:49:18.195 DEBUG [acme.Launcher@main] Found classpath entry '/C:/Users/franm/.m2/repository/org/apache/tomcat/embed/tomcat-embed-el/9.0.41/tomcat-embed-el-9.0.41.jar' 
2022-04-15 13:49:18.196 DEBUG [acme.Launcher@main] Found classpath entry '/C:/Users/franm/.m2/repository/org/eclipse/jdt/ecj/3.18.0/ecj-3.18.0.jar' 
2022-04-15 13:49:18.196 DEBUG [acme.Launcher@main] Found classpath entry '/C:/Users/franm/.m2/repository/javax/servlet/jstl/1.2/jstl-1.2.jar' 
2022-04-15 13:49:18.197 DEBUG [acme.Launcher@main] Found classpath entry '/C:/Users/franm/.m2/repository/org/springframework/boot/spring-boot-starter-test/2.4.2/spring-boot-starter-test-2.4.2.jar' 
2022-04-15 13:49:18.197 DEBUG [acme.Launcher@main] Found classpath entry '/C:/Users/franm/.m2/repository/org/springframework/boot/spring-boot-starter/2.4.2/spring-boot-starter-2.4.2.jar' 
2022-04-15 13:49:18.198 DEBUG [acme.Launcher@main] Found classpath entry '/C:/Users/franm/.m2/repository/org/springframework/boot/spring-boot/2.4.2/spring-boot-2.4.2.jar' 
2022-04-15 13:49:18.198 DEBUG [acme.Launcher@main] Found classpath entry '/C:/Users/franm/.m2/repository/org/springframework/boot/spring-boot-autoconfigure/2.4.2/spring-boot-autoconfigure-2.4.2.jar' 
2022-04-15 13:49:18.199 DEBUG [acme.Launcher@main] Found classpath entry '/C:/Users/franm/.m2/repository/org/springframework/boot/spring-boot-starter-logging/2.4.2/spring-boot-starter-logging-2.4.2.jar' 
2022-04-15 13:49:18.199 DEBUG [acme.Launcher@main] Found classpath entry '/C:/Users/franm/.m2/repository/ch/qos/logback/logback-classic/1.2.3/logback-classic-1.2.3.jar' 
2022-04-15 13:49:18.200 DEBUG [acme.Launcher@main] Found classpath entry '/C:/Users/franm/.m2/repository/ch/qos/logback/logback-core/1.2.3/logback-core-1.2.3.jar' 
2022-04-15 13:49:18.200 DEBUG [acme.Launcher@main] Found classpath entry '/C:/Users/franm/.m2/repository/org/apache/logging/log4j/log4j-to-slf4j/2.13.3/log4j-to-slf4j-2.13.3.jar' 
2022-04-15 13:49:18.201 DEBUG [acme.Launcher@main] Found classpath entry '/C:/Users/franm/.m2/repository/org/apache/logging/log4j/log4j-api/2.13.3/log4j-api-2.13.3.jar' 
2022-04-15 13:49:18.201 DEBUG [acme.Launcher@main] Found classpath entry '/C:/Users/franm/.m2/repository/org/slf4j/jul-to-slf4j/1.7.30/jul-to-slf4j-1.7.30.jar' 
2022-04-15 13:49:18.202 DEBUG [acme.Launcher@main] Found classpath entry '/C:/Users/franm/.m2/repository/org/yaml/snakeyaml/1.27/snakeyaml-1.27.jar' 
2022-04-15 13:49:18.202 DEBUG [acme.Launcher@main] Found classpath entry '/C:/Users/franm/.m2/repository/org/springframework/boot/spring-boot-test/2.4.2/spring-boot-test-2.4.2.jar' 
2022-04-15 13:49:18.219 DEBUG [acme.Launcher@main] Found classpath entry '/C:/Users/franm/.m2/repository/org/springframework/boot/spring-boot-test-autoconfigure/2.4.2/spring-boot-test-autoconfigure-2.4.2.jar' 
2022-04-15 13:49:18.220 DEBUG [acme.Launcher@main] Found classpath entry '/C:/Users/franm/.m2/repository/com/jayway/jsonpath/json-path/2.4.0/json-path-2.4.0.jar' 
2022-04-15 13:49:18.221 DEBUG [acme.Launcher@main] Found classpath entry '/C:/Users/franm/.m2/repository/net/minidev/json-smart/2.3/json-smart-2.3.jar' 
2022-04-15 13:49:18.222 DEBUG [acme.Launcher@main] Found classpath entry '/C:/Users/franm/.m2/repository/net/minidev/accessors-smart/1.2/accessors-smart-1.2.jar' 
2022-04-15 13:49:18.222 DEBUG [acme.Launcher@main] Found classpath entry '/C:/Users/franm/.m2/repository/org/ow2/asm/asm/5.0.4/asm-5.0.4.jar' 
2022-04-15 13:49:18.223 DEBUG [acme.Launcher@main] Found classpath entry '/C:/Users/franm/.m2/repository/jakarta/xml/bind/jakarta.xml.bind-api/2.3.3/jakarta.xml.bind-api-2.3.3.jar' 
2022-04-15 13:49:18.224 DEBUG [acme.Launcher@main] Found classpath entry '/C:/Users/franm/.m2/repository/jakarta/activation/jakarta.activation-api/1.2.2/jakarta.activation-api-1.2.2.jar' 
2022-04-15 13:49:18.224 DEBUG [acme.Launcher@main] Found classpath entry '/C:/Users/franm/.m2/repository/org/assertj/assertj-core/3.18.1/assertj-core-3.18.1.jar' 
2022-04-15 13:49:18.225 DEBUG [acme.Launcher@main] Found classpath entry '/C:/Users/franm/.m2/repository/org/hamcrest/hamcrest/2.2/hamcrest-2.2.jar' 
2022-04-15 13:49:18.225 DEBUG [acme.Launcher@main] Found classpath entry '/C:/Users/franm/.m2/repository/org/junit/jupiter/junit-jupiter/5.7.0/junit-jupiter-5.7.0.jar' 
2022-04-15 13:49:18.240 DEBUG [acme.Launcher@main] Found classpath entry '/C:/Users/franm/.m2/repository/org/mockito/mockito-core/3.6.28/mockito-core-3.6.28.jar' 
2022-04-15 13:49:18.242 DEBUG [acme.Launcher@main] Found classpath entry '/C:/Users/franm/.m2/repository/net/bytebuddy/byte-buddy-agent/1.10.19/byte-buddy-agent-1.10.19.jar' 
2022-04-15 13:49:18.242 DEBUG [acme.Launcher@main] Found classpath entry '/C:/Users/franm/.m2/repository/org/objenesis/objenesis/3.1/objenesis-3.1.jar' 
2022-04-15 13:49:18.245 DEBUG [acme.Launcher@main] Found classpath entry '/C:/Users/franm/.m2/repository/org/mockito/mockito-junit-jupiter/3.6.28/mockito-junit-jupiter-3.6.28.jar' 
2022-04-15 13:49:18.246 DEBUG [acme.Launcher@main] Found classpath entry '/C:/Users/franm/.m2/repository/org/skyscreamer/jsonassert/1.5.0/jsonassert-1.5.0.jar' 
2022-04-15 13:49:18.247 DEBUG [acme.Launcher@main] Found classpath entry '/C:/Users/franm/.m2/repository/com/vaadin/external/google/android-json/0.0.20131108.vaadin1/android-json-0.0.20131108.vaadin1.jar' 
2022-04-15 13:49:18.247 DEBUG [acme.Launcher@main] Found classpath entry '/C:/Users/franm/.m2/repository/org/springframework/spring-core/5.3.3/spring-core-5.3.3.jar' 
2022-04-15 13:49:18.248 DEBUG [acme.Launcher@main] Found classpath entry '/C:/Users/franm/.m2/repository/org/springframework/spring-jcl/5.3.3/spring-jcl-5.3.3.jar' 
2022-04-15 13:49:18.249 DEBUG [acme.Launcher@main] Found classpath entry '/C:/Users/franm/.m2/repository/org/springframework/spring-test/5.3.3/spring-test-5.3.3.jar' 
2022-04-15 13:49:18.249 DEBUG [acme.Launcher@main] Found classpath entry '/C:/Users/franm/.m2/repository/org/xmlunit/xmlunit-core/2.7.0/xmlunit-core-2.7.0.jar' 
2022-04-15 13:49:18.250 DEBUG [acme.Launcher@main] Found classpath entry '/C:/Users/franm/.m2/repository/org/springframework/boot/spring-boot-starter-security/2.4.2/spring-boot-starter-security-2.4.2.jar' 
2022-04-15 13:49:18.251 DEBUG [acme.Launcher@main] Found classpath entry '/C:/Users/franm/.m2/repository/org/springframework/spring-aop/5.3.3/spring-aop-5.3.3.jar' 
2022-04-15 13:49:18.251 DEBUG [acme.Launcher@main] Found classpath entry '/C:/Users/franm/.m2/repository/org/springframework/security/spring-security-web/5.4.2/spring-security-web-5.4.2.jar' 
2022-04-15 13:49:18.252 DEBUG [acme.Launcher@main] Found classpath entry '/C:/Users/franm/.m2/repository/org/springframework/security/spring-security-core/5.4.2/spring-security-core-5.4.2.jar' 
2022-04-15 13:49:18.252 DEBUG [acme.Launcher@main] Found classpath entry '/C:/Users/franm/.m2/repository/org/springframework/spring-beans/5.3.3/spring-beans-5.3.3.jar' 
2022-04-15 13:49:18.253 DEBUG [acme.Launcher@main] Found classpath entry '/C:/Users/franm/.m2/repository/org/springframework/spring-context/5.3.3/spring-context-5.3.3.jar' 
2022-04-15 13:49:18.253 DEBUG [acme.Launcher@main] Found classpath entry '/C:/Users/franm/.m2/repository/org/springframework/spring-expression/5.3.3/spring-expression-5.3.3.jar' 
2022-04-15 13:49:18.254 DEBUG [acme.Launcher@main] Found classpath entry '/C:/Users/franm/.m2/repository/org/springframework/spring-web/5.3.3/spring-web-5.3.3.jar' 
2022-04-15 13:49:18.254 DEBUG [acme.Launcher@main] Found classpath entry '/C:/Users/franm/.m2/repository/org/springframework/security/spring-security-config/5.4.2/spring-security-config-5.4.2.jar' 
2022-04-15 13:49:18.255 DEBUG [acme.Launcher@main] Found classpath entry '/C:/Users/franm/.m2/repository/org/springframework/security/spring-security-taglibs/5.4.2/spring-security-taglibs-5.4.2.jar' 
2022-04-15 13:49:18.255 DEBUG [acme.Launcher@main] Found classpath entry '/C:/Users/franm/.m2/repository/org/springframework/security/spring-security-acl/5.4.2/spring-security-acl-5.4.2.jar' 
2022-04-15 13:49:18.257 DEBUG [acme.Launcher@main] Found classpath entry '/C:/Users/franm/.m2/repository/org/springframework/spring-jdbc/5.3.3/spring-jdbc-5.3.3.jar' 
2022-04-15 13:49:18.257 DEBUG [acme.Launcher@main] Found classpath entry '/C:/Users/franm/.m2/repository/org/springframework/spring-tx/5.3.3/spring-tx-5.3.3.jar' 
2022-04-15 13:49:18.258 DEBUG [acme.Launcher@main] Found classpath entry '/C:/Users/franm/.m2/repository/org/springframework/boot/spring-boot-starter-web/2.4.2/spring-boot-starter-web-2.4.2.jar' 
2022-04-15 13:49:18.258 DEBUG [acme.Launcher@main] Found classpath entry '/C:/Users/franm/.m2/repository/org/springframework/boot/spring-boot-starter-json/2.4.2/spring-boot-starter-json-2.4.2.jar' 
2022-04-15 13:49:18.258 DEBUG [acme.Launcher@main] Found classpath entry '/C:/Users/franm/.m2/repository/com/fasterxml/jackson/core/jackson-databind/2.11.4/jackson-databind-2.11.4.jar' 
2022-04-15 13:49:18.259 DEBUG [acme.Launcher@main] Found classpath entry '/C:/Users/franm/.m2/repository/com/fasterxml/jackson/core/jackson-annotations/2.11.4/jackson-annotations-2.11.4.jar' 
2022-04-15 13:49:18.259 DEBUG [acme.Launcher@main] Found classpath entry '/C:/Users/franm/.m2/repository/com/fasterxml/jackson/core/jackson-core/2.11.4/jackson-core-2.11.4.jar' 
2022-04-15 13:49:18.263 DEBUG [acme.Launcher@main] Found classpath entry '/C:/Users/franm/.m2/repository/com/fasterxml/jackson/datatype/jackson-datatype-jdk8/2.11.4/jackson-datatype-jdk8-2.11.4.jar' 
2022-04-15 13:49:18.264 DEBUG [acme.Launcher@main] Found classpath entry '/C:/Users/franm/.m2/repository/com/fasterxml/jackson/datatype/jackson-datatype-jsr310/2.11.4/jackson-datatype-jsr310-2.11.4.jar' 
2022-04-15 13:49:18.264 DEBUG [acme.Launcher@main] Found classpath entry '/C:/Users/franm/.m2/repository/com/fasterxml/jackson/module/jackson-module-parameter-names/2.11.4/jackson-module-parameter-names-2.11.4.jar' 
2022-04-15 13:49:18.265 DEBUG [acme.Launcher@main] Found classpath entry '/C:/Users/franm/.m2/repository/org/springframework/spring-webmvc/5.3.3/spring-webmvc-5.3.3.jar' 
2022-04-15 13:49:18.265 DEBUG [acme.Launcher@main] Found classpath entry '/C:/Users/franm/.m2/repository/org/apache/tiles/tiles-jsp/3.0.8/tiles-jsp-3.0.8.jar' 
2022-04-15 13:49:18.265 DEBUG [acme.Launcher@main] Found classpath entry '/C:/Users/franm/.m2/repository/org/apache/tiles/tiles-servlet/3.0.8/tiles-servlet-3.0.8.jar' 
2022-04-15 13:49:18.266 DEBUG [acme.Launcher@main] Found classpath entry '/C:/Users/franm/.m2/repository/org/apache/tiles/tiles-core/3.0.8/tiles-core-3.0.8.jar' 
2022-04-15 13:49:18.266 DEBUG [acme.Launcher@main] Found classpath entry '/C:/Users/franm/.m2/repository/commons-digester/commons-digester/2.0/commons-digester-2.0.jar' 
2022-04-15 13:49:18.266 DEBUG [acme.Launcher@main] Found classpath entry '/C:/Users/franm/.m2/repository/org/slf4j/jcl-over-slf4j/1.7.30/jcl-over-slf4j-1.7.30.jar' 
2022-04-15 13:49:18.267 DEBUG [acme.Launcher@main] Found classpath entry '/C:/Users/franm/.m2/repository/org/apache/tiles/tiles-request-servlet/1.0.7/tiles-request-servlet-1.0.7.jar' 
2022-04-15 13:49:18.267 DEBUG [acme.Launcher@main] Found classpath entry '/C:/Users/franm/.m2/repository/org/apache/tiles/tiles-template/3.0.8/tiles-template-3.0.8.jar' 
2022-04-15 13:49:18.267 DEBUG [acme.Launcher@main] Found classpath entry '/C:/Users/franm/.m2/repository/org/apache/tiles/tiles-api/3.0.8/tiles-api-3.0.8.jar' 
2022-04-15 13:49:18.268 DEBUG [acme.Launcher@main] Found classpath entry '/C:/Users/franm/.m2/repository/org/apache/tiles/tiles-autotag-core-runtime/1.2/tiles-autotag-core-runtime-1.2.jar' 
2022-04-15 13:49:18.268 DEBUG [acme.Launcher@main] Found classpath entry '/C:/Users/franm/.m2/repository/org/slf4j/slf4j-api/1.7.30/slf4j-api-1.7.30.jar' 
2022-04-15 13:49:18.268 DEBUG [acme.Launcher@main] Found classpath entry '/C:/Users/franm/.m2/repository/org/apache/tiles/tiles-request-jsp/1.0.7/tiles-request-jsp-1.0.7.jar' 
2022-04-15 13:49:18.268 DEBUG [acme.Launcher@main] Found classpath entry '/C:/Users/franm/.m2/repository/org/apache/tiles/tiles-request-api/1.0.7/tiles-request-api-1.0.7.jar' 
2022-04-15 13:49:18.269 DEBUG [acme.Launcher@main] Found classpath entry '/C:/Users/franm/.m2/repository/org/springframework/boot/spring-boot-starter-data-jpa/2.4.2/spring-boot-starter-data-jpa-2.4.2.jar' 
2022-04-15 13:49:18.269 DEBUG [acme.Launcher@main] Found classpath entry '/C:/Users/franm/.m2/repository/org/springframework/boot/spring-boot-starter-aop/2.4.2/spring-boot-starter-aop-2.4.2.jar' 
2022-04-15 13:49:18.270 DEBUG [acme.Launcher@main] Found classpath entry '/C:/Users/franm/.m2/repository/org/aspectj/aspectjweaver/1.9.6/aspectjweaver-1.9.6.jar' 
2022-04-15 13:49:18.270 DEBUG [acme.Launcher@main] Found classpath entry '/C:/Users/franm/.m2/repository/org/springframework/boot/spring-boot-starter-jdbc/2.4.2/spring-boot-starter-jdbc-2.4.2.jar' 
2022-04-15 13:49:18.271 DEBUG [acme.Launcher@main] Found classpath entry '/C:/Users/franm/.m2/repository/jakarta/transaction/jakarta.transaction-api/1.3.3/jakarta.transaction-api-1.3.3.jar' 
2022-04-15 13:49:18.271 DEBUG [acme.Launcher@main] Found classpath entry '/C:/Users/franm/.m2/repository/jakarta/persistence/jakarta.persistence-api/2.2.3/jakarta.persistence-api-2.2.3.jar' 
2022-04-15 13:49:18.271 DEBUG [acme.Launcher@main] Found classpath entry '/C:/Users/franm/.m2/repository/org/hibernate/hibernate-core/5.4.27.Final/hibernate-core-5.4.27.Final.jar' 
2022-04-15 13:49:18.272 DEBUG [acme.Launcher@main] Found classpath entry '/C:/Users/franm/.m2/repository/org/jboss/logging/jboss-logging/3.4.1.Final/jboss-logging-3.4.1.Final.jar' 
2022-04-15 13:49:18.272 DEBUG [acme.Launcher@main] Found classpath entry '/C:/Users/franm/.m2/repository/org/javassist/javassist/3.27.0-GA/javassist-3.27.0-GA.jar' 
2022-04-15 13:49:18.272 DEBUG [acme.Launcher@main] Found classpath entry '/C:/Users/franm/.m2/repository/antlr/antlr/2.7.7/antlr-2.7.7.jar' 
2022-04-15 13:49:18.273 DEBUG [acme.Launcher@main] Found classpath entry '/C:/Users/franm/.m2/repository/org/jboss/jandex/2.1.3.Final/jandex-2.1.3.Final.jar' 
2022-04-15 13:49:18.273 DEBUG [acme.Launcher@main] Found classpath entry '/C:/Users/franm/.m2/repository/com/fasterxml/classmate/1.5.1/classmate-1.5.1.jar' 
2022-04-15 13:49:18.274 DEBUG [acme.Launcher@main] Found classpath entry '/C:/Users/franm/.m2/repository/org/dom4j/dom4j/2.1.3/dom4j-2.1.3.jar' 
2022-04-15 13:49:18.274 DEBUG [acme.Launcher@main] Found classpath entry '/C:/Users/franm/.m2/repository/org/hibernate/common/hibernate-commons-annotations/5.1.2.Final/hibernate-commons-annotations-5.1.2.Final.jar' 
2022-04-15 13:49:18.274 DEBUG [acme.Launcher@main] Found classpath entry '/C:/Users/franm/.m2/repository/org/glassfish/jaxb/jaxb-runtime/2.3.3/jaxb-runtime-2.3.3.jar' 
2022-04-15 13:49:18.275 DEBUG [acme.Launcher@main] Found classpath entry '/C:/Users/franm/.m2/repository/org/glassfish/jaxb/txw2/2.3.3/txw2-2.3.3.jar' 
2022-04-15 13:49:18.275 DEBUG [acme.Launcher@main] Found classpath entry '/C:/Users/franm/.m2/repository/com/sun/istack/istack-commons-runtime/3.0.11/istack-commons-runtime-3.0.11.jar' 
2022-04-15 13:49:18.275 DEBUG [acme.Launcher@main] Found classpath entry '/C:/Users/franm/.m2/repository/com/sun/activation/jakarta.activation/1.2.2/jakarta.activation-1.2.2.jar' 
2022-04-15 13:49:18.275 DEBUG [acme.Launcher@main] Found classpath entry '/C:/Users/franm/.m2/repository/org/springframework/data/spring-data-jpa/2.4.3/spring-data-jpa-2.4.3.jar' 
2022-04-15 13:49:18.276 DEBUG [acme.Launcher@main] Found classpath entry '/C:/Users/franm/.m2/repository/org/springframework/data/spring-data-commons/2.4.3/spring-data-commons-2.4.3.jar' 
2022-04-15 13:49:18.281 DEBUG [acme.Launcher@main] Found classpath entry '/C:/Users/franm/.m2/repository/org/springframework/spring-orm/5.3.3/spring-orm-5.3.3.jar' 
2022-04-15 13:49:18.281 DEBUG [acme.Launcher@main] Found classpath entry '/C:/Users/franm/.m2/repository/org/springframework/spring-aspects/5.3.3/spring-aspects-5.3.3.jar' 
2022-04-15 13:49:18.282 DEBUG [acme.Launcher@main] Found classpath entry '/C:/Users/franm/.m2/repository/org/springframework/boot/spring-boot-starter-validation/2.4.2/spring-boot-starter-validation-2.4.2.jar' 
2022-04-15 13:49:18.284 DEBUG [acme.Launcher@main] Found classpath entry '/C:/Users/franm/.m2/repository/org/hibernate/validator/hibernate-validator/6.1.7.Final/hibernate-validator-6.1.7.Final.jar' 
2022-04-15 13:49:18.284 DEBUG [acme.Launcher@main] Found classpath entry '/C:/Users/franm/.m2/repository/jakarta/validation/jakarta.validation-api/2.0.2/jakarta.validation-api-2.0.2.jar' 
2022-04-15 13:49:18.285 DEBUG [acme.Launcher@main] Found classpath entry '/C:/Users/franm/.m2/repository/mysql/mysql-connector-java/8.0.22/mysql-connector-java-8.0.22.jar' 
2022-04-15 13:49:18.286 DEBUG [acme.Launcher@main] Found classpath entry '/C:/Users/franm/.m2/repository/com/zaxxer/HikariCP/3.4.5/HikariCP-3.4.5.jar' 
2022-04-15 13:49:18.287 DEBUG [acme.Launcher@main] Found classpath entry '/C:/Users/franm/.m2/repository/org/junit/jupiter/junit-jupiter-engine/5.7.0/junit-jupiter-engine-5.7.0.jar' 
2022-04-15 13:49:18.289 DEBUG [acme.Launcher@main] Found classpath entry '/C:/Users/franm/.m2/repository/org/apiguardian/apiguardian-api/1.1.0/apiguardian-api-1.1.0.jar' 
2022-04-15 13:49:18.290 DEBUG [acme.Launcher@main] Found classpath entry '/C:/Users/franm/.m2/repository/org/junit/platform/junit-platform-engine/1.7.0/junit-platform-engine-1.7.0.jar' 
2022-04-15 13:49:18.293 DEBUG [acme.Launcher@main] Found classpath entry '/C:/Users/franm/.m2/repository/org/junit/jupiter/junit-jupiter-api/5.7.0/junit-jupiter-api-5.7.0.jar' 
2022-04-15 13:49:18.294 DEBUG [acme.Launcher@main] Found classpath entry '/C:/Users/franm/.m2/repository/org/opentest4j/opentest4j/1.2.0/opentest4j-1.2.0.jar' 
2022-04-15 13:49:18.294 DEBUG [acme.Launcher@main] Found classpath entry '/C:/Users/franm/.m2/repository/org/junit/platform/junit-platform-commons/1.7.0/junit-platform-commons-1.7.0.jar' 
2022-04-15 13:49:18.294 DEBUG [acme.Launcher@main] Found classpath entry '/C:/Users/franm/.m2/repository/org/junit/jupiter/junit-jupiter-params/5.7.0/junit-jupiter-params-5.7.0.jar' 
2022-04-15 13:49:18.294 DEBUG [acme.Launcher@main] Found classpath entry '/C:/Users/franm/.m2/repository/org/junit/platform/junit-platform-launcher/1.7.0/junit-platform-launcher-1.7.0.jar' 
2022-04-15 13:49:18.295 DEBUG [acme.Launcher@main] Found classpath entry '/C:/Users/franm/.m2/repository/org/seleniumhq/selenium/selenium-java/3.141.59/selenium-java-3.141.59.jar' 
2022-04-15 13:49:18.295 DEBUG [acme.Launcher@main] Found classpath entry '/C:/Users/franm/.m2/repository/org/seleniumhq/selenium/selenium-api/3.141.59/selenium-api-3.141.59.jar' 
2022-04-15 13:49:18.296 DEBUG [acme.Launcher@main] Found classpath entry '/C:/Users/franm/.m2/repository/org/seleniumhq/selenium/selenium-chrome-driver/3.141.59/selenium-chrome-driver-3.141.59.jar' 
2022-04-15 13:49:18.296 DEBUG [acme.Launcher@main] Found classpath entry '/C:/Users/franm/.m2/repository/org/seleniumhq/selenium/selenium-edge-driver/3.141.59/selenium-edge-driver-3.141.59.jar' 
2022-04-15 13:49:18.297 DEBUG [acme.Launcher@main] Found classpath entry '/C:/Users/franm/.m2/repository/org/seleniumhq/selenium/selenium-firefox-driver/3.141.59/selenium-firefox-driver-3.141.59.jar' 
2022-04-15 13:49:18.297 DEBUG [acme.Launcher@main] Found classpath entry '/C:/Users/franm/.m2/repository/org/seleniumhq/selenium/selenium-ie-driver/3.141.59/selenium-ie-driver-3.141.59.jar' 
2022-04-15 13:49:18.297 DEBUG [acme.Launcher@main] Found classpath entry '/C:/Users/franm/.m2/repository/org/seleniumhq/selenium/selenium-opera-driver/3.141.59/selenium-opera-driver-3.141.59.jar' 
2022-04-15 13:49:18.298 DEBUG [acme.Launcher@main] Found classpath entry '/C:/Users/franm/.m2/repository/org/seleniumhq/selenium/selenium-remote-driver/3.141.59/selenium-remote-driver-3.141.59.jar' 
2022-04-15 13:49:18.298 DEBUG [acme.Launcher@main] Found classpath entry '/C:/Users/franm/.m2/repository/org/seleniumhq/selenium/selenium-safari-driver/3.141.59/selenium-safari-driver-3.141.59.jar' 
2022-04-15 13:49:18.298 DEBUG [acme.Launcher@main] Found classpath entry '/C:/Users/franm/.m2/repository/org/seleniumhq/selenium/selenium-support/3.141.59/selenium-support-3.141.59.jar' 
2022-04-15 13:49:18.298 DEBUG [acme.Launcher@main] Found classpath entry '/C:/Users/franm/.m2/repository/net/bytebuddy/byte-buddy/1.10.19/byte-buddy-1.10.19.jar' 
2022-04-15 13:49:18.299 DEBUG [acme.Launcher@main] Found classpath entry '/C:/Users/franm/.m2/repository/org/apache/commons/commons-exec/1.3/commons-exec-1.3.jar' 
2022-04-15 13:49:18.299 DEBUG [acme.Launcher@main] Found classpath entry '/C:/Users/franm/.m2/repository/com/google/guava/guava/25.0-jre/guava-25.0-jre.jar' 
2022-04-15 13:49:18.299 DEBUG [acme.Launcher@main] Found classpath entry '/C:/Users/franm/.m2/repository/com/google/code/findbugs/jsr305/1.3.9/jsr305-1.3.9.jar' 
2022-04-15 13:49:18.300 DEBUG [acme.Launcher@main] Found classpath entry '/C:/Users/franm/.m2/repository/org/checkerframework/checker-compat-qual/2.0.0/checker-compat-qual-2.0.0.jar' 
2022-04-15 13:49:18.300 DEBUG [acme.Launcher@main] Found classpath entry '/C:/Users/franm/.m2/repository/com/google/errorprone/error_prone_annotations/2.1.3/error_prone_annotations-2.1.3.jar' 
2022-04-15 13:49:18.300 DEBUG [acme.Launcher@main] Found classpath entry '/C:/Users/franm/.m2/repository/com/google/j2objc/j2objc-annotations/1.1/j2objc-annotations-1.1.jar' 
2022-04-15 13:49:18.301 DEBUG [acme.Launcher@main] Found classpath entry '/C:/Users/franm/.m2/repository/org/codehaus/mojo/animal-sniffer-annotations/1.14/animal-sniffer-annotations-1.14.jar' 
2022-04-15 13:49:18.301 DEBUG [acme.Launcher@main] Found classpath entry '/C:/Users/franm/.m2/repository/com/squareup/okhttp3/okhttp/3.14.9/okhttp-3.14.9.jar' 
2022-04-15 13:49:18.301 DEBUG [acme.Launcher@main] Found classpath entry '/C:/Users/franm/.m2/repository/com/squareup/okio/okio/1.14.0/okio-1.14.0.jar' 
2022-04-15 13:49:18.301 DEBUG [acme.Launcher@main] Found classpath entry '/C:/Users/franm/.m2/repository/org/apache/commons/commons-lang3/3.11/commons-lang3-3.11.jar' 
2022-04-15 13:49:18.302 DEBUG [acme.Launcher@main] Found classpath entry '/C:/Users/franm/.m2/repository/org/apache/commons/commons-text/1.8/commons-text-1.8.jar' 
2022-04-15 13:49:18.302 DEBUG [acme.Launcher@main] Found classpath entry '/C:/Users/franm/.m2/repository/commons-io/commons-io/2.6/commons-io-2.6.jar' 
2022-04-15 13:49:18.302 DEBUG [acme.Launcher@main] Found classpath entry '/C:/Users/franm/.m2/repository/commons-cli/commons-cli/1.4/commons-cli-1.4.jar' 
2022-04-15 13:49:18.302 DEBUG [acme.Launcher@main] Found classpath entry '/C:/Users/franm/.m2/repository/org/projectlombok/lombok/1.18.16/lombok-1.18.16.jar' 
2022-04-15 13:49:18.303 DEBUG [acme.Launcher@main] Found classpath entry '/C:/Users/franm/.m2/repository/com/opencsv/opencsv/5.4/opencsv-5.4.jar' 
2022-04-15 13:49:18.303 DEBUG [acme.Launcher@main] Found classpath entry '/C:/Users/franm/.m2/repository/commons-beanutils/commons-beanutils/1.9.4/commons-beanutils-1.9.4.jar' 
2022-04-15 13:49:18.303 DEBUG [acme.Launcher@main] Found classpath entry '/C:/Users/franm/.m2/repository/commons-logging/commons-logging/1.2/commons-logging-1.2.jar' 
2022-04-15 13:49:18.303 DEBUG [acme.Launcher@main] Found classpath entry '/C:/Users/franm/.m2/repository/commons-collections/commons-collections/3.2.2/commons-collections-3.2.2.jar' 
2022-04-15 13:49:18.304 DEBUG [acme.Launcher@main] Found classpath entry '/C:/Users/franm/.m2/repository/org/apache/commons/commons-collections4/4.4/commons-collections4-4.4.jar' 
2022-04-15 13:49:18.781 DEBUG [acme.Launcher@main] Found entity class 'acme.entities.announcements.Announcement 
2022-04-15 13:49:18.782 DEBUG [acme.Launcher@main] Found entity class 'acme.entities.chirp.Chirp 
2022-04-15 13:49:18.782 DEBUG [acme.Launcher@main] Found entity class 'acme.entities.item.Amount 
2022-04-15 13:49:18.782 DEBUG [acme.Launcher@main] Found entity class 'acme.entities.item.Item 
2022-04-15 13:49:18.782 DEBUG [acme.Launcher@main] Found entity class 'acme.entities.patronageReport.PatronageReport 
2022-04-15 13:49:18.782 DEBUG [acme.Launcher@main] Found entity class 'acme.entities.patronages.Patronage 
2022-04-15 13:49:18.783 DEBUG [acme.Launcher@main] Found entity class 'acme.entities.tookit.Toolkit 
2022-04-15 13:49:18.783 DEBUG [acme.Launcher@main] Found entity class 'acme.roles.Inventor 
2022-04-15 13:49:18.783 DEBUG [acme.Launcher@main] Found entity class 'acme.roles.Patron 
2022-04-15 13:49:18.784 DEBUG [acme.Launcher@main] Found entity class 'acme.systemConfiguration.SystemConfiguration 
2022-04-15 13:49:18.784 DEBUG [acme.Launcher@main] Found entity class 'acme.framework.entities.UserAccount 
2022-04-15 13:49:18.784 DEBUG [acme.Launcher@main] Found entity class 'acme.framework.roles.Administrator 
2022-04-15 13:49:18.784 DEBUG [acme.Launcher@main] Found entity class 'acme.framework.roles.Anonymous 
2022-04-15 13:49:18.785 DEBUG [acme.Launcher@main] Found entity class 'acme.framework.roles.Any 
2022-04-15 13:49:18.785 DEBUG [acme.Launcher@main] Found entity class 'acme.framework.roles.Authenticated 
2022-04-15 13:49:18.823 INFO  [acme.Launcher@main] Running application (Standalone) 
2022-04-15 13:59:23.942 DEBUG [acme.framework.components.tiles.DynamicTilesView@http-nio-8080-exec-5] View name 'fragments/welcome', model {} 
2022-04-15 13:59:24.653 DEBUG [org.apache.tiles.definition.dao.BaseLocaleUrlDefinitionDAO@http-nio-8080-exec-5] File Resource file:/C:/Users/franm/Desktop/UNI/DP2/Workspace-22.0/Projects/Acme-Toolkits/target/classes/WEB-INF/views/master/tiles_en.xml at file:/C:/Users/franm/Desktop/UNI/DP2/Workspace-22.0/Projects/Acme-Toolkits/target/classes/WEB-INF/views/master/tiles_en.xml not found, continue 
2022-04-15 13:59:24.672 DEBUG [org.apache.jasper.servlet.JspServlet@http-nio-8080-exec-5] JspEngine --> /WEB-INF/views/master/page.jsp 
2022-04-15 13:59:24.673 DEBUG [org.apache.jasper.servlet.JspServlet@http-nio-8080-exec-5] ServletPath: /WEB-INF/views/master/page.jsp 
2022-04-15 13:59:24.674 DEBUG [org.apache.jasper.servlet.JspServlet@http-nio-8080-exec-5] PathInfo: null 
2022-04-15 13:59:24.679 DEBUG [org.apache.jasper.servlet.JspServlet@http-nio-8080-exec-5] RealPath: C:\Users\franm\Desktop\UNI\DP2\Workspace-22.0\Projects\Acme-Toolkits\target\classes\WEB-INF\views\master\page.jsp 
2022-04-15 13:59:24.680 DEBUG [org.apache.jasper.servlet.JspServlet@http-nio-8080-exec-5] RequestURI: /acme-toolkits-22.1/WEB-INF/views/master/page.jsp 
2022-04-15 13:59:24.680 DEBUG [org.apache.jasper.servlet.JspServlet@http-nio-8080-exec-5] QueryString: null 
2022-04-15 13:59:50.711 DEBUG [acme.framework.configuration.ExtendedMessageSource@http-nio-8080-exec-5] Loading properties [C:\Users\franm\Desktop\UNI\DP2\Workspace-22.0\Projects\Acme-Toolkits\target\classes\WEB-INF\views\administrator\dashboard\messsages-en.i18n] with encoding 'utf-8' 
2022-04-15 13:59:50.753 DEBUG [acme.framework.configuration.ExtendedMessageSource@http-nio-8080-exec-5] Loading properties [C:\Users\franm\Desktop\UNI\DP2\Workspace-22.0\Projects\Acme-Toolkits\target\classes\WEB-INF\views\administrator\user-account\messages-en.i18n] with encoding 'utf-8' 
2022-04-15 13:59:50.802 DEBUG [acme.framework.configuration.ExtendedMessageSource@http-nio-8080-exec-5] Loading properties [C:\Users\franm\Desktop\UNI\DP2\Workspace-22.0\Projects\Acme-Toolkits\target\classes\WEB-INF\views\anonymous\user-account\messages-en.i18n] with encoding 'utf-8' 
2022-04-15 13:59:50.812 DEBUG [acme.framework.configuration.ExtendedMessageSource@http-nio-8080-exec-5] Loading properties [C:\Users\franm\Desktop\UNI\DP2\Workspace-22.0\Projects\Acme-Toolkits\target\classes\WEB-INF\views\authenticated\consumer\messsages-en.i18n] with encoding 'utf-8' 
2022-04-15 13:59:50.829 DEBUG [acme.framework.configuration.ExtendedMessageSource@http-nio-8080-exec-5] Loading properties [C:\Users\franm\Desktop\UNI\DP2\Workspace-22.0\Projects\Acme-Toolkits\target\classes\WEB-INF\views\authenticated\provider\messsages-en.i18n] with encoding 'utf-8' 
2022-04-15 13:59:50.842 DEBUG [acme.framework.configuration.ExtendedMessageSource@http-nio-8080-exec-5] Loading properties [C:\Users\franm\Desktop\UNI\DP2\Workspace-22.0\Projects\Acme-Toolkits\target\classes\WEB-INF\views\authenticated\system-configuration\messsages-en.i18n] with encoding 'utf-8' 
2022-04-15 13:59:50.864 DEBUG [acme.framework.configuration.ExtendedMessageSource@http-nio-8080-exec-5] Loading properties [C:\Users\franm\Desktop\UNI\DP2\Workspace-22.0\Projects\Acme-Toolkits\target\classes\WEB-INF\views\authenticated\user-account\messages-en.i18n] with encoding 'utf-8' 
2022-04-15 13:59:50.884 DEBUG [acme.framework.configuration.ExtendedMessageSource@http-nio-8080-exec-5] Loading properties [C:\Users\franm\Desktop\UNI\DP2\Workspace-22.0\Projects\Acme-Toolkits\target\classes\WEB-INF\views\fragments\banner-en.i18n] with encoding 'utf-8' 
2022-04-15 13:59:50.886 DEBUG [acme.framework.configuration.ExtendedMessageSource@http-nio-8080-exec-5] Loading properties [C:\Users\franm\Desktop\UNI\DP2\Workspace-22.0\Projects\Acme-Toolkits\target\classes\WEB-INF\views\fragments\company-en.i18n] with encoding 'utf-8' 
2022-04-15 13:59:50.932 DEBUG [acme.framework.configuration.ExtendedMessageSource@http-nio-8080-exec-5] Loading properties [C:\Users\franm\Desktop\UNI\DP2\Workspace-22.0\Projects\Acme-Toolkits\target\classes\WEB-INF\views\fragments\footer-en.i18n] with encoding 'utf-8' 
2022-04-15 13:59:50.977 DEBUG [acme.framework.configuration.ExtendedMessageSource@http-nio-8080-exec-5] Loading properties [C:\Users\franm\Desktop\UNI\DP2\Workspace-22.0\Projects\Acme-Toolkits\target\classes\WEB-INF\views\fragments\license-en.i18n] with encoding 'utf-8' 
2022-04-15 13:59:51.031 DEBUG [acme.framework.configuration.ExtendedMessageSource@http-nio-8080-exec-5] Loading properties [C:\Users\franm\Desktop\UNI\DP2\Workspace-22.0\Projects\Acme-Toolkits\target\classes\WEB-INF\views\fragments\menu-en.i18n] with encoding 'utf-8' 
2022-04-15 13:59:51.058 DEBUG [acme.framework.configuration.ExtendedMessageSource@http-nio-8080-exec-5] Loading properties [C:\Users\franm\Desktop\UNI\DP2\Workspace-22.0\Projects\Acme-Toolkits\target\classes\WEB-INF\views\fragments\messsages-en.i18n] with encoding 'utf-8' 
2022-04-15 13:59:51.079 DEBUG [acme.framework.configuration.ExtendedMessageSource@http-nio-8080-exec-5] Loading properties [C:\Users\franm\Desktop\UNI\DP2\Workspace-22.0\Projects\Acme-Toolkits\target\classes\WEB-INF\views\fragments\title-en.i18n] with encoding 'utf-8' 
2022-04-15 13:59:51.085 DEBUG [acme.framework.configuration.ExtendedMessageSource@http-nio-8080-exec-5] Loading properties [C:\Users\franm\Desktop\UNI\DP2\Workspace-22.0\Projects\Acme-Toolkits\target\classes\WEB-INF\views\fragments\welcome-en.i18n] with encoding 'utf-8' 
2022-04-15 13:59:51.091 DEBUG [acme.framework.configuration.ExtendedMessageSource@http-nio-8080-exec-5] Loading properties [C:\Users\franm\Desktop\UNI\DP2\Workspace-22.0\Projects\Acme-Toolkits\target\classes\WEB-INF\views\inventor\item\messsages-en.i18n] with encoding 'utf-8' 
2022-04-15 13:59:51.100 DEBUG [acme.framework.configuration.ExtendedMessageSource@http-nio-8080-exec-5] Loading properties [C:\Users\franm\Desktop\UNI\DP2\Workspace-22.0\Projects\Acme-Toolkits\target\classes\WEB-INF\views\inventor\patronage\messages-en.i18n] with encoding 'utf-8' 
2022-04-15 13:59:51.108 DEBUG [acme.framework.configuration.ExtendedMessageSource@http-nio-8080-exec-5] Loading properties [C:\Users\franm\Desktop\UNI\DP2\Workspace-22.0\Projects\Acme-Toolkits\target\classes\WEB-INF\views\master\defaults-en.i18n] with encoding 'utf-8' 
2022-04-15 13:59:51.128 DEBUG [acme.framework.configuration.ExtendedMessageSource@http-nio-8080-exec-5] Loading properties [C:\Users\franm\Desktop\UNI\DP2\Workspace-22.0\Projects\Acme-Toolkits\target\classes\WEB-INF\views\master\master-en.i18n] with encoding 'utf-8' 
2022-04-15 13:59:51.139 DEBUG [acme.framework.configuration.ExtendedMessageSource@http-nio-8080-exec-5] Loading properties [C:\Users\franm\Desktop\UNI\DP2\Workspace-22.0\Projects\Acme-Toolkits\target\classes\WEB-INF\views\master\throwables-en.i18n] with encoding 'utf-8' 
2022-04-15 13:59:51.141 DEBUG [acme.framework.configuration.ExtendedMessageSource@http-nio-8080-exec-5] Loading properties [C:\Users\franm\Desktop\UNI\DP2\Workspace-22.0\Projects\Acme-Toolkits\target\classes\WEB-INF\views\master\validation-en.i18n] with encoding 'utf-8' 
2022-04-15 13:59:51.697 DEBUG [org.apache.jasper.servlet.JspServlet@http-nio-8080-exec-5] JspEngine --> /WEB-INF/views/fragments/welcome.jsp 
2022-04-15 13:59:51.698 DEBUG [org.apache.jasper.servlet.JspServlet@http-nio-8080-exec-5] ServletPath: /WEB-INF/views/master/page.jsp 
2022-04-15 13:59:51.699 DEBUG [org.apache.jasper.servlet.JspServlet@http-nio-8080-exec-5] PathInfo: null 
2022-04-15 13:59:51.702 DEBUG [org.apache.jasper.servlet.JspServlet@http-nio-8080-exec-5] RealPath: C:\Users\franm\Desktop\UNI\DP2\Workspace-22.0\Projects\Acme-Toolkits\target\classes\WEB-INF\views\fragments\welcome.jsp 
2022-04-15 13:59:51.703 DEBUG [org.apache.jasper.servlet.JspServlet@http-nio-8080-exec-5] RequestURI: /acme-toolkits-22.1/WEB-INF/views/master/page.jsp 
2022-04-15 13:59:51.704 DEBUG [org.apache.jasper.servlet.JspServlet@http-nio-8080-exec-5] QueryString: null 
2022-04-15 13:59:52.972 DEBUG [org.hibernate.SQL@http-nio-8080-exec-5] select useraccoun0_.id as id1_0_, useraccoun0_.version as version2_0_, useraccoun0_.enabled as enabled1_15_, useraccoun0_.identity as identity2_15_, useraccoun0_.password as password3_15_, useraccoun0_.username as username4_15_ from user_account useraccoun0_ where useraccoun0_.username=? 
2022-04-15 13:59:53.120 TRACE [org.hibernate.type.descriptor.sql.BasicBinder@http-nio-8080-exec-5] binding parameter [1] as [VARCHAR] - [anonymous] 
2022-04-15 13:59:53.750 DEBUG [org.hibernate.SQL@http-nio-8080-exec-5] select roles0_.user_account_id as user_acc1_16_0_, roles0_.id as id1_16_0_, roles0_.id as id1_0_1_, roles0_.version as version2_0_1_, roles0_.user_account_id as user_acc1_16_1_, roles0_.company as company1_8_1_, roles0_.optional_link as optional2_8_1_, roles0_.statement as statemen3_8_1_, roles0_.company as company1_10_1_, roles0_.optional_link as optional2_10_1_, roles0_.statement as statemen3_10_1_, roles0_.clazz_ as clazz_1_ from ( select id, version, user_account_id, company, optional_link, statement, 9 as clazz_ from inventor union all select id, version, user_account_id, company, optional_link, statement, 10 as clazz_ from patron union all select id, version, user_account_id, null as company, null as optional_link, null as statement, 13 as clazz_ from administrator union all select id, version, user_account_id, null as company, null as optional_link, null as statement, 14 as clazz_ from anonymous union all select id, version, user_account_id, null as company, null as optional_link, null as statement, 15 as clazz_ from any union all select id, version, user_account_id, null as company, null as optional_link, null as statement, 16 as clazz_ from authenticated ) roles0_ where roles0_.user_account_id=? 
2022-04-15 13:59:53.751 TRACE [org.hibernate.type.descriptor.sql.BasicBinder@http-nio-8080-exec-5] binding parameter [1] as [INTEGER] - [16] 
2022-04-15 13:59:57.111 DEBUG [acme.framework.components.tiles.DynamicTilesView@http-nio-8080-exec-6] View name 'master/sign-in', model {username=, password=, remember=false} 
2022-04-15 13:59:57.115 DEBUG [org.apache.jasper.servlet.JspServlet@http-nio-8080-exec-6] JspEngine --> /WEB-INF/views/master/page.jsp 
2022-04-15 13:59:57.118 DEBUG [org.apache.jasper.servlet.JspServlet@http-nio-8080-exec-6] ServletPath: /WEB-INF/views/master/page.jsp 
2022-04-15 13:59:57.121 DEBUG [org.apache.jasper.servlet.JspServlet@http-nio-8080-exec-6] PathInfo: null 
2022-04-15 13:59:57.128 DEBUG [org.apache.jasper.servlet.JspServlet@http-nio-8080-exec-6] RealPath: C:\Users\franm\Desktop\UNI\DP2\Workspace-22.0\Projects\Acme-Toolkits\target\classes\WEB-INF\views\master\page.jsp 
2022-04-15 13:59:57.130 DEBUG [org.apache.jasper.servlet.JspServlet@http-nio-8080-exec-6] RequestURI: /acme-toolkits-22.1/WEB-INF/views/master/page.jsp 
2022-04-15 13:59:57.131 DEBUG [org.apache.jasper.servlet.JspServlet@http-nio-8080-exec-6] QueryString: null 
2022-04-15 13:59:57.401 DEBUG [org.apache.jasper.servlet.JspServlet@http-nio-8080-exec-6] JspEngine --> /WEB-INF/views/master/sign-in.jsp 
2022-04-15 13:59:57.402 DEBUG [org.apache.jasper.servlet.JspServlet@http-nio-8080-exec-6] ServletPath: /WEB-INF/views/master/page.jsp 
2022-04-15 13:59:57.402 DEBUG [org.apache.jasper.servlet.JspServlet@http-nio-8080-exec-6] PathInfo: null 
2022-04-15 13:59:57.405 DEBUG [org.apache.jasper.servlet.JspServlet@http-nio-8080-exec-6] RealPath: C:\Users\franm\Desktop\UNI\DP2\Workspace-22.0\Projects\Acme-Toolkits\target\classes\WEB-INF\views\master\sign-in.jsp 
2022-04-15 13:59:57.405 DEBUG [org.apache.jasper.servlet.JspServlet@http-nio-8080-exec-6] RequestURI: /acme-toolkits-22.1/WEB-INF/views/master/page.jsp 
2022-04-15 13:59:57.406 DEBUG [org.apache.jasper.servlet.JspServlet@http-nio-8080-exec-6] QueryString: null 
2022-04-15 14:00:06.069 DEBUG [org.hibernate.SQL@http-nio-8080-exec-6] select useraccoun0_.id as id1_0_, useraccoun0_.version as version2_0_, useraccoun0_.enabled as enabled1_15_, useraccoun0_.identity as identity2_15_, useraccoun0_.password as password3_15_, useraccoun0_.username as username4_15_ from user_account useraccoun0_ where useraccoun0_.username=? 
2022-04-15 14:00:06.070 TRACE [org.hibernate.type.descriptor.sql.BasicBinder@http-nio-8080-exec-6] binding parameter [1] as [VARCHAR] - [anonymous] 
2022-04-15 14:00:06.073 DEBUG [org.hibernate.SQL@http-nio-8080-exec-6] select roles0_.user_account_id as user_acc1_16_0_, roles0_.id as id1_16_0_, roles0_.id as id1_0_1_, roles0_.version as version2_0_1_, roles0_.user_account_id as user_acc1_16_1_, roles0_.company as company1_8_1_, roles0_.optional_link as optional2_8_1_, roles0_.statement as statemen3_8_1_, roles0_.company as company1_10_1_, roles0_.optional_link as optional2_10_1_, roles0_.statement as statemen3_10_1_, roles0_.clazz_ as clazz_1_ from ( select id, version, user_account_id, company, optional_link, statement, 9 as clazz_ from inventor union all select id, version, user_account_id, company, optional_link, statement, 10 as clazz_ from patron union all select id, version, user_account_id, null as company, null as optional_link, null as statement, 13 as clazz_ from administrator union all select id, version, user_account_id, null as company, null as optional_link, null as statement, 14 as clazz_ from anonymous union all select id, version, user_account_id, null as company, null as optional_link, null as statement, 15 as clazz_ from any union all select id, version, user_account_id, null as company, null as optional_link, null as statement, 16 as clazz_ from authenticated ) roles0_ where roles0_.user_account_id=? 
2022-04-15 14:00:06.075 TRACE [org.hibernate.type.descriptor.sql.BasicBinder@http-nio-8080-exec-6] binding parameter [1] as [INTEGER] - [16] 
2022-04-15 14:00:52.176 DEBUG [org.hibernate.SQL@http-nio-8080-exec-3] select useraccoun0_.id as id1_0_, useraccoun0_.version as version2_0_, useraccoun0_.enabled as enabled1_15_, useraccoun0_.identity as identity2_15_, useraccoun0_.password as password3_15_, useraccoun0_.username as username4_15_ from user_account useraccoun0_ where useraccoun0_.username=? 
2022-04-15 14:00:52.177 TRACE [org.hibernate.type.descriptor.sql.BasicBinder@http-nio-8080-exec-3] binding parameter [1] as [VARCHAR] - [inventor1] 
2022-04-15 14:00:52.181 DEBUG [org.hibernate.SQL@http-nio-8080-exec-3] select roles0_.user_account_id as user_acc1_16_0_, roles0_.id as id1_16_0_, roles0_.id as id1_0_1_, roles0_.version as version2_0_1_, roles0_.user_account_id as user_acc1_16_1_, roles0_.company as company1_8_1_, roles0_.optional_link as optional2_8_1_, roles0_.statement as statemen3_8_1_, roles0_.company as company1_10_1_, roles0_.optional_link as optional2_10_1_, roles0_.statement as statemen3_10_1_, roles0_.clazz_ as clazz_1_ from ( select id, version, user_account_id, company, optional_link, statement, 9 as clazz_ from inventor union all select id, version, user_account_id, company, optional_link, statement, 10 as clazz_ from patron union all select id, version, user_account_id, null as company, null as optional_link, null as statement, 13 as clazz_ from administrator union all select id, version, user_account_id, null as company, null as optional_link, null as statement, 14 as clazz_ from anonymous union all select id, version, user_account_id, null as company, null as optional_link, null as statement, 15 as clazz_ from any union all select id, version, user_account_id, null as company, null as optional_link, null as statement, 16 as clazz_ from authenticated ) roles0_ where roles0_.user_account_id=? 
2022-04-15 14:00:52.183 TRACE [org.hibernate.type.descriptor.sql.BasicBinder@http-nio-8080-exec-3] binding parameter [1] as [INTEGER] - [37] 
2022-04-15 14:00:52.259 DEBUG [acme.framework.components.tiles.DynamicTilesView@http-nio-8080-exec-10] View name 'fragments/welcome', model {} 
2022-04-15 14:00:52.261 DEBUG [org.apache.jasper.servlet.JspServlet@http-nio-8080-exec-10] JspEngine --> /WEB-INF/views/master/page.jsp 
2022-04-15 14:00:52.262 DEBUG [org.apache.jasper.servlet.JspServlet@http-nio-8080-exec-10] ServletPath: /WEB-INF/views/master/page.jsp 
2022-04-15 14:00:52.263 DEBUG [org.apache.jasper.servlet.JspServlet@http-nio-8080-exec-10] PathInfo: null 
2022-04-15 14:00:52.268 DEBUG [org.apache.jasper.servlet.JspServlet@http-nio-8080-exec-10] RealPath: C:\Users\franm\Desktop\UNI\DP2\Workspace-22.0\Projects\Acme-Toolkits\target\classes\WEB-INF\views\master\page.jsp 
2022-04-15 14:00:52.269 DEBUG [org.apache.jasper.servlet.JspServlet@http-nio-8080-exec-10] RequestURI: /acme-toolkits-22.1/WEB-INF/views/master/page.jsp 
2022-04-15 14:00:52.270 DEBUG [org.apache.jasper.servlet.JspServlet@http-nio-8080-exec-10] QueryString: null 
2022-04-15 14:00:52.498 DEBUG [org.apache.jasper.servlet.JspServlet@http-nio-8080-exec-10] JspEngine --> /WEB-INF/views/fragments/welcome.jsp 
2022-04-15 14:00:52.499 DEBUG [org.apache.jasper.servlet.JspServlet@http-nio-8080-exec-10] ServletPath: /WEB-INF/views/master/page.jsp 
2022-04-15 14:00:52.500 DEBUG [org.apache.jasper.servlet.JspServlet@http-nio-8080-exec-10] PathInfo: null 
2022-04-15 14:00:52.506 DEBUG [org.apache.jasper.servlet.JspServlet@http-nio-8080-exec-10] RealPath: C:\Users\franm\Desktop\UNI\DP2\Workspace-22.0\Projects\Acme-Toolkits\target\classes\WEB-INF\views\fragments\welcome.jsp 
2022-04-15 14:00:52.507 DEBUG [org.apache.jasper.servlet.JspServlet@http-nio-8080-exec-10] RequestURI: /acme-toolkits-22.1/WEB-INF/views/master/page.jsp 
2022-04-15 14:00:52.508 DEBUG [org.apache.jasper.servlet.JspServlet@http-nio-8080-exec-10] QueryString: null 
2022-04-15 14:00:58.746 DEBUG [acme.framework.controllers.AbstractController@http-nio-8080-exec-1] DISPATCHING GET /acme-toolkits-22.1/inventor/patronage/list-own-patronage 
2022-04-15 14:00:58.746 DEBUG [acme.framework.controllers.AbstractController@http-nio-8080-exec-1] Command: list-own-patronage 
2022-04-15 14:00:58.747 DEBUG [acme.framework.controllers.AbstractController@http-nio-8080-exec-1] Model:   {} 
2022-04-15 14:00:58.747 DEBUG [acme.framework.controllers.AbstractController@http-nio-8080-exec-1] Locale:  en 
2022-04-15 14:00:58.876 DEBUG [org.hibernate.SQL@http-nio-8080-exec-1] select patronage0_.id as id1_0_, patronage0_.version as version2_0_, patronage0_.budget_amount as budget_a1_11_, patronage0_.budget_currency as budget_c2_11_, patronage0_.code as code3_11_, patronage0_.creation_moment as creation4_11_, patronage0_.final_date as final_da5_11_, patronage0_.initial_date as initial_6_11_, patronage0_.inventor_id as invento10_11_, patronage0_.legal_stuff as legal_st7_11_, patronage0_.optional_link as optional8_11_, patronage0_.patron_id as patron_11_11_, patronage0_.status as status9_11_ from patronage patronage0_ where patronage0_.inventor_id=? 
2022-04-15 14:00:58.877 TRACE [org.hibernate.type.descriptor.sql.BasicBinder@http-nio-8080-exec-1] binding parameter [1] as [INTEGER] - [48] 
2022-04-15 14:00:58.947 DEBUG [org.hibernate.SQL@http-nio-8080-exec-1] select inventor0_.id as id1_0_0_, inventor0_.version as version2_0_0_, inventor0_.user_account_id as user_acc1_16_0_, inventor0_.company as company1_8_0_, inventor0_.optional_link as optional2_8_0_, inventor0_.statement as statemen3_8_0_, useraccoun1_.id as id1_0_1_, useraccoun1_.version as version2_0_1_, useraccoun1_.enabled as enabled1_15_1_, useraccoun1_.identity as identity2_15_1_, useraccoun1_.password as password3_15_1_, useraccoun1_.username as username4_15_1_ from inventor inventor0_ inner join user_account useraccoun1_ on inventor0_.user_account_id=useraccoun1_.id where inventor0_.id=? 
2022-04-15 14:00:58.948 TRACE [org.hibernate.type.descriptor.sql.BasicBinder@http-nio-8080-exec-1] binding parameter [1] as [INTEGER] - [48] 
2022-04-15 14:00:58.995 DEBUG [org.hibernate.SQL@http-nio-8080-exec-1] select patron0_.id as id1_0_0_, patron0_.version as version2_0_0_, patron0_.user_account_id as user_acc1_16_0_, patron0_.company as company1_10_0_, patron0_.optional_link as optional2_10_0_, patron0_.statement as statemen3_10_0_, useraccoun1_.id as id1_0_1_, useraccoun1_.version as version2_0_1_, useraccoun1_.enabled as enabled1_15_1_, useraccoun1_.identity as identity2_15_1_, useraccoun1_.password as password3_15_1_, useraccoun1_.username as username4_15_1_ from patron patron0_ inner join user_account useraccoun1_ on patron0_.user_account_id=useraccoun1_.id where patron0_.id=? 
2022-04-15 14:00:58.996 TRACE [org.hibernate.type.descriptor.sql.BasicBinder@http-nio-8080-exec-1] binding parameter [1] as [INTEGER] - [73] 
2022-04-15 14:00:59.027 DEBUG [org.hibernate.SQL@http-nio-8080-exec-1] select patron0_.id as id1_0_0_, patron0_.version as version2_0_0_, patron0_.user_account_id as user_acc1_16_0_, patron0_.company as company1_10_0_, patron0_.optional_link as optional2_10_0_, patron0_.statement as statemen3_10_0_, useraccoun1_.id as id1_0_1_, useraccoun1_.version as version2_0_1_, useraccoun1_.enabled as enabled1_15_1_, useraccoun1_.identity as identity2_15_1_, useraccoun1_.password as password3_15_1_, useraccoun1_.username as username4_15_1_ from patron patron0_ inner join user_account useraccoun1_ on patron0_.user_account_id=useraccoun1_.id where patron0_.id=? 
2022-04-15 14:00:59.028 TRACE [org.hibernate.type.descriptor.sql.BasicBinder@http-nio-8080-exec-1] binding parameter [1] as [INTEGER] - [74] 
2022-04-15 14:00:59.449 DEBUG [acme.framework.controllers.AbstractController@http-nio-8080-exec-1] SERVING GET /acme-toolkits-22.1/inventor/patronage/list-own-patronage 
2022-04-15 14:00:59.469 DEBUG [acme.framework.controllers.AbstractController@http-nio-8080-exec-1] Result: ModelAndView [view="inventor/patronage/list"; model={version[1]=0, status[0]=PROPOSED, list$size=2, status[1]=DENIED, budget[0]=<<EUR 10.00>>, legalStuff[1]=LegalStuff 3, legalStuff[0]=LegalStuff 1, budget[1]=<<USD 12.00>>, version[0]=0, creationMoment[1]=2004-12-12 22:00:00.0, creationMoment[0]=2002-12-12 23:00:00.0, id[1]=103, id[0]=99, command=list-own-patronage, principal=acme.framework.entities.Principal@585ac088}] 
2022-04-15 14:00:59.479 DEBUG [acme.framework.components.tiles.DynamicTilesView@http-nio-8080-exec-1] View name 'inventor/patronage/list', model {version[1]=0, status[0]=PROPOSED, list$size=2, status[1]=DENIED, budget[0]=<<EUR 10.00>>, legalStuff[1]=LegalStuff 3, legalStuff[0]=LegalStuff 1, budget[1]=<<USD 12.00>>, version[0]=0, creationMoment[1]=2004-12-12 22:00:00.0, creationMoment[0]=2002-12-12 23:00:00.0, id[1]=103, id[0]=99, command=list-own-patronage, principal=acme.framework.entities.Principal@585ac088, org.springframework.validation.BindingResult.budget[0]=org.springframework.validation.BeanPropertyBindingResult: 0 errors, org.springframework.validation.BindingResult.budget[1]=org.springframework.validation.BeanPropertyBindingResult: 0 errors, org.springframework.validation.BindingResult.principal=org.springframework.validation.BeanPropertyBindingResult: 0 errors} 
2022-04-15 14:00:59.481 DEBUG [org.apache.jasper.servlet.JspServlet@http-nio-8080-exec-1] JspEngine --> /WEB-INF/views/master/page.jsp 
2022-04-15 14:00:59.482 DEBUG [org.apache.jasper.servlet.JspServlet@http-nio-8080-exec-1] ServletPath: /WEB-INF/views/master/page.jsp 
2022-04-15 14:00:59.483 DEBUG [org.apache.jasper.servlet.JspServlet@http-nio-8080-exec-1] PathInfo: null 
2022-04-15 14:00:59.485 DEBUG [org.apache.jasper.servlet.JspServlet@http-nio-8080-exec-1] RealPath: C:\Users\franm\Desktop\UNI\DP2\Workspace-22.0\Projects\Acme-Toolkits\target\classes\WEB-INF\views\master\page.jsp 
2022-04-15 14:00:59.486 DEBUG [org.apache.jasper.servlet.JspServlet@http-nio-8080-exec-1] RequestURI: /acme-toolkits-22.1/WEB-INF/views/master/page.jsp 
2022-04-15 14:00:59.487 DEBUG [org.apache.jasper.servlet.JspServlet@http-nio-8080-exec-1] QueryString: null 
2022-04-15 14:00:59.781 DEBUG [org.apache.jasper.servlet.JspServlet@http-nio-8080-exec-1] JspEngine --> /WEB-INF/views/inventor/patronage/list.jsp 
2022-04-15 14:00:59.782 DEBUG [org.apache.jasper.servlet.JspServlet@http-nio-8080-exec-1] ServletPath: /WEB-INF/views/master/page.jsp 
2022-04-15 14:00:59.783 DEBUG [org.apache.jasper.servlet.JspServlet@http-nio-8080-exec-1] PathInfo: null 
2022-04-15 14:00:59.789 DEBUG [org.apache.jasper.servlet.JspServlet@http-nio-8080-exec-1] RealPath: C:\Users\franm\Desktop\UNI\DP2\Workspace-22.0\Projects\Acme-Toolkits\target\classes\WEB-INF\views\inventor\patronage\list.jsp 
2022-04-15 14:00:59.811 DEBUG [org.apache.jasper.servlet.JspServlet@http-nio-8080-exec-1] RequestURI: /acme-toolkits-22.1/WEB-INF/views/master/page.jsp 
2022-04-15 14:00:59.812 DEBUG [org.apache.jasper.servlet.JspServlet@http-nio-8080-exec-1] QueryString: null 
2022-04-15 14:01:05.825 DEBUG [acme.framework.controllers.AbstractController@http-nio-8080-exec-8] DISPATCHING GET /acme-toolkits-22.1/inventor/patronage/show 
2022-04-15 14:01:05.825 DEBUG [acme.framework.controllers.AbstractController@http-nio-8080-exec-8] Command: show 
2022-04-15 14:01:05.825 DEBUG [acme.framework.controllers.AbstractController@http-nio-8080-exec-8] Model:   {id=99} 
2022-04-15 14:01:05.826 DEBUG [acme.framework.controllers.AbstractController@http-nio-8080-exec-8] Locale:  en 
2022-04-15 14:01:05.862 DEBUG [org.hibernate.SQL@http-nio-8080-exec-8] select patronage0_.id as id1_0_, patronage0_.version as version2_0_, patronage0_.budget_amount as budget_a1_11_, patronage0_.budget_currency as budget_c2_11_, patronage0_.code as code3_11_, patronage0_.creation_moment as creation4_11_, patronage0_.final_date as final_da5_11_, patronage0_.initial_date as initial_6_11_, patronage0_.inventor_id as invento10_11_, patronage0_.legal_stuff as legal_st7_11_, patronage0_.optional_link as optional8_11_, patronage0_.patron_id as patron_11_11_, patronage0_.status as status9_11_ from patronage patronage0_ where patronage0_.id=? 
2022-04-15 14:01:05.863 TRACE [org.hibernate.type.descriptor.sql.BasicBinder@http-nio-8080-exec-8] binding parameter [1] as [INTEGER] - [99] 
2022-04-15 14:01:05.866 DEBUG [org.hibernate.SQL@http-nio-8080-exec-8] select inventor0_.id as id1_0_0_, inventor0_.version as version2_0_0_, inventor0_.user_account_id as user_acc1_16_0_, inventor0_.company as company1_8_0_, inventor0_.optional_link as optional2_8_0_, inventor0_.statement as statemen3_8_0_, useraccoun1_.id as id1_0_1_, useraccoun1_.version as version2_0_1_, useraccoun1_.enabled as enabled1_15_1_, useraccoun1_.identity as identity2_15_1_, useraccoun1_.password as password3_15_1_, useraccoun1_.username as username4_15_1_ from inventor inventor0_ inner join user_account useraccoun1_ on inventor0_.user_account_id=useraccoun1_.id where inventor0_.id=? 
2022-04-15 14:01:05.867 TRACE [org.hibernate.type.descriptor.sql.BasicBinder@http-nio-8080-exec-8] binding parameter [1] as [INTEGER] - [48] 
2022-04-15 14:01:05.877 DEBUG [org.hibernate.SQL@http-nio-8080-exec-8] select patron0_.id as id1_0_0_, patron0_.version as version2_0_0_, patron0_.user_account_id as user_acc1_16_0_, patron0_.company as company1_10_0_, patron0_.optional_link as optional2_10_0_, patron0_.statement as statemen3_10_0_, useraccoun1_.id as id1_0_1_, useraccoun1_.version as version2_0_1_, useraccoun1_.enabled as enabled1_15_1_, useraccoun1_.identity as identity2_15_1_, useraccoun1_.password as password3_15_1_, useraccoun1_.username as username4_15_1_ from patron patron0_ inner join user_account useraccoun1_ on patron0_.user_account_id=useraccoun1_.id where patron0_.id=? 
2022-04-15 14:01:05.877 TRACE [org.hibernate.type.descriptor.sql.BasicBinder@http-nio-8080-exec-8] binding parameter [1] as [INTEGER] - [73] 
2022-04-15 14:01:06.061 DEBUG [org.hibernate.SQL@http-nio-8080-exec-8] select patronage0_.id as id1_0_, patronage0_.version as version2_0_, patronage0_.budget_amount as budget_a1_11_, patronage0_.budget_currency as budget_c2_11_, patronage0_.code as code3_11_, patronage0_.creation_moment as creation4_11_, patronage0_.final_date as final_da5_11_, patronage0_.initial_date as initial_6_11_, patronage0_.inventor_id as invento10_11_, patronage0_.legal_stuff as legal_st7_11_, patronage0_.optional_link as optional8_11_, patronage0_.patron_id as patron_11_11_, patronage0_.status as status9_11_ from patronage patronage0_ where patronage0_.id=? 
2022-04-15 14:01:06.062 TRACE [org.hibernate.type.descriptor.sql.BasicBinder@http-nio-8080-exec-8] binding parameter [1] as [INTEGER] - [99] 
2022-04-15 14:01:06.072 DEBUG [acme.framework.controllers.AbstractController@http-nio-8080-exec-8] SERVING GET /acme-toolkits-22.1/inventor/patronage/show 
2022-04-15 14:01:06.072 DEBUG [acme.framework.controllers.AbstractController@http-nio-8080-exec-8] Result: ModelAndView [view="inventor/patronage/form"; model={finalDate=2020-12-12 23:00:00.0, code=AAA-000, optionalLink=http://www.patronage1.com, creationMoment=2002-12-12 23:00:00.0, id=99, version=0, initialDate=2020-12-11 23:00:00.0, status=PROPOSED, legalStuff=LegalStuff 1, budget=<<EUR 10.00>>, command=show, principal=acme.framework.entities.Principal@585ac088}] 
2022-04-15 14:01:06.073 DEBUG [acme.framework.components.tiles.DynamicTilesView@http-nio-8080-exec-8] View name 'inventor/patronage/form', model {finalDate=2020-12-12 23:00:00.0, code=AAA-000, optionalLink=http://www.patronage1.com, creationMoment=2002-12-12 23:00:00.0, id=99, version=0, initialDate=2020-12-11 23:00:00.0, status=PROPOSED, legalStuff=LegalStuff 1, budget=<<EUR 10.00>>, command=show, principal=acme.framework.entities.Principal@585ac088, org.springframework.validation.BindingResult.budget=org.springframework.validation.BeanPropertyBindingResult: 0 errors, org.springframework.validation.BindingResult.principal=org.springframework.validation.BeanPropertyBindingResult: 0 errors} 
2022-04-15 14:01:06.075 DEBUG [org.apache.jasper.servlet.JspServlet@http-nio-8080-exec-8] JspEngine --> /WEB-INF/views/master/page.jsp 
2022-04-15 14:01:06.075 DEBUG [org.apache.jasper.servlet.JspServlet@http-nio-8080-exec-8] ServletPath: /WEB-INF/views/master/page.jsp 
2022-04-15 14:01:06.076 DEBUG [org.apache.jasper.servlet.JspServlet@http-nio-8080-exec-8] PathInfo: null 
2022-04-15 14:01:06.081 DEBUG [org.apache.jasper.servlet.JspServlet@http-nio-8080-exec-8] RealPath: C:\Users\franm\Desktop\UNI\DP2\Workspace-22.0\Projects\Acme-Toolkits\target\classes\WEB-INF\views\master\page.jsp 
2022-04-15 14:01:06.082 DEBUG [org.apache.jasper.servlet.JspServlet@http-nio-8080-exec-8] RequestURI: /acme-toolkits-22.1/WEB-INF/views/master/page.jsp 
2022-04-15 14:01:06.082 DEBUG [org.apache.jasper.servlet.JspServlet@http-nio-8080-exec-8] QueryString: id=99 
2022-04-15 14:01:06.309 DEBUG [org.apache.jasper.servlet.JspServlet@http-nio-8080-exec-8] JspEngine --> /WEB-INF/views/inventor/patronage/form.jsp 
2022-04-15 14:01:06.310 DEBUG [org.apache.jasper.servlet.JspServlet@http-nio-8080-exec-8] ServletPath: /WEB-INF/views/master/page.jsp 
2022-04-15 14:01:06.311 DEBUG [org.apache.jasper.servlet.JspServlet@http-nio-8080-exec-8] PathInfo: null 
2022-04-15 14:01:06.315 DEBUG [org.apache.jasper.servlet.JspServlet@http-nio-8080-exec-8] RealPath: C:\Users\franm\Desktop\UNI\DP2\Workspace-22.0\Projects\Acme-Toolkits\target\classes\WEB-INF\views\inventor\patronage\form.jsp 
2022-04-15 14:01:06.316 DEBUG [org.apache.jasper.servlet.JspServlet@http-nio-8080-exec-8] RequestURI: /acme-toolkits-22.1/WEB-INF/views/master/page.jsp 
2022-04-15 14:01:06.317 DEBUG [org.apache.jasper.servlet.JspServlet@http-nio-8080-exec-8] QueryString: id=99 
