2022-04-23 21:18:08.464 INFO  [acme.Launcher@main] Starting Launcher using Java 1.8.0_281 on DESKTOP-5PUVM29 with PID 2864 (D:\Software\Eclipse\Workspaces\DP2\Frameworks\Acme-Framework-22.3\target\classes started by Álvaro in D:\Software\Eclipse\Workspaces\DP2\Projects\Acme-Toolkits) 
2022-04-23 21:18:08.465 DEBUG [acme.Launcher@main] Running with Spring Boot v2.4.2, Spring v5.3.3 
2022-04-23 21:18:08.466 INFO  [acme.Launcher@main] The following profiles are active: development,default 
2022-04-23 21:18:11.304 DEBUG [org.apache.jasper.servlet.JasperInitializer@main] Initializing Jasper for context [application] 
2022-04-23 21:18:15.695 DEBUG [org.apache.jasper.servlet.JspServlet@main] Scratch dir for the JSP engine is: [C:\Users\Álvaro\AppData\Local\Temp\tomcat.8080.1852657442286193783\work\Tomcat\localhost\acme-toolkits-22.1] 
2022-04-23 21:18:15.696 DEBUG [org.apache.jasper.servlet.JspServlet@main] IMPORTANT: Do not modify the generated servlets 
2022-04-23 21:18:15.709 INFO  [acme.Launcher@main] Started Launcher in 7.909 seconds (JVM running for 8.536) 
2022-04-23 21:18:15.716 DEBUG [acme.Launcher@main] Found classpath entry '/D:/Software/Eclipse/Workspaces/DP2/Projects/Acme-Toolkits/target/test-classes/' 
2022-04-23 21:18:15.716 DEBUG [acme.Launcher@main] Found classpath entry '/D:/Software/Eclipse/Workspaces/DP2/Projects/Acme-Toolkits/target/classes/' 
2022-04-23 21:18:15.716 DEBUG [acme.Launcher@main] Found classpath entry '/D:/Software/Eclipse/Workspaces/DP2/Frameworks/Acme-Framework-22.3/target/classes/' 
2022-04-23 21:18:15.717 DEBUG [acme.Launcher@main] Found classpath entry '/D:/Software/Eclipse/Workspaces/DP2/Frameworks/Acme-Framework-22.3/target/test-classes/' 
2022-04-23 21:18:15.717 DEBUG [acme.Launcher@main] Found classpath entry '/C:/Users/%c3%81lvaro/.m2/repository/org/springframework/boot/spring-boot-starter-tomcat/2.4.2/spring-boot-starter-tomcat-2.4.2.jar' 
2022-04-23 21:18:15.717 DEBUG [acme.Launcher@main] Found classpath entry '/C:/Users/%c3%81lvaro/.m2/repository/jakarta/annotation/jakarta.annotation-api/1.3.5/jakarta.annotation-api-1.3.5.jar' 
2022-04-23 21:18:15.717 DEBUG [acme.Launcher@main] Found classpath entry '/C:/Users/%c3%81lvaro/.m2/repository/org/apache/tomcat/embed/tomcat-embed-core/9.0.41/tomcat-embed-core-9.0.41.jar' 
2022-04-23 21:18:15.717 DEBUG [acme.Launcher@main] Found classpath entry '/C:/Users/%c3%81lvaro/.m2/repository/org/glassfish/jakarta.el/3.0.3/jakarta.el-3.0.3.jar' 
2022-04-23 21:18:15.718 DEBUG [acme.Launcher@main] Found classpath entry '/C:/Users/%c3%81lvaro/.m2/repository/org/apache/tomcat/embed/tomcat-embed-websocket/9.0.41/tomcat-embed-websocket-9.0.41.jar' 
2022-04-23 21:18:15.718 DEBUG [acme.Launcher@main] Found classpath entry '/C:/Users/%c3%81lvaro/.m2/repository/org/apache/tomcat/embed/tomcat-embed-jasper/9.0.41/tomcat-embed-jasper-9.0.41.jar' 
2022-04-23 21:18:15.718 DEBUG [acme.Launcher@main] Found classpath entry '/C:/Users/%c3%81lvaro/.m2/repository/org/apache/tomcat/embed/tomcat-embed-el/9.0.41/tomcat-embed-el-9.0.41.jar' 
2022-04-23 21:18:15.718 DEBUG [acme.Launcher@main] Found classpath entry '/C:/Users/%c3%81lvaro/.m2/repository/org/eclipse/jdt/ecj/3.18.0/ecj-3.18.0.jar' 
2022-04-23 21:18:15.718 DEBUG [acme.Launcher@main] Found classpath entry '/C:/Users/%c3%81lvaro/.m2/repository/javax/servlet/jstl/1.2/jstl-1.2.jar' 
2022-04-23 21:18:15.718 DEBUG [acme.Launcher@main] Found classpath entry '/C:/Users/%c3%81lvaro/.m2/repository/org/springframework/boot/spring-boot-starter-test/2.4.2/spring-boot-starter-test-2.4.2.jar' 
2022-04-23 21:18:15.719 DEBUG [acme.Launcher@main] Found classpath entry '/C:/Users/%c3%81lvaro/.m2/repository/org/springframework/boot/spring-boot-starter/2.4.2/spring-boot-starter-2.4.2.jar' 
2022-04-23 21:18:15.719 DEBUG [acme.Launcher@main] Found classpath entry '/C:/Users/%c3%81lvaro/.m2/repository/org/springframework/boot/spring-boot/2.4.2/spring-boot-2.4.2.jar' 
2022-04-23 21:18:15.719 DEBUG [acme.Launcher@main] Found classpath entry '/C:/Users/%c3%81lvaro/.m2/repository/org/springframework/boot/spring-boot-autoconfigure/2.4.2/spring-boot-autoconfigure-2.4.2.jar' 
2022-04-23 21:18:15.719 DEBUG [acme.Launcher@main] Found classpath entry '/C:/Users/%c3%81lvaro/.m2/repository/org/springframework/boot/spring-boot-starter-logging/2.4.2/spring-boot-starter-logging-2.4.2.jar' 
2022-04-23 21:18:15.720 DEBUG [acme.Launcher@main] Found classpath entry '/C:/Users/%c3%81lvaro/.m2/repository/ch/qos/logback/logback-classic/1.2.3/logback-classic-1.2.3.jar' 
2022-04-23 21:18:15.720 DEBUG [acme.Launcher@main] Found classpath entry '/C:/Users/%c3%81lvaro/.m2/repository/ch/qos/logback/logback-core/1.2.3/logback-core-1.2.3.jar' 
2022-04-23 21:18:15.720 DEBUG [acme.Launcher@main] Found classpath entry '/C:/Users/%c3%81lvaro/.m2/repository/org/apache/logging/log4j/log4j-to-slf4j/2.13.3/log4j-to-slf4j-2.13.3.jar' 
2022-04-23 21:18:15.720 DEBUG [acme.Launcher@main] Found classpath entry '/C:/Users/%c3%81lvaro/.m2/repository/org/apache/logging/log4j/log4j-api/2.13.3/log4j-api-2.13.3.jar' 
2022-04-23 21:18:15.720 DEBUG [acme.Launcher@main] Found classpath entry '/C:/Users/%c3%81lvaro/.m2/repository/org/slf4j/jul-to-slf4j/1.7.30/jul-to-slf4j-1.7.30.jar' 
2022-04-23 21:18:15.720 DEBUG [acme.Launcher@main] Found classpath entry '/C:/Users/%c3%81lvaro/.m2/repository/org/yaml/snakeyaml/1.27/snakeyaml-1.27.jar' 
2022-04-23 21:18:15.721 DEBUG [acme.Launcher@main] Found classpath entry '/C:/Users/%c3%81lvaro/.m2/repository/org/springframework/boot/spring-boot-test/2.4.2/spring-boot-test-2.4.2.jar' 
2022-04-23 21:18:15.721 DEBUG [acme.Launcher@main] Found classpath entry '/C:/Users/%c3%81lvaro/.m2/repository/org/springframework/boot/spring-boot-test-autoconfigure/2.4.2/spring-boot-test-autoconfigure-2.4.2.jar' 
2022-04-23 21:18:15.721 DEBUG [acme.Launcher@main] Found classpath entry '/C:/Users/%c3%81lvaro/.m2/repository/com/jayway/jsonpath/json-path/2.4.0/json-path-2.4.0.jar' 
2022-04-23 21:18:15.721 DEBUG [acme.Launcher@main] Found classpath entry '/C:/Users/%c3%81lvaro/.m2/repository/net/minidev/json-smart/2.3/json-smart-2.3.jar' 
2022-04-23 21:18:15.721 DEBUG [acme.Launcher@main] Found classpath entry '/C:/Users/%c3%81lvaro/.m2/repository/net/minidev/accessors-smart/1.2/accessors-smart-1.2.jar' 
2022-04-23 21:18:15.721 DEBUG [acme.Launcher@main] Found classpath entry '/C:/Users/%c3%81lvaro/.m2/repository/org/ow2/asm/asm/5.0.4/asm-5.0.4.jar' 
2022-04-23 21:18:15.722 DEBUG [acme.Launcher@main] Found classpath entry '/C:/Users/%c3%81lvaro/.m2/repository/jakarta/xml/bind/jakarta.xml.bind-api/2.3.3/jakarta.xml.bind-api-2.3.3.jar' 
2022-04-23 21:18:15.722 DEBUG [acme.Launcher@main] Found classpath entry '/C:/Users/%c3%81lvaro/.m2/repository/jakarta/activation/jakarta.activation-api/1.2.2/jakarta.activation-api-1.2.2.jar' 
2022-04-23 21:18:15.722 DEBUG [acme.Launcher@main] Found classpath entry '/C:/Users/%c3%81lvaro/.m2/repository/org/assertj/assertj-core/3.18.1/assertj-core-3.18.1.jar' 
2022-04-23 21:18:15.722 DEBUG [acme.Launcher@main] Found classpath entry '/C:/Users/%c3%81lvaro/.m2/repository/org/hamcrest/hamcrest/2.2/hamcrest-2.2.jar' 
2022-04-23 21:18:15.722 DEBUG [acme.Launcher@main] Found classpath entry '/C:/Users/%c3%81lvaro/.m2/repository/org/junit/jupiter/junit-jupiter/5.7.0/junit-jupiter-5.7.0.jar' 
2022-04-23 21:18:15.723 DEBUG [acme.Launcher@main] Found classpath entry '/C:/Users/%c3%81lvaro/.m2/repository/org/mockito/mockito-core/3.6.28/mockito-core-3.6.28.jar' 
2022-04-23 21:18:15.723 DEBUG [acme.Launcher@main] Found classpath entry '/C:/Users/%c3%81lvaro/.m2/repository/net/bytebuddy/byte-buddy-agent/1.10.19/byte-buddy-agent-1.10.19.jar' 
2022-04-23 21:18:15.723 DEBUG [acme.Launcher@main] Found classpath entry '/C:/Users/%c3%81lvaro/.m2/repository/org/objenesis/objenesis/3.1/objenesis-3.1.jar' 
2022-04-23 21:18:15.723 DEBUG [acme.Launcher@main] Found classpath entry '/C:/Users/%c3%81lvaro/.m2/repository/org/mockito/mockito-junit-jupiter/3.6.28/mockito-junit-jupiter-3.6.28.jar' 
2022-04-23 21:18:15.723 DEBUG [acme.Launcher@main] Found classpath entry '/C:/Users/%c3%81lvaro/.m2/repository/org/skyscreamer/jsonassert/1.5.0/jsonassert-1.5.0.jar' 
2022-04-23 21:18:15.724 DEBUG [acme.Launcher@main] Found classpath entry '/C:/Users/%c3%81lvaro/.m2/repository/com/vaadin/external/google/android-json/0.0.20131108.vaadin1/android-json-0.0.20131108.vaadin1.jar' 
2022-04-23 21:18:15.724 DEBUG [acme.Launcher@main] Found classpath entry '/C:/Users/%c3%81lvaro/.m2/repository/org/springframework/spring-core/5.3.3/spring-core-5.3.3.jar' 
2022-04-23 21:18:15.724 DEBUG [acme.Launcher@main] Found classpath entry '/C:/Users/%c3%81lvaro/.m2/repository/org/springframework/spring-jcl/5.3.3/spring-jcl-5.3.3.jar' 
2022-04-23 21:18:15.725 DEBUG [acme.Launcher@main] Found classpath entry '/C:/Users/%c3%81lvaro/.m2/repository/org/springframework/spring-test/5.3.3/spring-test-5.3.3.jar' 
2022-04-23 21:18:15.726 DEBUG [acme.Launcher@main] Found classpath entry '/C:/Users/%c3%81lvaro/.m2/repository/org/xmlunit/xmlunit-core/2.7.0/xmlunit-core-2.7.0.jar' 
2022-04-23 21:18:15.727 DEBUG [acme.Launcher@main] Found classpath entry '/C:/Users/%c3%81lvaro/.m2/repository/org/springframework/boot/spring-boot-starter-security/2.4.2/spring-boot-starter-security-2.4.2.jar' 
2022-04-23 21:18:15.727 DEBUG [acme.Launcher@main] Found classpath entry '/C:/Users/%c3%81lvaro/.m2/repository/org/springframework/spring-aop/5.3.3/spring-aop-5.3.3.jar' 
2022-04-23 21:18:15.727 DEBUG [acme.Launcher@main] Found classpath entry '/C:/Users/%c3%81lvaro/.m2/repository/org/springframework/security/spring-security-web/5.4.2/spring-security-web-5.4.2.jar' 
2022-04-23 21:18:15.727 DEBUG [acme.Launcher@main] Found classpath entry '/C:/Users/%c3%81lvaro/.m2/repository/org/springframework/security/spring-security-core/5.4.2/spring-security-core-5.4.2.jar' 
2022-04-23 21:18:15.727 DEBUG [acme.Launcher@main] Found classpath entry '/C:/Users/%c3%81lvaro/.m2/repository/org/springframework/spring-beans/5.3.3/spring-beans-5.3.3.jar' 
2022-04-23 21:18:15.728 DEBUG [acme.Launcher@main] Found classpath entry '/C:/Users/%c3%81lvaro/.m2/repository/org/springframework/spring-context/5.3.3/spring-context-5.3.3.jar' 
2022-04-23 21:18:15.728 DEBUG [acme.Launcher@main] Found classpath entry '/C:/Users/%c3%81lvaro/.m2/repository/org/springframework/spring-expression/5.3.3/spring-expression-5.3.3.jar' 
2022-04-23 21:18:15.728 DEBUG [acme.Launcher@main] Found classpath entry '/C:/Users/%c3%81lvaro/.m2/repository/org/springframework/spring-web/5.3.3/spring-web-5.3.3.jar' 
2022-04-23 21:18:15.728 DEBUG [acme.Launcher@main] Found classpath entry '/C:/Users/%c3%81lvaro/.m2/repository/org/springframework/security/spring-security-config/5.4.2/spring-security-config-5.4.2.jar' 
2022-04-23 21:18:15.728 DEBUG [acme.Launcher@main] Found classpath entry '/C:/Users/%c3%81lvaro/.m2/repository/org/springframework/security/spring-security-taglibs/5.4.2/spring-security-taglibs-5.4.2.jar' 
2022-04-23 21:18:15.729 DEBUG [acme.Launcher@main] Found classpath entry '/C:/Users/%c3%81lvaro/.m2/repository/org/springframework/security/spring-security-acl/5.4.2/spring-security-acl-5.4.2.jar' 
2022-04-23 21:18:15.729 DEBUG [acme.Launcher@main] Found classpath entry '/C:/Users/%c3%81lvaro/.m2/repository/org/springframework/spring-jdbc/5.3.3/spring-jdbc-5.3.3.jar' 
2022-04-23 21:18:15.729 DEBUG [acme.Launcher@main] Found classpath entry '/C:/Users/%c3%81lvaro/.m2/repository/org/springframework/spring-tx/5.3.3/spring-tx-5.3.3.jar' 
2022-04-23 21:18:15.729 DEBUG [acme.Launcher@main] Found classpath entry '/C:/Users/%c3%81lvaro/.m2/repository/org/springframework/boot/spring-boot-starter-web/2.4.2/spring-boot-starter-web-2.4.2.jar' 
2022-04-23 21:18:15.729 DEBUG [acme.Launcher@main] Found classpath entry '/C:/Users/%c3%81lvaro/.m2/repository/org/springframework/boot/spring-boot-starter-json/2.4.2/spring-boot-starter-json-2.4.2.jar' 
2022-04-23 21:18:15.729 DEBUG [acme.Launcher@main] Found classpath entry '/C:/Users/%c3%81lvaro/.m2/repository/com/fasterxml/jackson/core/jackson-databind/2.11.4/jackson-databind-2.11.4.jar' 
2022-04-23 21:18:15.730 DEBUG [acme.Launcher@main] Found classpath entry '/C:/Users/%c3%81lvaro/.m2/repository/com/fasterxml/jackson/core/jackson-annotations/2.11.4/jackson-annotations-2.11.4.jar' 
2022-04-23 21:18:15.730 DEBUG [acme.Launcher@main] Found classpath entry '/C:/Users/%c3%81lvaro/.m2/repository/com/fasterxml/jackson/core/jackson-core/2.11.4/jackson-core-2.11.4.jar' 
2022-04-23 21:18:15.730 DEBUG [acme.Launcher@main] Found classpath entry '/C:/Users/%c3%81lvaro/.m2/repository/com/fasterxml/jackson/datatype/jackson-datatype-jdk8/2.11.4/jackson-datatype-jdk8-2.11.4.jar' 
2022-04-23 21:18:15.730 DEBUG [acme.Launcher@main] Found classpath entry '/C:/Users/%c3%81lvaro/.m2/repository/com/fasterxml/jackson/datatype/jackson-datatype-jsr310/2.11.4/jackson-datatype-jsr310-2.11.4.jar' 
2022-04-23 21:18:15.730 DEBUG [acme.Launcher@main] Found classpath entry '/C:/Users/%c3%81lvaro/.m2/repository/com/fasterxml/jackson/module/jackson-module-parameter-names/2.11.4/jackson-module-parameter-names-2.11.4.jar' 
2022-04-23 21:18:15.730 DEBUG [acme.Launcher@main] Found classpath entry '/C:/Users/%c3%81lvaro/.m2/repository/org/springframework/spring-webmvc/5.3.3/spring-webmvc-5.3.3.jar' 
2022-04-23 21:18:15.731 DEBUG [acme.Launcher@main] Found classpath entry '/C:/Users/%c3%81lvaro/.m2/repository/org/apache/tiles/tiles-jsp/3.0.8/tiles-jsp-3.0.8.jar' 
2022-04-23 21:18:15.731 DEBUG [acme.Launcher@main] Found classpath entry '/C:/Users/%c3%81lvaro/.m2/repository/org/apache/tiles/tiles-servlet/3.0.8/tiles-servlet-3.0.8.jar' 
2022-04-23 21:18:15.731 DEBUG [acme.Launcher@main] Found classpath entry '/C:/Users/%c3%81lvaro/.m2/repository/org/apache/tiles/tiles-core/3.0.8/tiles-core-3.0.8.jar' 
2022-04-23 21:18:15.731 DEBUG [acme.Launcher@main] Found classpath entry '/C:/Users/%c3%81lvaro/.m2/repository/commons-digester/commons-digester/2.0/commons-digester-2.0.jar' 
2022-04-23 21:18:15.731 DEBUG [acme.Launcher@main] Found classpath entry '/C:/Users/%c3%81lvaro/.m2/repository/org/slf4j/jcl-over-slf4j/1.7.30/jcl-over-slf4j-1.7.30.jar' 
2022-04-23 21:18:15.731 DEBUG [acme.Launcher@main] Found classpath entry '/C:/Users/%c3%81lvaro/.m2/repository/org/apache/tiles/tiles-request-servlet/1.0.7/tiles-request-servlet-1.0.7.jar' 
2022-04-23 21:18:15.732 DEBUG [acme.Launcher@main] Found classpath entry '/C:/Users/%c3%81lvaro/.m2/repository/org/apache/tiles/tiles-template/3.0.8/tiles-template-3.0.8.jar' 
2022-04-23 21:18:15.732 DEBUG [acme.Launcher@main] Found classpath entry '/C:/Users/%c3%81lvaro/.m2/repository/org/apache/tiles/tiles-api/3.0.8/tiles-api-3.0.8.jar' 
2022-04-23 21:18:15.732 DEBUG [acme.Launcher@main] Found classpath entry '/C:/Users/%c3%81lvaro/.m2/repository/org/apache/tiles/tiles-autotag-core-runtime/1.2/tiles-autotag-core-runtime-1.2.jar' 
2022-04-23 21:18:15.732 DEBUG [acme.Launcher@main] Found classpath entry '/C:/Users/%c3%81lvaro/.m2/repository/org/slf4j/slf4j-api/1.7.30/slf4j-api-1.7.30.jar' 
2022-04-23 21:18:15.732 DEBUG [acme.Launcher@main] Found classpath entry '/C:/Users/%c3%81lvaro/.m2/repository/org/apache/tiles/tiles-request-jsp/1.0.7/tiles-request-jsp-1.0.7.jar' 
2022-04-23 21:18:15.732 DEBUG [acme.Launcher@main] Found classpath entry '/C:/Users/%c3%81lvaro/.m2/repository/org/apache/tiles/tiles-request-api/1.0.7/tiles-request-api-1.0.7.jar' 
2022-04-23 21:18:15.733 DEBUG [acme.Launcher@main] Found classpath entry '/C:/Users/%c3%81lvaro/.m2/repository/org/springframework/boot/spring-boot-starter-data-jpa/2.4.2/spring-boot-starter-data-jpa-2.4.2.jar' 
2022-04-23 21:18:15.733 DEBUG [acme.Launcher@main] Found classpath entry '/C:/Users/%c3%81lvaro/.m2/repository/org/springframework/boot/spring-boot-starter-aop/2.4.2/spring-boot-starter-aop-2.4.2.jar' 
2022-04-23 21:18:15.733 DEBUG [acme.Launcher@main] Found classpath entry '/C:/Users/%c3%81lvaro/.m2/repository/org/aspectj/aspectjweaver/1.9.6/aspectjweaver-1.9.6.jar' 
2022-04-23 21:18:15.733 DEBUG [acme.Launcher@main] Found classpath entry '/C:/Users/%c3%81lvaro/.m2/repository/org/springframework/boot/spring-boot-starter-jdbc/2.4.2/spring-boot-starter-jdbc-2.4.2.jar' 
2022-04-23 21:18:15.733 DEBUG [acme.Launcher@main] Found classpath entry '/C:/Users/%c3%81lvaro/.m2/repository/jakarta/transaction/jakarta.transaction-api/1.3.3/jakarta.transaction-api-1.3.3.jar' 
2022-04-23 21:18:15.734 DEBUG [acme.Launcher@main] Found classpath entry '/C:/Users/%c3%81lvaro/.m2/repository/jakarta/persistence/jakarta.persistence-api/2.2.3/jakarta.persistence-api-2.2.3.jar' 
2022-04-23 21:18:15.734 DEBUG [acme.Launcher@main] Found classpath entry '/C:/Users/%c3%81lvaro/.m2/repository/org/hibernate/hibernate-core/5.4.27.Final/hibernate-core-5.4.27.Final.jar' 
2022-04-23 21:18:15.734 DEBUG [acme.Launcher@main] Found classpath entry '/C:/Users/%c3%81lvaro/.m2/repository/org/jboss/logging/jboss-logging/3.4.1.Final/jboss-logging-3.4.1.Final.jar' 
2022-04-23 21:18:15.734 DEBUG [acme.Launcher@main] Found classpath entry '/C:/Users/%c3%81lvaro/.m2/repository/org/javassist/javassist/3.27.0-GA/javassist-3.27.0-GA.jar' 
2022-04-23 21:18:15.734 DEBUG [acme.Launcher@main] Found classpath entry '/C:/Users/%c3%81lvaro/.m2/repository/antlr/antlr/2.7.7/antlr-2.7.7.jar' 
2022-04-23 21:18:15.734 DEBUG [acme.Launcher@main] Found classpath entry '/C:/Users/%c3%81lvaro/.m2/repository/org/jboss/jandex/2.1.3.Final/jandex-2.1.3.Final.jar' 
2022-04-23 21:18:15.734 DEBUG [acme.Launcher@main] Found classpath entry '/C:/Users/%c3%81lvaro/.m2/repository/com/fasterxml/classmate/1.5.1/classmate-1.5.1.jar' 
2022-04-23 21:18:15.735 DEBUG [acme.Launcher@main] Found classpath entry '/C:/Users/%c3%81lvaro/.m2/repository/org/dom4j/dom4j/2.1.3/dom4j-2.1.3.jar' 
2022-04-23 21:18:15.735 DEBUG [acme.Launcher@main] Found classpath entry '/C:/Users/%c3%81lvaro/.m2/repository/org/hibernate/common/hibernate-commons-annotations/5.1.2.Final/hibernate-commons-annotations-5.1.2.Final.jar' 
2022-04-23 21:18:15.735 DEBUG [acme.Launcher@main] Found classpath entry '/C:/Users/%c3%81lvaro/.m2/repository/org/glassfish/jaxb/jaxb-runtime/2.3.3/jaxb-runtime-2.3.3.jar' 
2022-04-23 21:18:15.735 DEBUG [acme.Launcher@main] Found classpath entry '/C:/Users/%c3%81lvaro/.m2/repository/org/glassfish/jaxb/txw2/2.3.3/txw2-2.3.3.jar' 
2022-04-23 21:18:15.735 DEBUG [acme.Launcher@main] Found classpath entry '/C:/Users/%c3%81lvaro/.m2/repository/com/sun/istack/istack-commons-runtime/3.0.11/istack-commons-runtime-3.0.11.jar' 
2022-04-23 21:18:15.735 DEBUG [acme.Launcher@main] Found classpath entry '/C:/Users/%c3%81lvaro/.m2/repository/com/sun/activation/jakarta.activation/1.2.2/jakarta.activation-1.2.2.jar' 
2022-04-23 21:18:15.735 DEBUG [acme.Launcher@main] Found classpath entry '/C:/Users/%c3%81lvaro/.m2/repository/org/springframework/data/spring-data-jpa/2.4.3/spring-data-jpa-2.4.3.jar' 
2022-04-23 21:18:15.736 DEBUG [acme.Launcher@main] Found classpath entry '/C:/Users/%c3%81lvaro/.m2/repository/org/springframework/data/spring-data-commons/2.4.3/spring-data-commons-2.4.3.jar' 
2022-04-23 21:18:15.736 DEBUG [acme.Launcher@main] Found classpath entry '/C:/Users/%c3%81lvaro/.m2/repository/org/springframework/spring-orm/5.3.3/spring-orm-5.3.3.jar' 
2022-04-23 21:18:15.736 DEBUG [acme.Launcher@main] Found classpath entry '/C:/Users/%c3%81lvaro/.m2/repository/org/springframework/spring-aspects/5.3.3/spring-aspects-5.3.3.jar' 
2022-04-23 21:18:15.736 DEBUG [acme.Launcher@main] Found classpath entry '/C:/Users/%c3%81lvaro/.m2/repository/org/springframework/boot/spring-boot-starter-validation/2.4.2/spring-boot-starter-validation-2.4.2.jar' 
2022-04-23 21:18:15.736 DEBUG [acme.Launcher@main] Found classpath entry '/C:/Users/%c3%81lvaro/.m2/repository/org/hibernate/validator/hibernate-validator/6.1.7.Final/hibernate-validator-6.1.7.Final.jar' 
2022-04-23 21:18:15.736 DEBUG [acme.Launcher@main] Found classpath entry '/C:/Users/%c3%81lvaro/.m2/repository/jakarta/validation/jakarta.validation-api/2.0.2/jakarta.validation-api-2.0.2.jar' 
2022-04-23 21:18:15.737 DEBUG [acme.Launcher@main] Found classpath entry '/C:/Users/%c3%81lvaro/.m2/repository/mysql/mysql-connector-java/8.0.22/mysql-connector-java-8.0.22.jar' 
2022-04-23 21:18:15.737 DEBUG [acme.Launcher@main] Found classpath entry '/C:/Users/%c3%81lvaro/.m2/repository/com/zaxxer/HikariCP/3.4.5/HikariCP-3.4.5.jar' 
2022-04-23 21:18:15.737 DEBUG [acme.Launcher@main] Found classpath entry '/C:/Users/%c3%81lvaro/.m2/repository/org/junit/jupiter/junit-jupiter-engine/5.7.0/junit-jupiter-engine-5.7.0.jar' 
2022-04-23 21:18:15.737 DEBUG [acme.Launcher@main] Found classpath entry '/C:/Users/%c3%81lvaro/.m2/repository/org/apiguardian/apiguardian-api/1.1.0/apiguardian-api-1.1.0.jar' 
2022-04-23 21:18:15.737 DEBUG [acme.Launcher@main] Found classpath entry '/C:/Users/%c3%81lvaro/.m2/repository/org/junit/platform/junit-platform-engine/1.7.0/junit-platform-engine-1.7.0.jar' 
2022-04-23 21:18:15.737 DEBUG [acme.Launcher@main] Found classpath entry '/C:/Users/%c3%81lvaro/.m2/repository/org/junit/jupiter/junit-jupiter-api/5.7.0/junit-jupiter-api-5.7.0.jar' 
2022-04-23 21:18:15.738 DEBUG [acme.Launcher@main] Found classpath entry '/C:/Users/%c3%81lvaro/.m2/repository/org/opentest4j/opentest4j/1.2.0/opentest4j-1.2.0.jar' 
2022-04-23 21:18:15.738 DEBUG [acme.Launcher@main] Found classpath entry '/C:/Users/%c3%81lvaro/.m2/repository/org/junit/platform/junit-platform-commons/1.7.0/junit-platform-commons-1.7.0.jar' 
2022-04-23 21:18:15.738 DEBUG [acme.Launcher@main] Found classpath entry '/C:/Users/%c3%81lvaro/.m2/repository/org/junit/jupiter/junit-jupiter-params/5.7.0/junit-jupiter-params-5.7.0.jar' 
2022-04-23 21:18:15.738 DEBUG [acme.Launcher@main] Found classpath entry '/C:/Users/%c3%81lvaro/.m2/repository/org/junit/platform/junit-platform-launcher/1.7.0/junit-platform-launcher-1.7.0.jar' 
2022-04-23 21:18:15.738 DEBUG [acme.Launcher@main] Found classpath entry '/C:/Users/%c3%81lvaro/.m2/repository/org/seleniumhq/selenium/selenium-java/3.141.59/selenium-java-3.141.59.jar' 
2022-04-23 21:18:15.738 DEBUG [acme.Launcher@main] Found classpath entry '/C:/Users/%c3%81lvaro/.m2/repository/org/seleniumhq/selenium/selenium-api/3.141.59/selenium-api-3.141.59.jar' 
2022-04-23 21:18:15.738 DEBUG [acme.Launcher@main] Found classpath entry '/C:/Users/%c3%81lvaro/.m2/repository/org/seleniumhq/selenium/selenium-chrome-driver/3.141.59/selenium-chrome-driver-3.141.59.jar' 
2022-04-23 21:18:15.738 DEBUG [acme.Launcher@main] Found classpath entry '/C:/Users/%c3%81lvaro/.m2/repository/org/seleniumhq/selenium/selenium-edge-driver/3.141.59/selenium-edge-driver-3.141.59.jar' 
2022-04-23 21:18:15.739 DEBUG [acme.Launcher@main] Found classpath entry '/C:/Users/%c3%81lvaro/.m2/repository/org/seleniumhq/selenium/selenium-firefox-driver/3.141.59/selenium-firefox-driver-3.141.59.jar' 
2022-04-23 21:18:15.739 DEBUG [acme.Launcher@main] Found classpath entry '/C:/Users/%c3%81lvaro/.m2/repository/org/seleniumhq/selenium/selenium-ie-driver/3.141.59/selenium-ie-driver-3.141.59.jar' 
2022-04-23 21:18:15.739 DEBUG [acme.Launcher@main] Found classpath entry '/C:/Users/%c3%81lvaro/.m2/repository/org/seleniumhq/selenium/selenium-opera-driver/3.141.59/selenium-opera-driver-3.141.59.jar' 
2022-04-23 21:18:15.739 DEBUG [acme.Launcher@main] Found classpath entry '/C:/Users/%c3%81lvaro/.m2/repository/org/seleniumhq/selenium/selenium-remote-driver/3.141.59/selenium-remote-driver-3.141.59.jar' 
2022-04-23 21:18:15.739 DEBUG [acme.Launcher@main] Found classpath entry '/C:/Users/%c3%81lvaro/.m2/repository/org/seleniumhq/selenium/selenium-safari-driver/3.141.59/selenium-safari-driver-3.141.59.jar' 
2022-04-23 21:18:15.739 DEBUG [acme.Launcher@main] Found classpath entry '/C:/Users/%c3%81lvaro/.m2/repository/org/seleniumhq/selenium/selenium-support/3.141.59/selenium-support-3.141.59.jar' 
2022-04-23 21:18:15.739 DEBUG [acme.Launcher@main] Found classpath entry '/C:/Users/%c3%81lvaro/.m2/repository/net/bytebuddy/byte-buddy/1.10.19/byte-buddy-1.10.19.jar' 
2022-04-23 21:18:15.739 DEBUG [acme.Launcher@main] Found classpath entry '/C:/Users/%c3%81lvaro/.m2/repository/org/apache/commons/commons-exec/1.3/commons-exec-1.3.jar' 
2022-04-23 21:18:15.739 DEBUG [acme.Launcher@main] Found classpath entry '/C:/Users/%c3%81lvaro/.m2/repository/com/google/guava/guava/25.0-jre/guava-25.0-jre.jar' 
2022-04-23 21:18:15.739 DEBUG [acme.Launcher@main] Found classpath entry '/C:/Users/%c3%81lvaro/.m2/repository/com/google/code/findbugs/jsr305/1.3.9/jsr305-1.3.9.jar' 
2022-04-23 21:18:15.740 DEBUG [acme.Launcher@main] Found classpath entry '/C:/Users/%c3%81lvaro/.m2/repository/org/checkerframework/checker-compat-qual/2.0.0/checker-compat-qual-2.0.0.jar' 
2022-04-23 21:18:15.740 DEBUG [acme.Launcher@main] Found classpath entry '/C:/Users/%c3%81lvaro/.m2/repository/com/google/errorprone/error_prone_annotations/2.1.3/error_prone_annotations-2.1.3.jar' 
2022-04-23 21:18:15.740 DEBUG [acme.Launcher@main] Found classpath entry '/C:/Users/%c3%81lvaro/.m2/repository/com/google/j2objc/j2objc-annotations/1.1/j2objc-annotations-1.1.jar' 
2022-04-23 21:18:15.740 DEBUG [acme.Launcher@main] Found classpath entry '/C:/Users/%c3%81lvaro/.m2/repository/org/codehaus/mojo/animal-sniffer-annotations/1.14/animal-sniffer-annotations-1.14.jar' 
2022-04-23 21:18:15.740 DEBUG [acme.Launcher@main] Found classpath entry '/C:/Users/%c3%81lvaro/.m2/repository/com/squareup/okhttp3/okhttp/3.14.9/okhttp-3.14.9.jar' 
2022-04-23 21:18:15.740 DEBUG [acme.Launcher@main] Found classpath entry '/C:/Users/%c3%81lvaro/.m2/repository/com/squareup/okio/okio/1.14.0/okio-1.14.0.jar' 
2022-04-23 21:18:15.740 DEBUG [acme.Launcher@main] Found classpath entry '/C:/Users/%c3%81lvaro/.m2/repository/org/apache/commons/commons-lang3/3.11/commons-lang3-3.11.jar' 
2022-04-23 21:18:15.740 DEBUG [acme.Launcher@main] Found classpath entry '/C:/Users/%c3%81lvaro/.m2/repository/org/apache/commons/commons-text/1.8/commons-text-1.8.jar' 
2022-04-23 21:18:15.740 DEBUG [acme.Launcher@main] Found classpath entry '/C:/Users/%c3%81lvaro/.m2/repository/commons-io/commons-io/2.6/commons-io-2.6.jar' 
2022-04-23 21:18:15.740 DEBUG [acme.Launcher@main] Found classpath entry '/C:/Users/%c3%81lvaro/.m2/repository/commons-cli/commons-cli/1.4/commons-cli-1.4.jar' 
2022-04-23 21:18:15.740 DEBUG [acme.Launcher@main] Found classpath entry '/C:/Users/%c3%81lvaro/.m2/repository/org/projectlombok/lombok/1.18.16/lombok-1.18.16.jar' 
2022-04-23 21:18:15.740 DEBUG [acme.Launcher@main] Found classpath entry '/C:/Users/%c3%81lvaro/.m2/repository/com/opencsv/opencsv/5.4/opencsv-5.4.jar' 
2022-04-23 21:18:15.741 DEBUG [acme.Launcher@main] Found classpath entry '/C:/Users/%c3%81lvaro/.m2/repository/commons-beanutils/commons-beanutils/1.9.4/commons-beanutils-1.9.4.jar' 
2022-04-23 21:18:15.741 DEBUG [acme.Launcher@main] Found classpath entry '/C:/Users/%c3%81lvaro/.m2/repository/commons-logging/commons-logging/1.2/commons-logging-1.2.jar' 
2022-04-23 21:18:15.741 DEBUG [acme.Launcher@main] Found classpath entry '/C:/Users/%c3%81lvaro/.m2/repository/commons-collections/commons-collections/3.2.2/commons-collections-3.2.2.jar' 
2022-04-23 21:18:15.741 DEBUG [acme.Launcher@main] Found classpath entry '/C:/Users/%c3%81lvaro/.m2/repository/org/apache/commons/commons-collections4/4.4/commons-collections4-4.4.jar' 
2022-04-23 21:18:15.818 DEBUG [acme.Launcher@main] Found entity class 'acme.entities.announcements.Announcement 
2022-04-23 21:18:15.818 DEBUG [acme.Launcher@main] Found entity class 'acme.entities.chirp.Chirp 
2022-04-23 21:18:15.818 DEBUG [acme.Launcher@main] Found entity class 'acme.entities.item.Amount 
2022-04-23 21:18:15.818 DEBUG [acme.Launcher@main] Found entity class 'acme.entities.item.Item 
2022-04-23 21:18:15.818 DEBUG [acme.Launcher@main] Found entity class 'acme.entities.patronageReport.PatronageReport 
2022-04-23 21:18:15.818 DEBUG [acme.Launcher@main] Found entity class 'acme.entities.patronages.Patronage 
2022-04-23 21:18:15.819 DEBUG [acme.Launcher@main] Found entity class 'acme.entities.tookit.Toolkit 
2022-04-23 21:18:15.819 DEBUG [acme.Launcher@main] Found entity class 'acme.roles.Inventor 
2022-04-23 21:18:15.819 DEBUG [acme.Launcher@main] Found entity class 'acme.roles.Patron 
2022-04-23 21:18:15.819 DEBUG [acme.Launcher@main] Found entity class 'acme.systemConfiguration.SystemConfiguration 
2022-04-23 21:18:15.819 DEBUG [acme.Launcher@main] Found entity class 'acme.framework.entities.UserAccount 
2022-04-23 21:18:15.819 DEBUG [acme.Launcher@main] Found entity class 'acme.framework.roles.Administrator 
2022-04-23 21:18:15.819 DEBUG [acme.Launcher@main] Found entity class 'acme.framework.roles.Anonymous 
2022-04-23 21:18:15.820 DEBUG [acme.Launcher@main] Found entity class 'acme.framework.roles.Any 
2022-04-23 21:18:15.820 DEBUG [acme.Launcher@main] Found entity class 'acme.framework.roles.Authenticated 
2022-04-23 21:18:15.826 INFO  [acme.Launcher@main] Running application (Standalone) 
2022-04-23 21:18:30.882 DEBUG [acme.framework.components.tiles.DynamicTilesView@http-nio-8080-exec-3] View name 'fragments/welcome', model {} 
2022-04-23 21:18:30.910 DEBUG [org.apache.tiles.definition.dao.BaseLocaleUrlDefinitionDAO@http-nio-8080-exec-3] File Resource file:/D:/Software/Eclipse/Workspaces/DP2/Projects/Acme-Toolkits/target/classes/WEB-INF/views/master/tiles_en.xml at file:/D:/Software/Eclipse/Workspaces/DP2/Projects/Acme-Toolkits/target/classes/WEB-INF/views/master/tiles_en.xml not found, continue 
2022-04-23 21:18:30.918 DEBUG [org.apache.jasper.servlet.JspServlet@http-nio-8080-exec-3] JspEngine --> /WEB-INF/views/master/page.jsp 
2022-04-23 21:18:30.918 DEBUG [org.apache.jasper.servlet.JspServlet@http-nio-8080-exec-3] ServletPath: /WEB-INF/views/master/page.jsp 
2022-04-23 21:18:30.918 DEBUG [org.apache.jasper.servlet.JspServlet@http-nio-8080-exec-3] PathInfo: null 
2022-04-23 21:18:30.919 DEBUG [org.apache.jasper.servlet.JspServlet@http-nio-8080-exec-3] RealPath: D:\Software\Eclipse\Workspaces\DP2\Projects\Acme-Toolkits\target\classes\WEB-INF\views\master\page.jsp 
2022-04-23 21:18:30.920 DEBUG [org.apache.jasper.servlet.JspServlet@http-nio-8080-exec-3] RequestURI: /acme-toolkits-22.1/WEB-INF/views/master/page.jsp 
2022-04-23 21:18:30.920 DEBUG [org.apache.jasper.servlet.JspServlet@http-nio-8080-exec-3] QueryString: null 
2022-04-23 21:18:34.941 DEBUG [acme.framework.configuration.ExtendedMessageSource@http-nio-8080-exec-3] Loading properties [D:\Software\Eclipse\Workspaces\DP2\Projects\Acme-Toolkits\target\classes\WEB-INF\views\administrator\user-account\messages-en.i18n] with encoding 'utf-8' 
2022-04-23 21:18:34.954 DEBUG [acme.framework.configuration.ExtendedMessageSource@http-nio-8080-exec-3] Loading properties [D:\Software\Eclipse\Workspaces\DP2\Projects\Acme-Toolkits\target\classes\WEB-INF\views\anonymous\user-account\messages-en.i18n] with encoding 'utf-8' 
2022-04-23 21:18:34.985 DEBUG [acme.framework.configuration.ExtendedMessageSource@http-nio-8080-exec-3] Loading properties [D:\Software\Eclipse\Workspaces\DP2\Projects\Acme-Toolkits\target\classes\WEB-INF\views\authenticated\user-account\messages-en.i18n] with encoding 'utf-8' 
2022-04-23 21:18:35.003 DEBUG [acme.framework.configuration.ExtendedMessageSource@http-nio-8080-exec-3] Loading properties [D:\Software\Eclipse\Workspaces\DP2\Projects\Acme-Toolkits\target\classes\WEB-INF\views\fragments\banner-en.i18n] with encoding 'utf-8' 
2022-04-23 21:18:35.013 DEBUG [acme.framework.configuration.ExtendedMessageSource@http-nio-8080-exec-3] Loading properties [D:\Software\Eclipse\Workspaces\DP2\Projects\Acme-Toolkits\target\classes\WEB-INF\views\fragments\company-en.i18n] with encoding 'utf-8' 
2022-04-23 21:18:35.019 DEBUG [acme.framework.configuration.ExtendedMessageSource@http-nio-8080-exec-3] Loading properties [D:\Software\Eclipse\Workspaces\DP2\Projects\Acme-Toolkits\target\classes\WEB-INF\views\fragments\footer-en.i18n] with encoding 'utf-8' 
2022-04-23 21:18:35.034 DEBUG [acme.framework.configuration.ExtendedMessageSource@http-nio-8080-exec-3] Loading properties [D:\Software\Eclipse\Workspaces\DP2\Projects\Acme-Toolkits\target\classes\WEB-INF\views\fragments\license-en.i18n] with encoding 'utf-8' 
2022-04-23 21:18:35.035 DEBUG [acme.framework.configuration.ExtendedMessageSource@http-nio-8080-exec-3] Loading properties [D:\Software\Eclipse\Workspaces\DP2\Projects\Acme-Toolkits\target\classes\WEB-INF\views\fragments\menu-en.i18n] with encoding 'utf-8' 
2022-04-23 21:18:35.053 DEBUG [acme.framework.configuration.ExtendedMessageSource@http-nio-8080-exec-3] Loading properties [D:\Software\Eclipse\Workspaces\DP2\Projects\Acme-Toolkits\target\classes\WEB-INF\views\fragments\messsages-en.i18n] with encoding 'utf-8' 
2022-04-23 21:18:35.062 DEBUG [acme.framework.configuration.ExtendedMessageSource@http-nio-8080-exec-3] Loading properties [D:\Software\Eclipse\Workspaces\DP2\Projects\Acme-Toolkits\target\classes\WEB-INF\views\fragments\title-en.i18n] with encoding 'utf-8' 
2022-04-23 21:18:35.069 DEBUG [acme.framework.configuration.ExtendedMessageSource@http-nio-8080-exec-3] Loading properties [D:\Software\Eclipse\Workspaces\DP2\Projects\Acme-Toolkits\target\classes\WEB-INF\views\fragments\welcome-en.i18n] with encoding 'utf-8' 
2022-04-23 21:18:35.070 DEBUG [acme.framework.configuration.ExtendedMessageSource@http-nio-8080-exec-3] Loading properties [D:\Software\Eclipse\Workspaces\DP2\Projects\Acme-Toolkits\target\classes\WEB-INF\views\inventor\patronagereport\menu-en.i18n] with encoding 'utf-8' 
2022-04-23 21:18:35.070 DEBUG [acme.framework.configuration.ExtendedMessageSource@http-nio-8080-exec-3] Loading properties [D:\Software\Eclipse\Workspaces\DP2\Projects\Acme-Toolkits\target\classes\WEB-INF\views\inventor\patronagereport\messages-en.i18n] with encoding 'utf-8' 
2022-04-23 21:18:35.078 DEBUG [acme.framework.configuration.ExtendedMessageSource@http-nio-8080-exec-3] Loading properties [D:\Software\Eclipse\Workspaces\DP2\Projects\Acme-Toolkits\target\classes\WEB-INF\views\master\defaults-en.i18n] with encoding 'utf-8' 
2022-04-23 21:18:35.098 DEBUG [acme.framework.configuration.ExtendedMessageSource@http-nio-8080-exec-3] Loading properties [D:\Software\Eclipse\Workspaces\DP2\Projects\Acme-Toolkits\target\classes\WEB-INF\views\master\master-en.i18n] with encoding 'utf-8' 
2022-04-23 21:18:35.105 DEBUG [acme.framework.configuration.ExtendedMessageSource@http-nio-8080-exec-3] Loading properties [D:\Software\Eclipse\Workspaces\DP2\Projects\Acme-Toolkits\target\classes\WEB-INF\views\master\throwables-en.i18n] with encoding 'utf-8' 
2022-04-23 21:18:35.114 DEBUG [acme.framework.configuration.ExtendedMessageSource@http-nio-8080-exec-3] Loading properties [D:\Software\Eclipse\Workspaces\DP2\Projects\Acme-Toolkits\target\classes\WEB-INF\views\master\validation-en.i18n] with encoding 'utf-8' 
2022-04-23 21:18:35.282 DEBUG [org.apache.jasper.servlet.JspServlet@http-nio-8080-exec-3] JspEngine --> /WEB-INF/views/fragments/welcome.jsp 
2022-04-23 21:18:35.282 DEBUG [org.apache.jasper.servlet.JspServlet@http-nio-8080-exec-3] ServletPath: /WEB-INF/views/master/page.jsp 
2022-04-23 21:18:35.282 DEBUG [org.apache.jasper.servlet.JspServlet@http-nio-8080-exec-3] PathInfo: null 
2022-04-23 21:18:35.284 DEBUG [org.apache.jasper.servlet.JspServlet@http-nio-8080-exec-3] RealPath: D:\Software\Eclipse\Workspaces\DP2\Projects\Acme-Toolkits\target\classes\WEB-INF\views\fragments\welcome.jsp 
2022-04-23 21:18:35.284 DEBUG [org.apache.jasper.servlet.JspServlet@http-nio-8080-exec-3] RequestURI: /acme-toolkits-22.1/WEB-INF/views/master/page.jsp 
2022-04-23 21:18:35.284 DEBUG [org.apache.jasper.servlet.JspServlet@http-nio-8080-exec-3] QueryString: null 
2022-04-23 21:18:35.915 DEBUG [org.hibernate.SQL@http-nio-8080-exec-3] select useraccoun0_.id as id1_0_, useraccoun0_.version as version2_0_, useraccoun0_.enabled as enabled1_15_, useraccoun0_.identity as identity2_15_, useraccoun0_.password as password3_15_, useraccoun0_.username as username4_15_ from user_account useraccoun0_ where useraccoun0_.username=? 
2022-04-23 21:18:35.951 TRACE [org.hibernate.type.descriptor.sql.BasicBinder@http-nio-8080-exec-3] binding parameter [1] as [VARCHAR] - [anonymous] 
2022-04-23 21:18:36.199 DEBUG [org.hibernate.SQL@http-nio-8080-exec-3] select roles0_.user_account_id as user_acc1_16_0_, roles0_.id as id1_16_0_, roles0_.id as id1_0_1_, roles0_.version as version2_0_1_, roles0_.user_account_id as user_acc1_16_1_, roles0_.company as company1_8_1_, roles0_.optional_link as optional2_8_1_, roles0_.statement as statemen3_8_1_, roles0_.company as company1_10_1_, roles0_.optional_link as optional2_10_1_, roles0_.statement as statemen3_10_1_, roles0_.clazz_ as clazz_1_ from ( select id, version, user_account_id, company, optional_link, statement, 9 as clazz_ from inventor union all select id, version, user_account_id, company, optional_link, statement, 10 as clazz_ from patron union all select id, version, user_account_id, null as company, null as optional_link, null as statement, 13 as clazz_ from administrator union all select id, version, user_account_id, null as company, null as optional_link, null as statement, 14 as clazz_ from anonymous union all select id, version, user_account_id, null as company, null as optional_link, null as statement, 15 as clazz_ from any union all select id, version, user_account_id, null as company, null as optional_link, null as statement, 16 as clazz_ from authenticated ) roles0_ where roles0_.user_account_id=? 
2022-04-23 21:18:36.200 TRACE [org.hibernate.type.descriptor.sql.BasicBinder@http-nio-8080-exec-3] binding parameter [1] as [INTEGER] - [1] 
2022-04-23 21:18:50.714 DEBUG [acme.framework.components.tiles.DynamicTilesView@http-nio-8080-exec-4] View name 'master/sign-in', model {username=, password=, remember=false} 
2022-04-23 21:18:50.717 DEBUG [org.apache.jasper.servlet.JspServlet@http-nio-8080-exec-4] JspEngine --> /WEB-INF/views/master/page.jsp 
2022-04-23 21:18:50.718 DEBUG [org.apache.jasper.servlet.JspServlet@http-nio-8080-exec-4] ServletPath: /WEB-INF/views/master/page.jsp 
2022-04-23 21:18:50.719 DEBUG [org.apache.jasper.servlet.JspServlet@http-nio-8080-exec-4] PathInfo: null 
2022-04-23 21:18:50.721 DEBUG [org.apache.jasper.servlet.JspServlet@http-nio-8080-exec-4] RealPath: D:\Software\Eclipse\Workspaces\DP2\Projects\Acme-Toolkits\target\classes\WEB-INF\views\master\page.jsp 
2022-04-23 21:18:50.722 DEBUG [org.apache.jasper.servlet.JspServlet@http-nio-8080-exec-4] RequestURI: /acme-toolkits-22.1/WEB-INF/views/master/page.jsp 
2022-04-23 21:18:50.722 DEBUG [org.apache.jasper.servlet.JspServlet@http-nio-8080-exec-4] QueryString: null 
2022-04-23 21:18:50.793 DEBUG [org.apache.jasper.servlet.JspServlet@http-nio-8080-exec-4] JspEngine --> /WEB-INF/views/master/sign-in.jsp 
2022-04-23 21:18:50.793 DEBUG [org.apache.jasper.servlet.JspServlet@http-nio-8080-exec-4] ServletPath: /WEB-INF/views/master/page.jsp 
2022-04-23 21:18:50.794 DEBUG [org.apache.jasper.servlet.JspServlet@http-nio-8080-exec-4] PathInfo: null 
2022-04-23 21:18:50.794 DEBUG [org.apache.jasper.servlet.JspServlet@http-nio-8080-exec-4] RealPath: D:\Software\Eclipse\Workspaces\DP2\Projects\Acme-Toolkits\target\classes\WEB-INF\views\master\sign-in.jsp 
2022-04-23 21:18:50.794 DEBUG [org.apache.jasper.servlet.JspServlet@http-nio-8080-exec-4] RequestURI: /acme-toolkits-22.1/WEB-INF/views/master/page.jsp 
2022-04-23 21:18:50.794 DEBUG [org.apache.jasper.servlet.JspServlet@http-nio-8080-exec-4] QueryString: null 
2022-04-23 21:18:51.996 DEBUG [org.hibernate.SQL@http-nio-8080-exec-4] select useraccoun0_.id as id1_0_, useraccoun0_.version as version2_0_, useraccoun0_.enabled as enabled1_15_, useraccoun0_.identity as identity2_15_, useraccoun0_.password as password3_15_, useraccoun0_.username as username4_15_ from user_account useraccoun0_ where useraccoun0_.username=? 
2022-04-23 21:18:51.996 TRACE [org.hibernate.type.descriptor.sql.BasicBinder@http-nio-8080-exec-4] binding parameter [1] as [VARCHAR] - [anonymous] 
2022-04-23 21:18:51.998 DEBUG [org.hibernate.SQL@http-nio-8080-exec-4] select roles0_.user_account_id as user_acc1_16_0_, roles0_.id as id1_16_0_, roles0_.id as id1_0_1_, roles0_.version as version2_0_1_, roles0_.user_account_id as user_acc1_16_1_, roles0_.company as company1_8_1_, roles0_.optional_link as optional2_8_1_, roles0_.statement as statemen3_8_1_, roles0_.company as company1_10_1_, roles0_.optional_link as optional2_10_1_, roles0_.statement as statemen3_10_1_, roles0_.clazz_ as clazz_1_ from ( select id, version, user_account_id, company, optional_link, statement, 9 as clazz_ from inventor union all select id, version, user_account_id, company, optional_link, statement, 10 as clazz_ from patron union all select id, version, user_account_id, null as company, null as optional_link, null as statement, 13 as clazz_ from administrator union all select id, version, user_account_id, null as company, null as optional_link, null as statement, 14 as clazz_ from anonymous union all select id, version, user_account_id, null as company, null as optional_link, null as statement, 15 as clazz_ from any union all select id, version, user_account_id, null as company, null as optional_link, null as statement, 16 as clazz_ from authenticated ) roles0_ where roles0_.user_account_id=? 
2022-04-23 21:18:51.998 TRACE [org.hibernate.type.descriptor.sql.BasicBinder@http-nio-8080-exec-4] binding parameter [1] as [INTEGER] - [1] 
2022-04-23 21:19:07.915 DEBUG [org.hibernate.SQL@http-nio-8080-exec-10] select useraccoun0_.id as id1_0_, useraccoun0_.version as version2_0_, useraccoun0_.enabled as enabled1_15_, useraccoun0_.identity as identity2_15_, useraccoun0_.password as password3_15_, useraccoun0_.username as username4_15_ from user_account useraccoun0_ where useraccoun0_.username=? 
2022-04-23 21:19:07.918 TRACE [org.hibernate.type.descriptor.sql.BasicBinder@http-nio-8080-exec-10] binding parameter [1] as [VARCHAR] - [inventor1] 
2022-04-23 21:19:07.922 DEBUG [org.hibernate.SQL@http-nio-8080-exec-10] select roles0_.user_account_id as user_acc1_16_0_, roles0_.id as id1_16_0_, roles0_.id as id1_0_1_, roles0_.version as version2_0_1_, roles0_.user_account_id as user_acc1_16_1_, roles0_.company as company1_8_1_, roles0_.optional_link as optional2_8_1_, roles0_.statement as statemen3_8_1_, roles0_.company as company1_10_1_, roles0_.optional_link as optional2_10_1_, roles0_.statement as statemen3_10_1_, roles0_.clazz_ as clazz_1_ from ( select id, version, user_account_id, company, optional_link, statement, 9 as clazz_ from inventor union all select id, version, user_account_id, company, optional_link, statement, 10 as clazz_ from patron union all select id, version, user_account_id, null as company, null as optional_link, null as statement, 13 as clazz_ from administrator union all select id, version, user_account_id, null as company, null as optional_link, null as statement, 14 as clazz_ from anonymous union all select id, version, user_account_id, null as company, null as optional_link, null as statement, 15 as clazz_ from any union all select id, version, user_account_id, null as company, null as optional_link, null as statement, 16 as clazz_ from authenticated ) roles0_ where roles0_.user_account_id=? 
2022-04-23 21:19:07.923 TRACE [org.hibernate.type.descriptor.sql.BasicBinder@http-nio-8080-exec-10] binding parameter [1] as [INTEGER] - [22] 
2022-04-23 21:19:07.936 DEBUG [acme.framework.configuration.ExtendedMessageSource@http-nio-8080-exec-10] Loading properties [D:\Software\Eclipse\Workspaces\DP2\Projects\Acme-Toolkits\target\classes\WEB-INF\views\administrator\user-account\messages-en.i18n] with encoding 'utf-8' 
2022-04-23 21:19:07.937 DEBUG [acme.framework.configuration.ExtendedMessageSource@http-nio-8080-exec-10] Loading properties [D:\Software\Eclipse\Workspaces\DP2\Projects\Acme-Toolkits\target\classes\WEB-INF\views\anonymous\user-account\messages-en.i18n] with encoding 'utf-8' 
2022-04-23 21:19:07.938 DEBUG [acme.framework.configuration.ExtendedMessageSource@http-nio-8080-exec-10] Loading properties [D:\Software\Eclipse\Workspaces\DP2\Projects\Acme-Toolkits\target\classes\WEB-INF\views\authenticated\user-account\messages-en.i18n] with encoding 'utf-8' 
2022-04-23 21:19:07.938 DEBUG [acme.framework.configuration.ExtendedMessageSource@http-nio-8080-exec-10] Loading properties [D:\Software\Eclipse\Workspaces\DP2\Projects\Acme-Toolkits\target\classes\WEB-INF\views\fragments\banner-en.i18n] with encoding 'utf-8' 
2022-04-23 21:19:07.938 DEBUG [acme.framework.configuration.ExtendedMessageSource@http-nio-8080-exec-10] Loading properties [D:\Software\Eclipse\Workspaces\DP2\Projects\Acme-Toolkits\target\classes\WEB-INF\views\fragments\company-en.i18n] with encoding 'utf-8' 
2022-04-23 21:19:07.939 DEBUG [acme.framework.configuration.ExtendedMessageSource@http-nio-8080-exec-10] Loading properties [D:\Software\Eclipse\Workspaces\DP2\Projects\Acme-Toolkits\target\classes\WEB-INF\views\fragments\footer-en.i18n] with encoding 'utf-8' 
2022-04-23 21:19:07.939 DEBUG [acme.framework.configuration.ExtendedMessageSource@http-nio-8080-exec-10] Loading properties [D:\Software\Eclipse\Workspaces\DP2\Projects\Acme-Toolkits\target\classes\WEB-INF\views\fragments\license-en.i18n] with encoding 'utf-8' 
2022-04-23 21:19:07.939 DEBUG [acme.framework.configuration.ExtendedMessageSource@http-nio-8080-exec-10] Loading properties [D:\Software\Eclipse\Workspaces\DP2\Projects\Acme-Toolkits\target\classes\WEB-INF\views\fragments\menu-en.i18n] with encoding 'utf-8' 
2022-04-23 21:19:07.940 DEBUG [acme.framework.configuration.ExtendedMessageSource@http-nio-8080-exec-10] Loading properties [D:\Software\Eclipse\Workspaces\DP2\Projects\Acme-Toolkits\target\classes\WEB-INF\views\fragments\messsages-en.i18n] with encoding 'utf-8' 
2022-04-23 21:19:07.940 DEBUG [acme.framework.configuration.ExtendedMessageSource@http-nio-8080-exec-10] Loading properties [D:\Software\Eclipse\Workspaces\DP2\Projects\Acme-Toolkits\target\classes\WEB-INF\views\fragments\title-en.i18n] with encoding 'utf-8' 
2022-04-23 21:19:07.940 DEBUG [acme.framework.configuration.ExtendedMessageSource@http-nio-8080-exec-10] Loading properties [D:\Software\Eclipse\Workspaces\DP2\Projects\Acme-Toolkits\target\classes\WEB-INF\views\fragments\welcome-en.i18n] with encoding 'utf-8' 
2022-04-23 21:19:07.941 DEBUG [acme.framework.configuration.ExtendedMessageSource@http-nio-8080-exec-10] Loading properties [D:\Software\Eclipse\Workspaces\DP2\Projects\Acme-Toolkits\target\classes\WEB-INF\views\inventor\patronagereport\menu-en.i18n] with encoding 'utf-8' 
2022-04-23 21:19:07.942 DEBUG [acme.framework.configuration.ExtendedMessageSource@http-nio-8080-exec-10] Loading properties [D:\Software\Eclipse\Workspaces\DP2\Projects\Acme-Toolkits\target\classes\WEB-INF\views\inventor\patronagereport\messages-en.i18n] with encoding 'utf-8' 
2022-04-23 21:19:07.942 DEBUG [acme.framework.configuration.ExtendedMessageSource@http-nio-8080-exec-10] Loading properties [D:\Software\Eclipse\Workspaces\DP2\Projects\Acme-Toolkits\target\classes\WEB-INF\views\master\defaults-en.i18n] with encoding 'utf-8' 
2022-04-23 21:19:07.943 DEBUG [acme.framework.configuration.ExtendedMessageSource@http-nio-8080-exec-10] Loading properties [D:\Software\Eclipse\Workspaces\DP2\Projects\Acme-Toolkits\target\classes\WEB-INF\views\master\master-en.i18n] with encoding 'utf-8' 
2022-04-23 21:19:07.943 DEBUG [acme.framework.configuration.ExtendedMessageSource@http-nio-8080-exec-10] Loading properties [D:\Software\Eclipse\Workspaces\DP2\Projects\Acme-Toolkits\target\classes\WEB-INF\views\master\throwables-en.i18n] with encoding 'utf-8' 
2022-04-23 21:19:07.944 DEBUG [acme.framework.configuration.ExtendedMessageSource@http-nio-8080-exec-10] Loading properties [D:\Software\Eclipse\Workspaces\DP2\Projects\Acme-Toolkits\target\classes\WEB-INF\views\master\validation-en.i18n] with encoding 'utf-8' 
2022-04-23 21:19:07.956 DEBUG [acme.framework.configuration.ExtendedMessageSource@http-nio-8080-exec-10] Loading properties [D:\Software\Eclipse\Workspaces\DP2\Projects\Acme-Toolkits\target\classes\WEB-INF\views\administrator\user-account\messages-es.i18n] with encoding 'utf-8' 
2022-04-23 21:19:07.966 DEBUG [acme.framework.configuration.ExtendedMessageSource@http-nio-8080-exec-10] Loading properties [D:\Software\Eclipse\Workspaces\DP2\Projects\Acme-Toolkits\target\classes\WEB-INF\views\anonymous\user-account\messages-es.i18n] with encoding 'utf-8' 
2022-04-23 21:19:07.986 DEBUG [acme.framework.configuration.ExtendedMessageSource@http-nio-8080-exec-10] Loading properties [D:\Software\Eclipse\Workspaces\DP2\Projects\Acme-Toolkits\target\classes\WEB-INF\views\authenticated\user-account\messages-es.i18n] with encoding 'utf-8' 
2022-04-23 21:19:07.997 DEBUG [acme.framework.configuration.ExtendedMessageSource@http-nio-8080-exec-10] Loading properties [D:\Software\Eclipse\Workspaces\DP2\Projects\Acme-Toolkits\target\classes\WEB-INF\views\fragments\banner-es.i18n] with encoding 'utf-8' 
2022-04-23 21:19:08.004 DEBUG [acme.framework.configuration.ExtendedMessageSource@http-nio-8080-exec-10] Loading properties [D:\Software\Eclipse\Workspaces\DP2\Projects\Acme-Toolkits\target\classes\WEB-INF\views\fragments\company-es.i18n] with encoding 'utf-8' 
2022-04-23 21:19:08.009 DEBUG [acme.framework.configuration.ExtendedMessageSource@http-nio-8080-exec-10] Loading properties [D:\Software\Eclipse\Workspaces\DP2\Projects\Acme-Toolkits\target\classes\WEB-INF\views\fragments\footer-es.i18n] with encoding 'utf-8' 
2022-04-23 21:19:08.013 DEBUG [acme.framework.configuration.ExtendedMessageSource@http-nio-8080-exec-10] Loading properties [D:\Software\Eclipse\Workspaces\DP2\Projects\Acme-Toolkits\target\classes\WEB-INF\views\fragments\license-es.i18n] with encoding 'utf-8' 
2022-04-23 21:19:08.014 DEBUG [acme.framework.configuration.ExtendedMessageSource@http-nio-8080-exec-10] Loading properties [D:\Software\Eclipse\Workspaces\DP2\Projects\Acme-Toolkits\target\classes\WEB-INF\views\fragments\menu-es.i18n] with encoding 'utf-8' 
2022-04-23 21:19:08.022 DEBUG [acme.framework.configuration.ExtendedMessageSource@http-nio-8080-exec-10] Loading properties [D:\Software\Eclipse\Workspaces\DP2\Projects\Acme-Toolkits\target\classes\WEB-INF\views\fragments\messsages-es.i18n] with encoding 'utf-8' 
2022-04-23 21:19:08.028 DEBUG [acme.framework.configuration.ExtendedMessageSource@http-nio-8080-exec-10] Loading properties [D:\Software\Eclipse\Workspaces\DP2\Projects\Acme-Toolkits\target\classes\WEB-INF\views\fragments\title-es.i18n] with encoding 'utf-8' 
2022-04-23 21:19:08.032 DEBUG [acme.framework.configuration.ExtendedMessageSource@http-nio-8080-exec-10] Loading properties [D:\Software\Eclipse\Workspaces\DP2\Projects\Acme-Toolkits\target\classes\WEB-INF\views\fragments\welcome-es.i18n] with encoding 'utf-8' 
2022-04-23 21:19:08.032 DEBUG [acme.framework.configuration.ExtendedMessageSource@http-nio-8080-exec-10] Loading properties [D:\Software\Eclipse\Workspaces\DP2\Projects\Acme-Toolkits\target\classes\WEB-INF\views\inventor\patronagereport\menu-es.i18n] with encoding 'utf-8' 
2022-04-23 21:19:08.033 DEBUG [acme.framework.configuration.ExtendedMessageSource@http-nio-8080-exec-10] Loading properties [D:\Software\Eclipse\Workspaces\DP2\Projects\Acme-Toolkits\target\classes\WEB-INF\views\inventor\patronagereport\messages-es.i18n] with encoding 'utf-8' 
2022-04-23 21:19:08.049 DEBUG [acme.framework.configuration.ExtendedMessageSource@http-nio-8080-exec-10] Loading properties [D:\Software\Eclipse\Workspaces\DP2\Projects\Acme-Toolkits\target\classes\WEB-INF\views\master\defaults-es.i18n] with encoding 'utf-8' 
2022-04-23 21:19:08.060 DEBUG [acme.framework.configuration.ExtendedMessageSource@http-nio-8080-exec-10] Loading properties [D:\Software\Eclipse\Workspaces\DP2\Projects\Acme-Toolkits\target\classes\WEB-INF\views\master\master-es.i18n] with encoding 'utf-8' 
2022-04-23 21:19:08.064 DEBUG [acme.framework.configuration.ExtendedMessageSource@http-nio-8080-exec-10] Loading properties [D:\Software\Eclipse\Workspaces\DP2\Projects\Acme-Toolkits\target\classes\WEB-INF\views\master\throwables-es.i18n] with encoding 'utf-8' 
2022-04-23 21:19:08.073 DEBUG [acme.framework.configuration.ExtendedMessageSource@http-nio-8080-exec-10] Loading properties [D:\Software\Eclipse\Workspaces\DP2\Projects\Acme-Toolkits\target\classes\WEB-INF\views\master\validation-es.i18n] with encoding 'utf-8' 
2022-04-23 21:19:08.084 DEBUG [acme.framework.components.tiles.DynamicTilesView@http-nio-8080-exec-6] View name 'master/sign-in', model {username=, password=, remember=false} 
2022-04-23 21:19:08.085 DEBUG [org.apache.jasper.servlet.JspServlet@http-nio-8080-exec-6] JspEngine --> /WEB-INF/views/master/page.jsp 
2022-04-23 21:19:08.085 DEBUG [org.apache.jasper.servlet.JspServlet@http-nio-8080-exec-6] ServletPath: /WEB-INF/views/master/page.jsp 
2022-04-23 21:19:08.085 DEBUG [org.apache.jasper.servlet.JspServlet@http-nio-8080-exec-6] PathInfo: null 
2022-04-23 21:19:08.086 DEBUG [org.apache.jasper.servlet.JspServlet@http-nio-8080-exec-6] RealPath: D:\Software\Eclipse\Workspaces\DP2\Projects\Acme-Toolkits\target\classes\WEB-INF\views\master\page.jsp 
2022-04-23 21:19:08.086 DEBUG [org.apache.jasper.servlet.JspServlet@http-nio-8080-exec-6] RequestURI: /acme-toolkits-22.1/WEB-INF/views/master/page.jsp 
2022-04-23 21:19:08.087 DEBUG [org.apache.jasper.servlet.JspServlet@http-nio-8080-exec-6] QueryString: error 
2022-04-23 21:19:08.139 DEBUG [org.apache.jasper.servlet.JspServlet@http-nio-8080-exec-6] JspEngine --> /WEB-INF/views/master/sign-in.jsp 
2022-04-23 21:19:08.139 DEBUG [org.apache.jasper.servlet.JspServlet@http-nio-8080-exec-6] ServletPath: /WEB-INF/views/master/page.jsp 
2022-04-23 21:19:08.139 DEBUG [org.apache.jasper.servlet.JspServlet@http-nio-8080-exec-6] PathInfo: null 
2022-04-23 21:19:08.140 DEBUG [org.apache.jasper.servlet.JspServlet@http-nio-8080-exec-6] RealPath: D:\Software\Eclipse\Workspaces\DP2\Projects\Acme-Toolkits\target\classes\WEB-INF\views\master\sign-in.jsp 
2022-04-23 21:19:08.140 DEBUG [org.apache.jasper.servlet.JspServlet@http-nio-8080-exec-6] RequestURI: /acme-toolkits-22.1/WEB-INF/views/master/page.jsp 
2022-04-23 21:19:08.140 DEBUG [org.apache.jasper.servlet.JspServlet@http-nio-8080-exec-6] QueryString: error 
2022-04-23 21:19:08.203 DEBUG [org.hibernate.SQL@http-nio-8080-exec-6] select useraccoun0_.id as id1_0_, useraccoun0_.version as version2_0_, useraccoun0_.enabled as enabled1_15_, useraccoun0_.identity as identity2_15_, useraccoun0_.password as password3_15_, useraccoun0_.username as username4_15_ from user_account useraccoun0_ where useraccoun0_.username=? 
2022-04-23 21:19:08.203 TRACE [org.hibernate.type.descriptor.sql.BasicBinder@http-nio-8080-exec-6] binding parameter [1] as [VARCHAR] - [anonymous] 
2022-04-23 21:19:08.204 DEBUG [org.hibernate.SQL@http-nio-8080-exec-6] select roles0_.user_account_id as user_acc1_16_0_, roles0_.id as id1_16_0_, roles0_.id as id1_0_1_, roles0_.version as version2_0_1_, roles0_.user_account_id as user_acc1_16_1_, roles0_.company as company1_8_1_, roles0_.optional_link as optional2_8_1_, roles0_.statement as statemen3_8_1_, roles0_.company as company1_10_1_, roles0_.optional_link as optional2_10_1_, roles0_.statement as statemen3_10_1_, roles0_.clazz_ as clazz_1_ from ( select id, version, user_account_id, company, optional_link, statement, 9 as clazz_ from inventor union all select id, version, user_account_id, company, optional_link, statement, 10 as clazz_ from patron union all select id, version, user_account_id, null as company, null as optional_link, null as statement, 13 as clazz_ from administrator union all select id, version, user_account_id, null as company, null as optional_link, null as statement, 14 as clazz_ from anonymous union all select id, version, user_account_id, null as company, null as optional_link, null as statement, 15 as clazz_ from any union all select id, version, user_account_id, null as company, null as optional_link, null as statement, 16 as clazz_ from authenticated ) roles0_ where roles0_.user_account_id=? 
2022-04-23 21:19:08.205 TRACE [org.hibernate.type.descriptor.sql.BasicBinder@http-nio-8080-exec-6] binding parameter [1] as [INTEGER] - [1] 
2022-04-23 21:19:20.747 DEBUG [org.hibernate.SQL@http-nio-8080-exec-7] select useraccoun0_.id as id1_0_, useraccoun0_.version as version2_0_, useraccoun0_.enabled as enabled1_15_, useraccoun0_.identity as identity2_15_, useraccoun0_.password as password3_15_, useraccoun0_.username as username4_15_ from user_account useraccoun0_ where useraccoun0_.username=? 
2022-04-23 21:19:20.748 TRACE [org.hibernate.type.descriptor.sql.BasicBinder@http-nio-8080-exec-7] binding parameter [1] as [VARCHAR] - [inventor1] 
2022-04-23 21:19:20.751 DEBUG [org.hibernate.SQL@http-nio-8080-exec-7] select roles0_.user_account_id as user_acc1_16_0_, roles0_.id as id1_16_0_, roles0_.id as id1_0_1_, roles0_.version as version2_0_1_, roles0_.user_account_id as user_acc1_16_1_, roles0_.company as company1_8_1_, roles0_.optional_link as optional2_8_1_, roles0_.statement as statemen3_8_1_, roles0_.company as company1_10_1_, roles0_.optional_link as optional2_10_1_, roles0_.statement as statemen3_10_1_, roles0_.clazz_ as clazz_1_ from ( select id, version, user_account_id, company, optional_link, statement, 9 as clazz_ from inventor union all select id, version, user_account_id, company, optional_link, statement, 10 as clazz_ from patron union all select id, version, user_account_id, null as company, null as optional_link, null as statement, 13 as clazz_ from administrator union all select id, version, user_account_id, null as company, null as optional_link, null as statement, 14 as clazz_ from anonymous union all select id, version, user_account_id, null as company, null as optional_link, null as statement, 15 as clazz_ from any union all select id, version, user_account_id, null as company, null as optional_link, null as statement, 16 as clazz_ from authenticated ) roles0_ where roles0_.user_account_id=? 
2022-04-23 21:19:20.752 TRACE [org.hibernate.type.descriptor.sql.BasicBinder@http-nio-8080-exec-7] binding parameter [1] as [INTEGER] - [22] 
2022-04-23 21:19:20.782 DEBUG [acme.framework.components.tiles.DynamicTilesView@http-nio-8080-exec-3] View name 'fragments/welcome', model {} 
2022-04-23 21:19:20.783 DEBUG [org.apache.jasper.servlet.JspServlet@http-nio-8080-exec-3] JspEngine --> /WEB-INF/views/master/page.jsp 
2022-04-23 21:19:20.784 DEBUG [org.apache.jasper.servlet.JspServlet@http-nio-8080-exec-3] ServletPath: /WEB-INF/views/master/page.jsp 
2022-04-23 21:19:20.784 DEBUG [org.apache.jasper.servlet.JspServlet@http-nio-8080-exec-3] PathInfo: null 
2022-04-23 21:19:20.785 DEBUG [org.apache.jasper.servlet.JspServlet@http-nio-8080-exec-3] RealPath: D:\Software\Eclipse\Workspaces\DP2\Projects\Acme-Toolkits\target\classes\WEB-INF\views\master\page.jsp 
2022-04-23 21:19:20.786 DEBUG [org.apache.jasper.servlet.JspServlet@http-nio-8080-exec-3] RequestURI: /acme-toolkits-22.1/WEB-INF/views/master/page.jsp 
2022-04-23 21:19:20.786 DEBUG [org.apache.jasper.servlet.JspServlet@http-nio-8080-exec-3] QueryString: null 
2022-04-23 21:19:20.837 DEBUG [org.apache.jasper.servlet.JspServlet@http-nio-8080-exec-3] JspEngine --> /WEB-INF/views/fragments/welcome.jsp 
2022-04-23 21:19:20.838 DEBUG [org.apache.jasper.servlet.JspServlet@http-nio-8080-exec-3] ServletPath: /WEB-INF/views/master/page.jsp 
2022-04-23 21:19:20.838 DEBUG [org.apache.jasper.servlet.JspServlet@http-nio-8080-exec-3] PathInfo: null 
2022-04-23 21:19:20.839 DEBUG [org.apache.jasper.servlet.JspServlet@http-nio-8080-exec-3] RealPath: D:\Software\Eclipse\Workspaces\DP2\Projects\Acme-Toolkits\target\classes\WEB-INF\views\fragments\welcome.jsp 
2022-04-23 21:19:20.839 DEBUG [org.apache.jasper.servlet.JspServlet@http-nio-8080-exec-3] RequestURI: /acme-toolkits-22.1/WEB-INF/views/master/page.jsp 
2022-04-23 21:19:20.839 DEBUG [org.apache.jasper.servlet.JspServlet@http-nio-8080-exec-3] QueryString: null 
2022-04-23 21:19:36.165 DEBUG [acme.framework.controllers.AbstractController@http-nio-8080-exec-9] DISPATCHING GET /acme-toolkits-22.1/inventor/patronage-report/list 
2022-04-23 21:19:36.165 DEBUG [acme.framework.controllers.AbstractController@http-nio-8080-exec-9] Command: list 
2022-04-23 21:19:36.165 DEBUG [acme.framework.controllers.AbstractController@http-nio-8080-exec-9] Model:   {} 
2022-04-23 21:19:36.165 DEBUG [acme.framework.controllers.AbstractController@http-nio-8080-exec-9] Locale:  en 
2022-04-23 21:19:36.174 DEBUG [acme.framework.controllers.AbstractController@http-nio-8080-exec-9] SERVING GET /acme-toolkits-22.1/inventor/patronage-report/list 
2022-04-23 21:19:36.174 DEBUG [acme.framework.controllers.AbstractController@http-nio-8080-exec-9] Result: ModelAndView [view="master/panic"; model={oops=java.lang.IllegalStateException: End-point not available}] 
2022-04-23 21:19:36.177 DEBUG [acme.framework.components.tiles.DynamicTilesView@http-nio-8080-exec-9] View name 'master/panic', model {oops=java.lang.IllegalStateException: End-point not available, org.springframework.validation.BindingResult.oops=org.springframework.validation.BeanPropertyBindingResult: 0 errors} 
2022-04-23 21:19:36.178 DEBUG [org.apache.jasper.servlet.JspServlet@http-nio-8080-exec-9] JspEngine --> /WEB-INF/views/master/page.jsp 
2022-04-23 21:19:36.178 DEBUG [org.apache.jasper.servlet.JspServlet@http-nio-8080-exec-9] ServletPath: /WEB-INF/views/master/page.jsp 
2022-04-23 21:19:36.179 DEBUG [org.apache.jasper.servlet.JspServlet@http-nio-8080-exec-9] PathInfo: null 
2022-04-23 21:19:36.180 DEBUG [org.apache.jasper.servlet.JspServlet@http-nio-8080-exec-9] RealPath: D:\Software\Eclipse\Workspaces\DP2\Projects\Acme-Toolkits\target\classes\WEB-INF\views\master\page.jsp 
2022-04-23 21:19:36.180 DEBUG [org.apache.jasper.servlet.JspServlet@http-nio-8080-exec-9] RequestURI: /acme-toolkits-22.1/WEB-INF/views/master/page.jsp 
2022-04-23 21:19:36.180 DEBUG [org.apache.jasper.servlet.JspServlet@http-nio-8080-exec-9] QueryString: null 
2022-04-23 21:19:36.219 DEBUG [org.apache.jasper.servlet.JspServlet@http-nio-8080-exec-9] JspEngine --> /WEB-INF/views/master/panic.jsp 
2022-04-23 21:19:36.219 DEBUG [org.apache.jasper.servlet.JspServlet@http-nio-8080-exec-9] ServletPath: /WEB-INF/views/master/page.jsp 
2022-04-23 21:19:36.219 DEBUG [org.apache.jasper.servlet.JspServlet@http-nio-8080-exec-9] PathInfo: null 
2022-04-23 21:19:36.220 DEBUG [org.apache.jasper.servlet.JspServlet@http-nio-8080-exec-9] RealPath: D:\Software\Eclipse\Workspaces\DP2\Projects\Acme-Toolkits\target\classes\WEB-INF\views\master\panic.jsp 
2022-04-23 21:19:36.220 DEBUG [org.apache.jasper.servlet.JspServlet@http-nio-8080-exec-9] RequestURI: /acme-toolkits-22.1/WEB-INF/views/master/page.jsp 
2022-04-23 21:19:36.220 DEBUG [org.apache.jasper.servlet.JspServlet@http-nio-8080-exec-9] QueryString: null 
2022-04-23 21:19:36.351 ERROR [org.apache.jsp.WEB_002dINF.views.master.panic_jsp@http-nio-8080-exec-9] HTTP GET /acme-toolkits-22.1/WEB-INF/views/master/page.jsp HTTP/1.1 
2022-04-23 21:19:36.351 ERROR [org.apache.jsp.WEB_002dINF.views.master.panic_jsp@http-nio-8080-exec-9] Status: 500 
2022-04-23 21:19:36.353 ERROR [org.apache.jsp.WEB_002dINF.views.master.panic_jsp@http-nio-8080-exec-9] Exception: acme.framework.helpers.Assert.state(Assert.java:45): End-point not available 
