2022-04-05 14:21:15.145 INFO  [acme.Launcher@main] Starting Launcher using Java 1.8.0_281 on LAPTOP-SGHB5FGA with PID 15396 (C:\Users\Antonio\Documents\antonio\informatica\DP2\Workspace-22.0\Frameworks\Acme-Framework-22.3\target\classes started by ant_1 in C:\Users\Antonio\Documents\antonio\informatica\DP2\Workspace-22.0\Projects\Acme-Toolkits) 
2022-04-05 14:21:15.147 DEBUG [acme.Launcher@main] Running with Spring Boot v2.4.2, Spring v5.3.3 
2022-04-05 14:21:15.149 INFO  [acme.Launcher@main] The following profiles are active: development,inquirer 
2022-04-05 14:21:19.408 DEBUG [org.apache.jasper.servlet.JasperInitializer@main] Initializing Jasper for context [application] 
2022-04-05 14:21:26.375 DEBUG [org.apache.jasper.servlet.JspServlet@main] Scratch dir for the JSP engine is: [C:\Users\ant_1\AppData\Local\Temp\tomcat.8082.1799287709309069630\work\Tomcat\localhost\acme-toolkits-22.1] 
2022-04-05 14:21:26.377 DEBUG [org.apache.jasper.servlet.JspServlet@main] IMPORTANT: Do not modify the generated servlets 
2022-04-05 14:21:26.391 INFO  [acme.Launcher@main] Started Launcher in 12.224 seconds (JVM running for 13.048) 
2022-04-05 14:21:26.397 DEBUG [acme.Launcher@main] Found classpath entry '/C:/Users/Antonio/Documents/antonio/informatica/DP2/Workspace-22.0/Projects/Acme-Toolkits/target/test-classes/' 
2022-04-05 14:21:26.398 DEBUG [acme.Launcher@main] Found classpath entry '/C:/Users/Antonio/Documents/antonio/informatica/DP2/Workspace-22.0/Projects/Acme-Toolkits/target/classes/' 
2022-04-05 14:21:26.398 DEBUG [acme.Launcher@main] Found classpath entry '/C:/Users/Antonio/Documents/antonio/informatica/DP2/Workspace-22.0/Frameworks/Acme-Framework-22.3/target/classes/' 
2022-04-05 14:21:26.398 DEBUG [acme.Launcher@main] Found classpath entry '/C:/Users/Antonio/Documents/antonio/informatica/DP2/Workspace-22.0/Frameworks/Acme-Framework-22.3/target/test-classes/' 
2022-04-05 14:21:26.399 DEBUG [acme.Launcher@main] Found classpath entry '/C:/Users/ant_1/.m2/repository/org/springframework/boot/spring-boot-starter-tomcat/2.4.2/spring-boot-starter-tomcat-2.4.2.jar' 
2022-04-05 14:21:26.399 DEBUG [acme.Launcher@main] Found classpath entry '/C:/Users/ant_1/.m2/repository/jakarta/annotation/jakarta.annotation-api/1.3.5/jakarta.annotation-api-1.3.5.jar' 
2022-04-05 14:21:26.399 DEBUG [acme.Launcher@main] Found classpath entry '/C:/Users/ant_1/.m2/repository/org/apache/tomcat/embed/tomcat-embed-core/9.0.41/tomcat-embed-core-9.0.41.jar' 
2022-04-05 14:21:26.399 DEBUG [acme.Launcher@main] Found classpath entry '/C:/Users/ant_1/.m2/repository/org/glassfish/jakarta.el/3.0.3/jakarta.el-3.0.3.jar' 
2022-04-05 14:21:26.400 DEBUG [acme.Launcher@main] Found classpath entry '/C:/Users/ant_1/.m2/repository/org/apache/tomcat/embed/tomcat-embed-websocket/9.0.41/tomcat-embed-websocket-9.0.41.jar' 
2022-04-05 14:21:26.400 DEBUG [acme.Launcher@main] Found classpath entry '/C:/Users/ant_1/.m2/repository/org/apache/tomcat/embed/tomcat-embed-jasper/9.0.41/tomcat-embed-jasper-9.0.41.jar' 
2022-04-05 14:21:26.400 DEBUG [acme.Launcher@main] Found classpath entry '/C:/Users/ant_1/.m2/repository/org/apache/tomcat/embed/tomcat-embed-el/9.0.41/tomcat-embed-el-9.0.41.jar' 
2022-04-05 14:21:26.401 DEBUG [acme.Launcher@main] Found classpath entry '/C:/Users/ant_1/.m2/repository/org/eclipse/jdt/ecj/3.18.0/ecj-3.18.0.jar' 
2022-04-05 14:21:26.401 DEBUG [acme.Launcher@main] Found classpath entry '/C:/Users/ant_1/.m2/repository/javax/servlet/jstl/1.2/jstl-1.2.jar' 
2022-04-05 14:21:26.401 DEBUG [acme.Launcher@main] Found classpath entry '/C:/Users/ant_1/.m2/repository/org/springframework/boot/spring-boot-starter-test/2.4.2/spring-boot-starter-test-2.4.2.jar' 
2022-04-05 14:21:26.401 DEBUG [acme.Launcher@main] Found classpath entry '/C:/Users/ant_1/.m2/repository/org/springframework/boot/spring-boot-starter/2.4.2/spring-boot-starter-2.4.2.jar' 
2022-04-05 14:21:26.402 DEBUG [acme.Launcher@main] Found classpath entry '/C:/Users/ant_1/.m2/repository/org/springframework/boot/spring-boot/2.4.2/spring-boot-2.4.2.jar' 
2022-04-05 14:21:26.402 DEBUG [acme.Launcher@main] Found classpath entry '/C:/Users/ant_1/.m2/repository/org/springframework/boot/spring-boot-autoconfigure/2.4.2/spring-boot-autoconfigure-2.4.2.jar' 
2022-04-05 14:21:26.402 DEBUG [acme.Launcher@main] Found classpath entry '/C:/Users/ant_1/.m2/repository/org/springframework/boot/spring-boot-starter-logging/2.4.2/spring-boot-starter-logging-2.4.2.jar' 
2022-04-05 14:21:26.403 DEBUG [acme.Launcher@main] Found classpath entry '/C:/Users/ant_1/.m2/repository/ch/qos/logback/logback-classic/1.2.3/logback-classic-1.2.3.jar' 
2022-04-05 14:21:26.403 DEBUG [acme.Launcher@main] Found classpath entry '/C:/Users/ant_1/.m2/repository/ch/qos/logback/logback-core/1.2.3/logback-core-1.2.3.jar' 
2022-04-05 14:21:26.403 DEBUG [acme.Launcher@main] Found classpath entry '/C:/Users/ant_1/.m2/repository/org/apache/logging/log4j/log4j-to-slf4j/2.13.3/log4j-to-slf4j-2.13.3.jar' 
2022-04-05 14:21:26.404 DEBUG [acme.Launcher@main] Found classpath entry '/C:/Users/ant_1/.m2/repository/org/apache/logging/log4j/log4j-api/2.13.3/log4j-api-2.13.3.jar' 
2022-04-05 14:21:26.405 DEBUG [acme.Launcher@main] Found classpath entry '/C:/Users/ant_1/.m2/repository/org/slf4j/jul-to-slf4j/1.7.30/jul-to-slf4j-1.7.30.jar' 
2022-04-05 14:21:26.406 DEBUG [acme.Launcher@main] Found classpath entry '/C:/Users/ant_1/.m2/repository/org/yaml/snakeyaml/1.27/snakeyaml-1.27.jar' 
2022-04-05 14:21:26.406 DEBUG [acme.Launcher@main] Found classpath entry '/C:/Users/ant_1/.m2/repository/org/springframework/boot/spring-boot-test/2.4.2/spring-boot-test-2.4.2.jar' 
2022-04-05 14:21:26.406 DEBUG [acme.Launcher@main] Found classpath entry '/C:/Users/ant_1/.m2/repository/org/springframework/boot/spring-boot-test-autoconfigure/2.4.2/spring-boot-test-autoconfigure-2.4.2.jar' 
2022-04-05 14:21:26.406 DEBUG [acme.Launcher@main] Found classpath entry '/C:/Users/ant_1/.m2/repository/com/jayway/jsonpath/json-path/2.4.0/json-path-2.4.0.jar' 
2022-04-05 14:21:26.407 DEBUG [acme.Launcher@main] Found classpath entry '/C:/Users/ant_1/.m2/repository/net/minidev/json-smart/2.3/json-smart-2.3.jar' 
2022-04-05 14:21:26.407 DEBUG [acme.Launcher@main] Found classpath entry '/C:/Users/ant_1/.m2/repository/net/minidev/accessors-smart/1.2/accessors-smart-1.2.jar' 
2022-04-05 14:21:26.407 DEBUG [acme.Launcher@main] Found classpath entry '/C:/Users/ant_1/.m2/repository/org/ow2/asm/asm/5.0.4/asm-5.0.4.jar' 
2022-04-05 14:21:26.407 DEBUG [acme.Launcher@main] Found classpath entry '/C:/Users/ant_1/.m2/repository/jakarta/xml/bind/jakarta.xml.bind-api/2.3.3/jakarta.xml.bind-api-2.3.3.jar' 
2022-04-05 14:21:26.408 DEBUG [acme.Launcher@main] Found classpath entry '/C:/Users/ant_1/.m2/repository/jakarta/activation/jakarta.activation-api/1.2.2/jakarta.activation-api-1.2.2.jar' 
2022-04-05 14:21:26.408 DEBUG [acme.Launcher@main] Found classpath entry '/C:/Users/ant_1/.m2/repository/org/assertj/assertj-core/3.18.1/assertj-core-3.18.1.jar' 
2022-04-05 14:21:26.408 DEBUG [acme.Launcher@main] Found classpath entry '/C:/Users/ant_1/.m2/repository/org/hamcrest/hamcrest/2.2/hamcrest-2.2.jar' 
2022-04-05 14:21:26.408 DEBUG [acme.Launcher@main] Found classpath entry '/C:/Users/ant_1/.m2/repository/org/junit/jupiter/junit-jupiter/5.7.0/junit-jupiter-5.7.0.jar' 
2022-04-05 14:21:26.408 DEBUG [acme.Launcher@main] Found classpath entry '/C:/Users/ant_1/.m2/repository/org/mockito/mockito-core/3.6.28/mockito-core-3.6.28.jar' 
2022-04-05 14:21:26.408 DEBUG [acme.Launcher@main] Found classpath entry '/C:/Users/ant_1/.m2/repository/net/bytebuddy/byte-buddy-agent/1.10.19/byte-buddy-agent-1.10.19.jar' 
2022-04-05 14:21:26.408 DEBUG [acme.Launcher@main] Found classpath entry '/C:/Users/ant_1/.m2/repository/org/objenesis/objenesis/3.1/objenesis-3.1.jar' 
2022-04-05 14:21:26.409 DEBUG [acme.Launcher@main] Found classpath entry '/C:/Users/ant_1/.m2/repository/org/mockito/mockito-junit-jupiter/3.6.28/mockito-junit-jupiter-3.6.28.jar' 
2022-04-05 14:21:26.409 DEBUG [acme.Launcher@main] Found classpath entry '/C:/Users/ant_1/.m2/repository/org/skyscreamer/jsonassert/1.5.0/jsonassert-1.5.0.jar' 
2022-04-05 14:21:26.409 DEBUG [acme.Launcher@main] Found classpath entry '/C:/Users/ant_1/.m2/repository/com/vaadin/external/google/android-json/0.0.20131108.vaadin1/android-json-0.0.20131108.vaadin1.jar' 
2022-04-05 14:21:26.409 DEBUG [acme.Launcher@main] Found classpath entry '/C:/Users/ant_1/.m2/repository/org/springframework/spring-core/5.3.3/spring-core-5.3.3.jar' 
2022-04-05 14:21:26.410 DEBUG [acme.Launcher@main] Found classpath entry '/C:/Users/ant_1/.m2/repository/org/springframework/spring-jcl/5.3.3/spring-jcl-5.3.3.jar' 
2022-04-05 14:21:26.410 DEBUG [acme.Launcher@main] Found classpath entry '/C:/Users/ant_1/.m2/repository/org/springframework/spring-test/5.3.3/spring-test-5.3.3.jar' 
2022-04-05 14:21:26.410 DEBUG [acme.Launcher@main] Found classpath entry '/C:/Users/ant_1/.m2/repository/org/xmlunit/xmlunit-core/2.7.0/xmlunit-core-2.7.0.jar' 
2022-04-05 14:21:26.410 DEBUG [acme.Launcher@main] Found classpath entry '/C:/Users/ant_1/.m2/repository/org/springframework/boot/spring-boot-starter-security/2.4.2/spring-boot-starter-security-2.4.2.jar' 
2022-04-05 14:21:26.411 DEBUG [acme.Launcher@main] Found classpath entry '/C:/Users/ant_1/.m2/repository/org/springframework/spring-aop/5.3.3/spring-aop-5.3.3.jar' 
2022-04-05 14:21:26.411 DEBUG [acme.Launcher@main] Found classpath entry '/C:/Users/ant_1/.m2/repository/org/springframework/security/spring-security-web/5.4.2/spring-security-web-5.4.2.jar' 
2022-04-05 14:21:26.411 DEBUG [acme.Launcher@main] Found classpath entry '/C:/Users/ant_1/.m2/repository/org/springframework/security/spring-security-core/5.4.2/spring-security-core-5.4.2.jar' 
2022-04-05 14:21:26.411 DEBUG [acme.Launcher@main] Found classpath entry '/C:/Users/ant_1/.m2/repository/org/springframework/spring-beans/5.3.3/spring-beans-5.3.3.jar' 
2022-04-05 14:21:26.411 DEBUG [acme.Launcher@main] Found classpath entry '/C:/Users/ant_1/.m2/repository/org/springframework/spring-context/5.3.3/spring-context-5.3.3.jar' 
2022-04-05 14:21:26.412 DEBUG [acme.Launcher@main] Found classpath entry '/C:/Users/ant_1/.m2/repository/org/springframework/spring-expression/5.3.3/spring-expression-5.3.3.jar' 
2022-04-05 14:21:26.412 DEBUG [acme.Launcher@main] Found classpath entry '/C:/Users/ant_1/.m2/repository/org/springframework/spring-web/5.3.3/spring-web-5.3.3.jar' 
2022-04-05 14:21:26.412 DEBUG [acme.Launcher@main] Found classpath entry '/C:/Users/ant_1/.m2/repository/org/springframework/security/spring-security-config/5.4.2/spring-security-config-5.4.2.jar' 
2022-04-05 14:21:26.412 DEBUG [acme.Launcher@main] Found classpath entry '/C:/Users/ant_1/.m2/repository/org/springframework/security/spring-security-taglibs/5.4.2/spring-security-taglibs-5.4.2.jar' 
2022-04-05 14:21:26.412 DEBUG [acme.Launcher@main] Found classpath entry '/C:/Users/ant_1/.m2/repository/org/springframework/security/spring-security-acl/5.4.2/spring-security-acl-5.4.2.jar' 
2022-04-05 14:21:26.413 DEBUG [acme.Launcher@main] Found classpath entry '/C:/Users/ant_1/.m2/repository/org/springframework/spring-jdbc/5.3.3/spring-jdbc-5.3.3.jar' 
2022-04-05 14:21:26.413 DEBUG [acme.Launcher@main] Found classpath entry '/C:/Users/ant_1/.m2/repository/org/springframework/spring-tx/5.3.3/spring-tx-5.3.3.jar' 
2022-04-05 14:21:26.413 DEBUG [acme.Launcher@main] Found classpath entry '/C:/Users/ant_1/.m2/repository/org/springframework/boot/spring-boot-starter-web/2.4.2/spring-boot-starter-web-2.4.2.jar' 
2022-04-05 14:21:26.413 DEBUG [acme.Launcher@main] Found classpath entry '/C:/Users/ant_1/.m2/repository/org/springframework/boot/spring-boot-starter-json/2.4.2/spring-boot-starter-json-2.4.2.jar' 
2022-04-05 14:21:26.413 DEBUG [acme.Launcher@main] Found classpath entry '/C:/Users/ant_1/.m2/repository/com/fasterxml/jackson/core/jackson-databind/2.11.4/jackson-databind-2.11.4.jar' 
2022-04-05 14:21:26.414 DEBUG [acme.Launcher@main] Found classpath entry '/C:/Users/ant_1/.m2/repository/com/fasterxml/jackson/core/jackson-annotations/2.11.4/jackson-annotations-2.11.4.jar' 
2022-04-05 14:21:26.414 DEBUG [acme.Launcher@main] Found classpath entry '/C:/Users/ant_1/.m2/repository/com/fasterxml/jackson/core/jackson-core/2.11.4/jackson-core-2.11.4.jar' 
2022-04-05 14:21:26.414 DEBUG [acme.Launcher@main] Found classpath entry '/C:/Users/ant_1/.m2/repository/com/fasterxml/jackson/datatype/jackson-datatype-jdk8/2.11.4/jackson-datatype-jdk8-2.11.4.jar' 
2022-04-05 14:21:26.414 DEBUG [acme.Launcher@main] Found classpath entry '/C:/Users/ant_1/.m2/repository/com/fasterxml/jackson/datatype/jackson-datatype-jsr310/2.11.4/jackson-datatype-jsr310-2.11.4.jar' 
2022-04-05 14:21:26.415 DEBUG [acme.Launcher@main] Found classpath entry '/C:/Users/ant_1/.m2/repository/com/fasterxml/jackson/module/jackson-module-parameter-names/2.11.4/jackson-module-parameter-names-2.11.4.jar' 
2022-04-05 14:21:26.415 DEBUG [acme.Launcher@main] Found classpath entry '/C:/Users/ant_1/.m2/repository/org/springframework/spring-webmvc/5.3.3/spring-webmvc-5.3.3.jar' 
2022-04-05 14:21:26.415 DEBUG [acme.Launcher@main] Found classpath entry '/C:/Users/ant_1/.m2/repository/org/apache/tiles/tiles-jsp/3.0.8/tiles-jsp-3.0.8.jar' 
2022-04-05 14:21:26.415 DEBUG [acme.Launcher@main] Found classpath entry '/C:/Users/ant_1/.m2/repository/org/apache/tiles/tiles-servlet/3.0.8/tiles-servlet-3.0.8.jar' 
2022-04-05 14:21:26.415 DEBUG [acme.Launcher@main] Found classpath entry '/C:/Users/ant_1/.m2/repository/org/apache/tiles/tiles-core/3.0.8/tiles-core-3.0.8.jar' 
2022-04-05 14:21:26.416 DEBUG [acme.Launcher@main] Found classpath entry '/C:/Users/ant_1/.m2/repository/commons-digester/commons-digester/2.0/commons-digester-2.0.jar' 
2022-04-05 14:21:26.416 DEBUG [acme.Launcher@main] Found classpath entry '/C:/Users/ant_1/.m2/repository/org/slf4j/jcl-over-slf4j/1.7.30/jcl-over-slf4j-1.7.30.jar' 
2022-04-05 14:21:26.416 DEBUG [acme.Launcher@main] Found classpath entry '/C:/Users/ant_1/.m2/repository/org/apache/tiles/tiles-request-servlet/1.0.7/tiles-request-servlet-1.0.7.jar' 
2022-04-05 14:21:26.416 DEBUG [acme.Launcher@main] Found classpath entry '/C:/Users/ant_1/.m2/repository/org/apache/tiles/tiles-template/3.0.8/tiles-template-3.0.8.jar' 
2022-04-05 14:21:26.416 DEBUG [acme.Launcher@main] Found classpath entry '/C:/Users/ant_1/.m2/repository/org/apache/tiles/tiles-api/3.0.8/tiles-api-3.0.8.jar' 
2022-04-05 14:21:26.417 DEBUG [acme.Launcher@main] Found classpath entry '/C:/Users/ant_1/.m2/repository/org/apache/tiles/tiles-autotag-core-runtime/1.2/tiles-autotag-core-runtime-1.2.jar' 
2022-04-05 14:21:26.417 DEBUG [acme.Launcher@main] Found classpath entry '/C:/Users/ant_1/.m2/repository/org/slf4j/slf4j-api/1.7.30/slf4j-api-1.7.30.jar' 
2022-04-05 14:21:26.417 DEBUG [acme.Launcher@main] Found classpath entry '/C:/Users/ant_1/.m2/repository/org/apache/tiles/tiles-request-jsp/1.0.7/tiles-request-jsp-1.0.7.jar' 
2022-04-05 14:21:26.417 DEBUG [acme.Launcher@main] Found classpath entry '/C:/Users/ant_1/.m2/repository/org/apache/tiles/tiles-request-api/1.0.7/tiles-request-api-1.0.7.jar' 
2022-04-05 14:21:26.417 DEBUG [acme.Launcher@main] Found classpath entry '/C:/Users/ant_1/.m2/repository/org/springframework/boot/spring-boot-starter-data-jpa/2.4.2/spring-boot-starter-data-jpa-2.4.2.jar' 
2022-04-05 14:21:26.417 DEBUG [acme.Launcher@main] Found classpath entry '/C:/Users/ant_1/.m2/repository/org/springframework/boot/spring-boot-starter-aop/2.4.2/spring-boot-starter-aop-2.4.2.jar' 
2022-04-05 14:21:26.418 DEBUG [acme.Launcher@main] Found classpath entry '/C:/Users/ant_1/.m2/repository/org/aspectj/aspectjweaver/1.9.6/aspectjweaver-1.9.6.jar' 
2022-04-05 14:21:26.418 DEBUG [acme.Launcher@main] Found classpath entry '/C:/Users/ant_1/.m2/repository/org/springframework/boot/spring-boot-starter-jdbc/2.4.2/spring-boot-starter-jdbc-2.4.2.jar' 
2022-04-05 14:21:26.418 DEBUG [acme.Launcher@main] Found classpath entry '/C:/Users/ant_1/.m2/repository/jakarta/transaction/jakarta.transaction-api/1.3.3/jakarta.transaction-api-1.3.3.jar' 
2022-04-05 14:21:26.418 DEBUG [acme.Launcher@main] Found classpath entry '/C:/Users/ant_1/.m2/repository/jakarta/persistence/jakarta.persistence-api/2.2.3/jakarta.persistence-api-2.2.3.jar' 
2022-04-05 14:21:26.419 DEBUG [acme.Launcher@main] Found classpath entry '/C:/Users/ant_1/.m2/repository/org/hibernate/hibernate-core/5.4.27.Final/hibernate-core-5.4.27.Final.jar' 
2022-04-05 14:21:26.419 DEBUG [acme.Launcher@main] Found classpath entry '/C:/Users/ant_1/.m2/repository/org/jboss/logging/jboss-logging/3.4.1.Final/jboss-logging-3.4.1.Final.jar' 
2022-04-05 14:21:26.419 DEBUG [acme.Launcher@main] Found classpath entry '/C:/Users/ant_1/.m2/repository/org/javassist/javassist/3.27.0-GA/javassist-3.27.0-GA.jar' 
2022-04-05 14:21:26.419 DEBUG [acme.Launcher@main] Found classpath entry '/C:/Users/ant_1/.m2/repository/antlr/antlr/2.7.7/antlr-2.7.7.jar' 
2022-04-05 14:21:26.419 DEBUG [acme.Launcher@main] Found classpath entry '/C:/Users/ant_1/.m2/repository/org/jboss/jandex/2.1.3.Final/jandex-2.1.3.Final.jar' 
2022-04-05 14:21:26.420 DEBUG [acme.Launcher@main] Found classpath entry '/C:/Users/ant_1/.m2/repository/com/fasterxml/classmate/1.5.1/classmate-1.5.1.jar' 
2022-04-05 14:21:26.420 DEBUG [acme.Launcher@main] Found classpath entry '/C:/Users/ant_1/.m2/repository/org/dom4j/dom4j/2.1.3/dom4j-2.1.3.jar' 
2022-04-05 14:21:26.420 DEBUG [acme.Launcher@main] Found classpath entry '/C:/Users/ant_1/.m2/repository/org/hibernate/common/hibernate-commons-annotations/5.1.2.Final/hibernate-commons-annotations-5.1.2.Final.jar' 
2022-04-05 14:21:26.420 DEBUG [acme.Launcher@main] Found classpath entry '/C:/Users/ant_1/.m2/repository/org/glassfish/jaxb/jaxb-runtime/2.3.3/jaxb-runtime-2.3.3.jar' 
2022-04-05 14:21:26.420 DEBUG [acme.Launcher@main] Found classpath entry '/C:/Users/ant_1/.m2/repository/org/glassfish/jaxb/txw2/2.3.3/txw2-2.3.3.jar' 
2022-04-05 14:21:26.421 DEBUG [acme.Launcher@main] Found classpath entry '/C:/Users/ant_1/.m2/repository/com/sun/istack/istack-commons-runtime/3.0.11/istack-commons-runtime-3.0.11.jar' 
2022-04-05 14:21:26.421 DEBUG [acme.Launcher@main] Found classpath entry '/C:/Users/ant_1/.m2/repository/com/sun/activation/jakarta.activation/1.2.2/jakarta.activation-1.2.2.jar' 
2022-04-05 14:21:26.421 DEBUG [acme.Launcher@main] Found classpath entry '/C:/Users/ant_1/.m2/repository/org/springframework/data/spring-data-jpa/2.4.3/spring-data-jpa-2.4.3.jar' 
2022-04-05 14:21:26.421 DEBUG [acme.Launcher@main] Found classpath entry '/C:/Users/ant_1/.m2/repository/org/springframework/data/spring-data-commons/2.4.3/spring-data-commons-2.4.3.jar' 
2022-04-05 14:21:26.421 DEBUG [acme.Launcher@main] Found classpath entry '/C:/Users/ant_1/.m2/repository/org/springframework/spring-orm/5.3.3/spring-orm-5.3.3.jar' 
2022-04-05 14:21:26.421 DEBUG [acme.Launcher@main] Found classpath entry '/C:/Users/ant_1/.m2/repository/org/springframework/spring-aspects/5.3.3/spring-aspects-5.3.3.jar' 
2022-04-05 14:21:26.422 DEBUG [acme.Launcher@main] Found classpath entry '/C:/Users/ant_1/.m2/repository/org/springframework/boot/spring-boot-starter-validation/2.4.2/spring-boot-starter-validation-2.4.2.jar' 
2022-04-05 14:21:26.422 DEBUG [acme.Launcher@main] Found classpath entry '/C:/Users/ant_1/.m2/repository/org/hibernate/validator/hibernate-validator/6.1.7.Final/hibernate-validator-6.1.7.Final.jar' 
2022-04-05 14:21:26.422 DEBUG [acme.Launcher@main] Found classpath entry '/C:/Users/ant_1/.m2/repository/jakarta/validation/jakarta.validation-api/2.0.2/jakarta.validation-api-2.0.2.jar' 
2022-04-05 14:21:26.422 DEBUG [acme.Launcher@main] Found classpath entry '/C:/Users/ant_1/.m2/repository/mysql/mysql-connector-java/8.0.22/mysql-connector-java-8.0.22.jar' 
2022-04-05 14:21:26.422 DEBUG [acme.Launcher@main] Found classpath entry '/C:/Users/ant_1/.m2/repository/com/zaxxer/HikariCP/3.4.5/HikariCP-3.4.5.jar' 
2022-04-05 14:21:26.423 DEBUG [acme.Launcher@main] Found classpath entry '/C:/Users/ant_1/.m2/repository/org/junit/jupiter/junit-jupiter-engine/5.7.0/junit-jupiter-engine-5.7.0.jar' 
2022-04-05 14:21:26.423 DEBUG [acme.Launcher@main] Found classpath entry '/C:/Users/ant_1/.m2/repository/org/apiguardian/apiguardian-api/1.1.0/apiguardian-api-1.1.0.jar' 
2022-04-05 14:21:26.423 DEBUG [acme.Launcher@main] Found classpath entry '/C:/Users/ant_1/.m2/repository/org/junit/platform/junit-platform-engine/1.7.0/junit-platform-engine-1.7.0.jar' 
2022-04-05 14:21:26.423 DEBUG [acme.Launcher@main] Found classpath entry '/C:/Users/ant_1/.m2/repository/org/junit/jupiter/junit-jupiter-api/5.7.0/junit-jupiter-api-5.7.0.jar' 
2022-04-05 14:21:26.423 DEBUG [acme.Launcher@main] Found classpath entry '/C:/Users/ant_1/.m2/repository/org/opentest4j/opentest4j/1.2.0/opentest4j-1.2.0.jar' 
2022-04-05 14:21:26.424 DEBUG [acme.Launcher@main] Found classpath entry '/C:/Users/ant_1/.m2/repository/org/junit/platform/junit-platform-commons/1.7.0/junit-platform-commons-1.7.0.jar' 
2022-04-05 14:21:26.424 DEBUG [acme.Launcher@main] Found classpath entry '/C:/Users/ant_1/.m2/repository/org/junit/jupiter/junit-jupiter-params/5.7.0/junit-jupiter-params-5.7.0.jar' 
2022-04-05 14:21:26.424 DEBUG [acme.Launcher@main] Found classpath entry '/C:/Users/ant_1/.m2/repository/org/junit/platform/junit-platform-launcher/1.7.0/junit-platform-launcher-1.7.0.jar' 
2022-04-05 14:21:26.424 DEBUG [acme.Launcher@main] Found classpath entry '/C:/Users/ant_1/.m2/repository/org/seleniumhq/selenium/selenium-java/3.141.59/selenium-java-3.141.59.jar' 
2022-04-05 14:21:26.424 DEBUG [acme.Launcher@main] Found classpath entry '/C:/Users/ant_1/.m2/repository/org/seleniumhq/selenium/selenium-api/3.141.59/selenium-api-3.141.59.jar' 
2022-04-05 14:21:26.425 DEBUG [acme.Launcher@main] Found classpath entry '/C:/Users/ant_1/.m2/repository/org/seleniumhq/selenium/selenium-chrome-driver/3.141.59/selenium-chrome-driver-3.141.59.jar' 
2022-04-05 14:21:26.425 DEBUG [acme.Launcher@main] Found classpath entry '/C:/Users/ant_1/.m2/repository/org/seleniumhq/selenium/selenium-edge-driver/3.141.59/selenium-edge-driver-3.141.59.jar' 
2022-04-05 14:21:26.425 DEBUG [acme.Launcher@main] Found classpath entry '/C:/Users/ant_1/.m2/repository/org/seleniumhq/selenium/selenium-firefox-driver/3.141.59/selenium-firefox-driver-3.141.59.jar' 
2022-04-05 14:21:26.425 DEBUG [acme.Launcher@main] Found classpath entry '/C:/Users/ant_1/.m2/repository/org/seleniumhq/selenium/selenium-ie-driver/3.141.59/selenium-ie-driver-3.141.59.jar' 
2022-04-05 14:21:26.426 DEBUG [acme.Launcher@main] Found classpath entry '/C:/Users/ant_1/.m2/repository/org/seleniumhq/selenium/selenium-opera-driver/3.141.59/selenium-opera-driver-3.141.59.jar' 
2022-04-05 14:21:26.426 DEBUG [acme.Launcher@main] Found classpath entry '/C:/Users/ant_1/.m2/repository/org/seleniumhq/selenium/selenium-remote-driver/3.141.59/selenium-remote-driver-3.141.59.jar' 
2022-04-05 14:21:26.426 DEBUG [acme.Launcher@main] Found classpath entry '/C:/Users/ant_1/.m2/repository/org/seleniumhq/selenium/selenium-safari-driver/3.141.59/selenium-safari-driver-3.141.59.jar' 
2022-04-05 14:21:26.426 DEBUG [acme.Launcher@main] Found classpath entry '/C:/Users/ant_1/.m2/repository/org/seleniumhq/selenium/selenium-support/3.141.59/selenium-support-3.141.59.jar' 
2022-04-05 14:21:26.426 DEBUG [acme.Launcher@main] Found classpath entry '/C:/Users/ant_1/.m2/repository/net/bytebuddy/byte-buddy/1.10.19/byte-buddy-1.10.19.jar' 
2022-04-05 14:21:26.427 DEBUG [acme.Launcher@main] Found classpath entry '/C:/Users/ant_1/.m2/repository/org/apache/commons/commons-exec/1.3/commons-exec-1.3.jar' 
2022-04-05 14:21:26.427 DEBUG [acme.Launcher@main] Found classpath entry '/C:/Users/ant_1/.m2/repository/com/google/guava/guava/25.0-jre/guava-25.0-jre.jar' 
2022-04-05 14:21:26.427 DEBUG [acme.Launcher@main] Found classpath entry '/C:/Users/ant_1/.m2/repository/com/google/code/findbugs/jsr305/1.3.9/jsr305-1.3.9.jar' 
2022-04-05 14:21:26.427 DEBUG [acme.Launcher@main] Found classpath entry '/C:/Users/ant_1/.m2/repository/org/checkerframework/checker-compat-qual/2.0.0/checker-compat-qual-2.0.0.jar' 
2022-04-05 14:21:26.427 DEBUG [acme.Launcher@main] Found classpath entry '/C:/Users/ant_1/.m2/repository/com/google/errorprone/error_prone_annotations/2.1.3/error_prone_annotations-2.1.3.jar' 
2022-04-05 14:21:26.428 DEBUG [acme.Launcher@main] Found classpath entry '/C:/Users/ant_1/.m2/repository/com/google/j2objc/j2objc-annotations/1.1/j2objc-annotations-1.1.jar' 
2022-04-05 14:21:26.428 DEBUG [acme.Launcher@main] Found classpath entry '/C:/Users/ant_1/.m2/repository/org/codehaus/mojo/animal-sniffer-annotations/1.14/animal-sniffer-annotations-1.14.jar' 
2022-04-05 14:21:26.428 DEBUG [acme.Launcher@main] Found classpath entry '/C:/Users/ant_1/.m2/repository/com/squareup/okhttp3/okhttp/3.14.9/okhttp-3.14.9.jar' 
2022-04-05 14:21:26.428 DEBUG [acme.Launcher@main] Found classpath entry '/C:/Users/ant_1/.m2/repository/com/squareup/okio/okio/1.14.0/okio-1.14.0.jar' 
2022-04-05 14:21:26.428 DEBUG [acme.Launcher@main] Found classpath entry '/C:/Users/ant_1/.m2/repository/org/apache/commons/commons-lang3/3.11/commons-lang3-3.11.jar' 
2022-04-05 14:21:26.429 DEBUG [acme.Launcher@main] Found classpath entry '/C:/Users/ant_1/.m2/repository/org/apache/commons/commons-text/1.8/commons-text-1.8.jar' 
2022-04-05 14:21:26.429 DEBUG [acme.Launcher@main] Found classpath entry '/C:/Users/ant_1/.m2/repository/commons-io/commons-io/2.6/commons-io-2.6.jar' 
2022-04-05 14:21:26.429 DEBUG [acme.Launcher@main] Found classpath entry '/C:/Users/ant_1/.m2/repository/commons-cli/commons-cli/1.4/commons-cli-1.4.jar' 
2022-04-05 14:21:26.429 DEBUG [acme.Launcher@main] Found classpath entry '/C:/Users/ant_1/.m2/repository/org/projectlombok/lombok/1.18.16/lombok-1.18.16.jar' 
2022-04-05 14:21:26.429 DEBUG [acme.Launcher@main] Found classpath entry '/C:/Users/ant_1/.m2/repository/com/opencsv/opencsv/5.4/opencsv-5.4.jar' 
2022-04-05 14:21:26.429 DEBUG [acme.Launcher@main] Found classpath entry '/C:/Users/ant_1/.m2/repository/commons-beanutils/commons-beanutils/1.9.4/commons-beanutils-1.9.4.jar' 
2022-04-05 14:21:26.430 DEBUG [acme.Launcher@main] Found classpath entry '/C:/Users/ant_1/.m2/repository/commons-logging/commons-logging/1.2/commons-logging-1.2.jar' 
2022-04-05 14:21:26.430 DEBUG [acme.Launcher@main] Found classpath entry '/C:/Users/ant_1/.m2/repository/commons-collections/commons-collections/3.2.2/commons-collections-3.2.2.jar' 
2022-04-05 14:21:26.430 DEBUG [acme.Launcher@main] Found classpath entry '/C:/Users/ant_1/.m2/repository/org/apache/commons/commons-collections4/4.4/commons-collections4-4.4.jar' 
2022-04-05 14:21:26.551 DEBUG [acme.Launcher@main] Found entity class 'acme.entities.announcements.Announcement 
2022-04-05 14:21:27.605 DEBUG [acme.Launcher@main] Found entity class 'acme.entities.chirp.Chirp 
2022-04-05 14:21:27.605 DEBUG [acme.Launcher@main] Found entity class 'acme.entities.item.Amount 
2022-04-05 14:21:27.605 DEBUG [acme.Launcher@main] Found entity class 'acme.entities.item.Item 
2022-04-05 14:21:27.605 DEBUG [acme.Launcher@main] Found entity class 'acme.entities.patronageReport.PatronageReport 
2022-04-05 14:21:27.606 DEBUG [acme.Launcher@main] Found entity class 'acme.entities.patronages.Patronage 
2022-04-05 14:21:27.607 DEBUG [acme.Launcher@main] Found entity class 'acme.entities.tookit.Toolkit 
2022-04-05 14:21:27.607 DEBUG [acme.Launcher@main] Found entity class 'acme.roles.Inventor 
2022-04-05 14:21:27.607 DEBUG [acme.Launcher@main] Found entity class 'acme.roles.Patron 
2022-04-05 14:21:27.607 DEBUG [acme.Launcher@main] Found entity class 'acme.systemConfiguration.SystemConfiguration 
2022-04-05 14:21:27.608 DEBUG [acme.Launcher@main] Found entity class 'acme.framework.entities.UserAccount 
2022-04-05 14:21:27.608 DEBUG [acme.Launcher@main] Found entity class 'acme.framework.roles.Administrator 
2022-04-05 14:21:27.609 DEBUG [acme.Launcher@main] Found entity class 'acme.framework.roles.Anonymous 
2022-04-05 14:21:27.609 DEBUG [acme.Launcher@main] Found entity class 'acme.framework.roles.Any 
2022-04-05 14:21:27.609 DEBUG [acme.Launcher@main] Found entity class 'acme.framework.roles.Authenticated 
2022-04-05 14:21:27.614 INFO  [acme.Launcher@main] Inquiring database 
2022-04-05 14:24:36.103 DEBUG [acme.framework.components.database.DatabaseUtil@main] Starting new transaction. 
2022-04-05 14:24:36.112 DEBUG [acme.framework.components.database.DatabaseUtil@main] Executing command 'set transaction isolation level read uncommitted;'. 
2022-04-05 14:24:36.119 DEBUG [acme.framework.components.database.DatabaseUtil@main] Starting transaction '827402111'. 
2022-04-05 14:24:36.119 DEBUG [acme.framework.components.database.DatabaseUtil@main] Executing command 'select avg(select i.retailPrice.amount from Item i where i.type = 'COMPONENT')'. 
2022-04-05 14:24:36.123 ERROR [org.hibernate.hql.internal.ast.ErrorTracker@main] <AST>:0:0: unexpected end of subtree 
2022-04-05 14:24:36.127 ERROR [org.hibernate.hql.internal.ast.ErrorTracker@main] <AST>:0:0: unexpected end of subtree at org.hibernate.hql.internal.antlr.HqlSqlBaseWalker.fromElementList(HqlSqlBaseWalker.java:3652): unexpected end of subtree
2022-04-05 14:24:36.398 DEBUG [acme.framework.components.database.DatabaseUtil@main] Rolling transaction '827402111' back. 
2022-04-05 14:26:57.605 DEBUG [acme.framework.components.database.DatabaseUtil@main] Starting new transaction. 
2022-04-05 14:26:57.607 DEBUG [acme.framework.components.database.DatabaseUtil@main] Executing command 'set transaction isolation level read uncommitted;'. 
2022-04-05 14:26:57.607 DEBUG [acme.framework.components.database.DatabaseUtil@main] Starting transaction '1183787631'. 
2022-04-05 14:26:57.607 DEBUG [acme.framework.components.database.DatabaseUtil@main] Executing command 'select avg(select i.retailPrice.amount from Item i where i.type = 'COMPONENT')'. 
2022-04-05 14:26:57.611 ERROR [org.hibernate.hql.internal.ast.ErrorTracker@main] <AST>:0:0: unexpected end of subtree 
2022-04-05 14:26:57.612 ERROR [org.hibernate.hql.internal.ast.ErrorTracker@main] <AST>:0:0: unexpected end of subtree at org.hibernate.hql.internal.antlr.HqlSqlBaseWalker.fromElementList(HqlSqlBaseWalker.java:3652): unexpected end of subtree
2022-04-05 14:26:57.877 DEBUG [acme.framework.components.database.DatabaseUtil@main] Rolling transaction '1183787631' back. 
2022-04-05 14:27:21.445 DEBUG [acme.framework.components.database.DatabaseUtil@main] Starting new transaction. 
2022-04-05 14:27:21.446 DEBUG [acme.framework.components.database.DatabaseUtil@main] Executing command 'set transaction isolation level read uncommitted;'. 
2022-04-05 14:27:21.447 DEBUG [acme.framework.components.database.DatabaseUtil@main] Starting transaction '1004759548'. 
2022-04-05 14:27:21.447 DEBUG [acme.framework.components.database.DatabaseUtil@main] Executing command 'select avg(select i.retailPrice.amount from Item i where i.type = 'COMPONENT') from Item i'. 
2022-04-05 14:27:21.471 DEBUG [org.hibernate.SQL@main] select avg((select item1_.retail_price_amount from item item1_ where item1_.type='COMPONENT')) as col_0_0_ from item item0_ 
2022-04-05 14:27:21.654 WARN  [org.hibernate.engine.jdbc.spi.SqlExceptionHelper@main] SQL Error: 1242, SQLState: 21000 
2022-04-05 14:27:21.654 ERROR [org.hibernate.engine.jdbc.spi.SqlExceptionHelper@main] Subquery returns more than 1 row 
2022-04-05 14:27:21.916 DEBUG [acme.framework.components.database.DatabaseUtil@main] Rolling transaction '1004759548' back. 
2022-04-05 14:27:58.468 DEBUG [acme.framework.components.database.DatabaseUtil@main] Starting new transaction. 
2022-04-05 14:27:58.469 DEBUG [acme.framework.components.database.DatabaseUtil@main] Executing command 'set transaction isolation level read uncommitted;'. 
2022-04-05 14:27:58.469 DEBUG [acme.framework.components.database.DatabaseUtil@main] Starting transaction '1398530689'. 
2022-04-05 14:27:58.470 DEBUG [acme.framework.components.database.DatabaseUtil@main] Executing command 'select avg(select i.retailPrice.amount from Item i where i.type = 'COMPONENT') from Item i group by technology'. 
2022-04-05 14:27:58.477 DEBUG [org.hibernate.SQL@main] select avg((select item1_.retail_price_amount from item item1_ where item1_.type='COMPONENT')) as col_0_0_ from item item0_ group by item0_.technology 
2022-04-05 14:27:58.579 WARN  [org.hibernate.engine.jdbc.spi.SqlExceptionHelper@main] SQL Error: 1242, SQLState: 21000 
2022-04-05 14:27:58.579 ERROR [org.hibernate.engine.jdbc.spi.SqlExceptionHelper@main] Subquery returns more than 1 row 
2022-04-05 14:27:58.835 DEBUG [acme.framework.components.database.DatabaseUtil@main] Rolling transaction '1398530689' back. 
2022-04-05 14:29:18.876 DEBUG [acme.framework.components.database.DatabaseUtil@main] Starting new transaction. 
2022-04-05 14:29:18.877 DEBUG [acme.framework.components.database.DatabaseUtil@main] Executing command 'set transaction isolation level read uncommitted;'. 
2022-04-05 14:29:18.878 DEBUG [acme.framework.components.database.DatabaseUtil@main] Starting transaction '1110925998'. 
2022-04-05 14:29:18.878 DEBUG [acme.framework.components.database.DatabaseUtil@main] Executing command 'select avg(select i.retailPrice.amount from Item i where i.type = 'COMPONENT') from Item i group by i.technology'. 
2022-04-05 14:29:18.888 DEBUG [org.hibernate.SQL@main] select avg((select item1_.retail_price_amount from item item1_ where item1_.type='COMPONENT')) as col_0_0_ from item item0_ group by item0_.technology 
2022-04-05 14:29:18.889 WARN  [org.hibernate.engine.jdbc.spi.SqlExceptionHelper@main] SQL Error: 1242, SQLState: 21000 
2022-04-05 14:29:18.890 ERROR [org.hibernate.engine.jdbc.spi.SqlExceptionHelper@main] Subquery returns more than 1 row 
2022-04-05 14:29:19.147 DEBUG [acme.framework.components.database.DatabaseUtil@main] Rolling transaction '1110925998' back. 
2022-04-05 14:29:36.796 DEBUG [acme.framework.components.database.DatabaseUtil@main] Starting new transaction. 
2022-04-05 14:29:36.797 DEBUG [acme.framework.components.database.DatabaseUtil@main] Executing command 'set transaction isolation level read uncommitted;'. 
2022-04-05 14:29:36.798 DEBUG [acme.framework.components.database.DatabaseUtil@main] Starting transaction '272537970'. 
2022-04-05 14:29:36.798 DEBUG [acme.framework.components.database.DatabaseUtil@main] Executing command 'select avg(select i.retailPrice.amount from Item i where i.type = 'COMPONENT')'. 
2022-04-05 14:29:36.800 ERROR [org.hibernate.hql.internal.ast.ErrorTracker@main] <AST>:0:0: unexpected end of subtree 
2022-04-05 14:29:36.800 ERROR [org.hibernate.hql.internal.ast.ErrorTracker@main] <AST>:0:0: unexpected end of subtree at org.hibernate.hql.internal.antlr.HqlSqlBaseWalker.fromElementList(HqlSqlBaseWalker.java:3652): unexpected end of subtree
2022-04-05 14:29:37.058 DEBUG [acme.framework.components.database.DatabaseUtil@main] Rolling transaction '272537970' back. 
2022-04-05 14:32:59.060 DEBUG [acme.framework.components.database.DatabaseUtil@main] Starting new transaction. 
2022-04-05 14:32:59.061 DEBUG [acme.framework.components.database.DatabaseUtil@main] Executing command 'set transaction isolation level read uncommitted;'. 
2022-04-05 14:32:59.062 DEBUG [acme.framework.components.database.DatabaseUtil@main] Starting transaction '1689211988'. 
2022-04-05 14:32:59.062 DEBUG [acme.framework.components.database.DatabaseUtil@main] Executing command 'select avg(select i.retailPrice.amount from Item i where i.type = 'COMPONENT') from Item i group by i.technology'. 
2022-04-05 14:32:59.062 DEBUG [org.hibernate.SQL@main] select avg((select item1_.retail_price_amount from item item1_ where item1_.type='COMPONENT')) as col_0_0_ from item item0_ group by item0_.technology 
2022-04-05 14:32:59.064 WARN  [org.hibernate.engine.jdbc.spi.SqlExceptionHelper@main] SQL Error: 1242, SQLState: 21000 
2022-04-05 14:32:59.065 ERROR [org.hibernate.engine.jdbc.spi.SqlExceptionHelper@main] Subquery returns more than 1 row 
2022-04-05 14:32:59.315 DEBUG [acme.framework.components.database.DatabaseUtil@main] Rolling transaction '1689211988' back. 
2022-04-05 14:35:58.692 DEBUG [acme.framework.components.database.DatabaseUtil@main] Starting new transaction. 
2022-04-05 14:35:58.694 DEBUG [acme.framework.components.database.DatabaseUtil@main] Executing command 'set transaction isolation level read uncommitted;'. 
2022-04-05 14:35:58.695 DEBUG [acme.framework.components.database.DatabaseUtil@main] Starting transaction '267969389'. 
2022-04-05 14:35:58.695 DEBUG [acme.framework.components.database.DatabaseUtil@main] Executing command 'select avg(select i.retailPrice.amount from Item i where i.type = 'COMPONENT') group by i.technology'. 
2022-04-05 14:35:58.698 ERROR [org.hibernate.hql.internal.ast.ErrorTracker@main] <AST>:0:0: unexpected end of subtree 
2022-04-05 14:35:58.701 ERROR [org.hibernate.hql.internal.ast.ErrorTracker@main] <AST>:0:0: unexpected end of subtree at org.hibernate.hql.internal.antlr.HqlSqlBaseWalker.fromElementList(HqlSqlBaseWalker.java:3652): unexpected end of subtree
2022-04-05 14:35:58.708 ERROR [org.hibernate.hql.internal.ast.ErrorTracker@main] Invalid path: 'i.technology' 
2022-04-05 14:35:58.708 ERROR [org.hibernate.hql.internal.ast.ErrorTracker@main] Invalid path: 'i.technology' at org.hibernate.hql.internal.ast.util.LiteralProcessor.lookupConstant(LiteralProcessor.java:111): Invalid path: 'i.technology'
2022-04-05 14:35:58.963 DEBUG [acme.framework.components.database.DatabaseUtil@main] Rolling transaction '267969389' back. 
2022-04-05 14:37:06.124 DEBUG [acme.framework.components.database.DatabaseUtil@main] Starting new transaction. 
2022-04-05 14:37:06.124 DEBUG [acme.framework.components.database.DatabaseUtil@main] Executing command 'set transaction isolation level read uncommitted;'. 
2022-04-05 14:37:06.125 DEBUG [acme.framework.components.database.DatabaseUtil@main] Starting transaction '2140427291'. 
2022-04-05 14:37:06.125 DEBUG [acme.framework.components.database.DatabaseUtil@main] Executing command 'select avg(select i.retailPrice.amount from Item i where i.type = 'COMPONENT') from Item i group by i.technology'. 
2022-04-05 14:37:06.126 DEBUG [org.hibernate.SQL@main] select avg((select item1_.retail_price_amount from item item1_ where item1_.type='COMPONENT')) as col_0_0_ from item item0_ group by item0_.technology 
2022-04-05 14:37:06.129 WARN  [org.hibernate.engine.jdbc.spi.SqlExceptionHelper@main] SQL Error: 1242, SQLState: 21000 
2022-04-05 14:37:06.130 ERROR [org.hibernate.engine.jdbc.spi.SqlExceptionHelper@main] Subquery returns more than 1 row 
2022-04-05 14:37:06.395 DEBUG [acme.framework.components.database.DatabaseUtil@main] Rolling transaction '2140427291' back. 
2022-04-05 14:38:18.826 DEBUG [acme.framework.components.database.DatabaseUtil@main] Starting new transaction. 
2022-04-05 14:38:18.827 DEBUG [acme.framework.components.database.DatabaseUtil@main] Executing command 'set transaction isolation level read uncommitted;'. 
2022-04-05 14:38:18.828 DEBUG [acme.framework.components.database.DatabaseUtil@main] Starting transaction '1864856331'. 
2022-04-05 14:38:18.828 DEBUG [acme.framework.components.database.DatabaseUtil@main] Executing command 'select avg(select i.retailPrice.amount from Item i where i.type = 'COMPONENT')'. 
2022-04-05 14:38:18.830 ERROR [org.hibernate.hql.internal.ast.ErrorTracker@main] <AST>:0:0: unexpected end of subtree 
2022-04-05 14:38:18.830 ERROR [org.hibernate.hql.internal.ast.ErrorTracker@main] <AST>:0:0: unexpected end of subtree at org.hibernate.hql.internal.antlr.HqlSqlBaseWalker.fromElementList(HqlSqlBaseWalker.java:3652): unexpected end of subtree
2022-04-05 14:38:19.096 DEBUG [acme.framework.components.database.DatabaseUtil@main] Rolling transaction '1864856331' back. 
2022-04-05 14:39:09.595 DEBUG [acme.framework.components.database.DatabaseUtil@main] Starting new transaction. 
2022-04-05 14:39:09.596 DEBUG [acme.framework.components.database.DatabaseUtil@main] Executing command 'set transaction isolation level read uncommitted;'. 
2022-04-05 14:39:09.596 DEBUG [acme.framework.components.database.DatabaseUtil@main] Starting transaction '1146649668'. 
2022-04-05 14:39:09.597 DEBUG [acme.framework.components.database.DatabaseUtil@main] Executing command 'select avg(i.retailPrice.amount) from Item i where i.type = 'COMPONENT''. 
2022-04-05 14:39:09.599 DEBUG [org.hibernate.SQL@main] select avg(item0_.retail_price_amount) as col_0_0_ from item item0_ where item0_.type='COMPONENT' 
2022-04-05 14:39:09.773 DEBUG [acme.framework.components.database.DatabaseUtil@main] Committing transaction '1146649668'. 
2022-04-05 14:39:33.530 DEBUG [acme.framework.components.database.DatabaseUtil@main] Starting new transaction. 
2022-04-05 14:39:33.531 DEBUG [acme.framework.components.database.DatabaseUtil@main] Executing command 'set transaction isolation level read uncommitted;'. 
2022-04-05 14:39:33.532 DEBUG [acme.framework.components.database.DatabaseUtil@main] Starting transaction '630910066'. 
2022-04-05 14:39:33.532 DEBUG [acme.framework.components.database.DatabaseUtil@main] Executing command 'select avg(i.retailPrice.amount) from Item i where i.type = 'COMPONENT' group by i.technology'. 
2022-04-05 14:39:33.534 DEBUG [org.hibernate.SQL@main] select avg(item0_.retail_price_amount) as col_0_0_ from item item0_ where item0_.type='COMPONENT' group by item0_.technology 
2022-04-05 14:39:33.554 DEBUG [acme.framework.components.database.DatabaseUtil@main] Committing transaction '630910066'. 
2022-04-05 14:40:34.859 DEBUG [acme.framework.components.database.DatabaseUtil@main] Starting new transaction. 
2022-04-05 14:40:34.860 DEBUG [acme.framework.components.database.DatabaseUtil@main] Executing command 'set transaction isolation level read uncommitted;'. 
2022-04-05 14:40:34.860 DEBUG [acme.framework.components.database.DatabaseUtil@main] Starting transaction '1504325562'. 
2022-04-05 14:40:34.861 DEBUG [acme.framework.components.database.DatabaseUtil@main] Executing command 'select avg(i.retailPrice.amount) and i.technology from Item i where i.type = 'COMPONENT' group by i.technology'. 
2022-04-05 14:40:34.861 ERROR [org.hibernate.hql.internal.ast.ErrorTracker@main] <AST>:1:8: unexpected AST node: avg 
2022-04-05 14:40:34.862 ERROR [org.hibernate.hql.internal.ast.ErrorTracker@main] <AST>:1:8: unexpected AST node: avg at org.hibernate.hql.internal.antlr.HqlSqlBaseWalker.logicalExpr(HqlSqlBaseWalker.java:2169): unexpected AST node: avg
2022-04-05 14:40:34.862 ERROR [org.hibernate.hql.internal.ast.ErrorTracker@main] <AST>:1:39: unexpected AST node: . 
2022-04-05 14:40:34.863 ERROR [org.hibernate.hql.internal.ast.ErrorTracker@main] <AST>:1:39: unexpected AST node: . at org.hibernate.hql.internal.antlr.HqlSqlBaseWalker.logicalExpr(HqlSqlBaseWalker.java:2169): unexpected AST node: .
2022-04-05 14:40:35.178 DEBUG [acme.framework.components.database.DatabaseUtil@main] Rolling transaction '1504325562' back. 
2022-04-05 14:41:28.523 DEBUG [acme.framework.components.database.DatabaseUtil@main] Starting new transaction. 
2022-04-05 14:41:28.524 DEBUG [acme.framework.components.database.DatabaseUtil@main] Executing command 'set transaction isolation level read uncommitted;'. 
2022-04-05 14:41:28.525 DEBUG [acme.framework.components.database.DatabaseUtil@main] Starting transaction '1342257685'. 
2022-04-05 14:41:28.525 DEBUG [acme.framework.components.database.DatabaseUtil@main] Executing command 'select avg(i.retailPrice.amount), i.technology from Item i where i.type = 'COMPONENT' group by i.technology'. 
2022-04-05 14:41:28.527 DEBUG [org.hibernate.SQL@main] select avg(item0_.retail_price_amount) as col_0_0_, item0_.technology as col_1_0_ from item item0_ where item0_.type='COMPONENT' group by item0_.technology 
2022-04-05 14:41:28.531 DEBUG [acme.framework.components.database.DatabaseUtil@main] Committing transaction '1342257685'. 
2022-04-05 15:14:07.831 DEBUG [acme.framework.components.database.DatabaseUtil@main] Starting new transaction. 
2022-04-05 15:14:07.833 DEBUG [acme.framework.components.database.DatabaseUtil@main] Executing command 'set transaction isolation level read uncommitted;'. 
2022-04-05 15:14:07.834 DEBUG [acme.framework.components.database.DatabaseUtil@main] Starting transaction '2017419121'. 
2022-04-05 15:14:07.834 DEBUG [acme.framework.components.database.DatabaseUtil@main] Executing command 'select avg(i.retailPrice.amount), i.technology from Item i where i.type = 'COMPONENT' group by (i.technologyand i.retailPrice.currency)'. 
2022-04-05 15:14:07.835 ERROR [org.hibernate.hql.internal.ast.ErrorTracker@main] line 1:132: unexpected token: i 
2022-04-05 15:14:07.836 ERROR [org.hibernate.hql.internal.ast.ErrorTracker@main] line 1:132: unexpected token: i at org.hibernate.hql.internal.antlr.HqlBaseParser.expressionOrVector(HqlBaseParser.java:5146): unexpected token: i
2022-04-05 15:14:07.838 WARN  [org.hibernate.hql.internal.ast.HqlParser@main] HHH000203: processEqualityExpression() : No expression to process! 
2022-04-05 15:14:08.102 DEBUG [acme.framework.components.database.DatabaseUtil@main] Rolling transaction '2017419121' back. 
2022-04-05 15:14:44.821 DEBUG [acme.framework.components.database.DatabaseUtil@main] Starting new transaction. 
2022-04-05 15:14:44.822 DEBUG [acme.framework.components.database.DatabaseUtil@main] Executing command 'set transaction isolation level read uncommitted;'. 
2022-04-05 15:14:44.824 DEBUG [acme.framework.components.database.DatabaseUtil@main] Starting transaction '395076193'. 
2022-04-05 15:14:44.824 DEBUG [acme.framework.components.database.DatabaseUtil@main] Executing command 'select avg(i.retailPrice.amount), i.technology from Item i where i.type = 'COMPONENT' group by (i.technology and i.retailPrice.currency)'. 
2022-04-05 15:14:44.826 ERROR [org.hibernate.hql.internal.ast.ErrorTracker@main] <AST>:1:129: unexpected AST node: and 
2022-04-05 15:14:44.826 ERROR [org.hibernate.hql.internal.ast.ErrorTracker@main] <AST>:1:129: unexpected AST node: and at org.hibernate.hql.internal.antlr.HqlSqlBaseWalker.groupClause(HqlSqlBaseWalker.java:1578): unexpected AST node: and
2022-04-05 15:14:45.081 DEBUG [acme.framework.components.database.DatabaseUtil@main] Rolling transaction '395076193' back. 
2022-04-05 15:15:31.526 DEBUG [acme.framework.components.database.DatabaseUtil@main] Starting new transaction. 
2022-04-05 15:15:31.527 DEBUG [acme.framework.components.database.DatabaseUtil@main] Executing command 'set transaction isolation level read uncommitted;'. 
2022-04-05 15:15:31.528 DEBUG [acme.framework.components.database.DatabaseUtil@main] Starting transaction '1992656846'. 
2022-04-05 15:15:31.528 DEBUG [acme.framework.components.database.DatabaseUtil@main] Executing command 'select avg(i.retailPrice.amount), i.technology from Item i where i.type = 'COMPONENT' group by i.technology group by i.retailPrice.currency'. 
2022-04-05 15:15:31.530 ERROR [org.hibernate.hql.internal.ast.ErrorTracker@main] line 1:128: unexpected token: group 
2022-04-05 15:15:31.531 ERROR [org.hibernate.hql.internal.ast.ErrorTracker@main] line 1:128: unexpected token: group at org.hibernate.hql.internal.antlr.HqlBaseParser.groupByClause(HqlBaseParser.java:1261): unexpected token: group
2022-04-05 15:15:31.792 DEBUG [acme.framework.components.database.DatabaseUtil@main] Rolling transaction '1992656846' back. 
2022-04-05 15:16:04.102 DEBUG [acme.framework.components.database.DatabaseUtil@main] Starting new transaction. 
2022-04-05 15:16:04.103 DEBUG [acme.framework.components.database.DatabaseUtil@main] Executing command 'set transaction isolation level read uncommitted;'. 
2022-04-05 15:16:04.103 DEBUG [acme.framework.components.database.DatabaseUtil@main] Starting transaction '1382394077'. 
2022-04-05 15:16:04.103 DEBUG [acme.framework.components.database.DatabaseUtil@main] Executing command 'select avg(i.retailPrice.amount), i.technology from Item i where i.type = 'COMPONENT' group by i.technology,i.retailPrice.currency'. 
2022-04-05 15:16:04.108 DEBUG [org.hibernate.SQL@main] select avg(item0_.retail_price_amount) as col_0_0_, item0_.technology as col_1_0_ from item item0_ where item0_.type='COMPONENT' group by item0_.technology , item0_.retail_price_currency 
2022-04-05 15:16:04.112 DEBUG [acme.framework.components.database.DatabaseUtil@main] Committing transaction '1382394077'. 
2022-04-05 15:16:41.694 DEBUG [acme.framework.components.database.DatabaseUtil@main] Starting new transaction. 
2022-04-05 15:16:41.695 DEBUG [acme.framework.components.database.DatabaseUtil@main] Executing command 'set transaction isolation level read uncommitted;'. 
2022-04-05 15:16:41.695 DEBUG [acme.framework.components.database.DatabaseUtil@main] Starting transaction '2059996587'. 
2022-04-05 15:16:41.695 DEBUG [acme.framework.components.database.DatabaseUtil@main] Executing command 'select avg(i.retailPrice.amount), i.technology,i.retailPrice.currency from Item i where i.type = 'COMPONENT' group by i.technology,i.retailPrice.currency'. 
2022-04-05 15:16:41.698 DEBUG [org.hibernate.SQL@main] select avg(item0_.retail_price_amount) as col_0_0_, item0_.technology as col_1_0_, item0_.retail_price_currency as col_2_0_ from item item0_ where item0_.type='COMPONENT' group by item0_.technology , item0_.retail_price_currency 
2022-04-05 15:16:41.702 DEBUG [acme.framework.components.database.DatabaseUtil@main] Committing transaction '2059996587'. 
2022-04-05 15:17:54.869 DEBUG [acme.framework.components.database.DatabaseUtil@main] Starting new transaction. 
2022-04-05 15:17:54.870 DEBUG [acme.framework.components.database.DatabaseUtil@main] Executing command 'set transaction isolation level read uncommitted;'. 
2022-04-05 15:17:54.870 DEBUG [acme.framework.components.database.DatabaseUtil@main] Starting transaction '54929108'. 
2022-04-05 15:17:54.870 DEBUG [acme.framework.components.database.DatabaseUtil@main] Executing command 'select avg(i.retailPrice.amount), i.technology,i.retailPrice.currency from Item i where i.type = 'COMPONENT' group by i.retailPrice.currency,i.technology'. 
2022-04-05 15:17:54.872 DEBUG [org.hibernate.SQL@main] select avg(item0_.retail_price_amount) as col_0_0_, item0_.technology as col_1_0_, item0_.retail_price_currency as col_2_0_ from item item0_ where item0_.type='COMPONENT' group by item0_.retail_price_currency , item0_.technology 
2022-04-05 15:17:54.875 DEBUG [acme.framework.components.database.DatabaseUtil@main] Committing transaction '54929108'. 
