2022-04-03 00:11:06.806 INFO  [acme.Launcher@main] Starting Launcher using Java 1.8.0_281 on LAPTOP-SGHB5FGA with PID 13008 (C:\Users\Antonio\Documents\antonio\informatica\DP2\Workspace-22.0\Frameworks\Acme-Framework-22.3\target\classes started by ant_1 in C:\Users\Antonio\Documents\antonio\informatica\DP2\Workspace-22.0\Projects\Acme-Toolkits) 
2022-04-03 00:11:06.809 DEBUG [acme.Launcher@main] Running with Spring Boot v2.4.2, Spring v5.3.3 
2022-04-03 00:11:06.810 INFO  [acme.Launcher@main] The following profiles are active: development,populator 
2022-04-03 00:11:12.411 DEBUG [org.apache.jasper.servlet.JasperInitializer@main] Initializing Jasper for context [application] 
2022-04-03 00:11:22.647 DEBUG [org.apache.jasper.servlet.JspServlet@main] Scratch dir for the JSP engine is: [C:\Users\ant_1\AppData\Local\Temp\tomcat.8083.8044278015395696310\work\Tomcat\localhost\acme-toolkits-22.1] 
2022-04-03 00:11:22.648 DEBUG [org.apache.jasper.servlet.JspServlet@main] IMPORTANT: Do not modify the generated servlets 
2022-04-03 00:11:22.674 INFO  [acme.Launcher@main] Started Launcher in 17.417 seconds (JVM running for 18.762) 
2022-04-03 00:11:22.681 DEBUG [acme.Launcher@main] Found classpath entry '/C:/Users/Antonio/Documents/antonio/informatica/DP2/Workspace-22.0/Projects/Acme-Toolkits/target/classes/' 
2022-04-03 00:11:22.682 DEBUG [acme.Launcher@main] Found classpath entry '/C:/Users/Antonio/Documents/antonio/informatica/DP2/Workspace-22.0/Projects/Acme-Toolkits/target/test-classes/' 
2022-04-03 00:11:22.682 DEBUG [acme.Launcher@main] Found classpath entry '/C:/Users/ant_1/.m2/repository/org/springframework/boot/spring-boot-starter-tomcat/2.4.2/spring-boot-starter-tomcat-2.4.2.jar' 
2022-04-03 00:11:22.683 DEBUG [acme.Launcher@main] Found classpath entry '/C:/Users/ant_1/.m2/repository/jakarta/annotation/jakarta.annotation-api/1.3.5/jakarta.annotation-api-1.3.5.jar' 
2022-04-03 00:11:22.683 DEBUG [acme.Launcher@main] Found classpath entry '/C:/Users/ant_1/.m2/repository/org/apache/tomcat/embed/tomcat-embed-core/9.0.41/tomcat-embed-core-9.0.41.jar' 
2022-04-03 00:11:22.684 DEBUG [acme.Launcher@main] Found classpath entry '/C:/Users/ant_1/.m2/repository/org/glassfish/jakarta.el/3.0.3/jakarta.el-3.0.3.jar' 
2022-04-03 00:11:22.684 DEBUG [acme.Launcher@main] Found classpath entry '/C:/Users/ant_1/.m2/repository/org/apache/tomcat/embed/tomcat-embed-websocket/9.0.41/tomcat-embed-websocket-9.0.41.jar' 
2022-04-03 00:11:22.685 DEBUG [acme.Launcher@main] Found classpath entry '/C:/Users/ant_1/.m2/repository/org/apache/tomcat/embed/tomcat-embed-jasper/9.0.41/tomcat-embed-jasper-9.0.41.jar' 
2022-04-03 00:11:22.685 DEBUG [acme.Launcher@main] Found classpath entry '/C:/Users/ant_1/.m2/repository/org/apache/tomcat/embed/tomcat-embed-el/9.0.41/tomcat-embed-el-9.0.41.jar' 
2022-04-03 00:11:22.685 DEBUG [acme.Launcher@main] Found classpath entry '/C:/Users/ant_1/.m2/repository/org/eclipse/jdt/ecj/3.18.0/ecj-3.18.0.jar' 
2022-04-03 00:11:22.685 DEBUG [acme.Launcher@main] Found classpath entry '/C:/Users/ant_1/.m2/repository/javax/servlet/jstl/1.2/jstl-1.2.jar' 
2022-04-03 00:11:22.686 DEBUG [acme.Launcher@main] Found classpath entry '/C:/Users/ant_1/.m2/repository/org/springframework/boot/spring-boot-starter-test/2.4.2/spring-boot-starter-test-2.4.2.jar' 
2022-04-03 00:11:22.686 DEBUG [acme.Launcher@main] Found classpath entry '/C:/Users/ant_1/.m2/repository/org/springframework/boot/spring-boot-starter/2.4.2/spring-boot-starter-2.4.2.jar' 
2022-04-03 00:11:22.687 DEBUG [acme.Launcher@main] Found classpath entry '/C:/Users/ant_1/.m2/repository/org/springframework/boot/spring-boot/2.4.2/spring-boot-2.4.2.jar' 
2022-04-03 00:11:22.694 DEBUG [acme.Launcher@main] Found classpath entry '/C:/Users/ant_1/.m2/repository/org/springframework/boot/spring-boot-autoconfigure/2.4.2/spring-boot-autoconfigure-2.4.2.jar' 
2022-04-03 00:11:22.694 DEBUG [acme.Launcher@main] Found classpath entry '/C:/Users/ant_1/.m2/repository/org/springframework/boot/spring-boot-starter-logging/2.4.2/spring-boot-starter-logging-2.4.2.jar' 
2022-04-03 00:11:22.694 DEBUG [acme.Launcher@main] Found classpath entry '/C:/Users/ant_1/.m2/repository/ch/qos/logback/logback-classic/1.2.3/logback-classic-1.2.3.jar' 
2022-04-03 00:11:22.695 DEBUG [acme.Launcher@main] Found classpath entry '/C:/Users/ant_1/.m2/repository/ch/qos/logback/logback-core/1.2.3/logback-core-1.2.3.jar' 
2022-04-03 00:11:22.695 DEBUG [acme.Launcher@main] Found classpath entry '/C:/Users/ant_1/.m2/repository/org/apache/logging/log4j/log4j-to-slf4j/2.13.3/log4j-to-slf4j-2.13.3.jar' 
2022-04-03 00:11:22.695 DEBUG [acme.Launcher@main] Found classpath entry '/C:/Users/ant_1/.m2/repository/org/apache/logging/log4j/log4j-api/2.13.3/log4j-api-2.13.3.jar' 
2022-04-03 00:11:22.695 DEBUG [acme.Launcher@main] Found classpath entry '/C:/Users/ant_1/.m2/repository/org/slf4j/jul-to-slf4j/1.7.30/jul-to-slf4j-1.7.30.jar' 
2022-04-03 00:11:22.696 DEBUG [acme.Launcher@main] Found classpath entry '/C:/Users/ant_1/.m2/repository/org/yaml/snakeyaml/1.27/snakeyaml-1.27.jar' 
2022-04-03 00:11:22.696 DEBUG [acme.Launcher@main] Found classpath entry '/C:/Users/ant_1/.m2/repository/org/springframework/boot/spring-boot-test/2.4.2/spring-boot-test-2.4.2.jar' 
2022-04-03 00:11:22.697 DEBUG [acme.Launcher@main] Found classpath entry '/C:/Users/ant_1/.m2/repository/org/springframework/boot/spring-boot-test-autoconfigure/2.4.2/spring-boot-test-autoconfigure-2.4.2.jar' 
2022-04-03 00:11:22.697 DEBUG [acme.Launcher@main] Found classpath entry '/C:/Users/ant_1/.m2/repository/com/jayway/jsonpath/json-path/2.4.0/json-path-2.4.0.jar' 
2022-04-03 00:11:22.697 DEBUG [acme.Launcher@main] Found classpath entry '/C:/Users/ant_1/.m2/repository/net/minidev/json-smart/2.3/json-smart-2.3.jar' 
2022-04-03 00:11:22.697 DEBUG [acme.Launcher@main] Found classpath entry '/C:/Users/ant_1/.m2/repository/net/minidev/accessors-smart/1.2/accessors-smart-1.2.jar' 
2022-04-03 00:11:22.698 DEBUG [acme.Launcher@main] Found classpath entry '/C:/Users/ant_1/.m2/repository/org/ow2/asm/asm/5.0.4/asm-5.0.4.jar' 
2022-04-03 00:11:22.698 DEBUG [acme.Launcher@main] Found classpath entry '/C:/Users/ant_1/.m2/repository/jakarta/xml/bind/jakarta.xml.bind-api/2.3.3/jakarta.xml.bind-api-2.3.3.jar' 
2022-04-03 00:11:22.698 DEBUG [acme.Launcher@main] Found classpath entry '/C:/Users/ant_1/.m2/repository/jakarta/activation/jakarta.activation-api/1.2.2/jakarta.activation-api-1.2.2.jar' 
2022-04-03 00:11:22.698 DEBUG [acme.Launcher@main] Found classpath entry '/C:/Users/ant_1/.m2/repository/org/assertj/assertj-core/3.18.1/assertj-core-3.18.1.jar' 
2022-04-03 00:11:22.699 DEBUG [acme.Launcher@main] Found classpath entry '/C:/Users/ant_1/.m2/repository/org/hamcrest/hamcrest/2.2/hamcrest-2.2.jar' 
2022-04-03 00:11:22.699 DEBUG [acme.Launcher@main] Found classpath entry '/C:/Users/ant_1/.m2/repository/org/junit/jupiter/junit-jupiter/5.7.0/junit-jupiter-5.7.0.jar' 
2022-04-03 00:11:22.699 DEBUG [acme.Launcher@main] Found classpath entry '/C:/Users/ant_1/.m2/repository/org/mockito/mockito-core/3.6.28/mockito-core-3.6.28.jar' 
2022-04-03 00:11:22.699 DEBUG [acme.Launcher@main] Found classpath entry '/C:/Users/ant_1/.m2/repository/net/bytebuddy/byte-buddy-agent/1.10.19/byte-buddy-agent-1.10.19.jar' 
2022-04-03 00:11:22.700 DEBUG [acme.Launcher@main] Found classpath entry '/C:/Users/ant_1/.m2/repository/org/objenesis/objenesis/3.1/objenesis-3.1.jar' 
2022-04-03 00:11:22.700 DEBUG [acme.Launcher@main] Found classpath entry '/C:/Users/ant_1/.m2/repository/org/mockito/mockito-junit-jupiter/3.6.28/mockito-junit-jupiter-3.6.28.jar' 
2022-04-03 00:11:22.700 DEBUG [acme.Launcher@main] Found classpath entry '/C:/Users/ant_1/.m2/repository/org/skyscreamer/jsonassert/1.5.0/jsonassert-1.5.0.jar' 
2022-04-03 00:11:22.700 DEBUG [acme.Launcher@main] Found classpath entry '/C:/Users/ant_1/.m2/repository/com/vaadin/external/google/android-json/0.0.20131108.vaadin1/android-json-0.0.20131108.vaadin1.jar' 
2022-04-03 00:11:22.701 DEBUG [acme.Launcher@main] Found classpath entry '/C:/Users/ant_1/.m2/repository/org/springframework/spring-core/5.3.3/spring-core-5.3.3.jar' 
2022-04-03 00:11:22.701 DEBUG [acme.Launcher@main] Found classpath entry '/C:/Users/ant_1/.m2/repository/org/springframework/spring-jcl/5.3.3/spring-jcl-5.3.3.jar' 
2022-04-03 00:11:22.702 DEBUG [acme.Launcher@main] Found classpath entry '/C:/Users/ant_1/.m2/repository/org/springframework/spring-test/5.3.3/spring-test-5.3.3.jar' 
2022-04-03 00:11:22.702 DEBUG [acme.Launcher@main] Found classpath entry '/C:/Users/ant_1/.m2/repository/org/xmlunit/xmlunit-core/2.7.0/xmlunit-core-2.7.0.jar' 
2022-04-03 00:11:22.703 DEBUG [acme.Launcher@main] Found classpath entry '/C:/Users/ant_1/.m2/repository/org/springframework/boot/spring-boot-starter-security/2.4.2/spring-boot-starter-security-2.4.2.jar' 
2022-04-03 00:11:22.703 DEBUG [acme.Launcher@main] Found classpath entry '/C:/Users/ant_1/.m2/repository/org/springframework/spring-aop/5.3.3/spring-aop-5.3.3.jar' 
2022-04-03 00:11:22.707 DEBUG [acme.Launcher@main] Found classpath entry '/C:/Users/ant_1/.m2/repository/org/springframework/security/spring-security-web/5.4.2/spring-security-web-5.4.2.jar' 
2022-04-03 00:11:22.708 DEBUG [acme.Launcher@main] Found classpath entry '/C:/Users/ant_1/.m2/repository/org/springframework/security/spring-security-core/5.4.2/spring-security-core-5.4.2.jar' 
2022-04-03 00:11:22.708 DEBUG [acme.Launcher@main] Found classpath entry '/C:/Users/ant_1/.m2/repository/org/springframework/spring-beans/5.3.3/spring-beans-5.3.3.jar' 
2022-04-03 00:11:22.708 DEBUG [acme.Launcher@main] Found classpath entry '/C:/Users/ant_1/.m2/repository/org/springframework/spring-context/5.3.3/spring-context-5.3.3.jar' 
2022-04-03 00:11:22.708 DEBUG [acme.Launcher@main] Found classpath entry '/C:/Users/ant_1/.m2/repository/org/springframework/spring-expression/5.3.3/spring-expression-5.3.3.jar' 
2022-04-03 00:11:22.709 DEBUG [acme.Launcher@main] Found classpath entry '/C:/Users/ant_1/.m2/repository/org/springframework/spring-web/5.3.3/spring-web-5.3.3.jar' 
2022-04-03 00:11:22.709 DEBUG [acme.Launcher@main] Found classpath entry '/C:/Users/ant_1/.m2/repository/org/springframework/security/spring-security-config/5.4.2/spring-security-config-5.4.2.jar' 
2022-04-03 00:11:22.709 DEBUG [acme.Launcher@main] Found classpath entry '/C:/Users/ant_1/.m2/repository/org/springframework/security/spring-security-taglibs/5.4.2/spring-security-taglibs-5.4.2.jar' 
2022-04-03 00:11:22.709 DEBUG [acme.Launcher@main] Found classpath entry '/C:/Users/ant_1/.m2/repository/org/springframework/security/spring-security-acl/5.4.2/spring-security-acl-5.4.2.jar' 
2022-04-03 00:11:22.709 DEBUG [acme.Launcher@main] Found classpath entry '/C:/Users/ant_1/.m2/repository/org/springframework/spring-jdbc/5.3.3/spring-jdbc-5.3.3.jar' 
2022-04-03 00:11:22.710 DEBUG [acme.Launcher@main] Found classpath entry '/C:/Users/ant_1/.m2/repository/org/springframework/spring-tx/5.3.3/spring-tx-5.3.3.jar' 
2022-04-03 00:11:22.710 DEBUG [acme.Launcher@main] Found classpath entry '/C:/Users/ant_1/.m2/repository/org/springframework/boot/spring-boot-starter-web/2.4.2/spring-boot-starter-web-2.4.2.jar' 
2022-04-03 00:11:22.710 DEBUG [acme.Launcher@main] Found classpath entry '/C:/Users/ant_1/.m2/repository/org/springframework/boot/spring-boot-starter-json/2.4.2/spring-boot-starter-json-2.4.2.jar' 
2022-04-03 00:11:22.710 DEBUG [acme.Launcher@main] Found classpath entry '/C:/Users/ant_1/.m2/repository/com/fasterxml/jackson/core/jackson-databind/2.11.4/jackson-databind-2.11.4.jar' 
2022-04-03 00:11:22.711 DEBUG [acme.Launcher@main] Found classpath entry '/C:/Users/ant_1/.m2/repository/com/fasterxml/jackson/core/jackson-annotations/2.11.4/jackson-annotations-2.11.4.jar' 
2022-04-03 00:11:22.711 DEBUG [acme.Launcher@main] Found classpath entry '/C:/Users/ant_1/.m2/repository/com/fasterxml/jackson/core/jackson-core/2.11.4/jackson-core-2.11.4.jar' 
2022-04-03 00:11:22.711 DEBUG [acme.Launcher@main] Found classpath entry '/C:/Users/ant_1/.m2/repository/com/fasterxml/jackson/datatype/jackson-datatype-jdk8/2.11.4/jackson-datatype-jdk8-2.11.4.jar' 
2022-04-03 00:11:22.712 DEBUG [acme.Launcher@main] Found classpath entry '/C:/Users/ant_1/.m2/repository/com/fasterxml/jackson/datatype/jackson-datatype-jsr310/2.11.4/jackson-datatype-jsr310-2.11.4.jar' 
2022-04-03 00:11:22.712 DEBUG [acme.Launcher@main] Found classpath entry '/C:/Users/ant_1/.m2/repository/com/fasterxml/jackson/module/jackson-module-parameter-names/2.11.4/jackson-module-parameter-names-2.11.4.jar' 
2022-04-03 00:11:22.713 DEBUG [acme.Launcher@main] Found classpath entry '/C:/Users/ant_1/.m2/repository/org/springframework/spring-webmvc/5.3.3/spring-webmvc-5.3.3.jar' 
2022-04-03 00:11:22.713 DEBUG [acme.Launcher@main] Found classpath entry '/C:/Users/ant_1/.m2/repository/org/apache/tiles/tiles-jsp/3.0.8/tiles-jsp-3.0.8.jar' 
2022-04-03 00:11:22.713 DEBUG [acme.Launcher@main] Found classpath entry '/C:/Users/ant_1/.m2/repository/org/apache/tiles/tiles-servlet/3.0.8/tiles-servlet-3.0.8.jar' 
2022-04-03 00:11:22.713 DEBUG [acme.Launcher@main] Found classpath entry '/C:/Users/ant_1/.m2/repository/org/apache/tiles/tiles-core/3.0.8/tiles-core-3.0.8.jar' 
2022-04-03 00:11:22.714 DEBUG [acme.Launcher@main] Found classpath entry '/C:/Users/ant_1/.m2/repository/commons-digester/commons-digester/2.0/commons-digester-2.0.jar' 
2022-04-03 00:11:22.714 DEBUG [acme.Launcher@main] Found classpath entry '/C:/Users/ant_1/.m2/repository/org/slf4j/jcl-over-slf4j/1.7.30/jcl-over-slf4j-1.7.30.jar' 
2022-04-03 00:11:22.714 DEBUG [acme.Launcher@main] Found classpath entry '/C:/Users/ant_1/.m2/repository/org/apache/tiles/tiles-request-servlet/1.0.7/tiles-request-servlet-1.0.7.jar' 
2022-04-03 00:11:22.714 DEBUG [acme.Launcher@main] Found classpath entry '/C:/Users/ant_1/.m2/repository/org/apache/tiles/tiles-template/3.0.8/tiles-template-3.0.8.jar' 
2022-04-03 00:11:22.714 DEBUG [acme.Launcher@main] Found classpath entry '/C:/Users/ant_1/.m2/repository/org/apache/tiles/tiles-api/3.0.8/tiles-api-3.0.8.jar' 
2022-04-03 00:11:22.715 DEBUG [acme.Launcher@main] Found classpath entry '/C:/Users/ant_1/.m2/repository/org/apache/tiles/tiles-autotag-core-runtime/1.2/tiles-autotag-core-runtime-1.2.jar' 
2022-04-03 00:11:22.715 DEBUG [acme.Launcher@main] Found classpath entry '/C:/Users/ant_1/.m2/repository/org/slf4j/slf4j-api/1.7.30/slf4j-api-1.7.30.jar' 
2022-04-03 00:11:22.715 DEBUG [acme.Launcher@main] Found classpath entry '/C:/Users/ant_1/.m2/repository/org/apache/tiles/tiles-request-jsp/1.0.7/tiles-request-jsp-1.0.7.jar' 
2022-04-03 00:11:22.715 DEBUG [acme.Launcher@main] Found classpath entry '/C:/Users/ant_1/.m2/repository/org/apache/tiles/tiles-request-api/1.0.7/tiles-request-api-1.0.7.jar' 
2022-04-03 00:11:22.715 DEBUG [acme.Launcher@main] Found classpath entry '/C:/Users/ant_1/.m2/repository/org/springframework/boot/spring-boot-starter-data-jpa/2.4.2/spring-boot-starter-data-jpa-2.4.2.jar' 
2022-04-03 00:11:22.715 DEBUG [acme.Launcher@main] Found classpath entry '/C:/Users/ant_1/.m2/repository/org/springframework/boot/spring-boot-starter-aop/2.4.2/spring-boot-starter-aop-2.4.2.jar' 
2022-04-03 00:11:22.716 DEBUG [acme.Launcher@main] Found classpath entry '/C:/Users/ant_1/.m2/repository/org/aspectj/aspectjweaver/1.9.6/aspectjweaver-1.9.6.jar' 
2022-04-03 00:11:22.716 DEBUG [acme.Launcher@main] Found classpath entry '/C:/Users/ant_1/.m2/repository/org/springframework/boot/spring-boot-starter-jdbc/2.4.2/spring-boot-starter-jdbc-2.4.2.jar' 
2022-04-03 00:11:22.716 DEBUG [acme.Launcher@main] Found classpath entry '/C:/Users/ant_1/.m2/repository/jakarta/transaction/jakarta.transaction-api/1.3.3/jakarta.transaction-api-1.3.3.jar' 
2022-04-03 00:11:22.716 DEBUG [acme.Launcher@main] Found classpath entry '/C:/Users/ant_1/.m2/repository/jakarta/persistence/jakarta.persistence-api/2.2.3/jakarta.persistence-api-2.2.3.jar' 
2022-04-03 00:11:22.716 DEBUG [acme.Launcher@main] Found classpath entry '/C:/Users/ant_1/.m2/repository/org/hibernate/hibernate-core/5.4.27.Final/hibernate-core-5.4.27.Final.jar' 
2022-04-03 00:11:22.716 DEBUG [acme.Launcher@main] Found classpath entry '/C:/Users/ant_1/.m2/repository/org/jboss/logging/jboss-logging/3.4.1.Final/jboss-logging-3.4.1.Final.jar' 
2022-04-03 00:11:22.717 DEBUG [acme.Launcher@main] Found classpath entry '/C:/Users/ant_1/.m2/repository/org/javassist/javassist/3.27.0-GA/javassist-3.27.0-GA.jar' 
2022-04-03 00:11:22.717 DEBUG [acme.Launcher@main] Found classpath entry '/C:/Users/ant_1/.m2/repository/antlr/antlr/2.7.7/antlr-2.7.7.jar' 
2022-04-03 00:11:22.717 DEBUG [acme.Launcher@main] Found classpath entry '/C:/Users/ant_1/.m2/repository/org/jboss/jandex/2.1.3.Final/jandex-2.1.3.Final.jar' 
2022-04-03 00:11:22.717 DEBUG [acme.Launcher@main] Found classpath entry '/C:/Users/ant_1/.m2/repository/com/fasterxml/classmate/1.5.1/classmate-1.5.1.jar' 
2022-04-03 00:11:22.717 DEBUG [acme.Launcher@main] Found classpath entry '/C:/Users/ant_1/.m2/repository/org/dom4j/dom4j/2.1.3/dom4j-2.1.3.jar' 
2022-04-03 00:11:22.718 DEBUG [acme.Launcher@main] Found classpath entry '/C:/Users/ant_1/.m2/repository/org/hibernate/common/hibernate-commons-annotations/5.1.2.Final/hibernate-commons-annotations-5.1.2.Final.jar' 
2022-04-03 00:11:22.718 DEBUG [acme.Launcher@main] Found classpath entry '/C:/Users/ant_1/.m2/repository/org/glassfish/jaxb/jaxb-runtime/2.3.3/jaxb-runtime-2.3.3.jar' 
2022-04-03 00:11:22.718 DEBUG [acme.Launcher@main] Found classpath entry '/C:/Users/ant_1/.m2/repository/org/glassfish/jaxb/txw2/2.3.3/txw2-2.3.3.jar' 
2022-04-03 00:11:22.718 DEBUG [acme.Launcher@main] Found classpath entry '/C:/Users/ant_1/.m2/repository/com/sun/istack/istack-commons-runtime/3.0.11/istack-commons-runtime-3.0.11.jar' 
2022-04-03 00:11:22.718 DEBUG [acme.Launcher@main] Found classpath entry '/C:/Users/ant_1/.m2/repository/com/sun/activation/jakarta.activation/1.2.2/jakarta.activation-1.2.2.jar' 
2022-04-03 00:11:22.718 DEBUG [acme.Launcher@main] Found classpath entry '/C:/Users/ant_1/.m2/repository/org/springframework/data/spring-data-jpa/2.4.3/spring-data-jpa-2.4.3.jar' 
2022-04-03 00:11:22.719 DEBUG [acme.Launcher@main] Found classpath entry '/C:/Users/ant_1/.m2/repository/org/springframework/data/spring-data-commons/2.4.3/spring-data-commons-2.4.3.jar' 
2022-04-03 00:11:22.719 DEBUG [acme.Launcher@main] Found classpath entry '/C:/Users/ant_1/.m2/repository/org/springframework/spring-orm/5.3.3/spring-orm-5.3.3.jar' 
2022-04-03 00:11:22.719 DEBUG [acme.Launcher@main] Found classpath entry '/C:/Users/ant_1/.m2/repository/org/springframework/spring-aspects/5.3.3/spring-aspects-5.3.3.jar' 
2022-04-03 00:11:22.719 DEBUG [acme.Launcher@main] Found classpath entry '/C:/Users/ant_1/.m2/repository/org/springframework/boot/spring-boot-starter-validation/2.4.2/spring-boot-starter-validation-2.4.2.jar' 
2022-04-03 00:11:22.719 DEBUG [acme.Launcher@main] Found classpath entry '/C:/Users/ant_1/.m2/repository/org/hibernate/validator/hibernate-validator/6.1.7.Final/hibernate-validator-6.1.7.Final.jar' 
2022-04-03 00:11:22.719 DEBUG [acme.Launcher@main] Found classpath entry '/C:/Users/ant_1/.m2/repository/jakarta/validation/jakarta.validation-api/2.0.2/jakarta.validation-api-2.0.2.jar' 
2022-04-03 00:11:22.719 DEBUG [acme.Launcher@main] Found classpath entry '/C:/Users/ant_1/.m2/repository/mysql/mysql-connector-java/8.0.22/mysql-connector-java-8.0.22.jar' 
2022-04-03 00:11:22.724 DEBUG [acme.Launcher@main] Found classpath entry '/C:/Users/ant_1/.m2/repository/com/zaxxer/HikariCP/3.4.5/HikariCP-3.4.5.jar' 
2022-04-03 00:11:22.724 DEBUG [acme.Launcher@main] Found classpath entry '/C:/Users/ant_1/.m2/repository/org/junit/jupiter/junit-jupiter-engine/5.7.0/junit-jupiter-engine-5.7.0.jar' 
2022-04-03 00:11:22.725 DEBUG [acme.Launcher@main] Found classpath entry '/C:/Users/ant_1/.m2/repository/org/apiguardian/apiguardian-api/1.1.0/apiguardian-api-1.1.0.jar' 
2022-04-03 00:11:22.725 DEBUG [acme.Launcher@main] Found classpath entry '/C:/Users/ant_1/.m2/repository/org/junit/platform/junit-platform-engine/1.7.0/junit-platform-engine-1.7.0.jar' 
2022-04-03 00:11:22.725 DEBUG [acme.Launcher@main] Found classpath entry '/C:/Users/ant_1/.m2/repository/org/junit/jupiter/junit-jupiter-api/5.7.0/junit-jupiter-api-5.7.0.jar' 
2022-04-03 00:11:22.726 DEBUG [acme.Launcher@main] Found classpath entry '/C:/Users/ant_1/.m2/repository/org/opentest4j/opentest4j/1.2.0/opentest4j-1.2.0.jar' 
2022-04-03 00:11:22.726 DEBUG [acme.Launcher@main] Found classpath entry '/C:/Users/ant_1/.m2/repository/org/junit/platform/junit-platform-commons/1.7.0/junit-platform-commons-1.7.0.jar' 
2022-04-03 00:11:22.726 DEBUG [acme.Launcher@main] Found classpath entry '/C:/Users/ant_1/.m2/repository/org/junit/jupiter/junit-jupiter-params/5.7.0/junit-jupiter-params-5.7.0.jar' 
2022-04-03 00:11:22.726 DEBUG [acme.Launcher@main] Found classpath entry '/C:/Users/ant_1/.m2/repository/org/junit/platform/junit-platform-launcher/1.7.0/junit-platform-launcher-1.7.0.jar' 
2022-04-03 00:11:22.727 DEBUG [acme.Launcher@main] Found classpath entry '/C:/Users/ant_1/.m2/repository/org/seleniumhq/selenium/selenium-java/3.141.59/selenium-java-3.141.59.jar' 
2022-04-03 00:11:22.727 DEBUG [acme.Launcher@main] Found classpath entry '/C:/Users/ant_1/.m2/repository/org/seleniumhq/selenium/selenium-api/3.141.59/selenium-api-3.141.59.jar' 
2022-04-03 00:11:22.727 DEBUG [acme.Launcher@main] Found classpath entry '/C:/Users/ant_1/.m2/repository/org/seleniumhq/selenium/selenium-chrome-driver/3.141.59/selenium-chrome-driver-3.141.59.jar' 
2022-04-03 00:11:22.727 DEBUG [acme.Launcher@main] Found classpath entry '/C:/Users/ant_1/.m2/repository/org/seleniumhq/selenium/selenium-edge-driver/3.141.59/selenium-edge-driver-3.141.59.jar' 
2022-04-03 00:11:22.727 DEBUG [acme.Launcher@main] Found classpath entry '/C:/Users/ant_1/.m2/repository/org/seleniumhq/selenium/selenium-firefox-driver/3.141.59/selenium-firefox-driver-3.141.59.jar' 
2022-04-03 00:11:22.728 DEBUG [acme.Launcher@main] Found classpath entry '/C:/Users/ant_1/.m2/repository/org/seleniumhq/selenium/selenium-ie-driver/3.141.59/selenium-ie-driver-3.141.59.jar' 
2022-04-03 00:11:22.728 DEBUG [acme.Launcher@main] Found classpath entry '/C:/Users/ant_1/.m2/repository/org/seleniumhq/selenium/selenium-opera-driver/3.141.59/selenium-opera-driver-3.141.59.jar' 
2022-04-03 00:11:22.728 DEBUG [acme.Launcher@main] Found classpath entry '/C:/Users/ant_1/.m2/repository/org/seleniumhq/selenium/selenium-remote-driver/3.141.59/selenium-remote-driver-3.141.59.jar' 
2022-04-03 00:11:22.728 DEBUG [acme.Launcher@main] Found classpath entry '/C:/Users/ant_1/.m2/repository/org/seleniumhq/selenium/selenium-safari-driver/3.141.59/selenium-safari-driver-3.141.59.jar' 
2022-04-03 00:11:22.728 DEBUG [acme.Launcher@main] Found classpath entry '/C:/Users/ant_1/.m2/repository/org/seleniumhq/selenium/selenium-support/3.141.59/selenium-support-3.141.59.jar' 
2022-04-03 00:11:22.728 DEBUG [acme.Launcher@main] Found classpath entry '/C:/Users/ant_1/.m2/repository/net/bytebuddy/byte-buddy/1.10.19/byte-buddy-1.10.19.jar' 
2022-04-03 00:11:22.729 DEBUG [acme.Launcher@main] Found classpath entry '/C:/Users/ant_1/.m2/repository/org/apache/commons/commons-exec/1.3/commons-exec-1.3.jar' 
2022-04-03 00:11:22.729 DEBUG [acme.Launcher@main] Found classpath entry '/C:/Users/ant_1/.m2/repository/com/google/guava/guava/25.0-jre/guava-25.0-jre.jar' 
2022-04-03 00:11:22.729 DEBUG [acme.Launcher@main] Found classpath entry '/C:/Users/ant_1/.m2/repository/com/google/code/findbugs/jsr305/1.3.9/jsr305-1.3.9.jar' 
2022-04-03 00:11:22.729 DEBUG [acme.Launcher@main] Found classpath entry '/C:/Users/ant_1/.m2/repository/org/checkerframework/checker-compat-qual/2.0.0/checker-compat-qual-2.0.0.jar' 
2022-04-03 00:11:22.729 DEBUG [acme.Launcher@main] Found classpath entry '/C:/Users/ant_1/.m2/repository/com/google/errorprone/error_prone_annotations/2.1.3/error_prone_annotations-2.1.3.jar' 
2022-04-03 00:11:22.730 DEBUG [acme.Launcher@main] Found classpath entry '/C:/Users/ant_1/.m2/repository/com/google/j2objc/j2objc-annotations/1.1/j2objc-annotations-1.1.jar' 
2022-04-03 00:11:22.730 DEBUG [acme.Launcher@main] Found classpath entry '/C:/Users/ant_1/.m2/repository/org/codehaus/mojo/animal-sniffer-annotations/1.14/animal-sniffer-annotations-1.14.jar' 
2022-04-03 00:11:22.730 DEBUG [acme.Launcher@main] Found classpath entry '/C:/Users/ant_1/.m2/repository/com/squareup/okhttp3/okhttp/3.14.9/okhttp-3.14.9.jar' 
2022-04-03 00:11:22.730 DEBUG [acme.Launcher@main] Found classpath entry '/C:/Users/ant_1/.m2/repository/com/squareup/okio/okio/1.14.0/okio-1.14.0.jar' 
2022-04-03 00:11:22.730 DEBUG [acme.Launcher@main] Found classpath entry '/C:/Users/ant_1/.m2/repository/org/apache/commons/commons-lang3/3.11/commons-lang3-3.11.jar' 
2022-04-03 00:11:22.730 DEBUG [acme.Launcher@main] Found classpath entry '/C:/Users/ant_1/.m2/repository/org/apache/commons/commons-text/1.8/commons-text-1.8.jar' 
2022-04-03 00:11:22.730 DEBUG [acme.Launcher@main] Found classpath entry '/C:/Users/ant_1/.m2/repository/commons-io/commons-io/2.6/commons-io-2.6.jar' 
2022-04-03 00:11:22.745 DEBUG [acme.Launcher@main] Found classpath entry '/C:/Users/ant_1/.m2/repository/commons-cli/commons-cli/1.4/commons-cli-1.4.jar' 
2022-04-03 00:11:22.745 DEBUG [acme.Launcher@main] Found classpath entry '/C:/Users/ant_1/.m2/repository/org/projectlombok/lombok/1.18.16/lombok-1.18.16.jar' 
2022-04-03 00:11:22.745 DEBUG [acme.Launcher@main] Found classpath entry '/C:/Users/ant_1/.m2/repository/com/opencsv/opencsv/5.4/opencsv-5.4.jar' 
2022-04-03 00:11:22.745 DEBUG [acme.Launcher@main] Found classpath entry '/C:/Users/ant_1/.m2/repository/commons-beanutils/commons-beanutils/1.9.4/commons-beanutils-1.9.4.jar' 
2022-04-03 00:11:22.745 DEBUG [acme.Launcher@main] Found classpath entry '/C:/Users/ant_1/.m2/repository/commons-logging/commons-logging/1.2/commons-logging-1.2.jar' 
2022-04-03 00:11:22.746 DEBUG [acme.Launcher@main] Found classpath entry '/C:/Users/ant_1/.m2/repository/commons-collections/commons-collections/3.2.2/commons-collections-3.2.2.jar' 
2022-04-03 00:11:22.746 DEBUG [acme.Launcher@main] Found classpath entry '/C:/Users/ant_1/.m2/repository/org/apache/commons/commons-collections4/4.4/commons-collections4-4.4.jar' 
2022-04-03 00:11:22.746 DEBUG [acme.Launcher@main] Found classpath entry '/C:/Users/Antonio/Documents/antonio/informatica/DP2/Workspace-22.0/Frameworks/Acme-Framework-22.3/target/classes/' 
2022-04-03 00:11:22.746 DEBUG [acme.Launcher@main] Found classpath entry '/C:/Users/Antonio/Documents/antonio/informatica/DP2/Workspace-22.0/Frameworks/Acme-Framework-22.3/target/test-classes/' 
2022-04-03 00:11:22.950 DEBUG [acme.Launcher@main] Found entity class 'acme.entities.announcements.Announcement 
2022-04-03 00:11:22.950 DEBUG [acme.Launcher@main] Found entity class 'acme.entities.chirp.Chirp 
2022-04-03 00:11:22.950 DEBUG [acme.Launcher@main] Found entity class 'acme.entities.item.Amount 
2022-04-03 00:11:22.951 DEBUG [acme.Launcher@main] Found entity class 'acme.entities.item.Item 
2022-04-03 00:11:22.951 DEBUG [acme.Launcher@main] Found entity class 'acme.entities.patronageReport.PatronageReport 
2022-04-03 00:11:22.951 DEBUG [acme.Launcher@main] Found entity class 'acme.entities.patronages.Patronage 
2022-04-03 00:11:22.951 DEBUG [acme.Launcher@main] Found entity class 'acme.entities.tookit.Toolkit 
2022-04-03 00:11:22.951 DEBUG [acme.Launcher@main] Found entity class 'acme.roles.Inventor 
2022-04-03 00:11:22.951 DEBUG [acme.Launcher@main] Found entity class 'acme.roles.Patron 
2022-04-03 00:11:22.951 DEBUG [acme.Launcher@main] Found entity class 'acme.systemConfiguration.SystemConfiguration 
2022-04-03 00:11:22.952 DEBUG [acme.Launcher@main] Found entity class 'acme.framework.entities.UserAccount 
2022-04-03 00:11:22.952 DEBUG [acme.Launcher@main] Found entity class 'acme.framework.roles.Administrator 
2022-04-03 00:11:22.952 DEBUG [acme.Launcher@main] Found entity class 'acme.framework.roles.Anonymous 
2022-04-03 00:11:22.953 DEBUG [acme.Launcher@main] Found entity class 'acme.framework.roles.Any 
2022-04-03 00:11:22.953 DEBUG [acme.Launcher@main] Found entity class 'acme.framework.roles.Authenticated 
2022-04-03 00:11:22.961 INFO  [acme.Launcher@main] Populating (sample data) 
2022-04-03 00:11:22.962 INFO  [acme.framework.components.database.DatabasePopulator@main] Building database schema 
2022-04-03 00:11:23.029 DEBUG [acme.framework.components.database.DatabaseUtil@main] Executing script. 
2022-04-03 00:11:23.029 DEBUG [acme.framework.components.database.DatabaseUtil@main] Starting new transaction. 
2022-04-03 00:11:23.044 DEBUG [acme.framework.components.database.DatabaseUtil@main] Executing command 'set transaction isolation level read uncommitted;'. 
2022-04-03 00:11:23.068 DEBUG [acme.framework.components.database.DatabaseUtil@main] Starting transaction '1256578496'. 
2022-04-03 00:11:23.069 DEBUG [acme.framework.components.database.DatabaseUtil@main] Executing script command 'set foreign_key_checks=0'. 
2022-04-03 00:11:23.071 DEBUG [acme.framework.components.database.DatabaseUtil@main] Executing script command 'drop table if exists administrator'. 
2022-04-03 00:11:23.363 DEBUG [acme.framework.components.database.DatabaseUtil@main] Executing script command 'drop table if exists amount'. 
2022-04-03 00:11:23.648 DEBUG [acme.framework.components.database.DatabaseUtil@main] Executing script command 'drop table if exists announcement'. 
2022-04-03 00:11:23.889 DEBUG [acme.framework.components.database.DatabaseUtil@main] Executing script command 'drop table if exists anonymous'. 
2022-04-03 00:11:24.440 DEBUG [acme.framework.components.database.DatabaseUtil@main] Executing script command 'drop table if exists any'. 
2022-04-03 00:11:24.648 DEBUG [acme.framework.components.database.DatabaseUtil@main] Executing script command 'drop table if exists authenticated'. 
2022-04-03 00:11:24.857 DEBUG [acme.framework.components.database.DatabaseUtil@main] Executing script command 'drop table if exists chirp'. 
2022-04-03 00:11:25.100 DEBUG [acme.framework.components.database.DatabaseUtil@main] Executing script command 'drop table if exists hibernate_sequence'. 
2022-04-03 00:11:25.441 DEBUG [acme.framework.components.database.DatabaseUtil@main] Executing script command 'drop table if exists inventor'. 
2022-04-03 00:11:25.758 DEBUG [acme.framework.components.database.DatabaseUtil@main] Executing script command 'drop table if exists item'. 
2022-04-03 00:11:25.979 DEBUG [acme.framework.components.database.DatabaseUtil@main] Executing script command 'drop table if exists patron'. 
2022-04-03 00:11:26.177 DEBUG [acme.framework.components.database.DatabaseUtil@main] Executing script command 'drop table if exists patronage'. 
2022-04-03 00:11:26.397 DEBUG [acme.framework.components.database.DatabaseUtil@main] Executing script command 'drop table if exists patronage_report'. 
2022-04-03 00:11:26.649 DEBUG [acme.framework.components.database.DatabaseUtil@main] Executing script command 'drop table if exists system_configuration'. 
2022-04-03 00:11:26.935 DEBUG [acme.framework.components.database.DatabaseUtil@main] Executing script command 'drop table if exists toolkit'. 
2022-04-03 00:11:27.144 DEBUG [acme.framework.components.database.DatabaseUtil@main] Executing script command 'drop table if exists user_account'. 
2022-04-03 00:11:27.398 DEBUG [acme.framework.components.database.DatabaseUtil@main] Executing script command 'set foreign_key_checks=1'. 
2022-04-03 00:11:27.399 DEBUG [acme.framework.components.database.DatabaseUtil@main] Committing transaction '1256578496'. 
2022-04-03 00:11:27.416 DEBUG [acme.framework.components.database.DatabaseUtil@main] Executing script. 
2022-04-03 00:11:27.416 DEBUG [acme.framework.components.database.DatabaseUtil@main] Starting new transaction. 
2022-04-03 00:11:27.419 DEBUG [acme.framework.components.database.DatabaseUtil@main] Executing command 'set transaction isolation level read uncommitted;'. 
2022-04-03 00:11:27.419 DEBUG [acme.framework.components.database.DatabaseUtil@main] Starting transaction '799151165'. 
2022-04-03 00:11:27.420 DEBUG [acme.framework.components.database.DatabaseUtil@main] Executing script command 'set foreign_key_checks=0'. 
2022-04-03 00:11:27.421 DEBUG [acme.framework.components.database.DatabaseUtil@main] Executing script command 'create table administrator (id integer not null, version integer not null, user_account_id integer, primary key (id)) engine=InnoDB'. 
2022-04-03 00:11:27.706 DEBUG [acme.framework.components.database.DatabaseUtil@main] Executing script command 'create table amount (id integer not null, version integer not null, units integer not null, toolkit_id integer not null, primary key (id)) engine=InnoDB'. 
2022-04-03 00:11:28.036 DEBUG [acme.framework.components.database.DatabaseUtil@main] Executing script command 'create table announcement (id integer not null, version integer not null, body varchar(255), creation_moment datetime, info varchar(255), is_critical bit, title varchar(255), primary key (id)) engine=InnoDB'. 
2022-04-03 00:11:28.299 DEBUG [acme.framework.components.database.DatabaseUtil@main] Executing script command 'create table anonymous (id integer not null, version integer not null, user_account_id integer, primary key (id)) engine=InnoDB'. 
2022-04-03 00:11:28.709 DEBUG [acme.framework.components.database.DatabaseUtil@main] Executing script command 'create table any (id integer not null, version integer not null, user_account_id integer, primary key (id)) engine=InnoDB'. 
2022-04-03 00:11:28.970 DEBUG [acme.framework.components.database.DatabaseUtil@main] Executing script command 'create table authenticated (id integer not null, version integer not null, user_account_id integer, primary key (id)) engine=InnoDB'. 
2022-04-03 00:11:29.201 DEBUG [acme.framework.components.database.DatabaseUtil@main] Executing script command 'create table chirp (id integer not null, version integer not null, author varchar(255), body varchar(255), creation_moment datetime, email varchar(255), title varchar(255), primary key (id)) engine=InnoDB'. 
2022-04-03 00:11:29.606 DEBUG [acme.framework.components.database.DatabaseUtil@main] Executing script command 'create table hibernate_sequence (next_val bigint) engine=InnoDB'. 
2022-04-03 00:11:29.960 DEBUG [acme.framework.components.database.DatabaseUtil@main] Executing script command 'insert into hibernate_sequence values ( 1 )'. 
2022-04-03 00:11:29.965 DEBUG [acme.framework.components.database.DatabaseUtil@main] Executing script command 'create table inventor (id integer not null, version integer not null, user_account_id integer, company varchar(255), optional_link varchar(255), statement varchar(255), primary key (id)) engine=InnoDB'. 
2022-04-03 00:11:30.245 DEBUG [acme.framework.components.database.DatabaseUtil@main] Executing script command 'create table item (id integer not null, version integer not null, code varchar(255), description varchar(255), link varchar(255), name varchar(255), publsihed bit not null, retail_price_amount double precision, retail_price_currency varchar(255), technology varchar(255), type integer, amount_id integer not null, inventor_id integer not null, primary key (id)) engine=InnoDB'. 
2022-04-03 00:11:30.476 DEBUG [acme.framework.components.database.DatabaseUtil@main] Executing script command 'create table patron (id integer not null, version integer not null, user_account_id integer, company varchar(255), optional_link varchar(255), statement varchar(255), primary key (id)) engine=InnoDB'. 
2022-04-03 00:11:30.796 DEBUG [acme.framework.components.database.DatabaseUtil@main] Executing script command 'create table patronage (id integer not null, version integer not null, budget_amount double precision, budget_currency varchar(255), code varchar(255), creation_moment datetime, final_date datetime, initial_date datetime, legal_stuff varchar(255), optional_link varchar(255), status integer, inventor_id integer not null, patron_id integer not null, primary key (id)) engine=InnoDB'. 
2022-04-03 00:11:31.049 DEBUG [acme.framework.components.database.DatabaseUtil@main] Executing script command 'create table patronage_report (id integer not null, version integer not null, automatic_sequence_number integer, creation_moment date, link varchar(255), memorandum varchar(255), patronage_id integer, primary key (id)) engine=InnoDB'. 
2022-04-03 00:11:31.269 DEBUG [acme.framework.components.database.DatabaseUtil@main] Executing script command 'create table system_configuration (id integer not null, version integer not null, accepted_currency varchar(255), strong_spam_terms varchar(255), strong_spam_threshold double precision, system_currency varchar(255), weak_spam_terms varchar(255), weak_spam_threshold double precision, primary key (id)) engine=InnoDB'. 
2022-04-03 00:11:31.478 DEBUG [acme.framework.components.database.DatabaseUtil@main] Executing script command 'create table toolkit (id integer not null, version integer not null, assembly_notes varchar(255), code varchar(255), description varchar(255), link varchar(255), title varchar(255), total_price_amount double precision, total_price_currency varchar(255), primary key (id)) engine=InnoDB'. 
2022-04-03 00:11:31.698 DEBUG [acme.framework.components.database.DatabaseUtil@main] Executing script command 'create table user_account (id integer not null, version integer not null, enabled bit not null, identity blob, password varchar(255), username varchar(255), primary key (id)) engine=InnoDB'. 
2022-04-03 00:11:32.005 DEBUG [acme.framework.components.database.DatabaseUtil@main] Executing script command 'alter table item add constraint UK_6cgogdarkq48dlg1lbnv4q1oq unique (code)'. 
2022-04-03 00:11:32.500 DEBUG [acme.framework.components.database.DatabaseUtil@main] Executing script command 'alter table patronage add constraint UK_7s289l63ihnn85qwyna5cqbfh unique (code)'. 
2022-04-03 00:11:32.928 DEBUG [acme.framework.components.database.DatabaseUtil@main] Executing script command 'alter table toolkit add constraint UK_qvml9bbjdvicrw1wt0e1bej3c unique (code)'. 
2022-04-03 00:11:33.259 DEBUG [acme.framework.components.database.DatabaseUtil@main] Executing script command 'alter table user_account add constraint UK_castjbvpeeus0r8lbpehiu0e4 unique (username)'. 
2022-04-03 00:11:33.884 DEBUG [acme.framework.components.database.DatabaseUtil@main] Executing script command 'alter table administrator add constraint FK_2a5vcjo3stlfcwadosjfq49l1 foreign key (user_account_id) references user_account (id)'. 
2022-04-03 00:11:34.665 DEBUG [acme.framework.components.database.DatabaseUtil@main] Executing script command 'alter table amount add constraint FK4jjg5e3nenw792ve3jw5n24br foreign key (toolkit_id) references toolkit (id)'. 
2022-04-03 00:11:35.095 DEBUG [acme.framework.components.database.DatabaseUtil@main] Executing script command 'alter table anonymous add constraint FK_6lnbc6fo3om54vugoh8icg78m foreign key (user_account_id) references user_account (id)'. 
2022-04-03 00:11:35.490 DEBUG [acme.framework.components.database.DatabaseUtil@main] Executing script command 'alter table any add constraint FK_26yflnlk4xrrxtkiwkag1l7lf foreign key (user_account_id) references user_account (id)'. 
2022-04-03 00:11:35.909 DEBUG [acme.framework.components.database.DatabaseUtil@main] Executing script command 'alter table authenticated add constraint FK_h52w0f3wjoi68b63wv9vwon57 foreign key (user_account_id) references user_account (id)'. 
2022-04-03 00:11:36.380 DEBUG [acme.framework.components.database.DatabaseUtil@main] Executing script command 'alter table inventor add constraint FK_2upmsx50p5pou2l4uy8trxor6 foreign key (user_account_id) references user_account (id)'. 
2022-04-03 00:11:36.777 DEBUG [acme.framework.components.database.DatabaseUtil@main] Executing script command 'alter table item add constraint FKbut3cnncqcoauf6nhhgdvqhr4 foreign key (amount_id) references amount (id)'. 
2022-04-03 00:11:37.151 DEBUG [acme.framework.components.database.DatabaseUtil@main] Executing script command 'alter table item add constraint FKaq1a05jpovg1rv6q65awp7ho1 foreign key (inventor_id) references inventor (id)'. 
2022-04-03 00:11:38.264 DEBUG [acme.framework.components.database.DatabaseUtil@main] Executing script command 'alter table patron add constraint FK_8xx5nujhuio3advxc2freyu65 foreign key (user_account_id) references user_account (id)'. 
2022-04-03 00:11:38.792 DEBUG [acme.framework.components.database.DatabaseUtil@main] Executing script command 'alter table patronage add constraint FKgkbt6mel1m6joiypsbc2ko6mi foreign key (inventor_id) references inventor (id)'. 
2022-04-03 00:11:39.362 DEBUG [acme.framework.components.database.DatabaseUtil@main] Executing script command 'alter table patronage add constraint FK7d5o2dlu1d9orplkn5g91lsgc foreign key (patron_id) references patron (id)'. 
2022-04-03 00:11:39.812 DEBUG [acme.framework.components.database.DatabaseUtil@main] Executing script command 'alter table patronage_report add constraint FKli7rh2qb2q6bjix6b8o2dpt41 foreign key (patronage_id) references patronage (id)'. 
2022-04-03 00:11:40.296 DEBUG [acme.framework.components.database.DatabaseUtil@main] Executing script command 'set foreign_key_checks=1'. 
2022-04-03 00:11:40.299 DEBUG [acme.framework.components.database.DatabaseUtil@main] Committing transaction '799151165'. 
2022-04-03 00:11:40.307 INFO  [acme.framework.components.database.DatabasePopulator@main] Reading entities from 'classpath:/WEB-INF/resources/initial-data' 
2022-04-03 00:11:40.317 DEBUG [acme.framework.components.database.Dataset@main] Reading dataset from 'C:\Users\Antonio\Documents\antonio\informatica\DP2\Workspace-22.0\Projects\Acme-Toolkits\target\classes\WEB-INF\resources\initial-data\administrator.csv' 
2022-04-03 00:11:40.625 DEBUG [acme.framework.components.database.Dataset@main] Reading mapping '{key:user-account=user-account-administrator-01, key=administrator-01}' from 'C:\Users\Antonio\Documents\antonio\informatica\DP2\Workspace-22.0\Projects\Acme-Toolkits\target\classes\WEB-INF\resources\initial-data\administrator.csv' 
2022-04-03 00:11:40.628 DEBUG [acme.framework.components.database.Dataset@main] Reading dataset from 'C:\Users\Antonio\Documents\antonio\informatica\DP2\Workspace-22.0\Projects\Acme-Toolkits\target\classes\WEB-INF\resources\initial-data\anonymous.csv' 
2022-04-03 00:11:40.630 DEBUG [acme.framework.components.database.Dataset@main] Reading mapping '{key:user-account=user-account-anonymous-01, key=anonymous-01}' from 'C:\Users\Antonio\Documents\antonio\informatica\DP2\Workspace-22.0\Projects\Acme-Toolkits\target\classes\WEB-INF\resources\initial-data\anonymous.csv' 
2022-04-03 00:11:40.636 DEBUG [acme.framework.components.database.Dataset@main] Reading dataset from 'C:\Users\Antonio\Documents\antonio\informatica\DP2\Workspace-22.0\Projects\Acme-Toolkits\target\classes\WEB-INF\resources\initial-data\authenticated.csv' 
2022-04-03 00:11:40.638 DEBUG [acme.framework.components.database.Dataset@main] Reading mapping '{key:user-account=user-account-administrator-01, key=authenticated-administrator-01}' from 'C:\Users\Antonio\Documents\antonio\informatica\DP2\Workspace-22.0\Projects\Acme-Toolkits\target\classes\WEB-INF\resources\initial-data\authenticated.csv' 
2022-04-03 00:11:40.639 DEBUG [acme.framework.components.database.Dataset@main] Reading dataset from 'C:\Users\Antonio\Documents\antonio\informatica\DP2\Workspace-22.0\Projects\Acme-Toolkits\target\classes\WEB-INF\resources\initial-data\user-account.csv' 
2022-04-03 00:11:40.640 DEBUG [acme.framework.components.database.Dataset@main] Reading mapping '{password=HIDDEN-PASSWORD, identity=UserIdentity{name: 'John', surname: 'Doe', email: 'john.doe@acme.com'}, key=user-account-anonymous-01, enabled=false, username=anonymous}' from 'C:\Users\Antonio\Documents\antonio\informatica\DP2\Workspace-22.0\Projects\Acme-Toolkits\target\classes\WEB-INF\resources\initial-data\user-account.csv' 
2022-04-03 00:11:40.640 DEBUG [acme.framework.components.database.Dataset@main] Reading mapping '{password=administrator, identity=UserIdentity{name: 'Administrator', surname: 'Acme', email: 'administrator@acme.com'}, key=user-account-administrator-01, enabled=true, username=administrator}' from 'C:\Users\Antonio\Documents\antonio\informatica\DP2\Workspace-22.0\Projects\Acme-Toolkits\target\classes\WEB-INF\resources\initial-data\user-account.csv' 
2022-04-03 00:11:40.641 DEBUG [acme.framework.components.database.EntityWeb@main] Setting attributes of entities of class acme.framework.roles.Authenticated 
2022-04-03 00:11:40.641 DEBUG [acme.framework.components.database.EntityWeb@main] Setting attributes of entities of class acme.framework.entities.UserAccount 
2022-04-03 00:11:41.008 DEBUG [acme.framework.components.database.EntityWeb@main] Setting attributes of entities of class acme.framework.roles.Administrator 
2022-04-03 00:11:41.008 DEBUG [acme.framework.components.database.EntityWeb@main] Setting attributes of entities of class acme.framework.roles.Anonymous 
2022-04-03 00:11:41.009 DEBUG [acme.framework.components.database.EntityWeb@main] Linking entities of class acme.framework.roles.Authenticated 
2022-04-03 00:11:41.020 DEBUG [acme.framework.components.database.EntityWeb@main] Linking entities of class acme.framework.entities.UserAccount 
2022-04-03 00:11:41.020 DEBUG [acme.framework.components.database.EntityWeb@main] Linking entities of class acme.framework.roles.Administrator 
2022-04-03 00:11:41.027 DEBUG [acme.framework.components.database.EntityWeb@main] Linking entities of class acme.framework.roles.Anonymous 
2022-04-03 00:11:41.072 INFO  [acme.framework.components.database.DatabasePopulator@main] Reading entities from 'classpath:/WEB-INF/resources/sample-data' 
2022-04-03 00:11:41.075 DEBUG [acme.framework.components.database.Dataset@main] Reading dataset from 'C:\Users\Antonio\Documents\antonio\informatica\DP2\Workspace-22.0\Projects\Acme-Toolkits\target\classes\WEB-INF\resources\sample-data\amount.csv' 
2022-04-03 00:11:41.076 DEBUG [acme.framework.components.database.Dataset@main] Reading mapping '{units=1, key:toolkit=toolkit-01, key=amount-01}' from 'C:\Users\Antonio\Documents\antonio\informatica\DP2\Workspace-22.0\Projects\Acme-Toolkits\target\classes\WEB-INF\resources\sample-data\amount.csv' 
2022-04-03 00:11:41.076 DEBUG [acme.framework.components.database.Dataset@main] Reading mapping '{units=2, key:toolkit=toolkit-01, key=amount-02}' from 'C:\Users\Antonio\Documents\antonio\informatica\DP2\Workspace-22.0\Projects\Acme-Toolkits\target\classes\WEB-INF\resources\sample-data\amount.csv' 
2022-04-03 00:11:41.076 DEBUG [acme.framework.components.database.Dataset@main] Reading mapping '{units=3, key:toolkit=toolkit-02, key=amount-03}' from 'C:\Users\Antonio\Documents\antonio\informatica\DP2\Workspace-22.0\Projects\Acme-Toolkits\target\classes\WEB-INF\resources\sample-data\amount.csv' 
2022-04-03 00:11:41.077 DEBUG [acme.framework.components.database.Dataset@main] Reading mapping '{units=4, key:toolkit=toolkit-03, key=amount-04}' from 'C:\Users\Antonio\Documents\antonio\informatica\DP2\Workspace-22.0\Projects\Acme-Toolkits\target\classes\WEB-INF\resources\sample-data\amount.csv' 
2022-04-03 00:11:41.078 DEBUG [acme.framework.components.database.Dataset@main] Reading mapping '{units=4, key:toolkit=toolkit-04, key=amount-05}' from 'C:\Users\Antonio\Documents\antonio\informatica\DP2\Workspace-22.0\Projects\Acme-Toolkits\target\classes\WEB-INF\resources\sample-data\amount.csv' 
2022-04-03 00:11:41.079 DEBUG [acme.framework.components.database.Dataset@main] Reading mapping '{units=2, key:toolkit=toolkit-04, key=amount-06}' from 'C:\Users\Antonio\Documents\antonio\informatica\DP2\Workspace-22.0\Projects\Acme-Toolkits\target\classes\WEB-INF\resources\sample-data\amount.csv' 
2022-04-03 00:11:41.079 DEBUG [acme.framework.components.database.Dataset@main] Reading mapping '{units=2, key:toolkit=toolkit-04, key=amount-07}' from 'C:\Users\Antonio\Documents\antonio\informatica\DP2\Workspace-22.0\Projects\Acme-Toolkits\target\classes\WEB-INF\resources\sample-data\amount.csv' 
2022-04-03 00:11:41.079 DEBUG [acme.framework.components.database.Dataset@main] Reading mapping '{units=1, key:toolkit=toolkit-05, key=amount-08}' from 'C:\Users\Antonio\Documents\antonio\informatica\DP2\Workspace-22.0\Projects\Acme-Toolkits\target\classes\WEB-INF\resources\sample-data\amount.csv' 
2022-04-03 00:11:41.080 DEBUG [acme.framework.components.database.Dataset@main] Reading mapping '{units=1, key:toolkit=toolkit-06, key=amount-09}' from 'C:\Users\Antonio\Documents\antonio\informatica\DP2\Workspace-22.0\Projects\Acme-Toolkits\target\classes\WEB-INF\resources\sample-data\amount.csv' 
2022-04-03 00:11:41.080 DEBUG [acme.framework.components.database.Dataset@main] Reading mapping '{units=7, key:toolkit=toolkit-07, key=amount-10}' from 'C:\Users\Antonio\Documents\antonio\informatica\DP2\Workspace-22.0\Projects\Acme-Toolkits\target\classes\WEB-INF\resources\sample-data\amount.csv' 
2022-04-03 00:11:41.080 DEBUG [acme.framework.components.database.Dataset@main] Reading mapping '{units=2, key:toolkit=toolkit-08, key=amount-11}' from 'C:\Users\Antonio\Documents\antonio\informatica\DP2\Workspace-22.0\Projects\Acme-Toolkits\target\classes\WEB-INF\resources\sample-data\amount.csv' 
2022-04-03 00:11:41.081 DEBUG [acme.framework.components.database.Dataset@main] Reading mapping '{units=1, key:toolkit=toolkit-09, key=amount-12}' from 'C:\Users\Antonio\Documents\antonio\informatica\DP2\Workspace-22.0\Projects\Acme-Toolkits\target\classes\WEB-INF\resources\sample-data\amount.csv' 
2022-04-03 00:11:41.081 DEBUG [acme.framework.components.database.Dataset@main] Reading mapping '{units=1, key:toolkit=toolkit-10, key=amount-13}' from 'C:\Users\Antonio\Documents\antonio\informatica\DP2\Workspace-22.0\Projects\Acme-Toolkits\target\classes\WEB-INF\resources\sample-data\amount.csv' 
2022-04-03 00:11:41.081 DEBUG [acme.framework.components.database.Dataset@main] Reading mapping '{units=3, key:toolkit=toolkit-11, key=amount-14}' from 'C:\Users\Antonio\Documents\antonio\informatica\DP2\Workspace-22.0\Projects\Acme-Toolkits\target\classes\WEB-INF\resources\sample-data\amount.csv' 
2022-04-03 00:11:41.081 DEBUG [acme.framework.components.database.Dataset@main] Reading mapping '{units=3, key:toolkit=toolkit-12, key=amount-15}' from 'C:\Users\Antonio\Documents\antonio\informatica\DP2\Workspace-22.0\Projects\Acme-Toolkits\target\classes\WEB-INF\resources\sample-data\amount.csv' 
2022-04-03 00:11:41.081 DEBUG [acme.framework.components.database.Dataset@main] Reading mapping '{units=2, key:toolkit=toolkit-13, key=amount-16}' from 'C:\Users\Antonio\Documents\antonio\informatica\DP2\Workspace-22.0\Projects\Acme-Toolkits\target\classes\WEB-INF\resources\sample-data\amount.csv' 
2022-04-03 00:11:41.082 DEBUG [acme.framework.components.database.Dataset@main] Reading mapping '{units=4, key:toolkit=toolkit-14, key=amount-17}' from 'C:\Users\Antonio\Documents\antonio\informatica\DP2\Workspace-22.0\Projects\Acme-Toolkits\target\classes\WEB-INF\resources\sample-data\amount.csv' 
2022-04-03 00:11:41.087 DEBUG [acme.framework.components.database.Dataset@main] Reading mapping '{units=4, key:toolkit=toolkit-15, key=amount-18}' from 'C:\Users\Antonio\Documents\antonio\informatica\DP2\Workspace-22.0\Projects\Acme-Toolkits\target\classes\WEB-INF\resources\sample-data\amount.csv' 
2022-04-03 00:11:41.088 DEBUG [acme.framework.components.database.Dataset@main] Reading dataset from 'C:\Users\Antonio\Documents\antonio\informatica\DP2\Workspace-22.0\Projects\Acme-Toolkits\target\classes\WEB-INF\resources\sample-data\announcement.csv' 
2022-04-03 00:11:41.089 DEBUG [acme.framework.components.database.Dataset@main] Reading mapping '{creation-moment=2000/01/01 00:00, isCritical=false, title=INFO, body=Very old announcement, key=announcement-01, info=This is the oldest announcement in the system.}' from 'C:\Users\Antonio\Documents\antonio\informatica\DP2\Workspace-22.0\Projects\Acme-Toolkits\target\classes\WEB-INF\resources\sample-data\announcement.csv' 
2022-04-03 00:11:41.089 DEBUG [acme.framework.components.database.Dataset@main] Reading mapping '{creation-moment=2001/02/01 00:00, isCritical=true, title=INFO, body=Prueba 2, key=announcement-02, info=Esto es un mesaje de prueba 2.}' from 'C:\Users\Antonio\Documents\antonio\informatica\DP2\Workspace-22.0\Projects\Acme-Toolkits\target\classes\WEB-INF\resources\sample-data\announcement.csv' 
2022-04-03 00:11:41.090 DEBUG [acme.framework.components.database.Dataset@main] Reading mapping '{creation-moment=2002/05/01 00:00, isCritical=false, title=INFO, body=Prueba 3, key=announcement-03, info=Esto es un mesaje de prueba 3.}' from 'C:\Users\Antonio\Documents\antonio\informatica\DP2\Workspace-22.0\Projects\Acme-Toolkits\target\classes\WEB-INF\resources\sample-data\announcement.csv' 
2022-04-03 00:11:41.090 DEBUG [acme.framework.components.database.Dataset@main] Reading mapping '{creation-moment=2003/07/01 00:00, isCritical=false, title=INFO, body=Prueba 4, key=announcement-04, info=Esto es un mesaje de prueba 4.}' from 'C:\Users\Antonio\Documents\antonio\informatica\DP2\Workspace-22.0\Projects\Acme-Toolkits\target\classes\WEB-INF\resources\sample-data\announcement.csv' 
2022-04-03 00:11:41.090 DEBUG [acme.framework.components.database.Dataset@main] Reading mapping '{creation-moment=2004/08/01 00:00, isCritical=true, title=INFO, body=Prueba 5, key=announcement-05, info=Esto es un mesaje de prueba 5.}' from 'C:\Users\Antonio\Documents\antonio\informatica\DP2\Workspace-22.0\Projects\Acme-Toolkits\target\classes\WEB-INF\resources\sample-data\announcement.csv' 
2022-04-03 00:11:41.090 DEBUG [acme.framework.components.database.Dataset@main] Reading mapping '{creation-moment=2005/08/01 00:00, isCritical=true, title=INFO, body=Prueba 6, key=announcement-06, info=Esto es un mesaje de prueba 6.}' from 'C:\Users\Antonio\Documents\antonio\informatica\DP2\Workspace-22.0\Projects\Acme-Toolkits\target\classes\WEB-INF\resources\sample-data\announcement.csv' 
2022-04-03 00:11:41.090 DEBUG [acme.framework.components.database.Dataset@main] Reading mapping '{creation-moment=2006/01/01 00:00, isCritical=true, title=INFO, body=Prueba 7, key=announcement-07, info=Esto es un mesaje de prueba 7.}' from 'C:\Users\Antonio\Documents\antonio\informatica\DP2\Workspace-22.0\Projects\Acme-Toolkits\target\classes\WEB-INF\resources\sample-data\announcement.csv' 
2022-04-03 00:11:41.091 DEBUG [acme.framework.components.database.Dataset@main] Reading mapping '{creation-moment=2006/09/01 00:00, isCritical=false, title=INFO, body=Prueba 8, key=announcement-08, info=Esto es un mesaje de prueba 8.}' from 'C:\Users\Antonio\Documents\antonio\informatica\DP2\Workspace-22.0\Projects\Acme-Toolkits\target\classes\WEB-INF\resources\sample-data\announcement.csv' 
2022-04-03 00:11:41.091 DEBUG [acme.framework.components.database.Dataset@main] Reading mapping '{creation-moment=2006/11/01 00:00, isCritical=true, title=INFO, body=Prueba 9, key=announcement-09, info=Esto es un mesaje de prueba 9.}' from 'C:\Users\Antonio\Documents\antonio\informatica\DP2\Workspace-22.0\Projects\Acme-Toolkits\target\classes\WEB-INF\resources\sample-data\announcement.csv' 
2022-04-03 00:11:41.091 DEBUG [acme.framework.components.database.Dataset@main] Reading mapping '{creation-moment=2007/10/01 00:00, isCritical=false, title=INFO, body=Prueba 10, key=announcement-10, info=Esto es un mesaje de prueba 10.}' from 'C:\Users\Antonio\Documents\antonio\informatica\DP2\Workspace-22.0\Projects\Acme-Toolkits\target\classes\WEB-INF\resources\sample-data\announcement.csv' 
2022-04-03 00:11:41.091 DEBUG [acme.framework.components.database.Dataset@main] Reading mapping '{creation-moment=2010/02/01 00:00, isCritical=true, title=INFO, body=Prueba 11, key=announcement-11, info=Esto es un mesaje de prueba 11.}' from 'C:\Users\Antonio\Documents\antonio\informatica\DP2\Workspace-22.0\Projects\Acme-Toolkits\target\classes\WEB-INF\resources\sample-data\announcement.csv' 
2022-04-03 00:11:41.091 DEBUG [acme.framework.components.database.Dataset@main] Reading mapping '{creation-moment=2014/03/01 00:00, isCritical=true, title=INFO, body=Prueba 12, key=announcement-12, info=Esto es un mesaje de prueba 12.}' from 'C:\Users\Antonio\Documents\antonio\informatica\DP2\Workspace-22.0\Projects\Acme-Toolkits\target\classes\WEB-INF\resources\sample-data\announcement.csv' 
2022-04-03 00:11:41.092 DEBUG [acme.framework.components.database.Dataset@main] Reading mapping '{creation-moment=2015/12/01 00:00, isCritical=false, title=INFO, body=Prueba 13, key=announcement-13, info=Esto es un mesaje de prueba 13.}' from 'C:\Users\Antonio\Documents\antonio\informatica\DP2\Workspace-22.0\Projects\Acme-Toolkits\target\classes\WEB-INF\resources\sample-data\announcement.csv' 
2022-04-03 00:11:41.092 DEBUG [acme.framework.components.database.Dataset@main] Reading mapping '{creation-moment=2019/03/01 00:00, isCritical=false, title=INFO, body=Prueba 14, key=announcement-14, info=Esto es un mesaje de prueba 14.}' from 'C:\Users\Antonio\Documents\antonio\informatica\DP2\Workspace-22.0\Projects\Acme-Toolkits\target\classes\WEB-INF\resources\sample-data\announcement.csv' 
2022-04-03 00:11:41.092 DEBUG [acme.framework.components.database.Dataset@main] Reading mapping '{creation-moment=2021/01/01 00:00, isCritical=true, title=INFO, body=Prueba 15, key=announcement-15, info=Esto es un mesaje de prueba 15.}' from 'C:\Users\Antonio\Documents\antonio\informatica\DP2\Workspace-22.0\Projects\Acme-Toolkits\target\classes\WEB-INF\resources\sample-data\announcement.csv' 
2022-04-03 00:11:41.093 DEBUG [acme.framework.components.database.Dataset@main] Reading dataset from 'C:\Users\Antonio\Documents\antonio\informatica\DP2\Workspace-22.0\Projects\Acme-Toolkits\target\classes\WEB-INF\resources\sample-data\authenticated.csv' 
2022-04-03 00:11:41.094 DEBUG [acme.framework.components.database.Dataset@main] Reading mapping '{key:user-account=user-account-inventor-01, key=authenticated-inventor-01}' from 'C:\Users\Antonio\Documents\antonio\informatica\DP2\Workspace-22.0\Projects\Acme-Toolkits\target\classes\WEB-INF\resources\sample-data\authenticated.csv' 
2022-04-03 00:11:41.094 DEBUG [acme.framework.components.database.Dataset@main] Reading mapping '{key:user-account=user-account-inventor-02, key=authenticated-inventor-02}' from 'C:\Users\Antonio\Documents\antonio\informatica\DP2\Workspace-22.0\Projects\Acme-Toolkits\target\classes\WEB-INF\resources\sample-data\authenticated.csv' 
2022-04-03 00:11:41.095 DEBUG [acme.framework.components.database.Dataset@main] Reading mapping '{key:user-account=user-account-inventor-03, key=authenticated-inventor-03}' from 'C:\Users\Antonio\Documents\antonio\informatica\DP2\Workspace-22.0\Projects\Acme-Toolkits\target\classes\WEB-INF\resources\sample-data\authenticated.csv' 
2022-04-03 00:11:41.095 DEBUG [acme.framework.components.database.Dataset@main] Reading mapping '{key:user-account=user-account-inventor-04, key=authenticated-inventor-04}' from 'C:\Users\Antonio\Documents\antonio\informatica\DP2\Workspace-22.0\Projects\Acme-Toolkits\target\classes\WEB-INF\resources\sample-data\authenticated.csv' 
2022-04-03 00:11:41.095 DEBUG [acme.framework.components.database.Dataset@main] Reading mapping '{key:user-account=user-account-inventor-05, key=authenticated-inventor-05}' from 'C:\Users\Antonio\Documents\antonio\informatica\DP2\Workspace-22.0\Projects\Acme-Toolkits\target\classes\WEB-INF\resources\sample-data\authenticated.csv' 
2022-04-03 00:11:41.096 DEBUG [acme.framework.components.database.Dataset@main] Reading mapping '{key:user-account=user-account-inventor-06, key=authenticated-inventor-06}' from 'C:\Users\Antonio\Documents\antonio\informatica\DP2\Workspace-22.0\Projects\Acme-Toolkits\target\classes\WEB-INF\resources\sample-data\authenticated.csv' 
2022-04-03 00:11:41.096 DEBUG [acme.framework.components.database.Dataset@main] Reading mapping '{key:user-account=user-account-inventor-07, key=authenticated-inventor-07}' from 'C:\Users\Antonio\Documents\antonio\informatica\DP2\Workspace-22.0\Projects\Acme-Toolkits\target\classes\WEB-INF\resources\sample-data\authenticated.csv' 
2022-04-03 00:11:41.096 DEBUG [acme.framework.components.database.Dataset@main] Reading mapping '{key:user-account=user-account-inventor-08, key=authenticated-inventor-08}' from 'C:\Users\Antonio\Documents\antonio\informatica\DP2\Workspace-22.0\Projects\Acme-Toolkits\target\classes\WEB-INF\resources\sample-data\authenticated.csv' 
2022-04-03 00:11:41.097 DEBUG [acme.framework.components.database.Dataset@main] Reading mapping '{key:user-account=user-account-inventor-09, key=authenticated-inventor-09}' from 'C:\Users\Antonio\Documents\antonio\informatica\DP2\Workspace-22.0\Projects\Acme-Toolkits\target\classes\WEB-INF\resources\sample-data\authenticated.csv' 
2022-04-03 00:11:41.097 DEBUG [acme.framework.components.database.Dataset@main] Reading mapping '{key:user-account=user-account-inventor-10, key=authenticated-inventor-10}' from 'C:\Users\Antonio\Documents\antonio\informatica\DP2\Workspace-22.0\Projects\Acme-Toolkits\target\classes\WEB-INF\resources\sample-data\authenticated.csv' 
2022-04-03 00:11:41.097 DEBUG [acme.framework.components.database.Dataset@main] Reading mapping '{key:user-account=user-account-patron-01, key=authenticated-patron-01}' from 'C:\Users\Antonio\Documents\antonio\informatica\DP2\Workspace-22.0\Projects\Acme-Toolkits\target\classes\WEB-INF\resources\sample-data\authenticated.csv' 
2022-04-03 00:11:41.097 DEBUG [acme.framework.components.database.Dataset@main] Reading mapping '{key:user-account=user-account-patron-02, key=authenticated-patron-02}' from 'C:\Users\Antonio\Documents\antonio\informatica\DP2\Workspace-22.0\Projects\Acme-Toolkits\target\classes\WEB-INF\resources\sample-data\authenticated.csv' 
2022-04-03 00:11:41.098 DEBUG [acme.framework.components.database.Dataset@main] Reading mapping '{key:user-account=user-account-patron-03, key=authenticated-patron-03}' from 'C:\Users\Antonio\Documents\antonio\informatica\DP2\Workspace-22.0\Projects\Acme-Toolkits\target\classes\WEB-INF\resources\sample-data\authenticated.csv' 
2022-04-03 00:11:41.098 DEBUG [acme.framework.components.database.Dataset@main] Reading mapping '{key:user-account=user-account-patron-04, key=authenticated-patron-04}' from 'C:\Users\Antonio\Documents\antonio\informatica\DP2\Workspace-22.0\Projects\Acme-Toolkits\target\classes\WEB-INF\resources\sample-data\authenticated.csv' 
2022-04-03 00:11:41.098 DEBUG [acme.framework.components.database.Dataset@main] Reading mapping '{key:user-account=user-account-patron-05, key=authenticated-patron-05}' from 'C:\Users\Antonio\Documents\antonio\informatica\DP2\Workspace-22.0\Projects\Acme-Toolkits\target\classes\WEB-INF\resources\sample-data\authenticated.csv' 
2022-04-03 00:11:41.098 DEBUG [acme.framework.components.database.Dataset@main] Reading mapping '{key:user-account=user-account-patron-06, key=authenticated-patron-06}' from 'C:\Users\Antonio\Documents\antonio\informatica\DP2\Workspace-22.0\Projects\Acme-Toolkits\target\classes\WEB-INF\resources\sample-data\authenticated.csv' 
2022-04-03 00:11:41.098 DEBUG [acme.framework.components.database.Dataset@main] Reading mapping '{key:user-account=user-account-patron-07, key=authenticated-patron-07}' from 'C:\Users\Antonio\Documents\antonio\informatica\DP2\Workspace-22.0\Projects\Acme-Toolkits\target\classes\WEB-INF\resources\sample-data\authenticated.csv' 
2022-04-03 00:11:41.098 DEBUG [acme.framework.components.database.Dataset@main] Reading mapping '{key:user-account=user-account-patron-08, key=authenticated-patron-08}' from 'C:\Users\Antonio\Documents\antonio\informatica\DP2\Workspace-22.0\Projects\Acme-Toolkits\target\classes\WEB-INF\resources\sample-data\authenticated.csv' 
2022-04-03 00:11:41.099 DEBUG [acme.framework.components.database.Dataset@main] Reading mapping '{key:user-account=user-account-patron-09, key=authenticated-patron-09}' from 'C:\Users\Antonio\Documents\antonio\informatica\DP2\Workspace-22.0\Projects\Acme-Toolkits\target\classes\WEB-INF\resources\sample-data\authenticated.csv' 
2022-04-03 00:11:41.099 DEBUG [acme.framework.components.database.Dataset@main] Reading mapping '{key:user-account=user-account-patron-10, key=authenticated-patron-10}' from 'C:\Users\Antonio\Documents\antonio\informatica\DP2\Workspace-22.0\Projects\Acme-Toolkits\target\classes\WEB-INF\resources\sample-data\authenticated.csv' 
2022-04-03 00:11:41.100 DEBUG [acme.framework.components.database.Dataset@main] Reading dataset from 'C:\Users\Antonio\Documents\antonio\informatica\DP2\Workspace-22.0\Projects\Acme-Toolkits\target\classes\WEB-INF\resources\sample-data\chirp.csv' 
2022-04-03 00:11:41.101 DEBUG [acme.framework.components.database.Dataset@main] Reading mapping '{author=Author 1, creation-moment=2010/10/11 23:00, title=Title 1, body=Body 1, key=chirp-01, email=chirp1@email.com}' from 'C:\Users\Antonio\Documents\antonio\informatica\DP2\Workspace-22.0\Projects\Acme-Toolkits\target\classes\WEB-INF\resources\sample-data\chirp.csv' 
2022-04-03 00:11:41.101 DEBUG [acme.framework.components.database.Dataset@main] Reading mapping '{author=Author 2, creation-moment=2010/10/11 23:00, title=Title 2, body=Body 2, key=chirp-02, email=chirp2@email.com}' from 'C:\Users\Antonio\Documents\antonio\informatica\DP2\Workspace-22.0\Projects\Acme-Toolkits\target\classes\WEB-INF\resources\sample-data\chirp.csv' 
2022-04-03 00:11:41.101 DEBUG [acme.framework.components.database.Dataset@main] Reading mapping '{author=Author 3, creation-moment=2010/10/11 23:00, title=Title 3, body=Body 3, key=chirp-03, email=chirp3@email.com}' from 'C:\Users\Antonio\Documents\antonio\informatica\DP2\Workspace-22.0\Projects\Acme-Toolkits\target\classes\WEB-INF\resources\sample-data\chirp.csv' 
2022-04-03 00:11:41.101 DEBUG [acme.framework.components.database.Dataset@main] Reading mapping '{author=Author 4, creation-moment=2011/10/11 23:00, title=Title 4, body=Body 4, key=chirp-04, email=chirp4@email.com}' from 'C:\Users\Antonio\Documents\antonio\informatica\DP2\Workspace-22.0\Projects\Acme-Toolkits\target\classes\WEB-INF\resources\sample-data\chirp.csv' 
2022-04-03 00:11:41.101 DEBUG [acme.framework.components.database.Dataset@main] Reading mapping '{author=Author 5, creation-moment=2012/10/11 23:00, title=Title 5, body=Body 5, key=chirp-05, email=chirp5@email.com}' from 'C:\Users\Antonio\Documents\antonio\informatica\DP2\Workspace-22.0\Projects\Acme-Toolkits\target\classes\WEB-INF\resources\sample-data\chirp.csv' 
2022-04-03 00:11:41.102 DEBUG [acme.framework.components.database.Dataset@main] Reading mapping '{author=Author 6, creation-moment=2013/10/11 23:00, title=Title 6, body=Body 6, key=chirp-06, email=chirp6@email.com}' from 'C:\Users\Antonio\Documents\antonio\informatica\DP2\Workspace-22.0\Projects\Acme-Toolkits\target\classes\WEB-INF\resources\sample-data\chirp.csv' 
2022-04-03 00:11:41.102 DEBUG [acme.framework.components.database.Dataset@main] Reading mapping '{author=Author 7, creation-moment=2014/10/11 23:00, title=Title 7, body=Body 7, key=chirp-07, email=chirp7@email.com}' from 'C:\Users\Antonio\Documents\antonio\informatica\DP2\Workspace-22.0\Projects\Acme-Toolkits\target\classes\WEB-INF\resources\sample-data\chirp.csv' 
2022-04-03 00:11:41.102 DEBUG [acme.framework.components.database.Dataset@main] Reading mapping '{author=Author 8, creation-moment=2015/10/11 23:00, title=Title 8, body=Body 8, key=chirp-08, email=chirp8@email.com}' from 'C:\Users\Antonio\Documents\antonio\informatica\DP2\Workspace-22.0\Projects\Acme-Toolkits\target\classes\WEB-INF\resources\sample-data\chirp.csv' 
2022-04-03 00:11:41.102 DEBUG [acme.framework.components.database.Dataset@main] Reading mapping '{author=Author 9, creation-moment=2015/10/11 23:00, title=Title 9, body=Body 9, key=chirp-09, email=chirp9@email.com}' from 'C:\Users\Antonio\Documents\antonio\informatica\DP2\Workspace-22.0\Projects\Acme-Toolkits\target\classes\WEB-INF\resources\sample-data\chirp.csv' 
2022-04-03 00:11:41.102 DEBUG [acme.framework.components.database.Dataset@main] Reading mapping '{author=Author 10, creation-moment=2015/10/11 23:00, title=Title 10, body=Body 10, key=chirp-10, email=chirp10@email.com}' from 'C:\Users\Antonio\Documents\antonio\informatica\DP2\Workspace-22.0\Projects\Acme-Toolkits\target\classes\WEB-INF\resources\sample-data\chirp.csv' 
2022-04-03 00:11:41.103 DEBUG [acme.framework.components.database.Dataset@main] Reading mapping '{author=Author 11, creation-moment=2016/10/11 23:00, title=Title 11, body=Body 11, key=chirp-11, email=chirp11@email.com}' from 'C:\Users\Antonio\Documents\antonio\informatica\DP2\Workspace-22.0\Projects\Acme-Toolkits\target\classes\WEB-INF\resources\sample-data\chirp.csv' 
2022-04-03 00:11:41.103 DEBUG [acme.framework.components.database.Dataset@main] Reading mapping '{author=Author 12, creation-moment=2017/10/11 23:00, title=Title 12, body=Body 12, key=chirp-12, email=chirp12@email.com}' from 'C:\Users\Antonio\Documents\antonio\informatica\DP2\Workspace-22.0\Projects\Acme-Toolkits\target\classes\WEB-INF\resources\sample-data\chirp.csv' 
2022-04-03 00:11:41.104 DEBUG [acme.framework.components.database.Dataset@main] Reading mapping '{author=Author 13, creation-moment=2018/10/11 23:00, title=Title 13, body=Body 13, key=chirp-13, email=chirp13@email.com}' from 'C:\Users\Antonio\Documents\antonio\informatica\DP2\Workspace-22.0\Projects\Acme-Toolkits\target\classes\WEB-INF\resources\sample-data\chirp.csv' 
2022-04-03 00:11:41.104 DEBUG [acme.framework.components.database.Dataset@main] Reading mapping '{author=Author 14, creation-moment=2019/10/11 23:00, title=Title 14, body=Body 14, key=chirp-14, email=chirp14@email.com}' from 'C:\Users\Antonio\Documents\antonio\informatica\DP2\Workspace-22.0\Projects\Acme-Toolkits\target\classes\WEB-INF\resources\sample-data\chirp.csv' 
2022-04-03 00:11:41.104 DEBUG [acme.framework.components.database.Dataset@main] Reading mapping '{author=Author 15, creation-moment=2020/10/11 23:00, title=Title 15, body=Body 15, key=chirp-15, email=chirp15@email.com}' from 'C:\Users\Antonio\Documents\antonio\informatica\DP2\Workspace-22.0\Projects\Acme-Toolkits\target\classes\WEB-INF\resources\sample-data\chirp.csv' 
2022-04-03 00:11:41.105 DEBUG [acme.framework.components.database.Dataset@main] Reading dataset from 'C:\Users\Antonio\Documents\antonio\informatica\DP2\Workspace-22.0\Projects\Acme-Toolkits\target\classes\WEB-INF\resources\sample-data\inventor.csv' 
2022-04-03 00:11:41.106 DEBUG [acme.framework.components.database.Dataset@main] Reading mapping '{key:user-account=user-account-inventor-01, statement=Statement 1, company=Company 1, optional-link=null, key=inventor-01}' from 'C:\Users\Antonio\Documents\antonio\informatica\DP2\Workspace-22.0\Projects\Acme-Toolkits\target\classes\WEB-INF\resources\sample-data\inventor.csv' 
2022-04-03 00:11:41.106 DEBUG [acme.framework.components.database.Dataset@main] Reading mapping '{key:user-account=user-account-inventor-02, statement=Statement 2, company=Company 2, optional-link=http://www.inventor2.com, key=inventor-02}' from 'C:\Users\Antonio\Documents\antonio\informatica\DP2\Workspace-22.0\Projects\Acme-Toolkits\target\classes\WEB-INF\resources\sample-data\inventor.csv' 
2022-04-03 00:11:41.106 DEBUG [acme.framework.components.database.Dataset@main] Reading mapping '{key:user-account=user-account-inventor-03, statement=Statement 3, company=Company 3, optional-link=http://www.inventor3.com, key=inventor-03}' from 'C:\Users\Antonio\Documents\antonio\informatica\DP2\Workspace-22.0\Projects\Acme-Toolkits\target\classes\WEB-INF\resources\sample-data\inventor.csv' 
2022-04-03 00:11:41.106 DEBUG [acme.framework.components.database.Dataset@main] Reading mapping '{key:user-account=user-account-inventor-04, statement=Statement 4, company=Company 4, optional-link=null, key=inventor-04}' from 'C:\Users\Antonio\Documents\antonio\informatica\DP2\Workspace-22.0\Projects\Acme-Toolkits\target\classes\WEB-INF\resources\sample-data\inventor.csv' 
2022-04-03 00:11:41.107 DEBUG [acme.framework.components.database.Dataset@main] Reading mapping '{key:user-account=user-account-inventor-05, statement=Statement 5, company=Company 5, optional-link=http://www.inventor5.com, key=inventor-05}' from 'C:\Users\Antonio\Documents\antonio\informatica\DP2\Workspace-22.0\Projects\Acme-Toolkits\target\classes\WEB-INF\resources\sample-data\inventor.csv' 
2022-04-03 00:11:41.107 DEBUG [acme.framework.components.database.Dataset@main] Reading mapping '{key:user-account=user-account-inventor-06, statement=Statement 6, company=Company 6, optional-link=http://www.inventor6.com, key=inventor-06}' from 'C:\Users\Antonio\Documents\antonio\informatica\DP2\Workspace-22.0\Projects\Acme-Toolkits\target\classes\WEB-INF\resources\sample-data\inventor.csv' 
2022-04-03 00:11:41.107 DEBUG [acme.framework.components.database.Dataset@main] Reading mapping '{key:user-account=user-account-inventor-07, statement=Statement 7, company=Company 7, optional-link=null, key=inventor-07}' from 'C:\Users\Antonio\Documents\antonio\informatica\DP2\Workspace-22.0\Projects\Acme-Toolkits\target\classes\WEB-INF\resources\sample-data\inventor.csv' 
2022-04-03 00:11:41.107 DEBUG [acme.framework.components.database.Dataset@main] Reading mapping '{key:user-account=user-account-inventor-08, statement=Statement 8, company=Company 8, optional-link=http://www.inventor8.com, key=inventor-08}' from 'C:\Users\Antonio\Documents\antonio\informatica\DP2\Workspace-22.0\Projects\Acme-Toolkits\target\classes\WEB-INF\resources\sample-data\inventor.csv' 
2022-04-03 00:11:41.107 DEBUG [acme.framework.components.database.Dataset@main] Reading mapping '{key:user-account=user-account-inventor-09, statement=Statement 9, company=Company 9, optional-link=http://www.inventor9.com, key=inventor-09}' from 'C:\Users\Antonio\Documents\antonio\informatica\DP2\Workspace-22.0\Projects\Acme-Toolkits\target\classes\WEB-INF\resources\sample-data\inventor.csv' 
2022-04-03 00:11:41.108 DEBUG [acme.framework.components.database.Dataset@main] Reading mapping '{key:user-account=user-account-inventor-10, statement=Statement 10, company=Company 10, optional-link=null, key=inventor-10}' from 'C:\Users\Antonio\Documents\antonio\informatica\DP2\Workspace-22.0\Projects\Acme-Toolkits\target\classes\WEB-INF\resources\sample-data\inventor.csv' 
2022-04-03 00:11:41.108 DEBUG [acme.framework.components.database.Dataset@main] Reading dataset from 'C:\Users\Antonio\Documents\antonio\informatica\DP2\Workspace-22.0\Projects\Acme-Toolkits\target\classes\WEB-INF\resources\sample-data\item.csv' 
2022-04-03 00:11:41.110 DEBUG [acme.framework.components.database.Dataset@main] Reading mapping '{code=AAB-000, link=http://www.item1.com, description=Description 1, technology=Technology 1, type=COMPONENT, retail-price=1.0, key:amount=amount-01, name=Item 1, key=item-01}' from 'C:\Users\Antonio\Documents\antonio\informatica\DP2\Workspace-22.0\Projects\Acme-Toolkits\target\classes\WEB-INF\resources\sample-data\item.csv' 
2022-04-03 00:11:41.110 DEBUG [acme.framework.components.database.Dataset@main] Reading mapping '{code=AAB-001, link=http://www.item2.com, description=Description 2, technology=Technology 2, type=TOOL, retail-price=2.0, key:amount=amount-01, name=Item 2, key=item-02}' from 'C:\Users\Antonio\Documents\antonio\informatica\DP2\Workspace-22.0\Projects\Acme-Toolkits\target\classes\WEB-INF\resources\sample-data\item.csv' 
2022-04-03 00:11:41.110 DEBUG [acme.framework.components.database.Dataset@main] Reading mapping '{code=AAB-002, link=http://www.item3.com, description=Description 3, technology=Technology 3, type=COMPONENT, retail-price=3.0, key:amount=amount-02, name=Item 3, key=item-03}' from 'C:\Users\Antonio\Documents\antonio\informatica\DP2\Workspace-22.0\Projects\Acme-Toolkits\target\classes\WEB-INF\resources\sample-data\item.csv' 
2022-04-03 00:11:41.111 DEBUG [acme.framework.components.database.Dataset@main] Reading mapping '{code=AAB-003, link=http://www.item4.com, description=Description 4, technology=Technology 4, type=COMPONENT, retail-price=1.0, key:amount=amount-02, name=Item 4, key=item-04}' from 'C:\Users\Antonio\Documents\antonio\informatica\DP2\Workspace-22.0\Projects\Acme-Toolkits\target\classes\WEB-INF\resources\sample-data\item.csv' 
2022-04-03 00:11:41.111 DEBUG [acme.framework.components.database.Dataset@main] Reading mapping '{code=AAB-004, link=http://www.item5.com, description=Description 5, technology=Technology 5, type=TOOL, retail-price=2.0, key:amount=amount-03, name=Item 5, key=item-05}' from 'C:\Users\Antonio\Documents\antonio\informatica\DP2\Workspace-22.0\Projects\Acme-Toolkits\target\classes\WEB-INF\resources\sample-data\item.csv' 
2022-04-03 00:11:41.111 DEBUG [acme.framework.components.database.Dataset@main] Reading mapping '{code=AAB-005, link=null, description=Description 6, technology=Technology 6, type=COMPONENT, retail-price=3.0, key:amount=amount-04, name=Item 6, key=item-06}' from 'C:\Users\Antonio\Documents\antonio\informatica\DP2\Workspace-22.0\Projects\Acme-Toolkits\target\classes\WEB-INF\resources\sample-data\item.csv' 
2022-04-03 00:11:41.112 DEBUG [acme.framework.components.database.Dataset@main] Reading mapping '{code=AAB-006, link=http://www.item7.com, description=Description 7, technology=Technology 7, type=COMPONENT, retail-price=1.0, key:amount=amount-05, name=Item 7, key=item-07}' from 'C:\Users\Antonio\Documents\antonio\informatica\DP2\Workspace-22.0\Projects\Acme-Toolkits\target\classes\WEB-INF\resources\sample-data\item.csv' 
2022-04-03 00:11:41.116 DEBUG [acme.framework.components.database.Dataset@main] Reading mapping '{code=AAB-007, link=null, description=Description 8, technology=Technology 8, type=TOOL, retail-price=2.0, key:amount=amount-06, name=Item 8, key=item-08}' from 'C:\Users\Antonio\Documents\antonio\informatica\DP2\Workspace-22.0\Projects\Acme-Toolkits\target\classes\WEB-INF\resources\sample-data\item.csv' 
2022-04-03 00:11:41.117 DEBUG [acme.framework.components.database.Dataset@main] Reading mapping '{code=AAB-008, link=http://www.item9.com, description=Description 9, technology=Technology 9, type=COMPONENT, retail-price=3.0, key:amount=amount-07, name=Item 9, key=item-09}' from 'C:\Users\Antonio\Documents\antonio\informatica\DP2\Workspace-22.0\Projects\Acme-Toolkits\target\classes\WEB-INF\resources\sample-data\item.csv' 
2022-04-03 00:11:41.118 DEBUG [acme.framework.components.database.Dataset@main] Reading mapping '{code=AAB-009, link=http://www.item10.com, description=Description 10, technology=Technology 10, type=COMPONENT, retail-price=1.0, key:amount=amount-08, name=Item 10, key=item-10}' from 'C:\Users\Antonio\Documents\antonio\informatica\DP2\Workspace-22.0\Projects\Acme-Toolkits\target\classes\WEB-INF\resources\sample-data\item.csv' 
2022-04-03 00:11:41.118 DEBUG [acme.framework.components.database.Dataset@main] Reading mapping '{code=AAB-010, link=http://www.item11.com, description=Description 11, technology=Technology 11, type=TOOL, retail-price=2.0, key:amount=amount-09, name=Item 11, key=item-11}' from 'C:\Users\Antonio\Documents\antonio\informatica\DP2\Workspace-22.0\Projects\Acme-Toolkits\target\classes\WEB-INF\resources\sample-data\item.csv' 
2022-04-03 00:11:41.118 DEBUG [acme.framework.components.database.Dataset@main] Reading mapping '{code=AAB-011, link=null, description=Description 12, technology=Technology 12, type=COMPONENT, retail-price=3.0, key:amount=amount-10, name=Item 12, key=item-12}' from 'C:\Users\Antonio\Documents\antonio\informatica\DP2\Workspace-22.0\Projects\Acme-Toolkits\target\classes\WEB-INF\resources\sample-data\item.csv' 
2022-04-03 00:11:41.118 DEBUG [acme.framework.components.database.Dataset@main] Reading mapping '{code=AAB-012, link=http://www.item13.com, description=Description 13, technology=Technology 13, type=COMPONENT, retail-price=1.0, key:amount=amount-11, name=Item 13, key=item-13}' from 'C:\Users\Antonio\Documents\antonio\informatica\DP2\Workspace-22.0\Projects\Acme-Toolkits\target\classes\WEB-INF\resources\sample-data\item.csv' 
2022-04-03 00:11:41.119 DEBUG [acme.framework.components.database.Dataset@main] Reading mapping '{code=AAB-013, link=http://www.item14.com, description=Description 14, technology=Technology 14, type=TOOL, retail-price=2.0, key:amount=amount-12, name=Item 14, key=item-14}' from 'C:\Users\Antonio\Documents\antonio\informatica\DP2\Workspace-22.0\Projects\Acme-Toolkits\target\classes\WEB-INF\resources\sample-data\item.csv' 
2022-04-03 00:11:41.119 DEBUG [acme.framework.components.database.Dataset@main] Reading mapping '{code=AAB-014, link=null, description=Description 15, technology=Technology 15, type=COMPONENT, retail-price=3.0, key:amount=amount-13, name=Item 15, key=item-15}' from 'C:\Users\Antonio\Documents\antonio\informatica\DP2\Workspace-22.0\Projects\Acme-Toolkits\target\classes\WEB-INF\resources\sample-data\item.csv' 
2022-04-03 00:11:41.119 DEBUG [acme.framework.components.database.Dataset@main] Reading mapping '{code=AAB-015, link=http://www.item16.com, description=Description 16, technology=Technology 16, type=COMPONENT, retail-price=1.0, key:amount=amount-14, name=Item 16, key=item-16}' from 'C:\Users\Antonio\Documents\antonio\informatica\DP2\Workspace-22.0\Projects\Acme-Toolkits\target\classes\WEB-INF\resources\sample-data\item.csv' 
2022-04-03 00:11:41.119 DEBUG [acme.framework.components.database.Dataset@main] Reading mapping '{code=AAB-016, link=http://www.item17.com, description=Description 17, technology=Technology 17, type=TOOL, retail-price=2.0, key:amount=amount-15, name=Item 17, key=item-17}' from 'C:\Users\Antonio\Documents\antonio\informatica\DP2\Workspace-22.0\Projects\Acme-Toolkits\target\classes\WEB-INF\resources\sample-data\item.csv' 
2022-04-03 00:11:41.120 DEBUG [acme.framework.components.database.Dataset@main] Reading mapping '{code=AAB-017, link=http://www.item18.com, description=Description 18, technology=Technology 18, type=COMPONENT, retail-price=3.0, key:amount=amount-16, name=Item 18, key=item-18}' from 'C:\Users\Antonio\Documents\antonio\informatica\DP2\Workspace-22.0\Projects\Acme-Toolkits\target\classes\WEB-INF\resources\sample-data\item.csv' 
2022-04-03 00:11:41.120 DEBUG [acme.framework.components.database.Dataset@main] Reading mapping '{code=AAB-018, link=http://www.item19.com, description=Description 19, technology=Technology 19, type=COMPONENT, retail-price=1.0, key:amount=amount-17, name=Item 19, key=item-19}' from 'C:\Users\Antonio\Documents\antonio\informatica\DP2\Workspace-22.0\Projects\Acme-Toolkits\target\classes\WEB-INF\resources\sample-data\item.csv' 
2022-04-03 00:11:41.120 DEBUG [acme.framework.components.database.Dataset@main] Reading mapping '{code=AAB-019, link=http://www.item20.com, description=Description 20, technology=Technology 20, type=TOOL, retail-price=2.0, key:amount=amount-18, name=Item 20, key=item-20}' from 'C:\Users\Antonio\Documents\antonio\informatica\DP2\Workspace-22.0\Projects\Acme-Toolkits\target\classes\WEB-INF\resources\sample-data\item.csv' 
2022-04-03 00:11:41.121 DEBUG [acme.framework.components.database.Dataset@main] Reading dataset from 'C:\Users\Antonio\Documents\antonio\informatica\DP2\Workspace-22.0\Projects\Acme-Toolkits\target\classes\WEB-INF\resources\sample-data\patron.csv' 
2022-04-03 00:11:41.122 DEBUG [acme.framework.components.database.Dataset@main] Reading mapping '{key:user-account=user-account-patron-01, statement=Statement 1, company=Company 1, optional-link=null, key=patron-01}' from 'C:\Users\Antonio\Documents\antonio\informatica\DP2\Workspace-22.0\Projects\Acme-Toolkits\target\classes\WEB-INF\resources\sample-data\patron.csv' 
2022-04-03 00:11:41.122 DEBUG [acme.framework.components.database.Dataset@main] Reading mapping '{key:user-account=user-account-patron-02, statement=Statement 2, company=Company 2, optional-link=http://www.patron2.com, key=patron-02}' from 'C:\Users\Antonio\Documents\antonio\informatica\DP2\Workspace-22.0\Projects\Acme-Toolkits\target\classes\WEB-INF\resources\sample-data\patron.csv' 
2022-04-03 00:11:41.123 DEBUG [acme.framework.components.database.Dataset@main] Reading mapping '{key:user-account=user-account-patron-03, statement=Statement 3, company=Company 3, optional-link=http://www.patron3.com, key=patron-03}' from 'C:\Users\Antonio\Documents\antonio\informatica\DP2\Workspace-22.0\Projects\Acme-Toolkits\target\classes\WEB-INF\resources\sample-data\patron.csv' 
2022-04-03 00:11:41.123 DEBUG [acme.framework.components.database.Dataset@main] Reading mapping '{key:user-account=user-account-patron-04, statement=Statement 4, company=Company 4, optional-link=null, key=patron-04}' from 'C:\Users\Antonio\Documents\antonio\informatica\DP2\Workspace-22.0\Projects\Acme-Toolkits\target\classes\WEB-INF\resources\sample-data\patron.csv' 
2022-04-03 00:11:41.124 DEBUG [acme.framework.components.database.Dataset@main] Reading mapping '{key:user-account=user-account-patron-05, statement=Statement 5, company=Company 5, optional-link=http://www.patron5.com, key=patron-05}' from 'C:\Users\Antonio\Documents\antonio\informatica\DP2\Workspace-22.0\Projects\Acme-Toolkits\target\classes\WEB-INF\resources\sample-data\patron.csv' 
2022-04-03 00:11:41.124 DEBUG [acme.framework.components.database.Dataset@main] Reading mapping '{key:user-account=user-account-patron-06, statement=Statement 6, company=Company 6, optional-link=http://www.patron6.com, key=patron-06}' from 'C:\Users\Antonio\Documents\antonio\informatica\DP2\Workspace-22.0\Projects\Acme-Toolkits\target\classes\WEB-INF\resources\sample-data\patron.csv' 
2022-04-03 00:11:41.124 DEBUG [acme.framework.components.database.Dataset@main] Reading mapping '{key:user-account=user-account-patron-07, statement=Statement 7, company=Company 7, optional-link=null, key=patron-07}' from 'C:\Users\Antonio\Documents\antonio\informatica\DP2\Workspace-22.0\Projects\Acme-Toolkits\target\classes\WEB-INF\resources\sample-data\patron.csv' 
2022-04-03 00:11:41.124 DEBUG [acme.framework.components.database.Dataset@main] Reading mapping '{key:user-account=user-account-patron-08, statement=Statement 8, company=Company 8, optional-link=http://www.patron8.com, key=patron-08}' from 'C:\Users\Antonio\Documents\antonio\informatica\DP2\Workspace-22.0\Projects\Acme-Toolkits\target\classes\WEB-INF\resources\sample-data\patron.csv' 
2022-04-03 00:11:41.124 DEBUG [acme.framework.components.database.Dataset@main] Reading mapping '{key:user-account=user-account-patron-09, statement=Statement 9, company=Company 9, optional-link=http://www.patron9.com, key=patron-09}' from 'C:\Users\Antonio\Documents\antonio\informatica\DP2\Workspace-22.0\Projects\Acme-Toolkits\target\classes\WEB-INF\resources\sample-data\patron.csv' 
2022-04-03 00:11:41.125 DEBUG [acme.framework.components.database.Dataset@main] Reading mapping '{key:user-account=user-account-patron-10, statement=Statement 10, company=Company 10, optional-link=null, key=patron-10}' from 'C:\Users\Antonio\Documents\antonio\informatica\DP2\Workspace-22.0\Projects\Acme-Toolkits\target\classes\WEB-INF\resources\sample-data\patron.csv' 
2022-04-03 00:11:41.126 DEBUG [acme.framework.components.database.Dataset@main] Reading dataset from 'C:\Users\Antonio\Documents\antonio\informatica\DP2\Workspace-22.0\Projects\Acme-Toolkits\target\classes\WEB-INF\resources\sample-data\patronage.csv' 
2022-04-03 00:11:41.127 DEBUG [acme.framework.components.database.Dataset@main] Reading mapping '{key:inventor=inventor-01, code=AAA-000, final-date=2020/12/12 23:00, legal-stuff=LegalStuff 1, optional-link=http://www.patronage1.com, initial-date=2020/12/11 23:00, key:patron=patron-01, key=patronage-01, status=PROPOSED, budget=10.0}' from 'C:\Users\Antonio\Documents\antonio\informatica\DP2\Workspace-22.0\Projects\Acme-Toolkits\target\classes\WEB-INF\resources\sample-data\patronage.csv' 
2022-04-03 00:11:41.127 DEBUG [acme.framework.components.database.Dataset@main] Reading mapping '{key:inventor=inventor-02, code=AAA-001, final-date=2017/12/12 23:00, legal-stuff=LegalStuff 2, optional-link=http://www.patronage2.com, initial-date=2017/12/11 23:00, key:patron=patron-01, key=patronage-02, status=ACCEPTED, budget=11.0}' from 'C:\Users\Antonio\Documents\antonio\informatica\DP2\Workspace-22.0\Projects\Acme-Toolkits\target\classes\WEB-INF\resources\sample-data\patronage.csv' 
2022-04-03 00:11:41.128 DEBUG [acme.framework.components.database.Dataset@main] Reading mapping '{key:inventor=inventor-01, code=AAA-002, final-date=2019/12/12 23:00, legal-stuff=LegalStuff 3, optional-link=http://www.patronage3.com, initial-date=2019/12/11 23:00, key:patron=patron-02, key=patronage-03, status=DENIED, budget=12.0}' from 'C:\Users\Antonio\Documents\antonio\informatica\DP2\Workspace-22.0\Projects\Acme-Toolkits\target\classes\WEB-INF\resources\sample-data\patronage.csv' 
2022-04-03 00:11:41.128 DEBUG [acme.framework.components.database.Dataset@main] Reading mapping '{key:inventor=inventor-02, code=AAA-003, final-date=2020/12/12 23:00, legal-stuff=LegalStuff 4, optional-link=null, initial-date=2020/12/11 23:00, key:patron=patron-02, key=patronage-04, status=PROPOSED, budget=13.5}' from 'C:\Users\Antonio\Documents\antonio\informatica\DP2\Workspace-22.0\Projects\Acme-Toolkits\target\classes\WEB-INF\resources\sample-data\patronage.csv' 
2022-04-03 00:11:41.139 DEBUG [acme.framework.components.database.Dataset@main] Reading mapping '{key:inventor=inventor-02, code=AAA-004, final-date=2017/12/12 23:00, legal-stuff=LegalStuff 5, optional-link=http://www.patronage5.com, initial-date=2017/12/11 23:00, key:patron=patron-03, key=patronage-05, status=ACCEPTED, budget=14.25}' from 'C:\Users\Antonio\Documents\antonio\informatica\DP2\Workspace-22.0\Projects\Acme-Toolkits\target\classes\WEB-INF\resources\sample-data\patronage.csv' 
2022-04-03 00:11:41.140 DEBUG [acme.framework.components.database.Dataset@main] Reading mapping '{key:inventor=inventor-03, code=AAA-005, final-date=2019/12/12 23:00, legal-stuff=LegalStuff 6, optional-link=null, initial-date=2019/12/11 23:00, key:patron=patron-03, key=patronage-06, status=DENIED, budget=15.0}' from 'C:\Users\Antonio\Documents\antonio\informatica\DP2\Workspace-22.0\Projects\Acme-Toolkits\target\classes\WEB-INF\resources\sample-data\patronage.csv' 
2022-04-03 00:11:41.140 DEBUG [acme.framework.components.database.Dataset@main] Reading mapping '{key:inventor=inventor-04, code=AAA-006, final-date=2020/12/12 23:00, legal-stuff=LegalStuff 7, optional-link=null, initial-date=2020/12/11 23:00, key:patron=patron-04, key=patronage-07, status=PROPOSED, budget=16.75}' from 'C:\Users\Antonio\Documents\antonio\informatica\DP2\Workspace-22.0\Projects\Acme-Toolkits\target\classes\WEB-INF\resources\sample-data\patronage.csv' 
2022-04-03 00:11:41.140 DEBUG [acme.framework.components.database.Dataset@main] Reading mapping '{key:inventor=inventor-05, code=AAA-007, final-date=2017/12/12 23:00, legal-stuff=LegalStuff 8, optional-link=http://www.patronage8.com, initial-date=2017/12/11 23:00, key:patron=patron-05, key=patronage-08, status=ACCEPTED, budget=19.0}' from 'C:\Users\Antonio\Documents\antonio\informatica\DP2\Workspace-22.0\Projects\Acme-Toolkits\target\classes\WEB-INF\resources\sample-data\patronage.csv' 
2022-04-03 00:11:41.140 DEBUG [acme.framework.components.database.Dataset@main] Reading mapping '{key:inventor=inventor-06, code=AAA-008, final-date=2019/12/12 23:00, legal-stuff=LegalStuff 9, optional-link=http://www.patronage9.com, initial-date=2019/12/11 23:00, key:patron=patron-06, key=patronage-09, status=DENIED, budget=30.0}' from 'C:\Users\Antonio\Documents\antonio\informatica\DP2\Workspace-22.0\Projects\Acme-Toolkits\target\classes\WEB-INF\resources\sample-data\patronage.csv' 
2022-04-03 00:11:41.141 DEBUG [acme.framework.components.database.Dataset@main] Reading mapping '{key:inventor=inventor-07, code=AAA-009, final-date=2020/12/12 23:00, legal-stuff=LegalStuff 10, optional-link=http://www.patronage10.com, initial-date=2020/12/11 23:00, key:patron=patron-07, key=patronage-10, status=PROPOSED, budget=0.0}' from 'C:\Users\Antonio\Documents\antonio\informatica\DP2\Workspace-22.0\Projects\Acme-Toolkits\target\classes\WEB-INF\resources\sample-data\patronage.csv' 
2022-04-03 00:11:41.152 DEBUG [acme.framework.components.database.Dataset@main] Reading mapping '{key:inventor=inventor-08, code=AAA-010, final-date=2017/12/12 23:00, legal-stuff=LegalStuff 11, optional-link=http://www.patronage11.com, initial-date=2017/12/11 23:00, key:patron=patron-08, key=patronage-11, status=ACCEPTED, budget=5.0}' from 'C:\Users\Antonio\Documents\antonio\informatica\DP2\Workspace-22.0\Projects\Acme-Toolkits\target\classes\WEB-INF\resources\sample-data\patronage.csv' 
2022-04-03 00:11:41.155 DEBUG [acme.framework.components.database.Dataset@main] Reading mapping '{key:inventor=inventor-09, code=AAA-011, final-date=2019/12/12 23:00, legal-stuff=LegalStuff 12, optional-link=http://www.patronage12.com, initial-date=2019/12/11 23:00, key:patron=patron-09, key=patronage-12, status=DENIED, budget=24.5}' from 'C:\Users\Antonio\Documents\antonio\informatica\DP2\Workspace-22.0\Projects\Acme-Toolkits\target\classes\WEB-INF\resources\sample-data\patronage.csv' 
2022-04-03 00:11:41.155 DEBUG [acme.framework.components.database.Dataset@main] Reading mapping '{key:inventor=inventor-10, code=AAA-012, final-date=2020/12/12 23:00, legal-stuff=LegalStuff 13, optional-link=http://www.patronage13.com, initial-date=2020/12/11 23:00, key:patron=patron-10, key=patronage-13, status=PROPOSED, budget=19.0}' from 'C:\Users\Antonio\Documents\antonio\informatica\DP2\Workspace-22.0\Projects\Acme-Toolkits\target\classes\WEB-INF\resources\sample-data\patronage.csv' 
2022-04-03 00:11:41.156 DEBUG [acme.framework.components.database.Dataset@main] Reading dataset from 'C:\Users\Antonio\Documents\antonio\informatica\DP2\Workspace-22.0\Projects\Acme-Toolkits\target\classes\WEB-INF\resources\sample-data\patronageReport.csv' 
2022-04-03 00:11:41.170 ERROR [acme.Launcher@main] acme.framework.components.database.Dataset.readDataset(Dataset.java:178): C:\Users\Antonio\Documents\antonio\informatica\DP2\Workspace-22.0\Projects\Acme-Toolkits\target\classes\WEB-INF\resources\sample-data\patronageReport.csv: Error on record number 2: The number of data elements is not the same as the number of header elements. Expected 6, found 7. 
2022-04-03 00:11:41.171 INFO  [acme.Launcher@main] The application log provides additional debugging messages! 
2022-04-03 00:11:42.536 INFO  [acme.framework.configuration.ShutdownConfiguration@main] The system is shutting down... 
2022-04-03 00:11:42.565 DEBUG [acme.Launcher@main] Exit code = 0 
